2023-11-30 09:40:01,030 [INFO] Activator:176 - 


2023-11-30 09:40:01,034 [INFO] Activator:177 - !SESSION log4j initialized
2023-11-30 09:40:05,509 [INFO] LogOutputStream:77 - [STDOUT_REDIRECT] 
2023-11-30 09:40:06,357 [INFO] ApplicationProperties:184 - Using Application install path: /opt/st/stm32cubeide_1.13.2/plugins/com.st.stm32cube.common.mx_6.9.2.202309101412
2023-11-30 09:40:06,376 [INFO] DbMcusXml:78 - Set database path to: /opt/st/stm32cubeide_1.13.2/plugins/com.st.stm32cube.common.mx_6.9.2.202309101412//db//mcu/
2023-11-30 09:40:06,377 [INFO] ApiDb:274 - Set plugin database path to: /opt/st/stm32cubeide_1.13.2/plugins/com.st.stm32cube.common.mx_6.9.2.202309101412//db//plugins/boardmanager/
2023-11-30 09:40:06,377 [WARN] ApiDb:259 - Overriding images path with different value:  => /opt/st/stm32cubeide_1.13.2/plugins/com.st.stm32cube.common.mx_6.9.2.202309101412//db//plugins/mcufinder/images/
2023-11-30 09:40:06,388 [INFO] ApiDb:250 - Set database path to: /home/adam/.stmcufinder/plugins/mcufinder//mcu/
2023-11-30 09:40:06,390 [INFO] DbMcusAds:125 - Set database path to: /home/adam/.stmcufinder/plugins/mcufinder//mcu/
2023-11-30 09:40:06,393 [INFO] CrossReferenceDbSqlite:203 - Set database path to: /home/adam/.stmcufinder/plugins/mcufinder//mcu/cs/
2023-11-30 09:40:06,519 [INFO] RulesReader:64 - Compatibility file has been processed (293 Rules)
2023-11-30 09:40:06,585 [INFO] DbMcusXml:78 - Set database path to: /opt/st/stm32cubeide_1.13.2/plugins/com.st.stm32cube.common.mx_6.9.2.202309101412//db//mcu/
2023-11-30 09:40:06,585 [INFO] ApiDb:274 - Set plugin database path to: /opt/st/stm32cubeide_1.13.2/plugins/com.st.stm32cube.common.mx_6.9.2.202309101412//db//plugins/boardmanager/
2023-11-30 09:40:06,586 [INFO] ApiDb:261 - Set plugin images path to: /opt/st/stm32cubeide_1.13.2/plugins/com.st.stm32cube.common.mx_6.9.2.202309101412//db//plugins/mcufinder/images/
2023-11-30 09:40:06,586 [WARN] DbFile:41 - Overriding database path with different value: /home/adam/.stmcufinder/plugins/mcufinder/ => /home/adam/.stmcufinder/plugins/mcufinder
2023-11-30 09:40:06,586 [INFO] ApiDb:250 - Set database path to: /home/adam/.stmcufinder/plugins/mcufinder//mcu/
2023-11-30 09:40:06,586 [WARN] DbFile:41 - Overriding database path with different value: /home/adam/.stmcufinder/plugins/mcufinder/ => /home/adam/.stmcufinder/plugins/mcufinder
2023-11-30 09:40:06,586 [INFO] DbMcusAds:125 - Set database path to: /home/adam/.stmcufinder/plugins/mcufinder//mcu/
2023-11-30 09:40:06,586 [WARN] DbFile:41 - Overriding database path with different value: /home/adam/.stmcufinder/plugins/mcufinder/ => /home/adam/.stmcufinder/plugins/mcufinder
2023-11-30 09:40:06,586 [WARN] DbFile:41 - Overriding database path with different value: /home/adam/.stmcufinder/plugins/mcufinder/ => /home/adam/.stmcufinder/plugins/mcufinder
2023-11-30 09:40:06,586 [INFO] CrossReferenceDbSqlite:203 - Set database path to: /home/adam/.stmcufinder/plugins/mcufinder//mcu/cs/
2023-11-30 09:40:06,650 [INFO] MainPanel:262 - HeapMemory: 268435456
2023-11-30 09:40:06,741 [INFO] DbMcusXml:78 - Set database path to: /opt/st/stm32cubeide_1.13.2/plugins/com.st.stm32cube.common.mx_6.9.2.202309101412//db//mcu/
2023-11-30 09:40:06,741 [INFO] ApiDb:274 - Set plugin database path to: /opt/st/stm32cubeide_1.13.2/plugins/com.st.stm32cube.common.mx_6.9.2.202309101412//db//plugins/boardmanager/
2023-11-30 09:40:06,741 [INFO] ApiDb:261 - Set plugin images path to: /opt/st/stm32cubeide_1.13.2/plugins/com.st.stm32cube.common.mx_6.9.2.202309101412//db//plugins/mcufinder/images/
2023-11-30 09:40:06,741 [WARN] DbFile:41 - Overriding database path with different value: /home/adam/.stmcufinder/plugins/mcufinder/ => /home/adam/.stmcufinder/plugins/mcufinder
2023-11-30 09:40:06,741 [INFO] ApiDb:250 - Set database path to: /home/adam/.stmcufinder/plugins/mcufinder//mcu/
2023-11-30 09:40:06,742 [WARN] DbFile:41 - Overriding database path with different value: /home/adam/.stmcufinder/plugins/mcufinder/ => /home/adam/.stmcufinder/plugins/mcufinder
2023-11-30 09:40:06,742 [INFO] DbMcusAds:125 - Set database path to: /home/adam/.stmcufinder/plugins/mcufinder//mcu/
2023-11-30 09:40:06,742 [WARN] DbFile:41 - Overriding database path with different value: /home/adam/.stmcufinder/plugins/mcufinder/ => /home/adam/.stmcufinder/plugins/mcufinder
2023-11-30 09:40:06,742 [WARN] DbFile:41 - Overriding database path with different value: /home/adam/.stmcufinder/plugins/mcufinder/ => /home/adam/.stmcufinder/plugins/mcufinder
2023-11-30 09:40:06,742 [INFO] CrossReferenceDbSqlite:203 - Set database path to: /home/adam/.stmcufinder/plugins/mcufinder//mcu/cs/
2023-11-30 09:40:06,759 [INFO] ApplicationProperties:184 - Using Application install path: /opt/st/stm32cubeide_1.13.2/plugins/com.st.stm32cube.common.mx_6.9.2.202309101412
2023-11-30 09:40:06,761 [INFO] PluginManage:196 - Search for loadable plugins [exclusion list=, ]
2023-11-30 09:40:06,763 [INFO] PluginManage:310 - Check plugin analytics
2023-11-30 09:40:06,938 [INFO] AnalyticsPlugin:253 - Accepted Software Licenses: 
2023-11-30 09:40:06,938 [INFO] AnalyticsPlugin:255 - Accepted CMSIS Pack Licenses: STMicroelectronics.X-CUBE-AI.8.1.0,STMicroelectronics.X-CUBE-AI.7.3.0,STMicroelectronics.X-CUBE-TOF1.3.3.1
2023-11-30 09:40:06,938 [INFO] AnalyticsPlugin:257 - Accepted Firmware Licenses: FW.G0.1.6.0,FW.F4.1.27.0
2023-11-30 09:40:06,941 [INFO] PluginManage:359 - Loaded plugin analytics (category:tool,tabindex:-1)
2023-11-30 09:40:06,941 [INFO] PluginManage:310 - Check plugin cadmodel
2023-11-30 09:40:06,972 [INFO] CADModel:105 - Init CAD model plugin
2023-11-30 09:40:06,972 [INFO] PluginManage:359 - Loaded plugin cadmodel (category:power,tabindex:5)
2023-11-30 09:40:06,972 [INFO] PluginManage:310 - Check plugin clock
2023-11-30 09:40:06,982 [INFO] PluginManage:359 - Loaded plugin clock (category:base,tabindex:2)
2023-11-30 09:40:06,982 [INFO] PluginManage:310 - Check plugin ddr
2023-11-30 09:40:06,984 [INFO] PluginManage:359 - Loaded plugin ddr (category:tool,tabindex:6)
2023-11-30 09:40:06,984 [INFO] PluginManage:310 - Check plugin filemanager
2023-11-30 09:40:07,138 [INFO] PluginManage:359 - Loaded plugin filemanager (category:base,tabindex:10)
2023-11-30 09:40:07,139 [INFO] PluginManage:310 - Check plugin ipmanager
2023-11-30 09:40:07,143 [INFO] PluginManage:359 - Loaded plugin ipmanager (category:base,tabindex:5)
2023-11-30 09:40:07,144 [INFO] PluginManage:310 - Check plugin lpbam
2023-11-30 09:40:07,153 [INFO] PluginManage:359 - Loaded plugin lpbam (category:base,tabindex:0)
2023-11-30 09:40:07,153 [INFO] PluginManage:310 - Check plugin memorymap
2023-11-30 09:40:07,165 [INFO] PluginManage:359 - Loaded plugin memorymap (category:base,tabindex:4)
2023-11-30 09:40:07,166 [INFO] PluginManage:310 - Check plugin pinoutandconfiguration
2023-11-30 09:40:07,172 [INFO] PluginManage:359 - Loaded plugin pinoutandconfiguration (category:base,tabindex:1)
2023-11-30 09:40:07,173 [INFO] PluginManage:310 - Check plugin pinoutconfig
2023-11-30 09:40:07,251 [WARN] SupportedApi:132 - Cannot load RTOS API schema: s4s-elt-must-match.1: The content of 'definitions' must match (annotation?, (simpleType | complexType)?, (unique | key | keyref)*)). A problem was found starting at: attribute.
2023-11-30 09:40:07,372 [INFO] PluginManage:359 - Loaded plugin pinoutconfig (category:base,tabindex:0)
2023-11-30 09:40:07,372 [INFO] PluginManage:310 - Check plugin power
2023-11-30 09:40:07,383 [INFO] PluginManage:359 - Loaded plugin power (category:power,tabindex:4)
2023-11-30 09:40:07,383 [INFO] PluginManage:310 - Check plugin projectmanager
2023-11-30 09:40:07,398 [INFO] PluginManage:359 - Loaded plugin projectmanager (category:projectmanager,tabindex:3)
2023-11-30 09:40:07,398 [INFO] PluginManage:310 - Check plugin thirdparty
2023-11-30 09:40:07,523 [INFO] PluginManage:359 - Loaded plugin thirdparty (category:base,tabindex:-1)
2023-11-30 09:40:07,523 [WARN] IntegrityCheckThread:84 - waiting for thirdparty lock release [integrity check]
2023-11-30 09:40:07,523 [INFO] PluginManage:310 - Check plugin tools
2023-11-30 09:40:07,523 [INFO] IntegrityCheckThread:86 - entering critical section [integrity check]
2023-11-30 09:40:07,524 [INFO] ThirdPartyUpdaterWithRetryManager:70 - Updater plugin not ready yet. [1/15]
2023-11-30 09:40:07,525 [INFO] PluginManage:359 - Loaded plugin tools (category:base,tabindex:7)
2023-11-30 09:40:07,526 [INFO] PluginManage:310 - Check plugin tutovideos
2023-11-30 09:40:07,730 [INFO] PluginManage:359 - Loaded plugin tutovideos (category:base,tabindex:-1)
2023-11-30 09:40:07,730 [INFO] PluginManage:310 - Check plugin updater
2023-11-30 09:40:07,741 [INFO] PluginManage:359 - Loaded plugin updater (category:base,tabindex:12)
2023-11-30 09:40:07,741 [INFO] PluginManage:310 - Check plugin userauth
2023-11-30 09:40:07,746 [INFO] UserAuth:113 - Init User Auth plugin
2023-11-30 09:40:07,746 [INFO] PluginManage:359 - Loaded plugin userauth (category:base,tabindex:14)
2023-11-30 09:40:07,747 [INFO] PluginManage:283 - PluginManage : Loaded plugins [17]
2023-11-30 09:40:07,920 [INFO] PinOutPanel:1499 - setPackage(No Configuration,No Configuration)
2023-11-30 09:40:08,032 [INFO] CADModel:165 - CPN selected for project level
2023-11-30 09:40:08,033 [INFO] CADModel:114 - Register for checkConnection events
2023-11-30 09:40:08,055 [INFO] IPUIPlugin:80 - create IPUIPlugin
2023-11-30 09:40:08,056 [INFO] PluginManager:220 - loadIPPluginJar : add stm32_wpan
2023-11-30 09:40:08,061 [INFO] IPUIPlugin:80 - create IPUIPlugin
2023-11-30 09:40:08,061 [INFO] PluginManager:220 - loadIPPluginJar : add gpio
2023-11-30 09:40:08,063 [INFO] IPUIPlugin:80 - create IPUIPlugin
2023-11-30 09:40:08,064 [INFO] PluginManager:220 - loadIPPluginJar : add tracer_emb
2023-11-30 09:40:08,067 [INFO] IPUIPlugin:80 - create IPUIPlugin
2023-11-30 09:40:08,067 [INFO] PluginManager:220 - loadIPPluginJar : add dma3
2023-11-30 09:40:08,071 [INFO] IPUIPlugin:80 - create IPUIPlugin
2023-11-30 09:40:08,071 [INFO] PluginManager:220 - loadIPPluginJar : add fmc
2023-11-30 09:40:08,072 [INFO] IPUIPlugin:80 - create IPUIPlugin
2023-11-30 09:40:08,073 [INFO] PluginManager:220 - loadIPPluginJar : add ltdc
2023-11-30 09:40:08,074 [INFO] IPUIPlugin:80 - create IPUIPlugin
2023-11-30 09:40:08,075 [INFO] PluginManager:220 - loadIPPluginJar : add i2c
2023-11-30 09:40:08,077 [INFO] IPUIPlugin:80 - create IPUIPlugin
2023-11-30 09:40:08,077 [INFO] PluginManager:220 - loadIPPluginJar : add resmgrutility
2023-11-30 09:40:08,079 [INFO] IPUIPlugin:80 - create IPUIPlugin
2023-11-30 09:40:08,079 [INFO] PluginManager:220 - loadIPPluginJar : add ucpd
2023-11-30 09:40:08,082 [INFO] IPUIPlugin:80 - create IPUIPlugin
2023-11-30 09:40:08,083 [INFO] PluginManager:220 - loadIPPluginJar : add ipddr
2023-11-30 09:40:08,088 [INFO] IPUIPlugin:80 - create IPUIPlugin
2023-11-30 09:40:08,088 [INFO] PluginManager:220 - loadIPPluginJar : add adc
2023-11-30 09:40:08,090 [INFO] IPUIPlugin:80 - create IPUIPlugin
2023-11-30 09:40:08,090 [INFO] PluginManager:220 - loadIPPluginJar : add usbx
2023-11-30 09:40:08,095 [INFO] IPUIPlugin:80 - create IPUIPlugin
2023-11-30 09:40:08,096 [INFO] PluginManager:220 - loadIPPluginJar : add mdma
2023-11-30 09:40:08,098 [INFO] IPUIPlugin:80 - create IPUIPlugin
2023-11-30 09:40:08,098 [INFO] PluginManager:220 - loadIPPluginJar : add usart
2023-11-30 09:40:08,101 [INFO] IPUIPlugin:80 - create IPUIPlugin
2023-11-30 09:40:08,101 [INFO] PluginManager:220 - loadIPPluginJar : add sai
2023-11-30 09:40:08,103 [INFO] IPUIPlugin:80 - create IPUIPlugin
2023-11-30 09:40:08,103 [INFO] PluginManager:220 - loadIPPluginJar : add dfsdm
2023-11-30 09:40:08,104 [INFO] IPUIPlugin:80 - create IPUIPlugin
2023-11-30 09:40:08,104 [INFO] PluginManager:220 - loadIPPluginJar : add spi
2023-11-30 09:40:08,106 [INFO] IPUIPlugin:80 - create IPUIPlugin
2023-11-30 09:40:08,106 [INFO] PluginManager:220 - loadIPPluginJar : add gfxmmu
2023-11-30 09:40:08,108 [INFO] IPUIPlugin:80 - create IPUIPlugin
2023-11-30 09:40:08,108 [INFO] PluginManager:220 - loadIPPluginJar : add pdm2pcm
2023-11-30 09:40:08,109 [INFO] IPUIPlugin:80 - create IPUIPlugin
2023-11-30 09:40:08,109 [INFO] PluginManager:220 - loadIPPluginJar : add genericplugin
2023-11-30 09:40:08,114 [INFO] IPUIPlugin:80 - create IPUIPlugin
2023-11-30 09:40:08,114 [INFO] PluginManager:220 - loadIPPluginJar : add gic
2023-11-30 09:40:08,117 [INFO] IPUIPlugin:80 - create IPUIPlugin
2023-11-30 09:40:08,117 [INFO] PluginManager:220 - loadIPPluginJar : add nvic
2023-11-30 09:40:08,119 [INFO] IPUIPlugin:80 - create IPUIPlugin
2023-11-30 09:40:08,119 [INFO] PluginManager:220 - loadIPPluginJar : add tim
2023-11-30 09:40:08,124 [INFO] IPUIPlugin:80 - create IPUIPlugin
2023-11-30 09:40:08,127 [INFO] PluginManager:220 - loadIPPluginJar : add plateformsettings
2023-11-30 09:40:08,134 [INFO] IPUIPlugin:80 - create IPUIPlugin
2023-11-30 09:40:08,134 [INFO] PluginManager:220 - loadIPPluginJar : add linkedlist
2023-11-30 09:40:08,137 [INFO] IPUIPlugin:80 - create IPUIPlugin
2023-11-30 09:40:08,137 [INFO] PluginManager:220 - loadIPPluginJar : add touchsensing
2023-11-30 09:40:08,139 [INFO] IPUIPlugin:80 - create IPUIPlugin
2023-11-30 09:40:08,140 [INFO] PluginManager:220 - loadIPPluginJar : add gtzc
2023-11-30 09:40:08,141 [INFO] IPUIPlugin:80 - create IPUIPlugin
2023-11-30 09:40:08,141 [INFO] PluginManager:220 - loadIPPluginJar : add ts
2023-11-30 09:40:08,143 [INFO] IPUIPlugin:80 - create IPUIPlugin
2023-11-30 09:40:08,143 [INFO] PluginManager:220 - loadIPPluginJar : add cryp
2023-11-30 09:40:08,144 [INFO] IPUIPlugin:80 - create IPUIPlugin
2023-11-30 09:40:08,144 [INFO] PluginManager:220 - loadIPPluginJar : add quadspi
2023-11-30 09:40:08,146 [INFO] IPUIPlugin:80 - create IPUIPlugin
2023-11-30 09:40:08,146 [INFO] PluginManager:220 - loadIPPluginJar : add i2s
2023-11-30 09:40:08,147 [INFO] IPUIPlugin:80 - create IPUIPlugin
2023-11-30 09:40:08,148 [INFO] PluginManager:220 - loadIPPluginJar : add tsc
2023-11-30 09:40:08,149 [INFO] IPUIPlugin:80 - create IPUIPlugin
2023-11-30 09:40:08,149 [INFO] PluginManager:220 - loadIPPluginJar : add fatfs
2023-11-30 09:40:08,151 [INFO] IPUIPlugin:80 - create IPUIPlugin
2023-11-30 09:40:08,151 [INFO] PluginManager:220 - loadIPPluginJar : add opamp
2023-11-30 09:40:08,157 [INFO] IPUIPlugin:80 - create IPUIPlugin
2023-11-30 09:40:08,157 [INFO] PluginManager:220 - loadIPPluginJar : add dma
2023-11-30 09:40:08,159 [INFO] IPUIPlugin:80 - create IPUIPlugin
2023-11-30 09:40:08,159 [INFO] PluginManager:220 - loadIPPluginJar : add can
2023-11-30 09:40:08,161 [INFO] IPUIPlugin:80 - create IPUIPlugin
2023-11-30 09:40:08,161 [INFO] PluginManager:220 - loadIPPluginJar : add lorawan
2023-11-30 09:40:08,164 [INFO] IPUIPlugin:80 - create IPUIPlugin
2023-11-30 09:40:08,164 [INFO] PluginManager:220 - loadIPPluginJar : add openamp
2023-11-30 09:40:08,167 [INFO] IPUIPlugin:80 - create IPUIPlugin
2023-11-30 09:40:08,167 [INFO] PluginManager:220 - loadIPPluginJar : add i3c
2023-11-30 09:40:08,169 [INFO] IPUIPlugin:80 - create IPUIPlugin
2023-11-30 09:40:08,169 [INFO] PluginManager:220 - loadIPPluginJar : add hash
2023-11-30 09:40:08,170 [INFO] IPUIPlugin:80 - create IPUIPlugin
2023-11-30 09:40:08,170 [INFO] PluginManager:220 - loadIPPluginJar : add comp
2023-11-30 09:40:08,175 [INFO] IPUIPlugin:80 - create IPUIPlugin
2023-11-30 09:40:08,176 [INFO] PluginManager:220 - loadIPPluginJar : add freertos
2023-11-30 09:40:08,178 [INFO] IPUIPlugin:80 - create IPUIPlugin
2023-11-30 09:40:08,178 [INFO] PluginManager:220 - loadIPPluginJar : add aes
2023-11-30 09:40:08,277 [INFO] CADModel:165 - CPN selected for project level
2023-11-30 09:40:08,277 [INFO] CADModel:114 - Register for checkConnection events
2023-11-30 09:40:08,278 [FATAL] Updater:308 - Updater called before beeing initialized
2023-11-30 09:40:08,278 [ERROR] CADModel:125 - Updater not yet initialized, retry later 
2023-11-30 09:40:08,436 [INFO] CADModel:165 - CPN selected for project level
2023-11-30 09:40:08,436 [INFO] CADModel:114 - Register for checkConnection events
2023-11-30 09:40:08,436 [FATAL] Updater:308 - Updater called before beeing initialized
2023-11-30 09:40:08,436 [ERROR] CADModel:125 - Updater not yet initialized, retry later 
2023-11-30 09:40:08,440 [FATAL] Updater:308 - Updater called before beeing initialized
2023-11-30 09:40:08,518 [FATAL] Updater:308 - Updater called before beeing initialized
2023-11-30 09:40:08,525 [INFO] DbMcusAds:53 - JSON generation date=Tue Mar 07 03:50:55 EST 2023 (1678179055114)
2023-11-30 09:40:08,525 [FATAL] Updater:308 - Updater called before beeing initialized
2023-11-30 09:40:08,558 [WARN] DetailPanel:346 - Failed to get advertising image, set to default
2023-11-30 09:40:08,645 [FATAL] Updater:308 - Updater called before beeing initialized
2023-11-30 09:40:08,648 [FATAL] Updater:308 - Updater called before beeing initialized
2023-11-30 09:40:08,648 [FATAL] Updater:308 - Updater called before beeing initialized
2023-11-30 09:40:08,648 [WARN] DetailPanel:346 - Failed to get advertising image, set to default
2023-11-30 09:40:08,649 [FATAL] Updater:308 - Updater called before beeing initialized
2023-11-30 09:40:08,684 [ERROR] Updater:1120 - MainUpdater not yet initialized. External WinMGr cannot be set.
2023-11-30 09:40:08,686 [INFO] Updater:1056 - Updater Version found : 6.9.2
2023-11-30 09:40:08,707 [INFO] ApplicationProperties:184 - Using Application install path: /opt/st/stm32cubeide_1.13.2/plugins/com.st.stm32cube.common.mx_6.9.2.202309101412
2023-11-30 09:40:08,945 [INFO] MainUpdater:2868 - connection check result : 10
2023-11-30 09:40:08,945 [INFO] MainUpdater:285 - Updater Check For Update Now.
2023-11-30 09:40:08,946 [INFO] MicroXplorer:498 - Change Database Version : DB.6.0.92
2023-11-30 09:40:08,961 [INFO] McuFinderGlobals:63 - Set McuFinder mode to 2 (CubeIDE integrated)
2023-11-30 09:40:09,169 [INFO] CheckServerUpdateThread:120 - End of CheckServer Thread
2023-11-30 09:40:10,632 [WARN] PackLoader:240 - Cannot read IP mode file for STMicroelectronics.X-CUBE-SMBUS.2.1.0
2023-11-30 09:40:10,660 [WARN] PackLoader:240 - Cannot read IP mode file for STMicroelectronics.X-CUBE-AZRTOS-F7.1.1.0
2023-11-30 09:40:10,670 [WARN] PackLoader:240 - Cannot read IP mode file for STMicroelectronics.FP-SNS-MOTENV1.4.3.2
2023-11-30 09:40:10,676 [WARN] PackLoader:240 - Cannot read IP mode file for STMicroelectronics.FP-SNS-FLIGHT1.5.0.2
2023-11-30 09:40:10,685 [WARN] PackLoader:240 - Cannot read IP mode file for STMicroelectronics.X-CUBE-DISPLAY.3.0.0
2023-11-30 09:40:10,695 [WARN] PackLoader:240 - Cannot read IP mode file for STMicroelectronics.X-CUBE-BLE1.7.0.0
2023-11-30 09:40:10,700 [WARN] PackLoader:240 - Cannot read IP mode file for emotas.I-CUBE-CANOPEN.1.3.0
2023-11-30 09:40:10,703 [WARN] PackLoader:240 - Cannot read IP mode file for STMicroelectronics.X-CUBE-TOUCHGFX.4.22.1
2023-11-30 09:40:10,707 [WARN] PackLoader:240 - Cannot read IP mode file for STMicroelectronics.FP-SNS-SMARTAG2.1.2.0
2023-11-30 09:40:10,717 [INFO] LogOutputStream:77 - [STDOUT_REDIRECT] 1 : Invalid condition id : UX_CORESTACK_Condition cause : null
2023-11-30 09:40:10,717 [INFO] LogOutputStream:77 - [STDOUT_REDIRECT] 1 : Invalid condition id : UX_CORESTACK_Condition cause : null
2023-11-30 09:40:10,717 [INFO] LogOutputStream:77 - [STDOUT_REDIRECT] 1 : Invalid condition id : UX_CORESTACK_Condition cause : null
2023-11-30 09:40:10,718 [INFO] LogOutputStream:77 - [STDOUT_REDIRECT] 1 : Invalid condition id : UX_CORESTACK_Condition cause : null
2023-11-30 09:40:10,718 [INFO] LogOutputStream:77 - [STDOUT_REDIRECT] 1 : Invalid condition id : UX_CORESTACK_Condition cause : null
2023-11-30 09:40:10,721 [WARN] PackLoader:240 - Cannot read IP mode file for STMicroelectronics.X-CUBE-AZRTOS-WL.2.0.0
2023-11-30 09:40:10,728 [WARN] PackLoader:240 - Cannot read IP mode file for WES.I-CUBE-Cesium.1.3.0
2023-11-30 09:40:10,732 [WARN] PackLoader:240 - Cannot read IP mode file for STMicroelectronics.X-CUBE-BLE2.3.3.0
2023-11-30 09:40:10,736 [WARN] PackLoader:240 - Cannot read IP mode file for STMicroelectronics.X-CUBE-AI.7.3.0
2023-11-30 09:40:10,794 [WARN] PackLoader:240 - Cannot read IP mode file for STMicroelectronics.X-CUBE-ALGOBUILD.1.3.0
2023-11-30 09:40:10,810 [WARN] PackLoader:240 - Cannot read IP mode file for STMicroelectronics.X-CUBE-AZRTOS-G0.1.1.0
2023-11-30 09:40:10,816 [WARN] PackLoader:240 - Cannot read IP mode file for STMicroelectronics.X-CUBE-NFC4.3.0.0
2023-11-30 09:40:10,824 [WARN] PackLoader:240 - Cannot read IP mode file for STMicroelectronics.X-CUBE-BLEMGR.3.0.0
2023-11-30 09:40:10,829 [WARN] PackLoader:240 - Cannot read IP mode file for STMicroelectronics.FP-ATR-SIGFOX1.3.2.0
2023-11-30 09:40:10,833 [WARN] PackLoader:240 - Cannot read IP mode file for STMicroelectronics.X-CUBE-GNSS1.6.0.0
2023-11-30 09:40:10,846 [WARN] PackLoader:240 - Cannot read IP mode file for STMicroelectronics.X-CUBE-AZRTOS-F4.1.1.0
2023-11-30 09:40:10,851 [WARN] PackLoader:240 - Cannot read IP mode file for wolfSSL.I-CUBE-wolfSSL.5.6.3
2023-11-30 09:40:10,876 [WARN] PackLoader:240 - Cannot read IP mode file for STMicroelectronics.X-CUBE-AZRTOS-L5.2.0.0
2023-11-30 09:40:10,884 [WARN] PackLoader:240 - Cannot read IP mode file for STMicroelectronics.X-CUBE-EEPRMA1.4.2.0
2023-11-30 09:40:10,890 [WARN] PackLoader:240 - Cannot read IP mode file for ITTIA_DB.I-CUBE-ITTIADB.8.8.0
2023-11-30 09:40:10,898 [WARN] PackLoader:240 - Cannot read IP mode file for STMicroelectronics.X-CUBE-BLEMGR.2.0.0
2023-11-30 09:40:10,920 [WARN] ConditionMgr:438 - getConditionDescription Invalid condition id : UX DEVICE CLASS RTOS Condition cause : null
2023-11-30 09:40:10,920 [WARN] ConditionMgr:438 - getConditionDescription Invalid condition id : UX DEVICE CLASS RTOS Condition cause : null
2023-11-30 09:40:10,924 [WARN] PackLoader:240 - Cannot read IP mode file for STMicroelectronics.X-CUBE-AZRTOS-H7.3.1.0
2023-11-30 09:40:10,926 [WARN] ConditionMgr:1039 - genDependencies : Invalid condition id : UX DEVICE CLASS RTOS Condition cause : null
2023-11-30 09:40:10,926 [WARN] ConditionMgr:1039 - genDependencies : Invalid condition id : UX DEVICE CLASS RTOS Condition cause : null
2023-11-30 09:40:10,927 [WARN] ConditionMgr:1039 - genDependencies : Invalid condition id : UX DEVICE CLASS RTOS Condition cause : null
2023-11-30 09:40:10,927 [WARN] ConditionMgr:1039 - genDependencies : Invalid condition id : UX DEVICE CLASS RTOS Condition cause : null
2023-11-30 09:40:10,927 [WARN] ConditionMgr:1039 - genDependencies : Invalid condition id : UX DEVICE CLASS RTOS Condition cause : null
2023-11-30 09:40:10,935 [WARN] PackLoader:240 - Cannot read IP mode file for STMicroelectronics.X-CUBE-NFC7.1.0.1
2023-11-30 09:40:10,943 [WARN] PackLoader:240 - Cannot read IP mode file for STMicroelectronics.X-CUBE-NFC6.3.0.0
2023-11-30 09:40:10,949 [WARN] PackLoader:240 - Cannot read IP mode file for STMicroelectronics.X-CUBE-AI.8.1.0
2023-11-30 09:40:11,019 [WARN] ConditionMgr:438 - getConditionDescription Invalid condition id : LAN8742 Phy interface Condition cause : null
2023-11-30 09:40:11,020 [WARN] PackLoader:240 - Cannot read IP mode file for STMicroelectronics.X-CUBE-AZRTOS-L4.2.0.0
2023-11-30 09:40:11,021 [WARN] ConditionMgr:1039 - genDependencies : Invalid condition id : LAN8742 Phy interface Condition cause : null
2023-11-30 09:40:11,022 [WARN] ConditionMgr:1039 - genDependencies : Invalid condition id : LAN8742 Phy interface Condition cause : null
2023-11-30 09:40:11,022 [WARN] ConditionMgr:1039 - genDependencies : Invalid condition id : LAN8742 Phy interface Condition cause : null
2023-11-30 09:40:11,030 [WARN] PackLoader:240 - Cannot read IP mode file for STMicroelectronics.X-CUBE-SFXS2LP1.4.0.0
2023-11-30 09:40:11,035 [WARN] PackLoader:240 - Cannot read IP mode file for STMicroelectronics.X-CUBE-ISPU.1.1.0
2023-11-30 09:40:11,047 [WARN] ConditionMgr:438 - getConditionDescription Invalid condition id : UX DEVICE CLASS RTOS Condition cause : null
2023-11-30 09:40:11,048 [WARN] ConditionMgr:438 - getConditionDescription Invalid condition id : UX DEVICE CLASS RTOS Condition cause : null
2023-11-30 09:40:11,050 [WARN] PackLoader:240 - Cannot read IP mode file for STMicroelectronics.X-CUBE-AZRTOS-WB.2.0.0
2023-11-30 09:40:11,050 [WARN] ConditionMgr:1039 - genDependencies : Invalid condition id : UX DEVICE CLASS RTOS Condition cause : null
2023-11-30 09:40:11,050 [WARN] ConditionMgr:1039 - genDependencies : Invalid condition id : UX DEVICE CLASS RTOS Condition cause : null
2023-11-30 09:40:11,051 [WARN] ConditionMgr:1039 - genDependencies : Invalid condition id : UX DEVICE CLASS RTOS Condition cause : null
2023-11-30 09:40:11,051 [WARN] ConditionMgr:1039 - genDependencies : Invalid condition id : UX DEVICE CLASS RTOS Condition cause : null
2023-11-30 09:40:11,051 [WARN] ConditionMgr:1039 - genDependencies : Invalid condition id : UX DEVICE CLASS RTOS Condition cause : null
2023-11-30 09:40:11,062 [WARN] PackLoader:240 - Cannot read IP mode file for STMicroelectronics.X-CUBE-SUBG2.5.0.0
2023-11-30 09:40:11,080 [WARN] PackLoader:240 - Cannot read IP mode file for STMicroelectronics.X-CUBE-TOF1.3.3.1
2023-11-30 09:40:11,174 [WARN] PackLoader:240 - Cannot read IP mode file for STMicroelectronics.X-CUBE-AZRTOS-G4.2.0.0
2023-11-30 09:40:11,187 [WARN] PackLoader:240 - Cannot read IP mode file for Infineon.AIROC-Wi-Fi-Bluetooth-STM32.1.5.1
2023-11-30 09:40:11,196 [WARN] PackLoader:240 - Cannot read IP mode file for STMicroelectronics.FP-SNS-MOTENVWB1.1.3.0
2023-11-30 09:40:11,241 [WARN] PackLoader:240 - Cannot read IP mode file for STMicroelectronics.X-CUBE-MEMS1.10.0.0
2023-11-30 09:40:11,383 [WARN] PackLoader:240 - Cannot read IP mode file for STMicroelectronics.X-CUBE-FREERTOS.1.1.0
2023-11-30 09:40:11,388 [WARN] PackLoader:240 - Cannot read IP mode file for portGmbH.I-Cube-SoM-uGOAL.1.1.0
2023-11-30 09:40:11,392 [WARN] PackLoader:240 - Cannot read IP mode file for STMicroelectronics.X-CUBE-ALS.1.0.1
2023-11-30 09:40:11,395 [WARN] PackLoader:240 - Cannot read IP mode file for STMicroelectronics.FP-ATR-ASTRA1.2.0.0
2023-11-30 09:40:11,404 [WARN] PackLoader:240 - Cannot read IP mode file for STMicroelectronics.X-CUBE-TOF1.3.4.0
2023-11-30 09:40:11,415 [INFO] ThirdParty:978 - Integrity check success = true
2023-11-30 09:40:11,416 [INFO] IntegrityCheckThread:100 - exiting critical section [integrity check]
2023-11-30 09:40:11,416 [INFO] IntegrityCheckThread:103 - End integrity checks thread
2023-11-30 09:40:29,922 [ERROR] LogOutputStream:75 - [STDERR_REDIRECT] SLF4J: Failed to load class "org.slf4j.impl.StaticLoggerBinder".
2023-11-30 09:40:29,922 [ERROR] LogOutputStream:75 - [STDERR_REDIRECT] SLF4J: Defaulting to no-operation (NOP) logger implementation
2023-11-30 09:40:29,922 [ERROR] LogOutputStream:75 - [STDERR_REDIRECT] SLF4J: See http://www.slf4j.org/codes.html#StaticLoggerBinder for further details.
2023-11-30 14:41:50,490 [INFO] Activator:176 - 


2023-11-30 14:41:50,491 [INFO] Activator:177 - !SESSION log4j initialized
2023-11-30 14:41:54,111 [INFO] LogOutputStream:77 - [STDOUT_REDIRECT] 
2023-11-30 14:41:54,586 [INFO] ApplicationProperties:184 - Using Application install path: /opt/st/stm32cubeide_1.13.2/plugins/com.st.stm32cube.common.mx_6.9.2.202309101412
2023-11-30 14:41:54,603 [INFO] DbMcusXml:78 - Set database path to: /opt/st/stm32cubeide_1.13.2/plugins/com.st.stm32cube.common.mx_6.9.2.202309101412//db//mcu/
2023-11-30 14:41:54,603 [INFO] ApiDb:274 - Set plugin database path to: /opt/st/stm32cubeide_1.13.2/plugins/com.st.stm32cube.common.mx_6.9.2.202309101412//db//plugins/boardmanager/
2023-11-30 14:41:54,604 [WARN] ApiDb:259 - Overriding images path with different value:  => /opt/st/stm32cubeide_1.13.2/plugins/com.st.stm32cube.common.mx_6.9.2.202309101412//db//plugins/mcufinder/images/
2023-11-30 14:41:54,612 [INFO] ApiDb:250 - Set database path to: /home/adam/.stmcufinder/plugins/mcufinder//mcu/
2023-11-30 14:41:54,614 [INFO] DbMcusAds:125 - Set database path to: /home/adam/.stmcufinder/plugins/mcufinder//mcu/
2023-11-30 14:41:54,616 [INFO] CrossReferenceDbSqlite:203 - Set database path to: /home/adam/.stmcufinder/plugins/mcufinder//mcu/cs/
2023-11-30 14:41:54,703 [INFO] RulesReader:64 - Compatibility file has been processed (293 Rules)
2023-11-30 14:41:54,747 [INFO] DbMcusXml:78 - Set database path to: /opt/st/stm32cubeide_1.13.2/plugins/com.st.stm32cube.common.mx_6.9.2.202309101412//db//mcu/
2023-11-30 14:41:54,747 [INFO] ApiDb:274 - Set plugin database path to: /opt/st/stm32cubeide_1.13.2/plugins/com.st.stm32cube.common.mx_6.9.2.202309101412//db//plugins/boardmanager/
2023-11-30 14:41:54,747 [INFO] ApiDb:261 - Set plugin images path to: /opt/st/stm32cubeide_1.13.2/plugins/com.st.stm32cube.common.mx_6.9.2.202309101412//db//plugins/mcufinder/images/
2023-11-30 14:41:54,747 [WARN] DbFile:41 - Overriding database path with different value: /home/adam/.stmcufinder/plugins/mcufinder/ => /home/adam/.stmcufinder/plugins/mcufinder
2023-11-30 14:41:54,747 [INFO] ApiDb:250 - Set database path to: /home/adam/.stmcufinder/plugins/mcufinder//mcu/
2023-11-30 14:41:54,747 [WARN] DbFile:41 - Overriding database path with different value: /home/adam/.stmcufinder/plugins/mcufinder/ => /home/adam/.stmcufinder/plugins/mcufinder
2023-11-30 14:41:54,748 [INFO] DbMcusAds:125 - Set database path to: /home/adam/.stmcufinder/plugins/mcufinder//mcu/
2023-11-30 14:41:54,748 [WARN] DbFile:41 - Overriding database path with different value: /home/adam/.stmcufinder/plugins/mcufinder/ => /home/adam/.stmcufinder/plugins/mcufinder
2023-11-30 14:41:54,748 [WARN] DbFile:41 - Overriding database path with different value: /home/adam/.stmcufinder/plugins/mcufinder/ => /home/adam/.stmcufinder/plugins/mcufinder
2023-11-30 14:41:54,748 [INFO] CrossReferenceDbSqlite:203 - Set database path to: /home/adam/.stmcufinder/plugins/mcufinder//mcu/cs/
2023-11-30 14:41:54,806 [INFO] MainPanel:262 - HeapMemory: 268435456
2023-11-30 14:41:54,870 [INFO] DbMcusXml:78 - Set database path to: /opt/st/stm32cubeide_1.13.2/plugins/com.st.stm32cube.common.mx_6.9.2.202309101412//db//mcu/
2023-11-30 14:41:54,870 [INFO] ApiDb:274 - Set plugin database path to: /opt/st/stm32cubeide_1.13.2/plugins/com.st.stm32cube.common.mx_6.9.2.202309101412//db//plugins/boardmanager/
2023-11-30 14:41:54,870 [INFO] ApiDb:261 - Set plugin images path to: /opt/st/stm32cubeide_1.13.2/plugins/com.st.stm32cube.common.mx_6.9.2.202309101412//db//plugins/mcufinder/images/
2023-11-30 14:41:54,871 [WARN] DbFile:41 - Overriding database path with different value: /home/adam/.stmcufinder/plugins/mcufinder/ => /home/adam/.stmcufinder/plugins/mcufinder
2023-11-30 14:41:54,871 [INFO] ApiDb:250 - Set database path to: /home/adam/.stmcufinder/plugins/mcufinder//mcu/
2023-11-30 14:41:54,871 [WARN] DbFile:41 - Overriding database path with different value: /home/adam/.stmcufinder/plugins/mcufinder/ => /home/adam/.stmcufinder/plugins/mcufinder
2023-11-30 14:41:54,871 [INFO] DbMcusAds:125 - Set database path to: /home/adam/.stmcufinder/plugins/mcufinder//mcu/
2023-11-30 14:41:54,871 [WARN] DbFile:41 - Overriding database path with different value: /home/adam/.stmcufinder/plugins/mcufinder/ => /home/adam/.stmcufinder/plugins/mcufinder
2023-11-30 14:41:54,871 [WARN] DbFile:41 - Overriding database path with different value: /home/adam/.stmcufinder/plugins/mcufinder/ => /home/adam/.stmcufinder/plugins/mcufinder
2023-11-30 14:41:54,871 [INFO] CrossReferenceDbSqlite:203 - Set database path to: /home/adam/.stmcufinder/plugins/mcufinder//mcu/cs/
2023-11-30 14:41:54,882 [INFO] ApplicationProperties:184 - Using Application install path: /opt/st/stm32cubeide_1.13.2/plugins/com.st.stm32cube.common.mx_6.9.2.202309101412
2023-11-30 14:41:54,883 [INFO] PluginManage:196 - Search for loadable plugins [exclusion list=, ]
2023-11-30 14:41:54,884 [INFO] PluginManage:310 - Check plugin analytics
2023-11-30 14:41:54,986 [INFO] AnalyticsPlugin:253 - Accepted Software Licenses: 
2023-11-30 14:41:54,987 [INFO] AnalyticsPlugin:255 - Accepted CMSIS Pack Licenses: STMicroelectronics.X-CUBE-AI.8.1.0,STMicroelectronics.X-CUBE-AI.7.3.0,STMicroelectronics.X-CUBE-TOF1.3.3.1
2023-11-30 14:41:54,987 [INFO] AnalyticsPlugin:257 - Accepted Firmware Licenses: FW.G0.1.6.0,FW.F4.1.27.0
2023-11-30 14:41:54,989 [INFO] PluginManage:359 - Loaded plugin analytics (category:tool,tabindex:-1)
2023-11-30 14:41:54,990 [INFO] PluginManage:310 - Check plugin cadmodel
2023-11-30 14:41:55,016 [INFO] CADModel:105 - Init CAD model plugin
2023-11-30 14:41:55,016 [INFO] PluginManage:359 - Loaded plugin cadmodel (category:power,tabindex:5)
2023-11-30 14:41:55,016 [INFO] PluginManage:310 - Check plugin clock
2023-11-30 14:41:55,024 [INFO] PluginManage:359 - Loaded plugin clock (category:base,tabindex:2)
2023-11-30 14:41:55,024 [INFO] PluginManage:310 - Check plugin ddr
2023-11-30 14:41:55,026 [INFO] PluginManage:359 - Loaded plugin ddr (category:tool,tabindex:6)
2023-11-30 14:41:55,026 [INFO] PluginManage:310 - Check plugin filemanager
2023-11-30 14:41:55,123 [INFO] PluginManage:359 - Loaded plugin filemanager (category:base,tabindex:10)
2023-11-30 14:41:55,123 [INFO] PluginManage:310 - Check plugin ipmanager
2023-11-30 14:41:55,127 [INFO] PluginManage:359 - Loaded plugin ipmanager (category:base,tabindex:5)
2023-11-30 14:41:55,128 [INFO] PluginManage:310 - Check plugin lpbam
2023-11-30 14:41:55,135 [INFO] PluginManage:359 - Loaded plugin lpbam (category:base,tabindex:0)
2023-11-30 14:41:55,135 [INFO] PluginManage:310 - Check plugin memorymap
2023-11-30 14:41:55,143 [INFO] PluginManage:359 - Loaded plugin memorymap (category:base,tabindex:4)
2023-11-30 14:41:55,143 [INFO] PluginManage:310 - Check plugin pinoutandconfiguration
2023-11-30 14:41:55,148 [INFO] PluginManage:359 - Loaded plugin pinoutandconfiguration (category:base,tabindex:1)
2023-11-30 14:41:55,148 [INFO] PluginManage:310 - Check plugin pinoutconfig
2023-11-30 14:41:55,203 [WARN] SupportedApi:132 - Cannot load RTOS API schema: s4s-elt-must-match.1: The content of 'definitions' must match (annotation?, (simpleType | complexType)?, (unique | key | keyref)*)). A problem was found starting at: attribute.
2023-11-30 14:41:55,284 [INFO] PluginManage:359 - Loaded plugin pinoutconfig (category:base,tabindex:0)
2023-11-30 14:41:55,284 [INFO] PluginManage:310 - Check plugin power
2023-11-30 14:41:55,292 [INFO] PluginManage:359 - Loaded plugin power (category:power,tabindex:4)
2023-11-30 14:41:55,292 [INFO] PluginManage:310 - Check plugin projectmanager
2023-11-30 14:41:55,302 [INFO] PluginManage:359 - Loaded plugin projectmanager (category:projectmanager,tabindex:3)
2023-11-30 14:41:55,303 [INFO] PluginManage:310 - Check plugin thirdparty
2023-11-30 14:41:55,398 [INFO] PluginManage:359 - Loaded plugin thirdparty (category:base,tabindex:-1)
2023-11-30 14:41:55,398 [WARN] IntegrityCheckThread:84 - waiting for thirdparty lock release [integrity check]
2023-11-30 14:41:55,398 [INFO] PluginManage:310 - Check plugin tools
2023-11-30 14:41:55,398 [INFO] IntegrityCheckThread:86 - entering critical section [integrity check]
2023-11-30 14:41:55,398 [INFO] ThirdPartyUpdaterWithRetryManager:70 - Updater plugin not ready yet. [1/15]
2023-11-30 14:41:55,400 [INFO] PluginManage:359 - Loaded plugin tools (category:base,tabindex:7)
2023-11-30 14:41:55,400 [INFO] PluginManage:310 - Check plugin tutovideos
2023-11-30 14:41:55,510 [INFO] PluginManage:359 - Loaded plugin tutovideos (category:base,tabindex:-1)
2023-11-30 14:41:55,510 [INFO] PluginManage:310 - Check plugin updater
2023-11-30 14:41:55,518 [INFO] PluginManage:359 - Loaded plugin updater (category:base,tabindex:12)
2023-11-30 14:41:55,518 [INFO] PluginManage:310 - Check plugin userauth
2023-11-30 14:41:55,522 [INFO] UserAuth:113 - Init User Auth plugin
2023-11-30 14:41:55,522 [INFO] PluginManage:359 - Loaded plugin userauth (category:base,tabindex:14)
2023-11-30 14:41:55,522 [INFO] PluginManage:283 - PluginManage : Loaded plugins [17]
2023-11-30 14:41:55,645 [INFO] PinOutPanel:1499 - setPackage(No Configuration,No Configuration)
2023-11-30 14:41:55,707 [INFO] CADModel:165 - CPN selected for project level
2023-11-30 14:41:55,707 [INFO] CADModel:114 - Register for checkConnection events
2023-11-30 14:41:55,721 [INFO] IPUIPlugin:80 - create IPUIPlugin
2023-11-30 14:41:55,721 [INFO] PluginManager:220 - loadIPPluginJar : add stm32_wpan
2023-11-30 14:41:55,724 [INFO] IPUIPlugin:80 - create IPUIPlugin
2023-11-30 14:41:55,725 [INFO] PluginManager:220 - loadIPPluginJar : add gpio
2023-11-30 14:41:55,726 [INFO] IPUIPlugin:80 - create IPUIPlugin
2023-11-30 14:41:55,726 [INFO] PluginManager:220 - loadIPPluginJar : add tracer_emb
2023-11-30 14:41:55,728 [INFO] IPUIPlugin:80 - create IPUIPlugin
2023-11-30 14:41:55,728 [INFO] PluginManager:220 - loadIPPluginJar : add dma3
2023-11-30 14:41:55,731 [INFO] IPUIPlugin:80 - create IPUIPlugin
2023-11-30 14:41:55,731 [INFO] PluginManager:220 - loadIPPluginJar : add fmc
2023-11-30 14:41:55,732 [INFO] IPUIPlugin:80 - create IPUIPlugin
2023-11-30 14:41:55,732 [INFO] PluginManager:220 - loadIPPluginJar : add ltdc
2023-11-30 14:41:55,734 [INFO] IPUIPlugin:80 - create IPUIPlugin
2023-11-30 14:41:55,734 [INFO] PluginManager:220 - loadIPPluginJar : add i2c
2023-11-30 14:41:55,737 [INFO] IPUIPlugin:80 - create IPUIPlugin
2023-11-30 14:41:55,737 [INFO] PluginManager:220 - loadIPPluginJar : add resmgrutility
2023-11-30 14:41:55,739 [INFO] IPUIPlugin:80 - create IPUIPlugin
2023-11-30 14:41:55,739 [INFO] PluginManager:220 - loadIPPluginJar : add ucpd
2023-11-30 14:41:55,742 [INFO] IPUIPlugin:80 - create IPUIPlugin
2023-11-30 14:41:55,742 [INFO] PluginManager:220 - loadIPPluginJar : add ipddr
2023-11-30 14:41:55,746 [INFO] IPUIPlugin:80 - create IPUIPlugin
2023-11-30 14:41:55,746 [INFO] PluginManager:220 - loadIPPluginJar : add adc
2023-11-30 14:41:55,748 [INFO] IPUIPlugin:80 - create IPUIPlugin
2023-11-30 14:41:55,749 [INFO] PluginManager:220 - loadIPPluginJar : add usbx
2023-11-30 14:41:55,753 [INFO] IPUIPlugin:80 - create IPUIPlugin
2023-11-30 14:41:55,753 [INFO] PluginManager:220 - loadIPPluginJar : add mdma
2023-11-30 14:41:55,754 [INFO] IPUIPlugin:80 - create IPUIPlugin
2023-11-30 14:41:55,754 [INFO] PluginManager:220 - loadIPPluginJar : add usart
2023-11-30 14:41:55,756 [INFO] IPUIPlugin:80 - create IPUIPlugin
2023-11-30 14:41:55,756 [INFO] PluginManager:220 - loadIPPluginJar : add sai
2023-11-30 14:41:55,758 [INFO] IPUIPlugin:80 - create IPUIPlugin
2023-11-30 14:41:55,758 [INFO] PluginManager:220 - loadIPPluginJar : add dfsdm
2023-11-30 14:41:55,760 [INFO] IPUIPlugin:80 - create IPUIPlugin
2023-11-30 14:41:55,760 [INFO] PluginManager:220 - loadIPPluginJar : add spi
2023-11-30 14:41:55,762 [INFO] IPUIPlugin:80 - create IPUIPlugin
2023-11-30 14:41:55,762 [INFO] PluginManager:220 - loadIPPluginJar : add gfxmmu
2023-11-30 14:41:55,763 [INFO] IPUIPlugin:80 - create IPUIPlugin
2023-11-30 14:41:55,763 [INFO] PluginManager:220 - loadIPPluginJar : add pdm2pcm
2023-11-30 14:41:55,764 [INFO] IPUIPlugin:80 - create IPUIPlugin
2023-11-30 14:41:55,764 [INFO] PluginManager:220 - loadIPPluginJar : add genericplugin
2023-11-30 14:41:55,768 [INFO] IPUIPlugin:80 - create IPUIPlugin
2023-11-30 14:41:55,768 [INFO] PluginManager:220 - loadIPPluginJar : add gic
2023-11-30 14:41:55,770 [INFO] IPUIPlugin:80 - create IPUIPlugin
2023-11-30 14:41:55,770 [INFO] PluginManager:220 - loadIPPluginJar : add nvic
2023-11-30 14:41:55,771 [INFO] IPUIPlugin:80 - create IPUIPlugin
2023-11-30 14:41:55,771 [INFO] PluginManager:220 - loadIPPluginJar : add tim
2023-11-30 14:41:55,776 [INFO] IPUIPlugin:80 - create IPUIPlugin
2023-11-30 14:41:55,778 [INFO] PluginManager:220 - loadIPPluginJar : add plateformsettings
2023-11-30 14:41:55,783 [INFO] IPUIPlugin:80 - create IPUIPlugin
2023-11-30 14:41:55,783 [INFO] PluginManager:220 - loadIPPluginJar : add linkedlist
2023-11-30 14:41:55,785 [INFO] IPUIPlugin:80 - create IPUIPlugin
2023-11-30 14:41:55,785 [INFO] PluginManager:220 - loadIPPluginJar : add touchsensing
2023-11-30 14:41:55,787 [INFO] IPUIPlugin:80 - create IPUIPlugin
2023-11-30 14:41:55,787 [INFO] PluginManager:220 - loadIPPluginJar : add gtzc
2023-11-30 14:41:55,789 [INFO] IPUIPlugin:80 - create IPUIPlugin
2023-11-30 14:41:55,789 [INFO] PluginManager:220 - loadIPPluginJar : add ts
2023-11-30 14:41:55,790 [INFO] IPUIPlugin:80 - create IPUIPlugin
2023-11-30 14:41:55,790 [INFO] PluginManager:220 - loadIPPluginJar : add cryp
2023-11-30 14:41:55,791 [INFO] IPUIPlugin:80 - create IPUIPlugin
2023-11-30 14:41:55,791 [INFO] PluginManager:220 - loadIPPluginJar : add quadspi
2023-11-30 14:41:55,793 [INFO] IPUIPlugin:80 - create IPUIPlugin
2023-11-30 14:41:55,793 [INFO] PluginManager:220 - loadIPPluginJar : add i2s
2023-11-30 14:41:55,794 [INFO] IPUIPlugin:80 - create IPUIPlugin
2023-11-30 14:41:55,794 [INFO] PluginManager:220 - loadIPPluginJar : add tsc
2023-11-30 14:41:55,795 [INFO] IPUIPlugin:80 - create IPUIPlugin
2023-11-30 14:41:55,795 [INFO] PluginManager:220 - loadIPPluginJar : add fatfs
2023-11-30 14:41:55,796 [INFO] IPUIPlugin:80 - create IPUIPlugin
2023-11-30 14:41:55,796 [INFO] PluginManager:220 - loadIPPluginJar : add opamp
2023-11-30 14:41:55,800 [INFO] IPUIPlugin:80 - create IPUIPlugin
2023-11-30 14:41:55,800 [INFO] PluginManager:220 - loadIPPluginJar : add dma
2023-11-30 14:41:55,802 [INFO] IPUIPlugin:80 - create IPUIPlugin
2023-11-30 14:41:55,802 [INFO] PluginManager:220 - loadIPPluginJar : add can
2023-11-30 14:41:55,803 [INFO] IPUIPlugin:80 - create IPUIPlugin
2023-11-30 14:41:55,803 [INFO] PluginManager:220 - loadIPPluginJar : add lorawan
2023-11-30 14:41:55,805 [INFO] IPUIPlugin:80 - create IPUIPlugin
2023-11-30 14:41:55,805 [INFO] PluginManager:220 - loadIPPluginJar : add openamp
2023-11-30 14:41:55,807 [INFO] IPUIPlugin:80 - create IPUIPlugin
2023-11-30 14:41:55,807 [INFO] PluginManager:220 - loadIPPluginJar : add i3c
2023-11-30 14:41:55,809 [INFO] IPUIPlugin:80 - create IPUIPlugin
2023-11-30 14:41:55,809 [INFO] PluginManager:220 - loadIPPluginJar : add hash
2023-11-30 14:41:55,810 [INFO] IPUIPlugin:80 - create IPUIPlugin
2023-11-30 14:41:55,810 [INFO] PluginManager:220 - loadIPPluginJar : add comp
2023-11-30 14:41:55,814 [INFO] IPUIPlugin:80 - create IPUIPlugin
2023-11-30 14:41:55,814 [INFO] PluginManager:220 - loadIPPluginJar : add freertos
2023-11-30 14:41:55,816 [INFO] IPUIPlugin:80 - create IPUIPlugin
2023-11-30 14:41:55,816 [INFO] PluginManager:220 - loadIPPluginJar : add aes
2023-11-30 14:41:55,911 [INFO] CADModel:165 - CPN selected for project level
2023-11-30 14:41:55,911 [INFO] CADModel:114 - Register for checkConnection events
2023-11-30 14:41:55,911 [FATAL] Updater:308 - Updater called before beeing initialized
2023-11-30 14:41:55,912 [ERROR] CADModel:125 - Updater not yet initialized, retry later 
2023-11-30 14:41:56,014 [INFO] CADModel:165 - CPN selected for project level
2023-11-30 14:41:56,015 [INFO] CADModel:114 - Register for checkConnection events
2023-11-30 14:41:56,015 [FATAL] Updater:308 - Updater called before beeing initialized
2023-11-30 14:41:56,015 [ERROR] CADModel:125 - Updater not yet initialized, retry later 
2023-11-30 14:41:56,017 [FATAL] Updater:308 - Updater called before beeing initialized
2023-11-30 14:41:56,087 [FATAL] Updater:308 - Updater called before beeing initialized
2023-11-30 14:41:56,092 [INFO] DbMcusAds:53 - JSON generation date=Tue Mar 07 03:50:55 EST 2023 (1678179055114)
2023-11-30 14:41:56,092 [FATAL] Updater:308 - Updater called before beeing initialized
2023-11-30 14:41:56,119 [WARN] DetailPanel:346 - Failed to get advertising image, set to default
2023-11-30 14:41:56,196 [FATAL] Updater:308 - Updater called before beeing initialized
2023-11-30 14:41:56,198 [FATAL] Updater:308 - Updater called before beeing initialized
2023-11-30 14:41:56,198 [FATAL] Updater:308 - Updater called before beeing initialized
2023-11-30 14:41:56,199 [WARN] DetailPanel:346 - Failed to get advertising image, set to default
2023-11-30 14:41:56,199 [FATAL] Updater:308 - Updater called before beeing initialized
2023-11-30 14:41:56,225 [ERROR] Updater:1120 - MainUpdater not yet initialized. External WinMGr cannot be set.
2023-11-30 14:41:56,227 [INFO] Updater:1056 - Updater Version found : 6.9.2
2023-11-30 14:41:56,247 [INFO] ApplicationProperties:184 - Using Application install path: /opt/st/stm32cubeide_1.13.2/plugins/com.st.stm32cube.common.mx_6.9.2.202309101412
2023-11-30 14:41:56,612 [INFO] MainUpdater:2868 - connection check result : 10
2023-11-30 14:41:56,613 [INFO] MainUpdater:285 - Updater Check For Update Now.
2023-11-30 14:41:56,613 [INFO] MicroXplorer:498 - Change Database Version : DB.6.0.92
2023-11-30 14:41:56,631 [INFO] McuFinderGlobals:63 - Set McuFinder mode to 2 (CubeIDE integrated)
2023-11-30 14:41:56,776 [INFO] CheckServerUpdateThread:120 - End of CheckServer Thread
2023-11-30 14:41:58,472 [WARN] PackLoader:240 - Cannot read IP mode file for STMicroelectronics.X-CUBE-SMBUS.2.1.0
2023-11-30 14:41:58,498 [WARN] PackLoader:240 - Cannot read IP mode file for STMicroelectronics.X-CUBE-AZRTOS-F7.1.1.0
2023-11-30 14:41:58,506 [WARN] PackLoader:240 - Cannot read IP mode file for STMicroelectronics.FP-SNS-MOTENV1.4.3.2
2023-11-30 14:41:58,512 [WARN] PackLoader:240 - Cannot read IP mode file for STMicroelectronics.FP-SNS-FLIGHT1.5.0.2
2023-11-30 14:41:58,518 [WARN] PackLoader:240 - Cannot read IP mode file for STMicroelectronics.X-CUBE-DISPLAY.3.0.0
2023-11-30 14:41:58,528 [WARN] PackLoader:240 - Cannot read IP mode file for STMicroelectronics.X-CUBE-BLE1.7.0.0
2023-11-30 14:41:58,533 [WARN] PackLoader:240 - Cannot read IP mode file for emotas.I-CUBE-CANOPEN.1.3.0
2023-11-30 14:41:58,536 [WARN] PackLoader:240 - Cannot read IP mode file for STMicroelectronics.X-CUBE-TOUCHGFX.4.22.1
2023-11-30 14:41:58,539 [WARN] PackLoader:240 - Cannot read IP mode file for STMicroelectronics.FP-SNS-SMARTAG2.1.2.0
2023-11-30 14:41:58,548 [INFO] LogOutputStream:77 - [STDOUT_REDIRECT] 1 : Invalid condition id : UX_CORESTACK_Condition cause : null
2023-11-30 14:41:58,549 [INFO] LogOutputStream:77 - [STDOUT_REDIRECT] 1 : Invalid condition id : UX_CORESTACK_Condition cause : null
2023-11-30 14:41:58,549 [INFO] LogOutputStream:77 - [STDOUT_REDIRECT] 1 : Invalid condition id : UX_CORESTACK_Condition cause : null
2023-11-30 14:41:58,549 [INFO] LogOutputStream:77 - [STDOUT_REDIRECT] 1 : Invalid condition id : UX_CORESTACK_Condition cause : null
2023-11-30 14:41:58,549 [INFO] LogOutputStream:77 - [STDOUT_REDIRECT] 1 : Invalid condition id : UX_CORESTACK_Condition cause : null
2023-11-30 14:41:58,554 [WARN] PackLoader:240 - Cannot read IP mode file for STMicroelectronics.X-CUBE-AZRTOS-WL.2.0.0
2023-11-30 14:41:58,561 [WARN] PackLoader:240 - Cannot read IP mode file for WES.I-CUBE-Cesium.1.3.0
2023-11-30 14:41:58,565 [WARN] PackLoader:240 - Cannot read IP mode file for STMicroelectronics.X-CUBE-BLE2.3.3.0
2023-11-30 14:41:58,569 [WARN] PackLoader:240 - Cannot read IP mode file for STMicroelectronics.X-CUBE-AI.7.3.0
2023-11-30 14:41:58,617 [WARN] PackLoader:240 - Cannot read IP mode file for STMicroelectronics.X-CUBE-ALGOBUILD.1.3.0
2023-11-30 14:41:58,635 [WARN] PackLoader:240 - Cannot read IP mode file for STMicroelectronics.X-CUBE-AZRTOS-G0.1.1.0
2023-11-30 14:41:58,643 [WARN] PackLoader:240 - Cannot read IP mode file for STMicroelectronics.X-CUBE-NFC4.3.0.0
2023-11-30 14:41:58,652 [WARN] PackLoader:240 - Cannot read IP mode file for STMicroelectronics.X-CUBE-BLEMGR.3.0.0
2023-11-30 14:41:58,657 [WARN] PackLoader:240 - Cannot read IP mode file for STMicroelectronics.FP-ATR-SIGFOX1.3.2.0
2023-11-30 14:41:58,662 [WARN] PackLoader:240 - Cannot read IP mode file for STMicroelectronics.X-CUBE-GNSS1.6.0.0
2023-11-30 14:41:58,682 [WARN] PackLoader:240 - Cannot read IP mode file for STMicroelectronics.X-CUBE-AZRTOS-F4.1.1.0
2023-11-30 14:41:58,687 [WARN] PackLoader:240 - Cannot read IP mode file for wolfSSL.I-CUBE-wolfSSL.5.6.3
2023-11-30 14:41:58,698 [WARN] PackLoader:240 - Cannot read IP mode file for STMicroelectronics.X-CUBE-AZRTOS-L5.2.0.0
2023-11-30 14:41:58,704 [WARN] PackLoader:240 - Cannot read IP mode file for STMicroelectronics.X-CUBE-EEPRMA1.4.2.0
2023-11-30 14:41:58,709 [WARN] PackLoader:240 - Cannot read IP mode file for ITTIA_DB.I-CUBE-ITTIADB.8.8.0
2023-11-30 14:41:58,716 [WARN] PackLoader:240 - Cannot read IP mode file for STMicroelectronics.X-CUBE-BLEMGR.2.0.0
2023-11-30 14:41:58,736 [WARN] ConditionMgr:438 - getConditionDescription Invalid condition id : UX DEVICE CLASS RTOS Condition cause : null
2023-11-30 14:41:58,737 [WARN] ConditionMgr:438 - getConditionDescription Invalid condition id : UX DEVICE CLASS RTOS Condition cause : null
2023-11-30 14:41:58,740 [WARN] PackLoader:240 - Cannot read IP mode file for STMicroelectronics.X-CUBE-AZRTOS-H7.3.1.0
2023-11-30 14:41:58,741 [WARN] ConditionMgr:1039 - genDependencies : Invalid condition id : UX DEVICE CLASS RTOS Condition cause : null
2023-11-30 14:41:58,741 [WARN] ConditionMgr:1039 - genDependencies : Invalid condition id : UX DEVICE CLASS RTOS Condition cause : null
2023-11-30 14:41:58,742 [WARN] ConditionMgr:1039 - genDependencies : Invalid condition id : UX DEVICE CLASS RTOS Condition cause : null
2023-11-30 14:41:58,743 [WARN] ConditionMgr:1039 - genDependencies : Invalid condition id : UX DEVICE CLASS RTOS Condition cause : null
2023-11-30 14:41:58,743 [WARN] ConditionMgr:1039 - genDependencies : Invalid condition id : UX DEVICE CLASS RTOS Condition cause : null
2023-11-30 14:41:58,749 [WARN] PackLoader:240 - Cannot read IP mode file for STMicroelectronics.X-CUBE-NFC7.1.0.1
2023-11-30 14:41:58,763 [WARN] PackLoader:240 - Cannot read IP mode file for STMicroelectronics.X-CUBE-NFC6.3.0.0
2023-11-30 14:41:58,768 [WARN] PackLoader:240 - Cannot read IP mode file for STMicroelectronics.X-CUBE-AI.8.1.0
2023-11-30 14:41:58,828 [WARN] ConditionMgr:438 - getConditionDescription Invalid condition id : LAN8742 Phy interface Condition cause : null
2023-11-30 14:41:58,829 [WARN] PackLoader:240 - Cannot read IP mode file for STMicroelectronics.X-CUBE-AZRTOS-L4.2.0.0
2023-11-30 14:41:58,835 [WARN] ConditionMgr:1039 - genDependencies : Invalid condition id : LAN8742 Phy interface Condition cause : null
2023-11-30 14:41:58,835 [WARN] ConditionMgr:1039 - genDependencies : Invalid condition id : LAN8742 Phy interface Condition cause : null
2023-11-30 14:41:58,836 [WARN] ConditionMgr:1039 - genDependencies : Invalid condition id : LAN8742 Phy interface Condition cause : null
2023-11-30 14:41:58,843 [WARN] PackLoader:240 - Cannot read IP mode file for STMicroelectronics.X-CUBE-SFXS2LP1.4.0.0
2023-11-30 14:41:58,848 [WARN] PackLoader:240 - Cannot read IP mode file for STMicroelectronics.X-CUBE-ISPU.1.1.0
2023-11-30 14:41:58,858 [WARN] ConditionMgr:438 - getConditionDescription Invalid condition id : UX DEVICE CLASS RTOS Condition cause : null
2023-11-30 14:41:58,858 [WARN] ConditionMgr:438 - getConditionDescription Invalid condition id : UX DEVICE CLASS RTOS Condition cause : null
2023-11-30 14:41:58,860 [WARN] PackLoader:240 - Cannot read IP mode file for STMicroelectronics.X-CUBE-AZRTOS-WB.2.0.0
2023-11-30 14:41:58,861 [WARN] ConditionMgr:1039 - genDependencies : Invalid condition id : UX DEVICE CLASS RTOS Condition cause : null
2023-11-30 14:41:58,861 [WARN] ConditionMgr:1039 - genDependencies : Invalid condition id : UX DEVICE CLASS RTOS Condition cause : null
2023-11-30 14:41:58,861 [WARN] ConditionMgr:1039 - genDependencies : Invalid condition id : UX DEVICE CLASS RTOS Condition cause : null
2023-11-30 14:41:58,862 [WARN] ConditionMgr:1039 - genDependencies : Invalid condition id : UX DEVICE CLASS RTOS Condition cause : null
2023-11-30 14:41:58,862 [WARN] ConditionMgr:1039 - genDependencies : Invalid condition id : UX DEVICE CLASS RTOS Condition cause : null
2023-11-30 14:41:58,870 [WARN] PackLoader:240 - Cannot read IP mode file for STMicroelectronics.X-CUBE-SUBG2.5.0.0
2023-11-30 14:41:58,883 [WARN] PackLoader:240 - Cannot read IP mode file for STMicroelectronics.X-CUBE-TOF1.3.3.1
2023-11-30 14:41:58,954 [WARN] PackLoader:240 - Cannot read IP mode file for STMicroelectronics.X-CUBE-AZRTOS-G4.2.0.0
2023-11-30 14:41:58,963 [WARN] PackLoader:240 - Cannot read IP mode file for Infineon.AIROC-Wi-Fi-Bluetooth-STM32.1.5.1
2023-11-30 14:41:58,967 [WARN] PackLoader:240 - Cannot read IP mode file for STMicroelectronics.FP-SNS-MOTENVWB1.1.3.0
2023-11-30 14:41:59,010 [WARN] PackLoader:240 - Cannot read IP mode file for STMicroelectronics.X-CUBE-MEMS1.10.0.0
2023-11-30 14:41:59,150 [WARN] PackLoader:240 - Cannot read IP mode file for STMicroelectronics.X-CUBE-FREERTOS.1.1.0
2023-11-30 14:41:59,155 [WARN] PackLoader:240 - Cannot read IP mode file for portGmbH.I-Cube-SoM-uGOAL.1.1.0
2023-11-30 14:41:59,158 [WARN] PackLoader:240 - Cannot read IP mode file for STMicroelectronics.X-CUBE-ALS.1.0.1
2023-11-30 14:41:59,161 [WARN] PackLoader:240 - Cannot read IP mode file for STMicroelectronics.FP-ATR-ASTRA1.2.0.0
2023-11-30 14:41:59,167 [WARN] PackLoader:240 - Cannot read IP mode file for STMicroelectronics.X-CUBE-TOF1.3.4.0
2023-11-30 14:41:59,173 [INFO] ThirdParty:978 - Integrity check success = true
2023-11-30 14:41:59,173 [INFO] IntegrityCheckThread:100 - exiting critical section [integrity check]
2023-11-30 14:41:59,173 [INFO] IntegrityCheckThread:103 - End integrity checks thread
2023-11-30 14:42:17,477 [ERROR] LogOutputStream:75 - [STDERR_REDIRECT] SLF4J: Failed to load class "org.slf4j.impl.StaticLoggerBinder".
2023-11-30 14:42:17,477 [ERROR] LogOutputStream:75 - [STDERR_REDIRECT] SLF4J: Defaulting to no-operation (NOP) logger implementation
2023-11-30 14:42:17,478 [ERROR] LogOutputStream:75 - [STDERR_REDIRECT] SLF4J: See http://www.slf4j.org/codes.html#StaticLoggerBinder for further details.
2023-11-30 17:24:38,669 [INFO] McuFinderGlobals:63 - Set McuFinder mode to 2 (CubeIDE integrated)
2023-11-30 17:24:38,674 [INFO] MainUpdater:2868 - connection check result : 10
2023-11-30 17:24:38,675 [INFO] MainUpdater:2868 - connection check result : 10
2023-11-30 17:24:38,711 [INFO] MicroXplorer:468 - Change Database Path : 
2023-11-30 17:24:38,712 [INFO] MicroXplorer:498 - Change Database Version : DB.6.0.92
2023-11-30 17:24:38,716 [WARN] ThirdParty:871 - waiting for thirdparty lock release [close project]
2023-11-30 17:24:38,716 [INFO] ThirdParty:873 - entering critical section [close project]
2023-11-30 17:24:38,719 [INFO] ThirdParty:883 - exiting critical section [close project]
2023-11-30 17:24:38,722 [INFO] PinOutPanel:1499 - setPackage(No Configuration,No Configuration)
2023-11-30 17:24:38,734 [INFO] UtilMem:75 - Begin LoadConfig() Used Memory: 343841448 Bytes (503316480)
2023-11-30 17:24:38,735 [INFO] MicroXplorer:468 - Change Database Path : 
2023-11-30 17:24:38,736 [INFO] MicroXplorer:498 - Change Database Version : DB.6.0.92
2023-11-30 17:24:38,736 [INFO] OpenFileManager:308 - Change cursor
2023-11-30 17:24:38,774 [INFO] Mcu:1946 - Initializing MCU STM32F401R(D-E)Tx STM32F401RETx STM32F401RET6
2023-11-30 17:24:39,660 [INFO] Context:659 - Trying to add GPIOservice into a context  which must be forbidden
2023-11-30 17:24:40,085 [INFO] RtosManager:555 - Registered RTOS mode: class=CMSIS, group=RTOS, mode=CMSIS_V1, owner=FREERTOS
2023-11-30 17:24:40,085 [INFO] RtosManager:555 - Registered RTOS mode: class=CMSIS, group=RTOS2, mode=CMSIS_V2, owner=FREERTOS
2023-11-30 17:24:40,086 [INFO] RtosManager:555 - Registered RTOS mode: class=RTOS, group=Core, mode=CMSIS_V1, owner=FREERTOS
2023-11-30 17:24:40,086 [INFO] RtosManager:555 - Registered RTOS mode: class=RTOS, group=Core, mode=CMSIS_V2, owner=FREERTOS
2023-11-30 17:24:40,086 [WARN] ModelIntegratedComponent:184 - Missing modes for component STMicroelectronics:FreeRTOS:0.0.1:STMicroelectronics:RTOS:FreeRTOS:Core:::10.2.0:
2023-11-30 17:24:40,111 [WARN] ModelIntegratedComponent:63 - No mode defined for component null
2023-11-30 17:24:40,111 [WARN] ModelIntegratedComponent:63 - No mode defined for component null
2023-11-30 17:24:40,111 [WARN] ModelIntegratedComponent:63 - No mode defined for component null
2023-11-30 17:24:40,111 [WARN] ModelIntegratedComponent:63 - No mode defined for component null
2023-11-30 17:24:40,112 [WARN] ModelIntegratedComponent:63 - No mode defined for component null
2023-11-30 17:24:40,112 [WARN] ModelIntegratedComponent:63 - No mode defined for component null
2023-11-30 17:24:40,112 [WARN] ModelIntegratedComponent:63 - No mode defined for component null
2023-11-30 17:24:40,112 [WARN] ModelIntegratedComponent:63 - No mode defined for component null
2023-11-30 17:24:40,112 [WARN] ModelIntegratedComponent:63 - No mode defined for component null
2023-11-30 17:24:40,112 [WARN] ModelIntegratedComponent:63 - No mode defined for component null
2023-11-30 17:24:40,112 [WARN] ModelIntegratedComponent:63 - No mode defined for component null
2023-11-30 17:24:40,112 [WARN] ModelIntegratedComponent:63 - No mode defined for component null
2023-11-30 17:24:40,112 [WARN] ModelIntegratedComponent:63 - No mode defined for component null
2023-11-30 17:24:40,112 [WARN] ModelIntegratedComponent:63 - No mode defined for component null
2023-11-30 17:24:40,112 [WARN] ModelIntegratedComponent:63 - No mode defined for component null
2023-11-30 17:24:40,112 [WARN] ModelIntegratedComponent:63 - No mode defined for component null
2023-11-30 17:24:40,112 [WARN] ModelIntegratedComponent:63 - No mode defined for component null
2023-11-30 17:24:40,112 [WARN] ModelIntegratedComponent:63 - No mode defined for component null
2023-11-30 17:24:40,112 [WARN] ModelIntegratedComponent:63 - No mode defined for component null
2023-11-30 17:24:40,112 [WARN] ModelIntegratedComponent:63 - No mode defined for component null
2023-11-30 17:24:40,113 [WARN] ModelIntegratedComponent:63 - No mode defined for component null
2023-11-30 17:24:40,113 [WARN] ModelIntegratedComponent:63 - No mode defined for component null
2023-11-30 17:24:40,113 [WARN] ModelIntegratedComponent:63 - No mode defined for component null
2023-11-30 17:24:40,113 [WARN] ModelIntegratedComponent:63 - No mode defined for component null
2023-11-30 17:24:40,113 [WARN] ModelIntegratedComponent:63 - No mode defined for component null
2023-11-30 17:24:40,113 [WARN] ModelIntegratedComponent:63 - No mode defined for component null
2023-11-30 17:24:40,113 [WARN] ModelIntegratedComponent:63 - No mode defined for component null
2023-11-30 17:24:40,113 [WARN] ModelIntegratedComponent:63 - No mode defined for component null
2023-11-30 17:24:40,113 [WARN] ModelIntegratedComponent:63 - No mode defined for component null
2023-11-30 17:24:40,113 [WARN] ModelIntegratedComponent:63 - No mode defined for component null
2023-11-30 17:24:40,113 [WARN] ModelIntegratedComponent:63 - No mode defined for component null
2023-11-30 17:24:40,113 [WARN] ModelIntegratedComponent:63 - No mode defined for component null
2023-11-30 17:24:40,113 [WARN] ModelIntegratedComponent:63 - No mode defined for component null
2023-11-30 17:24:40,227 [INFO] ThirdPartyModel:298 - Start build external matchings
2023-11-30 17:24:40,538 [INFO] ThirdPartyModel:316 - End build external matchings
2023-11-30 17:24:40,552 [WARN] IP:2114 - I2C_Coeff_DF not found: check if there is a RefParameter without a condition.
2023-11-30 17:24:40,552 [WARN] IP:2114 - Analog_Filter not found: check if there is a RefParameter without a condition.
2023-11-30 17:24:40,553 [INFO] ImportTextPane:194 - (OptionalMessage_ERROR) IP (RCC) : Parameter (RTCHSEDivFreq_Value) has invalid value (4000000)
2023-11-30 17:24:40,742 [INFO] UtilMem:75 - End LoadConfig() Used Memory: 294335408 Bytes (503316480)
2023-11-30 17:24:40,874 [INFO] ApiDb:581 - Connected to CubeFinder SQLite database (/home/adam/.stmcufinder/plugins/mcufinder/mcu/cube-finder-db.db)
2023-11-30 17:24:40,935 [INFO] ApiDb:668 - CubeFinder database Data Model version=2.1
2023-11-30 17:24:40,935 [INFO] ApiDb:669 - CubeFinder database Configuration version=3.0.39
2023-11-30 17:24:40,937 [INFO] ApiDb:670 - CubeFinder database generation date=2023-11-06 (1699269565)
2023-11-30 17:24:40,938 [INFO] ApiDb:671 - CubeFinder database FW Pack versions=[FP-ATR-ASTRA1_V2.0.0, FP-SNS-FLIGHT1_V5.0.1, FP-SNS-FLIGHT1_V5.0.2, FP-SNS-MOTENV1_V4.3.1, FP-SNS-MOTENV1_V4.3.2, FP-SNS-MOTENVWB1_V1.3.0, FP-SNS-SMARTAG2_V1.2.0, STM32Cube_FW_C0_V1.1.0, STM32Cube_FW_F4_V1.28.0, STM32Cube_FW_F7_V1.17.0, STM32Cube_FW_G0_V1.6.1, STM32Cube_FW_G4_V1.5.1, STM32Cube_FW_H5_V0.5.1, STM32Cube_FW_H5_V1.1.1, STM32Cube_FW_H5_V1.2.0RC2, STM32Cube_FW_H7_V1.11.0, STM32Cube_FW_L0_V1.12.2, STM32Cube_FW_L5_V1.5.0, STM32Cube_FW_U5_V1.3.0RC4, STM32Cube_FW_U5_V1.4.0, STM32Cube_FW_WBA_V1.0.0RC1, STM32Cube_FW_WBA_V1.1.0RC1, STM32Cube_FW_WBA_V1.2.0, STM32Cube_FW_WBA_V1.2.0RC2, STM32Cube_FW_WB_V1.15.0RC1, STM32Cube_FW_WB_V1.16.0, STM32Cube_FW_WB_V1.16.0RC2, STM32Cube_FW_WB_V1.18.0, STM32Cube_FW_WL_V1.3.0, X-CUBE-ALGOBUILD_V1.3.0, X-CUBE-ALS_V1.0.1, X-CUBE-AZRTOS-F4_V1.1.0, X-CUBE-AZRTOS-F7_V1.1.0, X-CUBE-AZRTOS-G0_V1.1.0, X-CUBE-AZRTOS-G4_V2.0.0, X-CUBE-AZRTOS-H7_V3.1.0, X-CUBE-AZRTOS-L4_V1.0.0, X-CUBE-AZRTOS-L4_V2.0.0, X-CUBE-AZRTOS-L5_V1.1.0, X-CUBE-AZRTOS-WB_V2.0.0, X-CUBE-AZRTOS-WL_V2.0.0, X-CUBE-BLE1_V7.0.0, X-CUBE-BLE2_V3.3.0, X-CUBE-BLEMGR_V2.0.0, X-CUBE-EEPRMA1_V4.1.0, X-CUBE-EEPRMA1_V4.2.0, X-CUBE-FREERTOS_V1.1.0, X-CUBE-GNSS1_V6.0.0, X-CUBE-MEMS1_V10.0.0, X-CUBE-MEMS1_V9.1.0, X-CUBE-MEMS1_V9.4.0, X-CUBE-MEMS1_V9.6.0, X-CUBE-NFC4_V3.0.0, X-CUBE-NFC7_V1.0.1, X-CUBE-SFXS2LP1_V4.0.0, X-CUBE-SUBG2_V5.0.0, X-CUBE-TOF1_V3.3.1]
2023-11-30 17:24:42,920 [INFO] ApiDb:240 - Found 323 in-development CPN: [B-G473E-ZEST1S, B-WB1M-WPAN1, B-WL5M-SUBG1, NUCLEO-C031C6, NUCLEO-H503RB, NUCLEO-H563ZI, NUCLEO-U545RE-Q, NUCLEO-U5A5ZJ-Q, NUCLEO-WBA52CG, STEVAL-PROTEUS1, STEVAL-SMARTAG2, STEVAL-STWINBX1, STM320518-EVAL, STM32C0116-DK, STM32C011D6Y3TR, STM32C011D6Y6TR, STM32C011F4P3, STM32C011F4P6, STM32C011F4U3, STM32C011F4U6TR, STM32C011F6P3, STM32C011F6P6, STM32C011F6U3, STM32C011F6U6TR, STM32C011J4M3, STM32C011J4M6, STM32C011J6M3, STM32C011J6M6, STM32C0316-DK, STM32C031C4T3, STM32C031C4T6, STM32C031C4U3, STM32C031C4U6, STM32C031C6T3, STM32C031C6T6, STM32C031C6U3, STM32C031C6U6, STM32C031F4P3, STM32C031F4P6, STM32C031F6P3, STM32C031F6P6, STM32C031G4U3, STM32C031G4U6, STM32C031G6U3, STM32C031G6U6, STM32C031K4T3, STM32C031K4T6, STM32C031K4U3, STM32C031K4U6, STM32C031K6T3, STM32C031K6T6, STM32C031K6U3, STM32C031K6U6, STM32G071K8TXN, STM32G071K8UXN, STM32G081GBU6N, STM32G081KBT6N, STM32G081KBUXN, STM32G0B1CCT6N, STM32G0B1KCT6, STM32G0B1NEY6TR, STM32G0B1RCT6N, STM32G0C1CCT6, STM32G0C1CCT6N, STM32G0C1CCU6N, STM32G0C1CET6N, STM32G0C1CEU6N, STM32G0C1KCT6, STM32G0C1NEY6TR, STM32G0C1RCI6N, STM32G0C1RCT6N, STM32G0C1REI6N, STM32G0C1RET6N, STM32G0C1VCI6, STM32G0C1VEI6, STM32G471CCT6, STM32G471CCU6, STM32G471CET3, STM32G471CET6, STM32G471CEU3, STM32G471CEU6, STM32G471MCT6, STM32G471MET3, STM32G471MET6, STM32G471MEY6TR, STM32G471QCT6, STM32G471QET3, STM32G471RCT6, STM32G471RET3, STM32G471RET6, STM32G471VCH6, STM32G471VCI6, STM32G471VCT6, STM32G471VEH3, STM32G471VEH6, STM32G471VEI3, STM32G471VEI6, STM32G471VET3, STM32G471VET6, STM32G474CCT6, STM32H503CBT6, STM32H503CBU6, STM32H503EBY6TR, STM32H503KBU6, STM32H503RBT6, STM32H562AGI6, STM32H562AII6, STM32H562IGK6, STM32H562IGT6, STM32H562IIK6, STM32H562IIT6, STM32H562RGT6, STM32H562RGV6, STM32H562RIT6, STM32H562RIV6, STM32H562VGT6, STM32H562VIT6, STM32H562ZGT6, STM32H562ZIT6, STM32H563AGI6, STM32H563AII3Q, STM32H563AII6, STM32H563IGK6, STM32H563IGT6, STM32H563IIK3Q, STM32H563IIK6, STM32H563IIT3Q, STM32H563IIT6, STM32H563MIY3QTR, STM32H563RGT6, STM32H563RGV6, STM32H563RIT6, STM32H563RIV6, STM32H563VGT6, STM32H563VIT3Q, STM32H563VIT6, STM32H563ZGT6, STM32H563ZIT3Q, STM32H563ZIT6, STM32H573AII3Q, STM32H573AII6, STM32H573I-DK, STM32H573IIK3Q, STM32H573IIK6, STM32H573IIT3Q, STM32H573IIT6, STM32H573MIY3QTR, STM32H573RIT6, STM32H573RIV6, STM32H573VIT3Q, STM32H573VIT6, STM32H573ZIT3Q, STM32H573ZIT6, STM32L4R5QGI6STR, STM32MP131AAE3, STM32MP131AAF3, STM32MP131AAG3, STM32MP131CAE3, STM32MP131CAF3, STM32MP131CAG3, STM32MP131DAE7, STM32MP131DAF7, STM32MP131DAG7, STM32MP131FAE7, STM32MP131FAF7, STM32MP131FAG7, STM32MP133AAE3, STM32MP133AAF3, STM32MP133AAG3, STM32MP133CAE3, STM32MP133CAF3, STM32MP133CAG3, STM32MP133DAE7, STM32MP133DAF7, STM32MP133DAG7, STM32MP133FAE7, STM32MP133FAF7, STM32MP133FAG7, STM32MP135AAE3, STM32MP135AAF3, STM32MP135AAG3, STM32MP135CAE3, STM32MP135CAF3, STM32MP135CAG3, STM32MP135DAE7, STM32MP135DAF7, STM32MP135DAG7, STM32MP135F-DK, STM32MP135FAE7, STM32MP135FAF7, STM32MP135FAF7T, STM32MP135FAF7U, STM32MP135FAG7, STM32U535CBT6, STM32U535CBT6Q, STM32U535CBU6, STM32U535CBU6Q, STM32U535CCT6, STM32U535CCT6Q, STM32U535CCU6, STM32U535CCU6Q, STM32U535CET6, STM32U535CET6Q, STM32U535CEU6, STM32U535CEU6Q, STM32U535JEY6QTR, STM32U535NCY6QTR, STM32U535NEY6QTR, STM32U535RBI6, STM32U535RBI6Q, STM32U535RBT6, STM32U535RBT6Q, STM32U535RCI6, STM32U535RCI6Q, STM32U535RCT6, STM32U535RCT6Q, STM32U535REI6, STM32U535REI6Q, STM32U535RET6, STM32U535RET6Q, STM32U535VCI6, STM32U535VCI6Q, STM32U535VCT6, STM32U535VCT6Q, STM32U535VEI6, STM32U535VEI6Q, STM32U535VET6, STM32U535VET6Q, STM32U545CET6, STM32U545CET6Q, STM32U545CEU6, STM32U545CEU6Q, STM32U545JEY6QTR, STM32U545NEY6QTR, STM32U545REI6, STM32U545REI6Q, STM32U545RET6, STM32U545RET6Q, STM32U545VEI6, STM32U545VEI6Q, STM32U545VET6, STM32U545VET6Q, STM32U595AIH6, STM32U595AIH6Q, STM32U595AJH6, STM32U595AJH6Q, STM32U595QII6, STM32U595QII6Q, STM32U595QJI6, STM32U595QJI6Q, STM32U595RIT6, STM32U595RIT6Q, STM32U595RJT6, STM32U595RJT6Q, STM32U595VIT6, STM32U595VIT6Q, STM32U595VJT6, STM32U595VJT6Q, STM32U595ZIT6, STM32U595ZIT6Q, STM32U595ZIY6QTR, STM32U595ZJT6, STM32U595ZJT6Q, STM32U595ZJY6QTR, STM32U599BJY6QTR, STM32U599NIH6Q, STM32U599NJH6Q, STM32U599VIT6Q, STM32U599VJT6, STM32U599VJT6Q, STM32U599ZIT6Q, STM32U599ZIY6QTR, STM32U599ZJT6Q, STM32U599ZJY6QTR, STM32U5A5AJH6, STM32U5A5AJH6Q, STM32U5A5QJI6, STM32U5A5QJI6Q, STM32U5A5RJT6, STM32U5A5RJT6Q, STM32U5A5VJT6, STM32U5A5VJT6Q, STM32U5A5ZJT6, STM32U5A5ZJT6Q, STM32U5A5ZJY6QTR, STM32U5A9BJY6QTR, STM32U5A9J-DK, STM32U5A9NJH6Q, STM32U5A9VJT6Q, STM32U5A9ZJT6Q, STM32U5A9ZJY6QTR, STM32U5F7VIT6, STM32U5F7VIT6Q, STM32U5F7VJT6, STM32U5F7VJT6Q, STM32U5F9BJY6QTR, STM32U5F9NJH6Q, STM32U5F9VIT6Q, STM32U5F9VJT6Q, STM32U5F9ZIJ6QTR, STM32U5F9ZIT6Q, STM32U5F9ZJJ6QTR, STM32U5F9ZJT6Q, STM32U5G7VJT6, STM32U5G7VJT6Q, STM32U5G9BJY6QTR, STM32U5G9J-DK1, STM32U5G9J-DK2, STM32U5G9NJH6Q, STM32U5G9VJT6Q, STM32U5G9ZJJ6QTR, STM32U5G9ZJT6Q, STM32WB1MMCH6, STM32WBA52CEU6, STM32WBA52CEU6T, STM32WBA52CGU6, STM32WBA52CGU6T, STM32WBA52KEU6, STM32WBA52KEU6T, STM32WBA52KGU6, STM32WBA52KGU6T, STM32WL5MOCH6, STM32WL5MOCH6TR]
2023-11-30 17:24:42,924 [INFO] DbMcus:217 - Found 3882 MCUs, 3882 are supported
2023-11-30 17:24:42,925 [INFO] ApiDb:423 - Load user favorites file /home/adam/.stm32cubeide/favorites.mcus.txt: 0 item(s)
2023-11-30 17:24:42,925 [INFO] ApiDb:427 - User favorites MCUs=[]
2023-11-30 17:24:42,925 [INFO] DbMcus:223 - Set 0 / 0 favorites MCUs
2023-11-30 17:24:43,247 [WARN] ThirdParty:833 - waiting for thirdparty lock release [change project]
2023-11-30 17:24:43,247 [INFO] ThirdParty:835 - entering critical section [change project]
2023-11-30 17:24:43,247 [INFO] ThirdParty:1030 - CMSIS Pack Vendor :STMicroelectronics X-CUBE-ISPU 1.1.0
2023-11-30 17:24:43,248 [INFO] ThirdParty:1030 - CMSIS Pack Vendor :STMicroelectronics USBPD 4.1
2023-11-30 17:24:43,248 [INFO] ThirdParty:1030 - CMSIS Pack Vendor :STMicroelectronics X-CUBE-GNSS1 6.0.0
2023-11-30 17:24:43,248 [INFO] ThirdParty:1030 - CMSIS Pack Vendor :STMicroelectronics USB_HOST 2.0.0
2023-11-30 17:24:43,248 [INFO] ThirdParty:1030 - CMSIS Pack Vendor :STMicroelectronics X-CUBE-AZRTOS-F4 1.1.0
2023-11-30 17:24:43,248 [INFO] ThirdParty:1030 - CMSIS Pack Vendor :STMicroelectronics LIBJPEG 8.0.0
2023-11-30 17:24:43,248 [INFO] ThirdParty:1030 - CMSIS Pack Vendor :wolfSSL I-CUBE-wolfSSL 5.6.3
2023-11-30 17:24:43,248 [INFO] ThirdParty:1030 - CMSIS Pack Vendor :STMicroelectronics X-CUBE-SMBUS 2.1.0
2023-11-30 17:24:43,248 [INFO] ThirdParty:1030 - CMSIS Pack Vendor :STMicroelectronics USB_DEVICE 3.0.0
2023-11-30 17:24:43,248 [INFO] ThirdParty:1030 - CMSIS Pack Vendor :STMicroelectronics X-CUBE-AZRTOS-WB 2.0.0
2023-11-30 17:24:43,248 [INFO] ThirdParty:1030 - CMSIS Pack Vendor :STMicroelectronics X-CUBE-AZRTOS-F7 1.1.0
2023-11-30 17:24:43,248 [INFO] ThirdParty:1030 - CMSIS Pack Vendor :STMicroelectronics X-CUBE-AZRTOS-L5 2.0.0
2023-11-30 17:24:43,248 [INFO] ThirdParty:1030 - CMSIS Pack Vendor :STMicroelectronics USB_DEVICE 2.0.0
2023-11-30 17:24:43,248 [INFO] ThirdParty:1030 - CMSIS Pack Vendor :STMicroelectronics X-CUBE-AI 7.3.0
2023-11-30 17:24:43,248 [INFO] ThirdParty:1030 - CMSIS Pack Vendor :STMicroelectronics X-CUBE-EEPRMA1 4.2.0
2023-11-30 17:24:43,248 [INFO] ThirdParty:1030 - CMSIS Pack Vendor :ITTIA_DB I-CUBE-ITTIADB 8.8.0
2023-11-30 17:24:43,248 [INFO] ThirdParty:1030 - CMSIS Pack Vendor :STMicroelectronics FP-SNS-MOTENV1 4.3.2
2023-11-30 17:24:43,248 [INFO] ThirdParty:1030 - CMSIS Pack Vendor :STMicroelectronics X-CUBE-ALGOBUILD 1.3.0
2023-11-30 17:24:43,248 [INFO] ThirdParty:1030 - CMSIS Pack Vendor :STMicroelectronics FreeRTOS 0.0.1
2023-11-30 17:24:43,248 [INFO] ThirdParty:1030 - CMSIS Pack Vendor :STMicroelectronics X-CUBE-AZRTOS-G0 1.1.0
2023-11-30 17:24:43,248 [INFO] ThirdParty:1030 - CMSIS Pack Vendor :STMicroelectronics X-CUBE-BLEMGR 2.0.0
2023-11-30 17:24:43,248 [INFO] ThirdParty:1030 - CMSIS Pack Vendor :STMicroelectronics X-CUBE-NFC4 3.0.0
2023-11-30 17:24:43,248 [INFO] ThirdParty:1030 - CMSIS Pack Vendor :STMicroelectronics X-CUBE-SUBG2 5.0.0
2023-11-30 17:24:43,248 [INFO] ThirdParty:1030 - CMSIS Pack Vendor :STMicroelectronics STM32_WPAN 1.0.0
2023-11-30 17:24:43,248 [INFO] ThirdParty:1030 - CMSIS Pack Vendor :STMicroelectronics lwIP 2.0.3
2023-11-30 17:24:43,249 [INFO] ThirdParty:1030 - CMSIS Pack Vendor :STMicroelectronics FP-SNS-FLIGHT1 5.0.2
2023-11-30 17:24:43,249 [INFO] ThirdParty:1030 - CMSIS Pack Vendor :STMicroelectronics USB_HOST 1.0.0
2023-11-30 17:24:43,249 [INFO] ThirdParty:1030 - CMSIS Pack Vendor :STMicroelectronics X-CUBE-TOF1 3.3.1
2023-11-30 17:24:43,249 [INFO] ThirdParty:1030 - CMSIS Pack Vendor :STMicroelectronics X-CUBE-AZRTOS-G4 2.0.0
2023-11-30 17:24:43,249 [INFO] ThirdParty:1030 - CMSIS Pack Vendor :STMicroelectronics PDM2PCM 3.1.0
2023-11-30 17:24:43,249 [INFO] ThirdParty:1030 - CMSIS Pack Vendor :STMicroelectronics X-CUBE-AZRTOS-H7 3.1.0
2023-11-30 17:24:43,249 [INFO] ThirdParty:1030 - CMSIS Pack Vendor :Infineon AIROC-Wi-Fi-Bluetooth-STM32 1.5.1
2023-11-30 17:24:43,249 [INFO] ThirdParty:1030 - CMSIS Pack Vendor :STMicroelectronics X-CUBE-BLEMGR 3.0.0
2023-11-30 17:24:43,249 [INFO] ThirdParty:1030 - CMSIS Pack Vendor :STMicroelectronics PDM2PCM 3.3.0
2023-11-30 17:24:43,249 [INFO] ThirdParty:1030 - CMSIS Pack Vendor :STMicroelectronics X-CUBE-DISPLAY 3.0.0
2023-11-30 17:24:43,249 [INFO] ThirdParty:1030 - CMSIS Pack Vendor :STMicroelectronics FP-SNS-MOTENVWB1 1.3.0
2023-11-30 17:24:43,249 [INFO] ThirdParty:1030 - CMSIS Pack Vendor :STMicroelectronics X-CUBE-BLE1 7.0.0
2023-11-30 17:24:43,249 [INFO] ThirdParty:1030 - CMSIS Pack Vendor :STMicroelectronics FP-ATR-SIGFOX1 3.2.0
2023-11-30 17:24:43,249 [INFO] ThirdParty:1030 - CMSIS Pack Vendor :STMicroelectronics HAL Drivers 0.0.0
2023-11-30 17:24:43,249 [INFO] ThirdParty:1030 - CMSIS Pack Vendor :STMicroelectronics MBEDTLS 2.16.2
2023-11-30 17:24:43,249 [INFO] ThirdParty:1030 - CMSIS Pack Vendor :emotas I-CUBE-CANOPEN 1.3.0
2023-11-30 17:24:43,249 [INFO] ThirdParty:1030 - CMSIS Pack Vendor :STMicroelectronics X-CUBE-MEMS1 10.0.0
2023-11-30 17:24:43,249 [INFO] ThirdParty:1030 - CMSIS Pack Vendor :STMicroelectronics X-CUBE-FREERTOS 1.1.0
2023-11-30 17:24:43,249 [INFO] ThirdParty:1030 - CMSIS Pack Vendor :STMicroelectronics X-CUBE-NFC7 1.0.1
2023-11-30 17:24:43,249 [INFO] ThirdParty:1030 - CMSIS Pack Vendor :STMicroelectronics MBEDTLS 2.14.1
2023-11-30 17:24:43,249 [INFO] ThirdParty:1030 - CMSIS Pack Vendor :STMicroelectronics X-CUBE-TOUCHGFX 4.22.1
2023-11-30 17:24:43,249 [INFO] ThirdParty:1030 - CMSIS Pack Vendor :STMicroelectronics X-CUBE-NFC6 3.0.0
2023-11-30 17:24:43,249 [INFO] ThirdParty:1030 - CMSIS Pack Vendor :portGmbH I-Cube-SoM-uGOAL 1.1.0
2023-11-30 17:24:43,249 [INFO] ThirdParty:1030 - CMSIS Pack Vendor :STMicroelectronics X-CUBE-ALS 1.0.1
2023-11-30 17:24:43,249 [INFO] ThirdParty:1030 - CMSIS Pack Vendor :STMicroelectronics ThreadX 1.0.0
2023-11-30 17:24:43,250 [INFO] ThirdParty:1030 - CMSIS Pack Vendor :STMicroelectronics FP-SNS-SMARTAG2 1.2.0
2023-11-30 17:24:43,250 [INFO] ThirdParty:1030 - CMSIS Pack Vendor :STMicroelectronics X-CUBE-AZRTOS-WL 2.0.0
2023-11-30 17:24:43,250 [INFO] ThirdParty:1030 - CMSIS Pack Vendor :STMicroelectronics USB_DEVICE 1.0.0
2023-11-30 17:24:43,250 [INFO] ThirdParty:1030 - CMSIS Pack Vendor :STMicroelectronics X-CUBE-AI 8.1.0
2023-11-30 17:24:43,250 [INFO] ThirdParty:1030 - CMSIS Pack Vendor :STMicroelectronics X-CUBE-AZRTOS-L4 2.0.0
2023-11-30 17:24:43,250 [INFO] ThirdParty:1030 - CMSIS Pack Vendor :STMicroelectronics ThreadX 0.0.2
2023-11-30 17:24:43,250 [INFO] ThirdParty:1030 - CMSIS Pack Vendor :WES I-CUBE-Cesium 1.3.0
2023-11-30 17:24:43,250 [INFO] ThirdParty:1030 - CMSIS Pack Vendor :STMicroelectronics FP-ATR-ASTRA1 2.0.0
2023-11-30 17:24:43,250 [INFO] ThirdParty:1030 - CMSIS Pack Vendor :STMicroelectronics lwIP 2.1.2
2023-11-30 17:24:43,250 [INFO] ThirdParty:1030 - CMSIS Pack Vendor :STMicroelectronics X-CUBE-SFXS2LP1 4.0.0
2023-11-30 17:24:43,250 [INFO] ThirdParty:1030 - CMSIS Pack Vendor :STMicroelectronics X-CUBE-BLE2 3.3.0
2023-11-30 17:24:43,250 [INFO] ThirdParty:1030 - CMSIS Pack Vendor :STMicroelectronics X-CUBE-TOF1 3.4.0
2023-11-30 17:24:43,250 [INFO] ThirdParty:1030 - CMSIS Pack Vendor :STMicroelectronics PDM2PCM 3.2.0
2023-11-30 17:24:43,250 [INFO] ThirdParty:841 - exiting critical section [change project]
2023-11-30 17:24:43,601 [INFO] PinOutPanel:1499 - setPackage(No Configuration,No Configuration)
2023-11-30 17:24:43,602 [INFO] PinOutPanel:1499 - setPackage(STM32F401RETx,LQFP64)
2023-11-30 17:24:44,150 [INFO] UtilMem:75 - Before build in PCC Used Memory: 241390592 Bytes (503316480)
2023-11-30 17:24:44,809 [INFO] UtilMem:75 - After build in PCC Used Memory: 393774848 Bytes (503316480)
2023-11-30 17:24:44,842 [INFO] IPUIPlugin:80 - create IPUIPlugin
2023-11-30 17:24:44,842 [INFO] IPUIPlugin:80 - create IPUIPlugin
2023-11-30 17:24:44,842 [INFO] IPUIPlugin:80 - create IPUIPlugin
2023-11-30 17:24:44,843 [INFO] IPUIPlugin:80 - create IPUIPlugin
2023-11-30 17:24:44,843 [INFO] IPUIPlugin:80 - create IPUIPlugin
2023-11-30 17:24:44,843 [INFO] IPUIPlugin:80 - create IPUIPlugin
2023-11-30 17:24:44,843 [INFO] IPUIPlugin:80 - create IPUIPlugin
2023-11-30 17:24:44,843 [INFO] IPUIPlugin:80 - create IPUIPlugin
2023-11-30 17:24:44,843 [INFO] IPUIPlugin:80 - create IPUIPlugin
2023-11-30 17:24:44,843 [INFO] IPUIPlugin:80 - create IPUIPlugin
2023-11-30 17:24:44,844 [INFO] IPUIPlugin:80 - create IPUIPlugin
2023-11-30 17:24:44,844 [INFO] IPUIPlugin:80 - create IPUIPlugin
2023-11-30 17:24:44,844 [INFO] IPUIPlugin:80 - create IPUIPlugin
2023-11-30 17:24:44,844 [INFO] IPUIPlugin:80 - create IPUIPlugin
2023-11-30 17:24:44,845 [INFO] IPUIPlugin:80 - create IPUIPlugin
2023-11-30 17:24:44,845 [INFO] IPUIPlugin:80 - create IPUIPlugin
2023-11-30 17:24:44,845 [INFO] IPUIPlugin:80 - create IPUIPlugin
2023-11-30 17:24:44,846 [INFO] IPUIPlugin:80 - create IPUIPlugin
2023-11-30 17:24:44,846 [INFO] IPUIPlugin:80 - create IPUIPlugin
2023-11-30 17:24:44,846 [INFO] IPUIPlugin:80 - create IPUIPlugin
2023-11-30 17:24:44,846 [INFO] IPUIPlugin:80 - create IPUIPlugin
2023-11-30 17:24:44,846 [INFO] IPUIPlugin:80 - create IPUIPlugin
2023-11-30 17:24:44,847 [INFO] IPUIPlugin:80 - create IPUIPlugin
2023-11-30 17:24:44,847 [INFO] IPUIPlugin:80 - create IPUIPlugin
2023-11-30 17:24:44,847 [INFO] IPUIPlugin:80 - create IPUIPlugin
2023-11-30 17:24:44,847 [INFO] IPUIPlugin:80 - create IPUIPlugin
2023-11-30 17:24:44,847 [INFO] IPUIPlugin:80 - create IPUIPlugin
2023-11-30 17:24:44,847 [INFO] IPUIPlugin:80 - create IPUIPlugin
2023-11-30 17:24:44,847 [INFO] IPUIPlugin:80 - create IPUIPlugin
2023-11-30 17:24:44,847 [INFO] IPUIPlugin:80 - create IPUIPlugin
2023-11-30 17:24:44,847 [INFO] IPUIPlugin:80 - create IPUIPlugin
2023-11-30 17:24:44,847 [INFO] IPUIPlugin:80 - create IPUIPlugin
2023-11-30 17:24:44,848 [INFO] IPUIPlugin:80 - create IPUIPlugin
2023-11-30 17:24:44,848 [INFO] IPUIPlugin:80 - create IPUIPlugin
2023-11-30 17:24:44,848 [INFO] IPUIPlugin:80 - create IPUIPlugin
2023-11-30 17:24:44,848 [INFO] IPUIPlugin:80 - create IPUIPlugin
2023-11-30 17:24:44,848 [INFO] IPUIPlugin:80 - create IPUIPlugin
2023-11-30 17:24:44,849 [INFO] IPUIPlugin:80 - create IPUIPlugin
2023-11-30 17:24:44,891 [INFO] ApiDbMcu:507 - Load IP Config File for PDM2PCM
2023-11-30 17:24:44,899 [WARN] IP:2114 - I2C_Coeff_DF not found: check if there is a RefParameter without a condition.
2023-11-30 17:24:44,899 [WARN] IP:2114 - Analog_Filter not found: check if there is a RefParameter without a condition.
2023-11-30 17:24:45,101 [INFO] CADModel:165 - CPN selected for project levelSTM32F401RET6
2023-11-30 17:24:45,101 [INFO] CADModel:114 - Register for checkConnection events
2023-11-30 17:24:45,147 [INFO] OpenFileManager:328 - Restore cursor
2023-11-30 17:24:45,388 [WARN] IP:2114 - I2C_Coeff_DF not found: check if there is a RefParameter without a condition.
2023-11-30 17:24:45,388 [WARN] IP:2114 - Analog_Filter not found: check if there is a RefParameter without a condition.
2023-11-30 17:24:45,389 [WARN] IP:2114 - I2C_Coeff_DF not found: check if there is a RefParameter without a condition.
2023-11-30 17:24:45,389 [WARN] IP:2114 - Analog_Filter not found: check if there is a RefParameter without a condition.
2023-11-30 17:25:13,176 [INFO] Gpio:273 - dependency for GPIO [I2C1, RCC, SYS, USART2, USART6]
