2023-12-07 09:24:43,112 [INFO] Activator:176 - 


2023-12-07 09:24:43,115 [INFO] Activator:177 - !SESSION log4j initialized
2023-12-07 09:24:46,964 [INFO] LogOutputStream:77 - [STDOUT_REDIRECT] 
2023-12-07 09:24:47,755 [INFO] ApplicationProperties:184 - Using Application install path: /opt/st/stm32cubeide_1.13.2/plugins/com.st.stm32cube.common.mx_6.9.2.202309101412
2023-12-07 09:24:47,776 [INFO] DbMcusXml:78 - Set database path to: /opt/st/stm32cubeide_1.13.2/plugins/com.st.stm32cube.common.mx_6.9.2.202309101412//db//mcu/
2023-12-07 09:24:47,776 [INFO] ApiDb:274 - Set plugin database path to: /opt/st/stm32cubeide_1.13.2/plugins/com.st.stm32cube.common.mx_6.9.2.202309101412//db//plugins/boardmanager/
2023-12-07 09:24:47,777 [WARN] ApiDb:259 - Overriding images path with different value:  => /opt/st/stm32cubeide_1.13.2/plugins/com.st.stm32cube.common.mx_6.9.2.202309101412//db//plugins/mcufinder/images/
2023-12-07 09:24:47,788 [INFO] ApiDb:250 - Set database path to: /home/adam/.stmcufinder/plugins/mcufinder//mcu/
2023-12-07 09:24:47,789 [INFO] DbMcusAds:125 - Set database path to: /home/adam/.stmcufinder/plugins/mcufinder//mcu/
2023-12-07 09:24:47,791 [INFO] CrossReferenceDbSqlite:203 - Set database path to: /home/adam/.stmcufinder/plugins/mcufinder//mcu/cs/
2023-12-07 09:24:47,892 [INFO] RulesReader:64 - Compatibility file has been processed (293 Rules)
2023-12-07 09:24:47,946 [INFO] DbMcusXml:78 - Set database path to: /opt/st/stm32cubeide_1.13.2/plugins/com.st.stm32cube.common.mx_6.9.2.202309101412//db//mcu/
2023-12-07 09:24:47,946 [INFO] ApiDb:274 - Set plugin database path to: /opt/st/stm32cubeide_1.13.2/plugins/com.st.stm32cube.common.mx_6.9.2.202309101412//db//plugins/boardmanager/
2023-12-07 09:24:47,946 [INFO] ApiDb:261 - Set plugin images path to: /opt/st/stm32cubeide_1.13.2/plugins/com.st.stm32cube.common.mx_6.9.2.202309101412//db//plugins/mcufinder/images/
2023-12-07 09:24:47,947 [WARN] DbFile:41 - Overriding database path with different value: /home/adam/.stmcufinder/plugins/mcufinder/ => /home/adam/.stmcufinder/plugins/mcufinder
2023-12-07 09:24:47,947 [INFO] ApiDb:250 - Set database path to: /home/adam/.stmcufinder/plugins/mcufinder//mcu/
2023-12-07 09:24:47,947 [WARN] DbFile:41 - Overriding database path with different value: /home/adam/.stmcufinder/plugins/mcufinder/ => /home/adam/.stmcufinder/plugins/mcufinder
2023-12-07 09:24:47,947 [INFO] DbMcusAds:125 - Set database path to: /home/adam/.stmcufinder/plugins/mcufinder//mcu/
2023-12-07 09:24:47,947 [WARN] DbFile:41 - Overriding database path with different value: /home/adam/.stmcufinder/plugins/mcufinder/ => /home/adam/.stmcufinder/plugins/mcufinder
2023-12-07 09:24:47,947 [WARN] DbFile:41 - Overriding database path with different value: /home/adam/.stmcufinder/plugins/mcufinder/ => /home/adam/.stmcufinder/plugins/mcufinder
2023-12-07 09:24:47,947 [INFO] CrossReferenceDbSqlite:203 - Set database path to: /home/adam/.stmcufinder/plugins/mcufinder//mcu/cs/
2023-12-07 09:24:48,019 [INFO] MainPanel:262 - HeapMemory: 268435456
2023-12-07 09:24:48,116 [INFO] DbMcusXml:78 - Set database path to: /opt/st/stm32cubeide_1.13.2/plugins/com.st.stm32cube.common.mx_6.9.2.202309101412//db//mcu/
2023-12-07 09:24:48,117 [INFO] ApiDb:274 - Set plugin database path to: /opt/st/stm32cubeide_1.13.2/plugins/com.st.stm32cube.common.mx_6.9.2.202309101412//db//plugins/boardmanager/
2023-12-07 09:24:48,117 [INFO] ApiDb:261 - Set plugin images path to: /opt/st/stm32cubeide_1.13.2/plugins/com.st.stm32cube.common.mx_6.9.2.202309101412//db//plugins/mcufinder/images/
2023-12-07 09:24:48,117 [WARN] DbFile:41 - Overriding database path with different value: /home/adam/.stmcufinder/plugins/mcufinder/ => /home/adam/.stmcufinder/plugins/mcufinder
2023-12-07 09:24:48,117 [INFO] ApiDb:250 - Set database path to: /home/adam/.stmcufinder/plugins/mcufinder//mcu/
2023-12-07 09:24:48,117 [WARN] DbFile:41 - Overriding database path with different value: /home/adam/.stmcufinder/plugins/mcufinder/ => /home/adam/.stmcufinder/plugins/mcufinder
2023-12-07 09:24:48,117 [INFO] DbMcusAds:125 - Set database path to: /home/adam/.stmcufinder/plugins/mcufinder//mcu/
2023-12-07 09:24:48,117 [WARN] DbFile:41 - Overriding database path with different value: /home/adam/.stmcufinder/plugins/mcufinder/ => /home/adam/.stmcufinder/plugins/mcufinder
2023-12-07 09:24:48,118 [WARN] DbFile:41 - Overriding database path with different value: /home/adam/.stmcufinder/plugins/mcufinder/ => /home/adam/.stmcufinder/plugins/mcufinder
2023-12-07 09:24:48,118 [INFO] CrossReferenceDbSqlite:203 - Set database path to: /home/adam/.stmcufinder/plugins/mcufinder//mcu/cs/
2023-12-07 09:24:48,129 [INFO] ApplicationProperties:184 - Using Application install path: /opt/st/stm32cubeide_1.13.2/plugins/com.st.stm32cube.common.mx_6.9.2.202309101412
2023-12-07 09:24:48,131 [INFO] PluginManage:196 - Search for loadable plugins [exclusion list=, ]
2023-12-07 09:24:48,132 [INFO] PluginManage:310 - Check plugin analytics
2023-12-07 09:24:48,238 [INFO] AnalyticsPlugin:253 - Accepted Software Licenses: 
2023-12-07 09:24:48,238 [INFO] AnalyticsPlugin:255 - Accepted CMSIS Pack Licenses: STMicroelectronics.X-CUBE-AI.8.1.0,STMicroelectronics.X-CUBE-AI.7.3.0,STMicroelectronics.X-CUBE-TOF1.3.3.1
2023-12-07 09:24:48,238 [INFO] AnalyticsPlugin:257 - Accepted Firmware Licenses: FW.G0.1.6.0,FW.F4.1.27.0
2023-12-07 09:24:48,240 [INFO] PluginManage:359 - Loaded plugin analytics (category:tool,tabindex:-1)
2023-12-07 09:24:48,241 [INFO] PluginManage:310 - Check plugin cadmodel
2023-12-07 09:24:48,261 [INFO] CADModel:105 - Init CAD model plugin
2023-12-07 09:24:48,261 [INFO] PluginManage:359 - Loaded plugin cadmodel (category:power,tabindex:5)
2023-12-07 09:24:48,261 [INFO] PluginManage:310 - Check plugin clock
2023-12-07 09:24:48,268 [INFO] PluginManage:359 - Loaded plugin clock (category:base,tabindex:2)
2023-12-07 09:24:48,268 [INFO] PluginManage:310 - Check plugin ddr
2023-12-07 09:24:48,270 [INFO] PluginManage:359 - Loaded plugin ddr (category:tool,tabindex:6)
2023-12-07 09:24:48,270 [INFO] PluginManage:310 - Check plugin filemanager
2023-12-07 09:24:48,354 [INFO] PluginManage:359 - Loaded plugin filemanager (category:base,tabindex:10)
2023-12-07 09:24:48,355 [INFO] PluginManage:310 - Check plugin ipmanager
2023-12-07 09:24:48,358 [INFO] PluginManage:359 - Loaded plugin ipmanager (category:base,tabindex:5)
2023-12-07 09:24:48,359 [INFO] PluginManage:310 - Check plugin lpbam
2023-12-07 09:24:48,364 [INFO] PluginManage:359 - Loaded plugin lpbam (category:base,tabindex:0)
2023-12-07 09:24:48,364 [INFO] PluginManage:310 - Check plugin memorymap
2023-12-07 09:24:48,372 [INFO] PluginManage:359 - Loaded plugin memorymap (category:base,tabindex:4)
2023-12-07 09:24:48,372 [INFO] PluginManage:310 - Check plugin pinoutandconfiguration
2023-12-07 09:24:48,377 [INFO] PluginManage:359 - Loaded plugin pinoutandconfiguration (category:base,tabindex:1)
2023-12-07 09:24:48,377 [INFO] PluginManage:310 - Check plugin pinoutconfig
2023-12-07 09:24:48,429 [WARN] SupportedApi:132 - Cannot load RTOS API schema: s4s-elt-must-match.1: The content of 'definitions' must match (annotation?, (simpleType | complexType)?, (unique | key | keyref)*)). A problem was found starting at: attribute.
2023-12-07 09:24:48,509 [INFO] PluginManage:359 - Loaded plugin pinoutconfig (category:base,tabindex:0)
2023-12-07 09:24:48,509 [INFO] PluginManage:310 - Check plugin power
2023-12-07 09:24:48,516 [INFO] PluginManage:359 - Loaded plugin power (category:power,tabindex:4)
2023-12-07 09:24:48,516 [INFO] PluginManage:310 - Check plugin projectmanager
2023-12-07 09:24:48,525 [INFO] PluginManage:359 - Loaded plugin projectmanager (category:projectmanager,tabindex:3)
2023-12-07 09:24:48,525 [INFO] PluginManage:310 - Check plugin thirdparty
2023-12-07 09:24:48,636 [WARN] IntegrityCheckThread:84 - waiting for thirdparty lock release [integrity check]
2023-12-07 09:24:48,636 [INFO] PluginManage:359 - Loaded plugin thirdparty (category:base,tabindex:-1)
2023-12-07 09:24:48,637 [INFO] IntegrityCheckThread:86 - entering critical section [integrity check]
2023-12-07 09:24:48,637 [INFO] PluginManage:310 - Check plugin tools
2023-12-07 09:24:48,637 [INFO] ThirdPartyUpdaterWithRetryManager:70 - Updater plugin not ready yet. [1/15]
2023-12-07 09:24:48,639 [INFO] PluginManage:359 - Loaded plugin tools (category:base,tabindex:7)
2023-12-07 09:24:48,639 [INFO] PluginManage:310 - Check plugin tutovideos
2023-12-07 09:24:48,743 [INFO] PluginManage:359 - Loaded plugin tutovideos (category:base,tabindex:-1)
2023-12-07 09:24:48,743 [INFO] PluginManage:310 - Check plugin updater
2023-12-07 09:24:48,750 [INFO] PluginManage:359 - Loaded plugin updater (category:base,tabindex:12)
2023-12-07 09:24:48,751 [INFO] PluginManage:310 - Check plugin userauth
2023-12-07 09:24:48,754 [INFO] UserAuth:113 - Init User Auth plugin
2023-12-07 09:24:48,754 [INFO] PluginManage:359 - Loaded plugin userauth (category:base,tabindex:14)
2023-12-07 09:24:48,755 [INFO] PluginManage:283 - PluginManage : Loaded plugins [17]
2023-12-07 09:24:48,912 [INFO] PinOutPanel:1499 - setPackage(No Configuration,No Configuration)
2023-12-07 09:24:48,993 [INFO] CADModel:165 - CPN selected for project level
2023-12-07 09:24:48,993 [INFO] CADModel:114 - Register for checkConnection events
2023-12-07 09:24:49,009 [INFO] IPUIPlugin:80 - create IPUIPlugin
2023-12-07 09:24:49,009 [INFO] PluginManager:220 - loadIPPluginJar : add stm32_wpan
2023-12-07 09:24:49,012 [INFO] IPUIPlugin:80 - create IPUIPlugin
2023-12-07 09:24:49,013 [INFO] PluginManager:220 - loadIPPluginJar : add gpio
2023-12-07 09:24:49,014 [INFO] IPUIPlugin:80 - create IPUIPlugin
2023-12-07 09:24:49,014 [INFO] PluginManager:220 - loadIPPluginJar : add tracer_emb
2023-12-07 09:24:49,016 [INFO] IPUIPlugin:80 - create IPUIPlugin
2023-12-07 09:24:49,016 [INFO] PluginManager:220 - loadIPPluginJar : add dma3
2023-12-07 09:24:49,021 [INFO] IPUIPlugin:80 - create IPUIPlugin
2023-12-07 09:24:49,021 [INFO] PluginManager:220 - loadIPPluginJar : add fmc
2023-12-07 09:24:49,023 [INFO] IPUIPlugin:80 - create IPUIPlugin
2023-12-07 09:24:49,023 [INFO] PluginManager:220 - loadIPPluginJar : add ltdc
2023-12-07 09:24:49,026 [INFO] IPUIPlugin:80 - create IPUIPlugin
2023-12-07 09:24:49,026 [INFO] PluginManager:220 - loadIPPluginJar : add i2c
2023-12-07 09:24:49,028 [INFO] IPUIPlugin:80 - create IPUIPlugin
2023-12-07 09:24:49,029 [INFO] PluginManager:220 - loadIPPluginJar : add resmgrutility
2023-12-07 09:24:49,030 [INFO] IPUIPlugin:80 - create IPUIPlugin
2023-12-07 09:24:49,030 [INFO] PluginManager:220 - loadIPPluginJar : add ucpd
2023-12-07 09:24:49,032 [INFO] IPUIPlugin:80 - create IPUIPlugin
2023-12-07 09:24:49,032 [INFO] PluginManager:220 - loadIPPluginJar : add ipddr
2023-12-07 09:24:49,038 [INFO] IPUIPlugin:80 - create IPUIPlugin
2023-12-07 09:24:49,038 [INFO] PluginManager:220 - loadIPPluginJar : add adc
2023-12-07 09:24:49,041 [INFO] IPUIPlugin:80 - create IPUIPlugin
2023-12-07 09:24:49,041 [INFO] PluginManager:220 - loadIPPluginJar : add usbx
2023-12-07 09:24:49,046 [INFO] IPUIPlugin:80 - create IPUIPlugin
2023-12-07 09:24:49,046 [INFO] PluginManager:220 - loadIPPluginJar : add mdma
2023-12-07 09:24:49,048 [INFO] IPUIPlugin:80 - create IPUIPlugin
2023-12-07 09:24:49,048 [INFO] PluginManager:220 - loadIPPluginJar : add usart
2023-12-07 09:24:49,051 [INFO] IPUIPlugin:80 - create IPUIPlugin
2023-12-07 09:24:49,051 [INFO] PluginManager:220 - loadIPPluginJar : add sai
2023-12-07 09:24:49,053 [INFO] IPUIPlugin:80 - create IPUIPlugin
2023-12-07 09:24:49,053 [INFO] PluginManager:220 - loadIPPluginJar : add dfsdm
2023-12-07 09:24:49,056 [INFO] IPUIPlugin:80 - create IPUIPlugin
2023-12-07 09:24:49,056 [INFO] PluginManager:220 - loadIPPluginJar : add spi
2023-12-07 09:24:49,058 [INFO] IPUIPlugin:80 - create IPUIPlugin
2023-12-07 09:24:49,058 [INFO] PluginManager:220 - loadIPPluginJar : add gfxmmu
2023-12-07 09:24:49,060 [INFO] IPUIPlugin:80 - create IPUIPlugin
2023-12-07 09:24:49,060 [INFO] PluginManager:220 - loadIPPluginJar : add pdm2pcm
2023-12-07 09:24:49,061 [INFO] IPUIPlugin:80 - create IPUIPlugin
2023-12-07 09:24:49,061 [INFO] PluginManager:220 - loadIPPluginJar : add genericplugin
2023-12-07 09:24:49,065 [INFO] IPUIPlugin:80 - create IPUIPlugin
2023-12-07 09:24:49,065 [INFO] PluginManager:220 - loadIPPluginJar : add gic
2023-12-07 09:24:49,067 [INFO] IPUIPlugin:80 - create IPUIPlugin
2023-12-07 09:24:49,068 [INFO] PluginManager:220 - loadIPPluginJar : add nvic
2023-12-07 09:24:49,070 [INFO] IPUIPlugin:80 - create IPUIPlugin
2023-12-07 09:24:49,070 [INFO] PluginManager:220 - loadIPPluginJar : add tim
2023-12-07 09:24:49,075 [INFO] IPUIPlugin:80 - create IPUIPlugin
2023-12-07 09:24:49,078 [INFO] PluginManager:220 - loadIPPluginJar : add plateformsettings
2023-12-07 09:24:49,083 [INFO] IPUIPlugin:80 - create IPUIPlugin
2023-12-07 09:24:49,083 [INFO] PluginManager:220 - loadIPPluginJar : add linkedlist
2023-12-07 09:24:49,086 [INFO] IPUIPlugin:80 - create IPUIPlugin
2023-12-07 09:24:49,086 [INFO] PluginManager:220 - loadIPPluginJar : add touchsensing
2023-12-07 09:24:49,089 [INFO] IPUIPlugin:80 - create IPUIPlugin
2023-12-07 09:24:49,090 [INFO] PluginManager:220 - loadIPPluginJar : add gtzc
2023-12-07 09:24:49,091 [INFO] IPUIPlugin:80 - create IPUIPlugin
2023-12-07 09:24:49,091 [INFO] PluginManager:220 - loadIPPluginJar : add ts
2023-12-07 09:24:49,093 [INFO] IPUIPlugin:80 - create IPUIPlugin
2023-12-07 09:24:49,093 [INFO] PluginManager:220 - loadIPPluginJar : add cryp
2023-12-07 09:24:49,094 [INFO] IPUIPlugin:80 - create IPUIPlugin
2023-12-07 09:24:49,094 [INFO] PluginManager:220 - loadIPPluginJar : add quadspi
2023-12-07 09:24:49,096 [INFO] IPUIPlugin:80 - create IPUIPlugin
2023-12-07 09:24:49,096 [INFO] PluginManager:220 - loadIPPluginJar : add i2s
2023-12-07 09:24:49,097 [INFO] IPUIPlugin:80 - create IPUIPlugin
2023-12-07 09:24:49,097 [INFO] PluginManager:220 - loadIPPluginJar : add tsc
2023-12-07 09:24:49,098 [INFO] IPUIPlugin:80 - create IPUIPlugin
2023-12-07 09:24:49,098 [INFO] PluginManager:220 - loadIPPluginJar : add fatfs
2023-12-07 09:24:49,100 [INFO] IPUIPlugin:80 - create IPUIPlugin
2023-12-07 09:24:49,100 [INFO] PluginManager:220 - loadIPPluginJar : add opamp
2023-12-07 09:24:49,106 [INFO] IPUIPlugin:80 - create IPUIPlugin
2023-12-07 09:24:49,106 [INFO] PluginManager:220 - loadIPPluginJar : add dma
2023-12-07 09:24:49,108 [INFO] IPUIPlugin:80 - create IPUIPlugin
2023-12-07 09:24:49,108 [INFO] PluginManager:220 - loadIPPluginJar : add can
2023-12-07 09:24:49,110 [INFO] IPUIPlugin:80 - create IPUIPlugin
2023-12-07 09:24:49,110 [INFO] PluginManager:220 - loadIPPluginJar : add lorawan
2023-12-07 09:24:49,112 [INFO] IPUIPlugin:80 - create IPUIPlugin
2023-12-07 09:24:49,112 [INFO] PluginManager:220 - loadIPPluginJar : add openamp
2023-12-07 09:24:49,114 [INFO] IPUIPlugin:80 - create IPUIPlugin
2023-12-07 09:24:49,114 [INFO] PluginManager:220 - loadIPPluginJar : add i3c
2023-12-07 09:24:49,116 [INFO] IPUIPlugin:80 - create IPUIPlugin
2023-12-07 09:24:49,116 [INFO] PluginManager:220 - loadIPPluginJar : add hash
2023-12-07 09:24:49,117 [INFO] IPUIPlugin:80 - create IPUIPlugin
2023-12-07 09:24:49,117 [INFO] PluginManager:220 - loadIPPluginJar : add comp
2023-12-07 09:24:49,122 [INFO] IPUIPlugin:80 - create IPUIPlugin
2023-12-07 09:24:49,122 [INFO] PluginManager:220 - loadIPPluginJar : add freertos
2023-12-07 09:24:49,125 [INFO] IPUIPlugin:80 - create IPUIPlugin
2023-12-07 09:24:49,125 [INFO] PluginManager:220 - loadIPPluginJar : add aes
2023-12-07 09:24:49,221 [INFO] CADModel:165 - CPN selected for project level
2023-12-07 09:24:49,221 [INFO] CADModel:114 - Register for checkConnection events
2023-12-07 09:24:49,221 [FATAL] Updater:308 - Updater called before beeing initialized
2023-12-07 09:24:49,221 [ERROR] CADModel:125 - Updater not yet initialized, retry later 
2023-12-07 09:24:49,347 [INFO] CADModel:165 - CPN selected for project level
2023-12-07 09:24:49,347 [INFO] CADModel:114 - Register for checkConnection events
2023-12-07 09:24:49,347 [FATAL] Updater:308 - Updater called before beeing initialized
2023-12-07 09:24:49,347 [ERROR] CADModel:125 - Updater not yet initialized, retry later 
2023-12-07 09:24:49,349 [FATAL] Updater:308 - Updater called before beeing initialized
2023-12-07 09:24:49,449 [FATAL] Updater:308 - Updater called before beeing initialized
2023-12-07 09:24:49,454 [INFO] DbMcusAds:53 - JSON generation date=Tue Mar 07 03:50:55 EST 2023 (1678179055114)
2023-12-07 09:24:49,455 [FATAL] Updater:308 - Updater called before beeing initialized
2023-12-07 09:24:49,481 [WARN] DetailPanel:346 - Failed to get advertising image, set to default
2023-12-07 09:24:49,548 [FATAL] Updater:308 - Updater called before beeing initialized
2023-12-07 09:24:49,549 [FATAL] Updater:308 - Updater called before beeing initialized
2023-12-07 09:24:49,550 [FATAL] Updater:308 - Updater called before beeing initialized
2023-12-07 09:24:49,550 [WARN] DetailPanel:346 - Failed to get advertising image, set to default
2023-12-07 09:24:49,550 [FATAL] Updater:308 - Updater called before beeing initialized
2023-12-07 09:24:49,569 [ERROR] Updater:1120 - MainUpdater not yet initialized. External WinMGr cannot be set.
2023-12-07 09:24:49,571 [INFO] Updater:1056 - Updater Version found : 6.9.2
2023-12-07 09:24:49,583 [INFO] ApplicationProperties:184 - Using Application install path: /opt/st/stm32cubeide_1.13.2/plugins/com.st.stm32cube.common.mx_6.9.2.202309101412
2023-12-07 09:24:49,846 [INFO] MainUpdater:2868 - connection check result : 10
2023-12-07 09:24:49,847 [INFO] MainUpdater:285 - Updater Check For Update Now.
2023-12-07 09:24:49,847 [INFO] MicroXplorer:498 - Change Database Version : DB.6.0.92
2023-12-07 09:24:49,863 [INFO] McuFinderGlobals:63 - Set McuFinder mode to 2 (CubeIDE integrated)
2023-12-07 09:24:50,033 [INFO] CheckServerUpdateThread:120 - End of CheckServer Thread
2023-12-07 09:24:51,741 [WARN] PackLoader:240 - Cannot read IP mode file for STMicroelectronics.X-CUBE-SMBUS.2.1.0
2023-12-07 09:24:51,775 [WARN] PackLoader:240 - Cannot read IP mode file for STMicroelectronics.X-CUBE-AZRTOS-F7.1.1.0
2023-12-07 09:24:51,788 [WARN] PackLoader:240 - Cannot read IP mode file for STMicroelectronics.FP-SNS-MOTENV1.4.3.2
2023-12-07 09:24:51,795 [WARN] PackLoader:240 - Cannot read IP mode file for STMicroelectronics.FP-SNS-FLIGHT1.5.0.2
2023-12-07 09:24:51,807 [WARN] PackLoader:240 - Cannot read IP mode file for STMicroelectronics.X-CUBE-DISPLAY.3.0.0
2023-12-07 09:24:51,820 [WARN] PackLoader:240 - Cannot read IP mode file for STMicroelectronics.X-CUBE-BLE1.7.0.0
2023-12-07 09:24:51,826 [WARN] PackLoader:240 - Cannot read IP mode file for emotas.I-CUBE-CANOPEN.1.3.0
2023-12-07 09:24:51,830 [WARN] PackLoader:240 - Cannot read IP mode file for STMicroelectronics.X-CUBE-TOUCHGFX.4.22.1
2023-12-07 09:24:51,834 [WARN] PackLoader:240 - Cannot read IP mode file for STMicroelectronics.FP-SNS-SMARTAG2.1.2.0
2023-12-07 09:24:51,844 [INFO] LogOutputStream:77 - [STDOUT_REDIRECT] 1 : Invalid condition id : UX_CORESTACK_Condition cause : null
2023-12-07 09:24:51,845 [INFO] LogOutputStream:77 - [STDOUT_REDIRECT] 1 : Invalid condition id : UX_CORESTACK_Condition cause : null
2023-12-07 09:24:51,845 [INFO] LogOutputStream:77 - [STDOUT_REDIRECT] 1 : Invalid condition id : UX_CORESTACK_Condition cause : null
2023-12-07 09:24:51,845 [INFO] LogOutputStream:77 - [STDOUT_REDIRECT] 1 : Invalid condition id : UX_CORESTACK_Condition cause : null
2023-12-07 09:24:51,846 [INFO] LogOutputStream:77 - [STDOUT_REDIRECT] 1 : Invalid condition id : UX_CORESTACK_Condition cause : null
2023-12-07 09:24:51,850 [WARN] PackLoader:240 - Cannot read IP mode file for STMicroelectronics.X-CUBE-AZRTOS-WL.2.0.0
2023-12-07 09:24:51,858 [WARN] PackLoader:240 - Cannot read IP mode file for WES.I-CUBE-Cesium.1.3.0
2023-12-07 09:24:51,863 [WARN] PackLoader:240 - Cannot read IP mode file for STMicroelectronics.X-CUBE-BLE2.3.3.0
2023-12-07 09:24:51,867 [WARN] PackLoader:240 - Cannot read IP mode file for STMicroelectronics.X-CUBE-AI.7.3.0
2023-12-07 09:24:51,922 [WARN] PackLoader:240 - Cannot read IP mode file for STMicroelectronics.X-CUBE-ALGOBUILD.1.3.0
2023-12-07 09:24:51,941 [WARN] PackLoader:240 - Cannot read IP mode file for STMicroelectronics.X-CUBE-AZRTOS-G0.1.1.0
2023-12-07 09:24:51,948 [WARN] PackLoader:240 - Cannot read IP mode file for STMicroelectronics.X-CUBE-NFC4.3.0.0
2023-12-07 09:24:51,958 [WARN] PackLoader:240 - Cannot read IP mode file for STMicroelectronics.X-CUBE-BLEMGR.3.0.0
2023-12-07 09:24:51,963 [WARN] PackLoader:240 - Cannot read IP mode file for STMicroelectronics.FP-ATR-SIGFOX1.3.2.0
2023-12-07 09:24:51,967 [WARN] PackLoader:240 - Cannot read IP mode file for STMicroelectronics.X-CUBE-GNSS1.6.0.0
2023-12-07 09:24:51,981 [WARN] PackLoader:240 - Cannot read IP mode file for STMicroelectronics.X-CUBE-AZRTOS-F4.1.1.0
2023-12-07 09:24:51,985 [WARN] PackLoader:240 - Cannot read IP mode file for wolfSSL.I-CUBE-wolfSSL.5.6.3
2023-12-07 09:24:51,995 [WARN] PackLoader:240 - Cannot read IP mode file for STMicroelectronics.X-CUBE-AZRTOS-L5.2.0.0
2023-12-07 09:24:51,999 [WARN] PackLoader:240 - Cannot read IP mode file for STMicroelectronics.X-CUBE-EEPRMA1.4.2.0
2023-12-07 09:24:52,003 [WARN] PackLoader:240 - Cannot read IP mode file for ITTIA_DB.I-CUBE-ITTIADB.8.8.0
2023-12-07 09:24:52,008 [WARN] PackLoader:240 - Cannot read IP mode file for STMicroelectronics.X-CUBE-BLEMGR.2.0.0
2023-12-07 09:24:52,019 [WARN] ConditionMgr:438 - getConditionDescription Invalid condition id : UX DEVICE CLASS RTOS Condition cause : null
2023-12-07 09:24:52,020 [WARN] ConditionMgr:438 - getConditionDescription Invalid condition id : UX DEVICE CLASS RTOS Condition cause : null
2023-12-07 09:24:52,022 [WARN] PackLoader:240 - Cannot read IP mode file for STMicroelectronics.X-CUBE-AZRTOS-H7.3.1.0
2023-12-07 09:24:52,022 [WARN] ConditionMgr:1039 - genDependencies : Invalid condition id : UX DEVICE CLASS RTOS Condition cause : null
2023-12-07 09:24:52,022 [WARN] ConditionMgr:1039 - genDependencies : Invalid condition id : UX DEVICE CLASS RTOS Condition cause : null
2023-12-07 09:24:52,023 [WARN] ConditionMgr:1039 - genDependencies : Invalid condition id : UX DEVICE CLASS RTOS Condition cause : null
2023-12-07 09:24:52,023 [WARN] ConditionMgr:1039 - genDependencies : Invalid condition id : UX DEVICE CLASS RTOS Condition cause : null
2023-12-07 09:24:52,023 [WARN] ConditionMgr:1039 - genDependencies : Invalid condition id : UX DEVICE CLASS RTOS Condition cause : null
2023-12-07 09:24:52,027 [WARN] PackLoader:240 - Cannot read IP mode file for STMicroelectronics.X-CUBE-NFC7.1.0.1
2023-12-07 09:24:52,031 [WARN] PackLoader:240 - Cannot read IP mode file for STMicroelectronics.X-CUBE-NFC6.3.0.0
2023-12-07 09:24:52,035 [WARN] PackLoader:240 - Cannot read IP mode file for STMicroelectronics.X-CUBE-AI.8.1.0
2023-12-07 09:24:52,063 [WARN] ConditionMgr:438 - getConditionDescription Invalid condition id : LAN8742 Phy interface Condition cause : null
2023-12-07 09:24:52,063 [WARN] PackLoader:240 - Cannot read IP mode file for STMicroelectronics.X-CUBE-AZRTOS-L4.2.0.0
2023-12-07 09:24:52,064 [WARN] ConditionMgr:1039 - genDependencies : Invalid condition id : LAN8742 Phy interface Condition cause : null
2023-12-07 09:24:52,064 [WARN] ConditionMgr:1039 - genDependencies : Invalid condition id : LAN8742 Phy interface Condition cause : null
2023-12-07 09:24:52,065 [WARN] ConditionMgr:1039 - genDependencies : Invalid condition id : LAN8742 Phy interface Condition cause : null
2023-12-07 09:24:52,069 [WARN] PackLoader:240 - Cannot read IP mode file for STMicroelectronics.X-CUBE-SFXS2LP1.4.0.0
2023-12-07 09:24:52,072 [WARN] PackLoader:240 - Cannot read IP mode file for STMicroelectronics.X-CUBE-ISPU.1.1.0
2023-12-07 09:24:52,079 [WARN] ConditionMgr:438 - getConditionDescription Invalid condition id : UX DEVICE CLASS RTOS Condition cause : null
2023-12-07 09:24:52,079 [WARN] ConditionMgr:438 - getConditionDescription Invalid condition id : UX DEVICE CLASS RTOS Condition cause : null
2023-12-07 09:24:52,080 [WARN] PackLoader:240 - Cannot read IP mode file for STMicroelectronics.X-CUBE-AZRTOS-WB.2.0.0
2023-12-07 09:24:52,081 [WARN] ConditionMgr:1039 - genDependencies : Invalid condition id : UX DEVICE CLASS RTOS Condition cause : null
2023-12-07 09:24:52,081 [WARN] ConditionMgr:1039 - genDependencies : Invalid condition id : UX DEVICE CLASS RTOS Condition cause : null
2023-12-07 09:24:52,081 [WARN] ConditionMgr:1039 - genDependencies : Invalid condition id : UX DEVICE CLASS RTOS Condition cause : null
2023-12-07 09:24:52,082 [WARN] ConditionMgr:1039 - genDependencies : Invalid condition id : UX DEVICE CLASS RTOS Condition cause : null
2023-12-07 09:24:52,082 [WARN] ConditionMgr:1039 - genDependencies : Invalid condition id : UX DEVICE CLASS RTOS Condition cause : null
2023-12-07 09:24:52,087 [WARN] PackLoader:240 - Cannot read IP mode file for STMicroelectronics.X-CUBE-SUBG2.5.0.0
2023-12-07 09:24:52,097 [WARN] PackLoader:240 - Cannot read IP mode file for STMicroelectronics.X-CUBE-TOF1.3.3.1
2023-12-07 09:24:52,162 [WARN] PackLoader:240 - Cannot read IP mode file for STMicroelectronics.X-CUBE-AZRTOS-G4.2.0.0
2023-12-07 09:24:52,172 [WARN] PackLoader:240 - Cannot read IP mode file for Infineon.AIROC-Wi-Fi-Bluetooth-STM32.1.5.1
2023-12-07 09:24:52,180 [WARN] PackLoader:240 - Cannot read IP mode file for STMicroelectronics.FP-SNS-MOTENVWB1.1.3.0
2023-12-07 09:24:52,183 [WARN] PackLoader:240 - Cannot read IP mode file for STMicroelectronics.FP-SNS-MOTENVWB1.1.3.1
2023-12-07 09:24:52,224 [WARN] PackLoader:240 - Cannot read IP mode file for STMicroelectronics.X-CUBE-MEMS1.10.0.0
2023-12-07 09:24:52,351 [WARN] PackLoader:240 - Cannot read IP mode file for STMicroelectronics.X-CUBE-FREERTOS.1.1.0
2023-12-07 09:24:52,360 [WARN] PackLoader:240 - Cannot read IP mode file for portGmbH.I-Cube-SoM-uGOAL.1.1.0
2023-12-07 09:24:52,363 [WARN] PackLoader:240 - Cannot read IP mode file for STMicroelectronics.X-CUBE-ALS.1.0.1
2023-12-07 09:24:52,366 [WARN] PackLoader:240 - Cannot read IP mode file for STMicroelectronics.FP-ATR-ASTRA1.2.0.0
2023-12-07 09:24:52,371 [WARN] PackLoader:240 - Cannot read IP mode file for STMicroelectronics.X-CUBE-TOF1.3.4.0
2023-12-07 09:24:52,384 [INFO] ThirdParty:978 - Integrity check success = true
2023-12-07 09:24:52,384 [INFO] IntegrityCheckThread:100 - exiting critical section [integrity check]
2023-12-07 09:24:52,384 [INFO] IntegrityCheckThread:103 - End integrity checks thread
2023-12-07 09:25:10,648 [ERROR] LogOutputStream:75 - [STDERR_REDIRECT] SLF4J: Failed to load class "org.slf4j.impl.StaticLoggerBinder".
2023-12-07 09:25:10,649 [ERROR] LogOutputStream:75 - [STDERR_REDIRECT] SLF4J: Defaulting to no-operation (NOP) logger implementation
2023-12-07 09:25:10,649 [ERROR] LogOutputStream:75 - [STDERR_REDIRECT] SLF4J: See http://www.slf4j.org/codes.html#StaticLoggerBinder for further details.
2023-12-07 09:47:18,522 [INFO] McuFinderGlobals:63 - Set McuFinder mode to 2 (CubeIDE integrated)
2023-12-07 09:47:18,530 [INFO] MainUpdater:2868 - connection check result : 10
2023-12-07 09:47:18,531 [INFO] MainUpdater:2868 - connection check result : 10
2023-12-07 09:47:18,585 [INFO] MicroXplorer:468 - Change Database Path : 
2023-12-07 09:47:18,586 [INFO] MicroXplorer:498 - Change Database Version : DB.6.0.92
2023-12-07 09:47:18,595 [WARN] ThirdParty:871 - waiting for thirdparty lock release [close project]
2023-12-07 09:47:18,595 [INFO] ThirdParty:873 - entering critical section [close project]
2023-12-07 09:47:18,599 [INFO] ThirdParty:883 - exiting critical section [close project]
2023-12-07 09:47:18,602 [INFO] PinOutPanel:1499 - setPackage(No Configuration,No Configuration)
2023-12-07 09:47:18,633 [INFO] UtilMem:75 - Begin LoadConfig() Used Memory: 649767424 Bytes (943718400)
2023-12-07 09:47:18,634 [INFO] MicroXplorer:468 - Change Database Path : 
2023-12-07 09:47:18,634 [INFO] MicroXplorer:498 - Change Database Version : DB.6.0.92
2023-12-07 09:47:18,635 [INFO] OpenFileManager:308 - Change cursor
2023-12-07 09:47:18,682 [INFO] Mcu:1946 - Initializing MCU STM32F401R(D-E)Tx STM32F401RETx STM32F401RET6
2023-12-07 09:47:19,634 [INFO] Context:659 - Trying to add GPIOservice into a context  which must be forbidden
2023-12-07 09:47:19,953 [INFO] RtosManager:555 - Registered RTOS mode: class=CMSIS, group=RTOS, mode=CMSIS_V1, owner=FREERTOS
2023-12-07 09:47:19,953 [INFO] RtosManager:555 - Registered RTOS mode: class=CMSIS, group=RTOS2, mode=CMSIS_V2, owner=FREERTOS
2023-12-07 09:47:19,954 [INFO] RtosManager:555 - Registered RTOS mode: class=RTOS, group=Core, mode=CMSIS_V1, owner=FREERTOS
2023-12-07 09:47:19,954 [INFO] RtosManager:555 - Registered RTOS mode: class=RTOS, group=Core, mode=CMSIS_V2, owner=FREERTOS
2023-12-07 09:47:19,954 [WARN] ModelIntegratedComponent:184 - Missing modes for component STMicroelectronics:FreeRTOS:0.0.1:STMicroelectronics:RTOS:FreeRTOS:Core:::10.2.0:
2023-12-07 09:47:19,985 [WARN] ModelIntegratedComponent:63 - No mode defined for component null
2023-12-07 09:47:19,985 [WARN] ModelIntegratedComponent:63 - No mode defined for component null
2023-12-07 09:47:19,985 [WARN] ModelIntegratedComponent:63 - No mode defined for component null
2023-12-07 09:47:19,985 [WARN] ModelIntegratedComponent:63 - No mode defined for component null
2023-12-07 09:47:19,985 [WARN] ModelIntegratedComponent:63 - No mode defined for component null
2023-12-07 09:47:19,985 [WARN] ModelIntegratedComponent:63 - No mode defined for component null
2023-12-07 09:47:19,985 [WARN] ModelIntegratedComponent:63 - No mode defined for component null
2023-12-07 09:47:19,985 [WARN] ModelIntegratedComponent:63 - No mode defined for component null
2023-12-07 09:47:19,985 [WARN] ModelIntegratedComponent:63 - No mode defined for component null
2023-12-07 09:47:19,985 [WARN] ModelIntegratedComponent:63 - No mode defined for component null
2023-12-07 09:47:19,985 [WARN] ModelIntegratedComponent:63 - No mode defined for component null
2023-12-07 09:47:19,985 [WARN] ModelIntegratedComponent:63 - No mode defined for component null
2023-12-07 09:47:19,985 [WARN] ModelIntegratedComponent:63 - No mode defined for component null
2023-12-07 09:47:19,986 [WARN] ModelIntegratedComponent:63 - No mode defined for component null
2023-12-07 09:47:19,986 [WARN] ModelIntegratedComponent:63 - No mode defined for component null
2023-12-07 09:47:19,986 [WARN] ModelIntegratedComponent:63 - No mode defined for component null
2023-12-07 09:47:19,986 [WARN] ModelIntegratedComponent:63 - No mode defined for component null
2023-12-07 09:47:19,986 [WARN] ModelIntegratedComponent:63 - No mode defined for component null
2023-12-07 09:47:19,986 [WARN] ModelIntegratedComponent:63 - No mode defined for component null
2023-12-07 09:47:19,986 [WARN] ModelIntegratedComponent:63 - No mode defined for component null
2023-12-07 09:47:19,986 [WARN] ModelIntegratedComponent:63 - No mode defined for component null
2023-12-07 09:47:19,986 [WARN] ModelIntegratedComponent:63 - No mode defined for component null
2023-12-07 09:47:19,986 [WARN] ModelIntegratedComponent:63 - No mode defined for component null
2023-12-07 09:47:19,986 [WARN] ModelIntegratedComponent:63 - No mode defined for component null
2023-12-07 09:47:19,986 [WARN] ModelIntegratedComponent:63 - No mode defined for component null
2023-12-07 09:47:19,986 [WARN] ModelIntegratedComponent:63 - No mode defined for component null
2023-12-07 09:47:19,986 [WARN] ModelIntegratedComponent:63 - No mode defined for component null
2023-12-07 09:47:19,986 [WARN] ModelIntegratedComponent:63 - No mode defined for component null
2023-12-07 09:47:19,986 [WARN] ModelIntegratedComponent:63 - No mode defined for component null
2023-12-07 09:47:19,986 [WARN] ModelIntegratedComponent:63 - No mode defined for component null
2023-12-07 09:47:19,986 [WARN] ModelIntegratedComponent:63 - No mode defined for component null
2023-12-07 09:47:19,986 [WARN] ModelIntegratedComponent:63 - No mode defined for component null
2023-12-07 09:47:19,986 [WARN] ModelIntegratedComponent:63 - No mode defined for component null
2023-12-07 09:47:20,061 [INFO] ThirdPartyModel:298 - Start build external matchings
2023-12-07 09:47:20,296 [INFO] ThirdPartyModel:316 - End build external matchings
2023-12-07 09:47:20,307 [WARN] IP:2114 - I2C_Coeff_DF not found: check if there is a RefParameter without a condition.
2023-12-07 09:47:20,307 [WARN] IP:2114 - Analog_Filter not found: check if there is a RefParameter without a condition.
2023-12-07 09:47:20,309 [INFO] ImportTextPane:194 - (OptionalMessage_ERROR) IP (RCC) : Parameter (RTCHSEDivFreq_Value) has invalid value (4000000)
2023-12-07 09:47:20,442 [INFO] UtilMem:75 - End LoadConfig() Used Memory: 706084472 Bytes (943718400)
2023-12-07 09:47:20,555 [INFO] ApiDb:581 - Connected to CubeFinder SQLite database (/home/adam/.stmcufinder/plugins/mcufinder/mcu/cube-finder-db.db)
2023-12-07 09:47:20,596 [INFO] ApiDb:668 - CubeFinder database Data Model version=2.1
2023-12-07 09:47:20,596 [INFO] ApiDb:669 - CubeFinder database Configuration version=3.0.39
2023-12-07 09:47:20,596 [INFO] ApiDb:670 - CubeFinder database generation date=2023-11-06 (1699269565)
2023-12-07 09:47:20,596 [INFO] ApiDb:671 - CubeFinder database FW Pack versions=[FP-ATR-ASTRA1_V2.0.0, FP-SNS-FLIGHT1_V5.0.1, FP-SNS-FLIGHT1_V5.0.2, FP-SNS-MOTENV1_V4.3.1, FP-SNS-MOTENV1_V4.3.2, FP-SNS-MOTENVWB1_V1.3.0, FP-SNS-SMARTAG2_V1.2.0, STM32Cube_FW_C0_V1.1.0, STM32Cube_FW_F4_V1.28.0, STM32Cube_FW_F7_V1.17.0, STM32Cube_FW_G0_V1.6.1, STM32Cube_FW_G4_V1.5.1, STM32Cube_FW_H5_V0.5.1, STM32Cube_FW_H5_V1.1.1, STM32Cube_FW_H5_V1.2.0RC2, STM32Cube_FW_H7_V1.11.0, STM32Cube_FW_L0_V1.12.2, STM32Cube_FW_L5_V1.5.0, STM32Cube_FW_U5_V1.3.0RC4, STM32Cube_FW_U5_V1.4.0, STM32Cube_FW_WBA_V1.0.0RC1, STM32Cube_FW_WBA_V1.1.0RC1, STM32Cube_FW_WBA_V1.2.0, STM32Cube_FW_WBA_V1.2.0RC2, STM32Cube_FW_WB_V1.15.0RC1, STM32Cube_FW_WB_V1.16.0, STM32Cube_FW_WB_V1.16.0RC2, STM32Cube_FW_WB_V1.18.0, STM32Cube_FW_WL_V1.3.0, X-CUBE-ALGOBUILD_V1.3.0, X-CUBE-ALS_V1.0.1, X-CUBE-AZRTOS-F4_V1.1.0, X-CUBE-AZRTOS-F7_V1.1.0, X-CUBE-AZRTOS-G0_V1.1.0, X-CUBE-AZRTOS-G4_V2.0.0, X-CUBE-AZRTOS-H7_V3.1.0, X-CUBE-AZRTOS-L4_V1.0.0, X-CUBE-AZRTOS-L4_V2.0.0, X-CUBE-AZRTOS-L5_V1.1.0, X-CUBE-AZRTOS-WB_V2.0.0, X-CUBE-AZRTOS-WL_V2.0.0, X-CUBE-BLE1_V7.0.0, X-CUBE-BLE2_V3.3.0, X-CUBE-BLEMGR_V2.0.0, X-CUBE-EEPRMA1_V4.1.0, X-CUBE-EEPRMA1_V4.2.0, X-CUBE-FREERTOS_V1.1.0, X-CUBE-GNSS1_V6.0.0, X-CUBE-MEMS1_V10.0.0, X-CUBE-MEMS1_V9.1.0, X-CUBE-MEMS1_V9.4.0, X-CUBE-MEMS1_V9.6.0, X-CUBE-NFC4_V3.0.0, X-CUBE-NFC7_V1.0.1, X-CUBE-SFXS2LP1_V4.0.0, X-CUBE-SUBG2_V5.0.0, X-CUBE-TOF1_V3.3.1]
2023-12-07 09:47:22,214 [INFO] ApiDb:240 - Found 323 in-development CPN: [B-G473E-ZEST1S, B-WB1M-WPAN1, B-WL5M-SUBG1, NUCLEO-C031C6, NUCLEO-H503RB, NUCLEO-H563ZI, NUCLEO-U545RE-Q, NUCLEO-U5A5ZJ-Q, NUCLEO-WBA52CG, STEVAL-PROTEUS1, STEVAL-SMARTAG2, STEVAL-STWINBX1, STM320518-EVAL, STM32C0116-DK, STM32C011D6Y3TR, STM32C011D6Y6TR, STM32C011F4P3, STM32C011F4P6, STM32C011F4U3, STM32C011F4U6TR, STM32C011F6P3, STM32C011F6P6, STM32C011F6U3, STM32C011F6U6TR, STM32C011J4M3, STM32C011J4M6, STM32C011J6M3, STM32C011J6M6, STM32C0316-DK, STM32C031C4T3, STM32C031C4T6, STM32C031C4U3, STM32C031C4U6, STM32C031C6T3, STM32C031C6T6, STM32C031C6U3, STM32C031C6U6, STM32C031F4P3, STM32C031F4P6, STM32C031F6P3, STM32C031F6P6, STM32C031G4U3, STM32C031G4U6, STM32C031G6U3, STM32C031G6U6, STM32C031K4T3, STM32C031K4T6, STM32C031K4U3, STM32C031K4U6, STM32C031K6T3, STM32C031K6T6, STM32C031K6U3, STM32C031K6U6, STM32G071K8TXN, STM32G071K8UXN, STM32G081GBU6N, STM32G081KBT6N, STM32G081KBUXN, STM32G0B1CCT6N, STM32G0B1KCT6, STM32G0B1NEY6TR, STM32G0B1RCT6N, STM32G0C1CCT6, STM32G0C1CCT6N, STM32G0C1CCU6N, STM32G0C1CET6N, STM32G0C1CEU6N, STM32G0C1KCT6, STM32G0C1NEY6TR, STM32G0C1RCI6N, STM32G0C1RCT6N, STM32G0C1REI6N, STM32G0C1RET6N, STM32G0C1VCI6, STM32G0C1VEI6, STM32G471CCT6, STM32G471CCU6, STM32G471CET3, STM32G471CET6, STM32G471CEU3, STM32G471CEU6, STM32G471MCT6, STM32G471MET3, STM32G471MET6, STM32G471MEY6TR, STM32G471QCT6, STM32G471QET3, STM32G471RCT6, STM32G471RET3, STM32G471RET6, STM32G471VCH6, STM32G471VCI6, STM32G471VCT6, STM32G471VEH3, STM32G471VEH6, STM32G471VEI3, STM32G471VEI6, STM32G471VET3, STM32G471VET6, STM32G474CCT6, STM32H503CBT6, STM32H503CBU6, STM32H503EBY6TR, STM32H503KBU6, STM32H503RBT6, STM32H562AGI6, STM32H562AII6, STM32H562IGK6, STM32H562IGT6, STM32H562IIK6, STM32H562IIT6, STM32H562RGT6, STM32H562RGV6, STM32H562RIT6, STM32H562RIV6, STM32H562VGT6, STM32H562VIT6, STM32H562ZGT6, STM32H562ZIT6, STM32H563AGI6, STM32H563AII3Q, STM32H563AII6, STM32H563IGK6, STM32H563IGT6, STM32H563IIK3Q, STM32H563IIK6, STM32H563IIT3Q, STM32H563IIT6, STM32H563MIY3QTR, STM32H563RGT6, STM32H563RGV6, STM32H563RIT6, STM32H563RIV6, STM32H563VGT6, STM32H563VIT3Q, STM32H563VIT6, STM32H563ZGT6, STM32H563ZIT3Q, STM32H563ZIT6, STM32H573AII3Q, STM32H573AII6, STM32H573I-DK, STM32H573IIK3Q, STM32H573IIK6, STM32H573IIT3Q, STM32H573IIT6, STM32H573MIY3QTR, STM32H573RIT6, STM32H573RIV6, STM32H573VIT3Q, STM32H573VIT6, STM32H573ZIT3Q, STM32H573ZIT6, STM32L4R5QGI6STR, STM32MP131AAE3, STM32MP131AAF3, STM32MP131AAG3, STM32MP131CAE3, STM32MP131CAF3, STM32MP131CAG3, STM32MP131DAE7, STM32MP131DAF7, STM32MP131DAG7, STM32MP131FAE7, STM32MP131FAF7, STM32MP131FAG7, STM32MP133AAE3, STM32MP133AAF3, STM32MP133AAG3, STM32MP133CAE3, STM32MP133CAF3, STM32MP133CAG3, STM32MP133DAE7, STM32MP133DAF7, STM32MP133DAG7, STM32MP133FAE7, STM32MP133FAF7, STM32MP133FAG7, STM32MP135AAE3, STM32MP135AAF3, STM32MP135AAG3, STM32MP135CAE3, STM32MP135CAF3, STM32MP135CAG3, STM32MP135DAE7, STM32MP135DAF7, STM32MP135DAG7, STM32MP135F-DK, STM32MP135FAE7, STM32MP135FAF7, STM32MP135FAF7T, STM32MP135FAF7U, STM32MP135FAG7, STM32U535CBT6, STM32U535CBT6Q, STM32U535CBU6, STM32U535CBU6Q, STM32U535CCT6, STM32U535CCT6Q, STM32U535CCU6, STM32U535CCU6Q, STM32U535CET6, STM32U535CET6Q, STM32U535CEU6, STM32U535CEU6Q, STM32U535JEY6QTR, STM32U535NCY6QTR, STM32U535NEY6QTR, STM32U535RBI6, STM32U535RBI6Q, STM32U535RBT6, STM32U535RBT6Q, STM32U535RCI6, STM32U535RCI6Q, STM32U535RCT6, STM32U535RCT6Q, STM32U535REI6, STM32U535REI6Q, STM32U535RET6, STM32U535RET6Q, STM32U535VCI6, STM32U535VCI6Q, STM32U535VCT6, STM32U535VCT6Q, STM32U535VEI6, STM32U535VEI6Q, STM32U535VET6, STM32U535VET6Q, STM32U545CET6, STM32U545CET6Q, STM32U545CEU6, STM32U545CEU6Q, STM32U545JEY6QTR, STM32U545NEY6QTR, STM32U545REI6, STM32U545REI6Q, STM32U545RET6, STM32U545RET6Q, STM32U545VEI6, STM32U545VEI6Q, STM32U545VET6, STM32U545VET6Q, STM32U595AIH6, STM32U595AIH6Q, STM32U595AJH6, STM32U595AJH6Q, STM32U595QII6, STM32U595QII6Q, STM32U595QJI6, STM32U595QJI6Q, STM32U595RIT6, STM32U595RIT6Q, STM32U595RJT6, STM32U595RJT6Q, STM32U595VIT6, STM32U595VIT6Q, STM32U595VJT6, STM32U595VJT6Q, STM32U595ZIT6, STM32U595ZIT6Q, STM32U595ZIY6QTR, STM32U595ZJT6, STM32U595ZJT6Q, STM32U595ZJY6QTR, STM32U599BJY6QTR, STM32U599NIH6Q, STM32U599NJH6Q, STM32U599VIT6Q, STM32U599VJT6, STM32U599VJT6Q, STM32U599ZIT6Q, STM32U599ZIY6QTR, STM32U599ZJT6Q, STM32U599ZJY6QTR, STM32U5A5AJH6, STM32U5A5AJH6Q, STM32U5A5QJI6, STM32U5A5QJI6Q, STM32U5A5RJT6, STM32U5A5RJT6Q, STM32U5A5VJT6, STM32U5A5VJT6Q, STM32U5A5ZJT6, STM32U5A5ZJT6Q, STM32U5A5ZJY6QTR, STM32U5A9BJY6QTR, STM32U5A9J-DK, STM32U5A9NJH6Q, STM32U5A9VJT6Q, STM32U5A9ZJT6Q, STM32U5A9ZJY6QTR, STM32U5F7VIT6, STM32U5F7VIT6Q, STM32U5F7VJT6, STM32U5F7VJT6Q, STM32U5F9BJY6QTR, STM32U5F9NJH6Q, STM32U5F9VIT6Q, STM32U5F9VJT6Q, STM32U5F9ZIJ6QTR, STM32U5F9ZIT6Q, STM32U5F9ZJJ6QTR, STM32U5F9ZJT6Q, STM32U5G7VJT6, STM32U5G7VJT6Q, STM32U5G9BJY6QTR, STM32U5G9J-DK1, STM32U5G9J-DK2, STM32U5G9NJH6Q, STM32U5G9VJT6Q, STM32U5G9ZJJ6QTR, STM32U5G9ZJT6Q, STM32WB1MMCH6, STM32WBA52CEU6, STM32WBA52CEU6T, STM32WBA52CGU6, STM32WBA52CGU6T, STM32WBA52KEU6, STM32WBA52KEU6T, STM32WBA52KGU6, STM32WBA52KGU6T, STM32WL5MOCH6, STM32WL5MOCH6TR]
2023-12-07 09:47:22,218 [INFO] DbMcus:217 - Found 3882 MCUs, 3882 are supported
2023-12-07 09:47:22,219 [INFO] ApiDb:423 - Load user favorites file /home/adam/.stm32cubeide/favorites.mcus.txt: 0 item(s)
2023-12-07 09:47:22,219 [INFO] ApiDb:427 - User favorites MCUs=[]
2023-12-07 09:47:22,219 [INFO] DbMcus:223 - Set 0 / 0 favorites MCUs
2023-12-07 09:47:22,461 [WARN] ThirdParty:833 - waiting for thirdparty lock release [change project]
2023-12-07 09:47:22,461 [INFO] ThirdParty:835 - entering critical section [change project]
2023-12-07 09:47:22,462 [INFO] ThirdParty:1030 - CMSIS Pack Vendor :STMicroelectronics X-CUBE-ISPU 1.1.0
2023-12-07 09:47:22,462 [INFO] ThirdParty:1030 - CMSIS Pack Vendor :STMicroelectronics USBPD 4.1
2023-12-07 09:47:22,462 [INFO] ThirdParty:1030 - CMSIS Pack Vendor :STMicroelectronics X-CUBE-GNSS1 6.0.0
2023-12-07 09:47:22,462 [INFO] ThirdParty:1030 - CMSIS Pack Vendor :STMicroelectronics USB_HOST 2.0.0
2023-12-07 09:47:22,462 [INFO] ThirdParty:1030 - CMSIS Pack Vendor :STMicroelectronics X-CUBE-AZRTOS-F4 1.1.0
2023-12-07 09:47:22,462 [INFO] ThirdParty:1030 - CMSIS Pack Vendor :STMicroelectronics LIBJPEG 8.0.0
2023-12-07 09:47:22,462 [INFO] ThirdParty:1030 - CMSIS Pack Vendor :wolfSSL I-CUBE-wolfSSL 5.6.3
2023-12-07 09:47:22,462 [INFO] ThirdParty:1030 - CMSIS Pack Vendor :STMicroelectronics X-CUBE-SMBUS 2.1.0
2023-12-07 09:47:22,462 [INFO] ThirdParty:1030 - CMSIS Pack Vendor :STMicroelectronics USB_DEVICE 3.0.0
2023-12-07 09:47:22,462 [INFO] ThirdParty:1030 - CMSIS Pack Vendor :STMicroelectronics X-CUBE-AZRTOS-WB 2.0.0
2023-12-07 09:47:22,462 [INFO] ThirdParty:1030 - CMSIS Pack Vendor :STMicroelectronics X-CUBE-AZRTOS-F7 1.1.0
2023-12-07 09:47:22,462 [INFO] ThirdParty:1030 - CMSIS Pack Vendor :STMicroelectronics X-CUBE-AZRTOS-L5 2.0.0
2023-12-07 09:47:22,462 [INFO] ThirdParty:1030 - CMSIS Pack Vendor :STMicroelectronics USB_DEVICE 2.0.0
2023-12-07 09:47:22,462 [INFO] ThirdParty:1030 - CMSIS Pack Vendor :STMicroelectronics X-CUBE-AI 7.3.0
2023-12-07 09:47:22,462 [INFO] ThirdParty:1030 - CMSIS Pack Vendor :STMicroelectronics X-CUBE-EEPRMA1 4.2.0
2023-12-07 09:47:22,462 [INFO] ThirdParty:1030 - CMSIS Pack Vendor :ITTIA_DB I-CUBE-ITTIADB 8.8.0
2023-12-07 09:47:22,462 [INFO] ThirdParty:1030 - CMSIS Pack Vendor :STMicroelectronics FP-SNS-MOTENV1 4.3.2
2023-12-07 09:47:22,462 [INFO] ThirdParty:1030 - CMSIS Pack Vendor :STMicroelectronics X-CUBE-ALGOBUILD 1.3.0
2023-12-07 09:47:22,462 [INFO] ThirdParty:1030 - CMSIS Pack Vendor :STMicroelectronics FreeRTOS 0.0.1
2023-12-07 09:47:22,462 [INFO] ThirdParty:1030 - CMSIS Pack Vendor :STMicroelectronics X-CUBE-AZRTOS-G0 1.1.0
2023-12-07 09:47:22,462 [INFO] ThirdParty:1030 - CMSIS Pack Vendor :STMicroelectronics X-CUBE-BLEMGR 2.0.0
2023-12-07 09:47:22,462 [INFO] ThirdParty:1030 - CMSIS Pack Vendor :STMicroelectronics X-CUBE-NFC4 3.0.0
2023-12-07 09:47:22,462 [INFO] ThirdParty:1030 - CMSIS Pack Vendor :STMicroelectronics X-CUBE-SUBG2 5.0.0
2023-12-07 09:47:22,462 [INFO] ThirdParty:1030 - CMSIS Pack Vendor :STMicroelectronics STM32_WPAN 1.0.0
2023-12-07 09:47:22,462 [INFO] ThirdParty:1030 - CMSIS Pack Vendor :STMicroelectronics lwIP 2.0.3
2023-12-07 09:47:22,462 [INFO] ThirdParty:1030 - CMSIS Pack Vendor :STMicroelectronics FP-SNS-FLIGHT1 5.0.2
2023-12-07 09:47:22,462 [INFO] ThirdParty:1030 - CMSIS Pack Vendor :STMicroelectronics USB_HOST 1.0.0
2023-12-07 09:47:22,462 [INFO] ThirdParty:1030 - CMSIS Pack Vendor :STMicroelectronics X-CUBE-TOF1 3.3.1
2023-12-07 09:47:22,462 [INFO] ThirdParty:1030 - CMSIS Pack Vendor :STMicroelectronics X-CUBE-AZRTOS-G4 2.0.0
2023-12-07 09:47:22,462 [INFO] ThirdParty:1030 - CMSIS Pack Vendor :STMicroelectronics PDM2PCM 3.1.0
2023-12-07 09:47:22,462 [INFO] ThirdParty:1030 - CMSIS Pack Vendor :STMicroelectronics X-CUBE-AZRTOS-H7 3.1.0
2023-12-07 09:47:22,462 [INFO] ThirdParty:1030 - CMSIS Pack Vendor :Infineon AIROC-Wi-Fi-Bluetooth-STM32 1.5.1
2023-12-07 09:47:22,462 [INFO] ThirdParty:1030 - CMSIS Pack Vendor :STMicroelectronics X-CUBE-BLEMGR 3.0.0
2023-12-07 09:47:22,462 [INFO] ThirdParty:1030 - CMSIS Pack Vendor :STMicroelectronics PDM2PCM 3.3.0
2023-12-07 09:47:22,462 [INFO] ThirdParty:1030 - CMSIS Pack Vendor :STMicroelectronics X-CUBE-DISPLAY 3.0.0
2023-12-07 09:47:22,463 [INFO] ThirdParty:1030 - CMSIS Pack Vendor :STMicroelectronics FP-SNS-MOTENVWB1 1.3.0
2023-12-07 09:47:22,463 [INFO] ThirdParty:1030 - CMSIS Pack Vendor :STMicroelectronics FP-SNS-MOTENVWB1 1.3.1
2023-12-07 09:47:22,463 [INFO] ThirdParty:1030 - CMSIS Pack Vendor :STMicroelectronics X-CUBE-BLE1 7.0.0
2023-12-07 09:47:22,463 [INFO] ThirdParty:1030 - CMSIS Pack Vendor :STMicroelectronics FP-ATR-SIGFOX1 3.2.0
2023-12-07 09:47:22,463 [INFO] ThirdParty:1030 - CMSIS Pack Vendor :STMicroelectronics HAL Drivers 0.0.0
2023-12-07 09:47:22,463 [INFO] ThirdParty:1030 - CMSIS Pack Vendor :STMicroelectronics MBEDTLS 2.16.2
2023-12-07 09:47:22,463 [INFO] ThirdParty:1030 - CMSIS Pack Vendor :emotas I-CUBE-CANOPEN 1.3.0
2023-12-07 09:47:22,463 [INFO] ThirdParty:1030 - CMSIS Pack Vendor :STMicroelectronics X-CUBE-MEMS1 10.0.0
2023-12-07 09:47:22,463 [INFO] ThirdParty:1030 - CMSIS Pack Vendor :STMicroelectronics X-CUBE-FREERTOS 1.1.0
2023-12-07 09:47:22,463 [INFO] ThirdParty:1030 - CMSIS Pack Vendor :STMicroelectronics X-CUBE-NFC7 1.0.1
2023-12-07 09:47:22,463 [INFO] ThirdParty:1030 - CMSIS Pack Vendor :STMicroelectronics MBEDTLS 2.14.1
2023-12-07 09:47:22,463 [INFO] ThirdParty:1030 - CMSIS Pack Vendor :STMicroelectronics X-CUBE-TOUCHGFX 4.22.1
2023-12-07 09:47:22,463 [INFO] ThirdParty:1030 - CMSIS Pack Vendor :STMicroelectronics X-CUBE-NFC6 3.0.0
2023-12-07 09:47:22,463 [INFO] ThirdParty:1030 - CMSIS Pack Vendor :portGmbH I-Cube-SoM-uGOAL 1.1.0
2023-12-07 09:47:22,463 [INFO] ThirdParty:1030 - CMSIS Pack Vendor :STMicroelectronics X-CUBE-ALS 1.0.1
2023-12-07 09:47:22,463 [INFO] ThirdParty:1030 - CMSIS Pack Vendor :STMicroelectronics ThreadX 1.0.0
2023-12-07 09:47:22,463 [INFO] ThirdParty:1030 - CMSIS Pack Vendor :STMicroelectronics FP-SNS-SMARTAG2 1.2.0
2023-12-07 09:47:22,463 [INFO] ThirdParty:1030 - CMSIS Pack Vendor :STMicroelectronics X-CUBE-AZRTOS-WL 2.0.0
2023-12-07 09:47:22,463 [INFO] ThirdParty:1030 - CMSIS Pack Vendor :STMicroelectronics USB_DEVICE 1.0.0
2023-12-07 09:47:22,463 [INFO] ThirdParty:1030 - CMSIS Pack Vendor :STMicroelectronics X-CUBE-AI 8.1.0
2023-12-07 09:47:22,463 [INFO] ThirdParty:1030 - CMSIS Pack Vendor :STMicroelectronics X-CUBE-AZRTOS-L4 2.0.0
2023-12-07 09:47:22,463 [INFO] ThirdParty:1030 - CMSIS Pack Vendor :STMicroelectronics ThreadX 0.0.2
2023-12-07 09:47:22,463 [INFO] ThirdParty:1030 - CMSIS Pack Vendor :WES I-CUBE-Cesium 1.3.0
2023-12-07 09:47:22,463 [INFO] ThirdParty:1030 - CMSIS Pack Vendor :STMicroelectronics FP-ATR-ASTRA1 2.0.0
2023-12-07 09:47:22,463 [INFO] ThirdParty:1030 - CMSIS Pack Vendor :STMicroelectronics lwIP 2.1.2
2023-12-07 09:47:22,463 [INFO] ThirdParty:1030 - CMSIS Pack Vendor :STMicroelectronics X-CUBE-SFXS2LP1 4.0.0
2023-12-07 09:47:22,463 [INFO] ThirdParty:1030 - CMSIS Pack Vendor :STMicroelectronics X-CUBE-BLE2 3.3.0
2023-12-07 09:47:22,463 [INFO] ThirdParty:1030 - CMSIS Pack Vendor :STMicroelectronics X-CUBE-TOF1 3.4.0
2023-12-07 09:47:22,463 [INFO] ThirdParty:1030 - CMSIS Pack Vendor :STMicroelectronics PDM2PCM 3.2.0
2023-12-07 09:47:22,463 [INFO] ThirdParty:841 - exiting critical section [change project]
2023-12-07 09:47:22,740 [INFO] PinOutPanel:1499 - setPackage(No Configuration,No Configuration)
2023-12-07 09:47:22,742 [INFO] PinOutPanel:1499 - setPackage(STM32F401RETx,LQFP64)
2023-12-07 09:47:23,241 [INFO] UtilMem:75 - Before build in PCC Used Memory: 807516200 Bytes (943718400)
2023-12-07 09:47:23,699 [INFO] UtilMem:75 - After build in PCC Used Memory: 730915840 Bytes (943718400)
2023-12-07 09:47:23,721 [INFO] IPUIPlugin:80 - create IPUIPlugin
2023-12-07 09:47:23,721 [INFO] IPUIPlugin:80 - create IPUIPlugin
2023-12-07 09:47:23,721 [INFO] IPUIPlugin:80 - create IPUIPlugin
2023-12-07 09:47:23,721 [INFO] IPUIPlugin:80 - create IPUIPlugin
2023-12-07 09:47:23,721 [INFO] IPUIPlugin:80 - create IPUIPlugin
2023-12-07 09:47:23,721 [INFO] IPUIPlugin:80 - create IPUIPlugin
2023-12-07 09:47:23,721 [INFO] IPUIPlugin:80 - create IPUIPlugin
2023-12-07 09:47:23,721 [INFO] IPUIPlugin:80 - create IPUIPlugin
2023-12-07 09:47:23,721 [INFO] IPUIPlugin:80 - create IPUIPlugin
2023-12-07 09:47:23,721 [INFO] IPUIPlugin:80 - create IPUIPlugin
2023-12-07 09:47:23,722 [INFO] IPUIPlugin:80 - create IPUIPlugin
2023-12-07 09:47:23,722 [INFO] IPUIPlugin:80 - create IPUIPlugin
2023-12-07 09:47:23,722 [INFO] IPUIPlugin:80 - create IPUIPlugin
2023-12-07 09:47:23,722 [INFO] IPUIPlugin:80 - create IPUIPlugin
2023-12-07 09:47:23,722 [INFO] IPUIPlugin:80 - create IPUIPlugin
2023-12-07 09:47:23,722 [INFO] IPUIPlugin:80 - create IPUIPlugin
2023-12-07 09:47:23,722 [INFO] IPUIPlugin:80 - create IPUIPlugin
2023-12-07 09:47:23,722 [INFO] IPUIPlugin:80 - create IPUIPlugin
2023-12-07 09:47:23,723 [INFO] IPUIPlugin:80 - create IPUIPlugin
2023-12-07 09:47:23,723 [INFO] IPUIPlugin:80 - create IPUIPlugin
2023-12-07 09:47:23,723 [INFO] IPUIPlugin:80 - create IPUIPlugin
2023-12-07 09:47:23,723 [INFO] IPUIPlugin:80 - create IPUIPlugin
2023-12-07 09:47:23,723 [INFO] IPUIPlugin:80 - create IPUIPlugin
2023-12-07 09:47:23,723 [INFO] IPUIPlugin:80 - create IPUIPlugin
2023-12-07 09:47:23,723 [INFO] IPUIPlugin:80 - create IPUIPlugin
2023-12-07 09:47:23,723 [INFO] IPUIPlugin:80 - create IPUIPlugin
2023-12-07 09:47:23,723 [INFO] IPUIPlugin:80 - create IPUIPlugin
2023-12-07 09:47:23,723 [INFO] IPUIPlugin:80 - create IPUIPlugin
2023-12-07 09:47:23,724 [INFO] IPUIPlugin:80 - create IPUIPlugin
2023-12-07 09:47:23,724 [INFO] IPUIPlugin:80 - create IPUIPlugin
2023-12-07 09:47:23,724 [INFO] IPUIPlugin:80 - create IPUIPlugin
2023-12-07 09:47:23,724 [INFO] IPUIPlugin:80 - create IPUIPlugin
2023-12-07 09:47:23,724 [INFO] IPUIPlugin:80 - create IPUIPlugin
2023-12-07 09:47:23,724 [INFO] IPUIPlugin:80 - create IPUIPlugin
2023-12-07 09:47:23,724 [INFO] IPUIPlugin:80 - create IPUIPlugin
2023-12-07 09:47:23,724 [INFO] IPUIPlugin:80 - create IPUIPlugin
2023-12-07 09:47:23,725 [INFO] IPUIPlugin:80 - create IPUIPlugin
2023-12-07 09:47:23,725 [INFO] IPUIPlugin:80 - create IPUIPlugin
2023-12-07 09:47:23,750 [INFO] ApiDbMcu:507 - Load IP Config File for PDM2PCM
2023-12-07 09:47:23,755 [WARN] IP:2114 - I2C_Coeff_DF not found: check if there is a RefParameter without a condition.
2023-12-07 09:47:23,755 [WARN] IP:2114 - Analog_Filter not found: check if there is a RefParameter without a condition.
2023-12-07 09:47:23,863 [INFO] CADModel:165 - CPN selected for project levelSTM32F401RET6
2023-12-07 09:47:23,863 [INFO] CADModel:114 - Register for checkConnection events
2023-12-07 09:47:23,902 [INFO] OpenFileManager:328 - Restore cursor
2023-12-07 09:47:24,065 [WARN] IP:2114 - I2C_Coeff_DF not found: check if there is a RefParameter without a condition.
2023-12-07 09:47:24,065 [WARN] IP:2114 - Analog_Filter not found: check if there is a RefParameter without a condition.
2023-12-07 09:47:24,066 [WARN] IP:2114 - I2C_Coeff_DF not found: check if there is a RefParameter without a condition.
2023-12-07 09:47:24,066 [WARN] IP:2114 - Analog_Filter not found: check if there is a RefParameter without a condition.
2023-12-07 10:16:14,673 [INFO] MainUpdater:2868 - connection check result : 10
2023-12-07 10:16:14,685 [INFO] MainUpdater:2868 - connection check result : 10
2023-12-07 10:16:14,755 [INFO] MicroXplorer:468 - Change Database Path : 
2023-12-07 10:16:14,755 [INFO] MicroXplorer:498 - Change Database Version : DB.6.0.92
2023-12-07 10:16:14,768 [WARN] ThirdParty:871 - waiting for thirdparty lock release [close project]
2023-12-07 10:16:14,768 [INFO] ThirdParty:873 - entering critical section [close project]
2023-12-07 10:16:14,768 [INFO] ThirdParty:883 - exiting critical section [close project]
2023-12-07 10:16:14,769 [INFO] PinOutPanel:1499 - setPackage(No Configuration,No Configuration)
2023-12-07 10:16:14,779 [WARN] IpParametersView:151 - Warning: This peripheral hasn't parameters
2023-12-07 10:16:14,786 [WARN] MainPanel:272 - <html><b><center>Warning: This peripheral has no parameters to be configured<br></b></html>
2023-12-07 10:16:14,792 [INFO] UtilMem:75 - Begin LoadConfig() Used Memory: 814519992 Bytes (943718400)
2023-12-07 10:16:14,793 [INFO] MicroXplorer:468 - Change Database Path : 
2023-12-07 10:16:14,793 [INFO] MicroXplorer:498 - Change Database Version : DB.6.0.92
2023-12-07 10:16:14,793 [INFO] OpenFileManager:308 - Change cursor
2023-12-07 10:16:14,798 [INFO] Mcu:1946 - Initializing MCU STM32F401R(D-E)Tx STM32F401RETx STM32F401RET6
2023-12-07 10:16:15,209 [INFO] Context:659 - Trying to add GPIOservice into a context  which must be forbidden
2023-12-07 10:16:15,466 [INFO] RtosManager:555 - Registered RTOS mode: class=CMSIS, group=RTOS, mode=CMSIS_V1, owner=FREERTOS
2023-12-07 10:16:15,466 [INFO] RtosManager:555 - Registered RTOS mode: class=CMSIS, group=RTOS2, mode=CMSIS_V2, owner=FREERTOS
2023-12-07 10:16:15,466 [INFO] RtosManager:555 - Registered RTOS mode: class=RTOS, group=Core, mode=CMSIS_V1, owner=FREERTOS
2023-12-07 10:16:15,466 [INFO] RtosManager:555 - Registered RTOS mode: class=RTOS, group=Core, mode=CMSIS_V2, owner=FREERTOS
2023-12-07 10:16:15,466 [WARN] ModelIntegratedComponent:184 - Missing modes for component STMicroelectronics:FreeRTOS:0.0.1:STMicroelectronics:RTOS:FreeRTOS:Core:::10.2.0:
2023-12-07 10:16:15,472 [WARN] ModelIntegratedComponent:63 - No mode defined for component null
2023-12-07 10:16:15,472 [WARN] ModelIntegratedComponent:63 - No mode defined for component null
2023-12-07 10:16:15,472 [WARN] ModelIntegratedComponent:63 - No mode defined for component null
2023-12-07 10:16:15,472 [WARN] ModelIntegratedComponent:63 - No mode defined for component null
2023-12-07 10:16:15,473 [WARN] ModelIntegratedComponent:63 - No mode defined for component null
2023-12-07 10:16:15,473 [WARN] ModelIntegratedComponent:63 - No mode defined for component null
2023-12-07 10:16:15,473 [WARN] ModelIntegratedComponent:63 - No mode defined for component null
2023-12-07 10:16:15,473 [WARN] ModelIntegratedComponent:63 - No mode defined for component null
2023-12-07 10:16:15,473 [WARN] ModelIntegratedComponent:63 - No mode defined for component null
2023-12-07 10:16:15,473 [WARN] ModelIntegratedComponent:63 - No mode defined for component null
2023-12-07 10:16:15,473 [WARN] ModelIntegratedComponent:63 - No mode defined for component null
2023-12-07 10:16:15,473 [WARN] ModelIntegratedComponent:63 - No mode defined for component null
2023-12-07 10:16:15,473 [WARN] ModelIntegratedComponent:63 - No mode defined for component null
2023-12-07 10:16:15,473 [WARN] ModelIntegratedComponent:63 - No mode defined for component null
2023-12-07 10:16:15,473 [WARN] ModelIntegratedComponent:63 - No mode defined for component null
2023-12-07 10:16:15,473 [WARN] ModelIntegratedComponent:63 - No mode defined for component null
2023-12-07 10:16:15,473 [WARN] ModelIntegratedComponent:63 - No mode defined for component null
2023-12-07 10:16:15,473 [WARN] ModelIntegratedComponent:63 - No mode defined for component null
2023-12-07 10:16:15,473 [WARN] ModelIntegratedComponent:63 - No mode defined for component null
2023-12-07 10:16:15,473 [WARN] ModelIntegratedComponent:63 - No mode defined for component null
2023-12-07 10:16:15,473 [WARN] ModelIntegratedComponent:63 - No mode defined for component null
2023-12-07 10:16:15,473 [WARN] ModelIntegratedComponent:63 - No mode defined for component null
2023-12-07 10:16:15,473 [WARN] ModelIntegratedComponent:63 - No mode defined for component null
2023-12-07 10:16:15,473 [WARN] ModelIntegratedComponent:63 - No mode defined for component null
2023-12-07 10:16:15,473 [WARN] ModelIntegratedComponent:63 - No mode defined for component null
2023-12-07 10:16:15,473 [WARN] ModelIntegratedComponent:63 - No mode defined for component null
2023-12-07 10:16:15,473 [WARN] ModelIntegratedComponent:63 - No mode defined for component null
2023-12-07 10:16:15,473 [WARN] ModelIntegratedComponent:63 - No mode defined for component null
2023-12-07 10:16:15,473 [WARN] ModelIntegratedComponent:63 - No mode defined for component null
2023-12-07 10:16:15,473 [WARN] ModelIntegratedComponent:63 - No mode defined for component null
2023-12-07 10:16:15,473 [WARN] ModelIntegratedComponent:63 - No mode defined for component null
2023-12-07 10:16:15,473 [WARN] ModelIntegratedComponent:63 - No mode defined for component null
2023-12-07 10:16:15,473 [WARN] ModelIntegratedComponent:63 - No mode defined for component null
2023-12-07 10:16:15,534 [INFO] ThirdPartyModel:298 - Start build external matchings
2023-12-07 10:16:15,760 [INFO] ThirdPartyModel:316 - End build external matchings
2023-12-07 10:16:15,767 [WARN] IP:2114 - I2C_Coeff_DF not found: check if there is a RefParameter without a condition.
2023-12-07 10:16:15,767 [WARN] IP:2114 - Analog_Filter not found: check if there is a RefParameter without a condition.
2023-12-07 10:16:15,767 [INFO] ImportTextPane:194 - (OptionalMessage_ERROR) IP (RCC) : Parameter (RTCHSEDivFreq_Value) has invalid value (4000000)
2023-12-07 10:16:15,851 [INFO] UtilMem:75 - End LoadConfig() Used Memory: 813665472 Bytes (943718400)
2023-12-07 10:16:15,857 [WARN] ThirdParty:833 - waiting for thirdparty lock release [change project]
2023-12-07 10:16:15,858 [INFO] ThirdParty:835 - entering critical section [change project]
2023-12-07 10:16:15,858 [INFO] ThirdParty:1030 - CMSIS Pack Vendor :STMicroelectronics X-CUBE-ISPU 1.1.0
2023-12-07 10:16:15,858 [INFO] ThirdParty:1030 - CMSIS Pack Vendor :STMicroelectronics USBPD 4.1
2023-12-07 10:16:15,858 [INFO] ThirdParty:1030 - CMSIS Pack Vendor :STMicroelectronics X-CUBE-GNSS1 6.0.0
2023-12-07 10:16:15,858 [INFO] ThirdParty:1030 - CMSIS Pack Vendor :STMicroelectronics USB_HOST 2.0.0
2023-12-07 10:16:15,858 [INFO] ThirdParty:1030 - CMSIS Pack Vendor :STMicroelectronics X-CUBE-AZRTOS-F4 1.1.0
2023-12-07 10:16:15,858 [INFO] ThirdParty:1030 - CMSIS Pack Vendor :STMicroelectronics LIBJPEG 8.0.0
2023-12-07 10:16:15,858 [INFO] ThirdParty:1030 - CMSIS Pack Vendor :wolfSSL I-CUBE-wolfSSL 5.6.3
2023-12-07 10:16:15,858 [INFO] ThirdParty:1030 - CMSIS Pack Vendor :STMicroelectronics X-CUBE-SMBUS 2.1.0
2023-12-07 10:16:15,858 [INFO] ThirdParty:1030 - CMSIS Pack Vendor :STMicroelectronics USB_DEVICE 3.0.0
2023-12-07 10:16:15,859 [INFO] ThirdParty:1030 - CMSIS Pack Vendor :STMicroelectronics X-CUBE-AZRTOS-WB 2.0.0
2023-12-07 10:16:15,859 [INFO] ThirdParty:1030 - CMSIS Pack Vendor :STMicroelectronics X-CUBE-AZRTOS-F7 1.1.0
2023-12-07 10:16:15,859 [INFO] ThirdParty:1030 - CMSIS Pack Vendor :STMicroelectronics X-CUBE-AZRTOS-L5 2.0.0
2023-12-07 10:16:15,859 [INFO] ThirdParty:1030 - CMSIS Pack Vendor :STMicroelectronics USB_DEVICE 2.0.0
2023-12-07 10:16:15,859 [INFO] ThirdParty:1030 - CMSIS Pack Vendor :STMicroelectronics X-CUBE-AI 7.3.0
2023-12-07 10:16:15,859 [INFO] ThirdParty:1030 - CMSIS Pack Vendor :STMicroelectronics X-CUBE-EEPRMA1 4.2.0
2023-12-07 10:16:15,859 [INFO] ThirdParty:1030 - CMSIS Pack Vendor :ITTIA_DB I-CUBE-ITTIADB 8.8.0
2023-12-07 10:16:15,859 [INFO] ThirdParty:1030 - CMSIS Pack Vendor :STMicroelectronics FP-SNS-MOTENV1 4.3.2
2023-12-07 10:16:15,859 [INFO] ThirdParty:1030 - CMSIS Pack Vendor :STMicroelectronics X-CUBE-ALGOBUILD 1.3.0
2023-12-07 10:16:15,859 [INFO] ThirdParty:1030 - CMSIS Pack Vendor :STMicroelectronics FreeRTOS 0.0.1
2023-12-07 10:16:15,859 [INFO] ThirdParty:1030 - CMSIS Pack Vendor :STMicroelectronics X-CUBE-AZRTOS-G0 1.1.0
2023-12-07 10:16:15,859 [INFO] ThirdParty:1030 - CMSIS Pack Vendor :STMicroelectronics X-CUBE-BLEMGR 2.0.0
2023-12-07 10:16:15,859 [INFO] ThirdParty:1030 - CMSIS Pack Vendor :STMicroelectronics X-CUBE-NFC4 3.0.0
2023-12-07 10:16:15,859 [INFO] ThirdParty:1030 - CMSIS Pack Vendor :STMicroelectronics X-CUBE-SUBG2 5.0.0
2023-12-07 10:16:15,859 [INFO] ThirdParty:1030 - CMSIS Pack Vendor :STMicroelectronics STM32_WPAN 1.0.0
2023-12-07 10:16:15,859 [INFO] ThirdParty:1030 - CMSIS Pack Vendor :STMicroelectronics lwIP 2.0.3
2023-12-07 10:16:15,859 [INFO] ThirdParty:1030 - CMSIS Pack Vendor :STMicroelectronics FP-SNS-FLIGHT1 5.0.2
2023-12-07 10:16:15,859 [INFO] ThirdParty:1030 - CMSIS Pack Vendor :STMicroelectronics USB_HOST 1.0.0
2023-12-07 10:16:15,859 [INFO] ThirdParty:1030 - CMSIS Pack Vendor :STMicroelectronics X-CUBE-TOF1 3.3.1
2023-12-07 10:16:15,859 [INFO] ThirdParty:1030 - CMSIS Pack Vendor :STMicroelectronics X-CUBE-AZRTOS-G4 2.0.0
2023-12-07 10:16:15,859 [INFO] ThirdParty:1030 - CMSIS Pack Vendor :STMicroelectronics PDM2PCM 3.1.0
2023-12-07 10:16:15,859 [INFO] ThirdParty:1030 - CMSIS Pack Vendor :STMicroelectronics X-CUBE-AZRTOS-H7 3.1.0
2023-12-07 10:16:15,859 [INFO] ThirdParty:1030 - CMSIS Pack Vendor :Infineon AIROC-Wi-Fi-Bluetooth-STM32 1.5.1
2023-12-07 10:16:15,859 [INFO] ThirdParty:1030 - CMSIS Pack Vendor :STMicroelectronics X-CUBE-BLEMGR 3.0.0
2023-12-07 10:16:15,859 [INFO] ThirdParty:1030 - CMSIS Pack Vendor :STMicroelectronics PDM2PCM 3.3.0
2023-12-07 10:16:15,859 [INFO] ThirdParty:1030 - CMSIS Pack Vendor :STMicroelectronics X-CUBE-DISPLAY 3.0.0
2023-12-07 10:16:15,859 [INFO] ThirdParty:1030 - CMSIS Pack Vendor :STMicroelectronics FP-SNS-MOTENVWB1 1.3.0
2023-12-07 10:16:15,859 [INFO] ThirdParty:1030 - CMSIS Pack Vendor :STMicroelectronics FP-SNS-MOTENVWB1 1.3.1
2023-12-07 10:16:15,859 [INFO] ThirdParty:1030 - CMSIS Pack Vendor :STMicroelectronics X-CUBE-BLE1 7.0.0
2023-12-07 10:16:15,859 [INFO] ThirdParty:1030 - CMSIS Pack Vendor :STMicroelectronics FP-ATR-SIGFOX1 3.2.0
2023-12-07 10:16:15,859 [INFO] ThirdParty:1030 - CMSIS Pack Vendor :STMicroelectronics HAL Drivers 0.0.0
2023-12-07 10:16:15,859 [INFO] ThirdParty:1030 - CMSIS Pack Vendor :STMicroelectronics MBEDTLS 2.16.2
2023-12-07 10:16:15,859 [INFO] ThirdParty:1030 - CMSIS Pack Vendor :emotas I-CUBE-CANOPEN 1.3.0
2023-12-07 10:16:15,859 [INFO] ThirdParty:1030 - CMSIS Pack Vendor :STMicroelectronics X-CUBE-MEMS1 10.0.0
2023-12-07 10:16:15,860 [INFO] ThirdParty:1030 - CMSIS Pack Vendor :STMicroelectronics X-CUBE-FREERTOS 1.1.0
2023-12-07 10:16:15,860 [INFO] ThirdParty:1030 - CMSIS Pack Vendor :STMicroelectronics X-CUBE-NFC7 1.0.1
2023-12-07 10:16:15,860 [INFO] ThirdParty:1030 - CMSIS Pack Vendor :STMicroelectronics MBEDTLS 2.14.1
2023-12-07 10:16:15,860 [INFO] ThirdParty:1030 - CMSIS Pack Vendor :STMicroelectronics X-CUBE-TOUCHGFX 4.22.1
2023-12-07 10:16:15,860 [INFO] ThirdParty:1030 - CMSIS Pack Vendor :STMicroelectronics X-CUBE-NFC6 3.0.0
2023-12-07 10:16:15,860 [INFO] ThirdParty:1030 - CMSIS Pack Vendor :portGmbH I-Cube-SoM-uGOAL 1.1.0
2023-12-07 10:16:15,860 [INFO] ThirdParty:1030 - CMSIS Pack Vendor :STMicroelectronics X-CUBE-ALS 1.0.1
2023-12-07 10:16:15,860 [INFO] ThirdParty:1030 - CMSIS Pack Vendor :STMicroelectronics ThreadX 1.0.0
2023-12-07 10:16:15,860 [INFO] ThirdParty:1030 - CMSIS Pack Vendor :STMicroelectronics FP-SNS-SMARTAG2 1.2.0
2023-12-07 10:16:15,860 [INFO] ThirdParty:1030 - CMSIS Pack Vendor :STMicroelectronics X-CUBE-AZRTOS-WL 2.0.0
2023-12-07 10:16:15,860 [INFO] ThirdParty:1030 - CMSIS Pack Vendor :STMicroelectronics USB_DEVICE 1.0.0
2023-12-07 10:16:15,860 [INFO] ThirdParty:1030 - CMSIS Pack Vendor :STMicroelectronics X-CUBE-AI 8.1.0
2023-12-07 10:16:15,860 [INFO] ThirdParty:1030 - CMSIS Pack Vendor :STMicroelectronics X-CUBE-AZRTOS-L4 2.0.0
2023-12-07 10:16:15,860 [INFO] ThirdParty:1030 - CMSIS Pack Vendor :STMicroelectronics ThreadX 0.0.2
2023-12-07 10:16:15,860 [INFO] ThirdParty:1030 - CMSIS Pack Vendor :WES I-CUBE-Cesium 1.3.0
2023-12-07 10:16:15,860 [INFO] ThirdParty:1030 - CMSIS Pack Vendor :STMicroelectronics FP-ATR-ASTRA1 2.0.0
2023-12-07 10:16:15,860 [INFO] ThirdParty:1030 - CMSIS Pack Vendor :STMicroelectronics lwIP 2.1.2
2023-12-07 10:16:15,860 [INFO] ThirdParty:1030 - CMSIS Pack Vendor :STMicroelectronics X-CUBE-SFXS2LP1 4.0.0
2023-12-07 10:16:15,860 [INFO] ThirdParty:1030 - CMSIS Pack Vendor :STMicroelectronics X-CUBE-BLE2 3.3.0
2023-12-07 10:16:15,860 [INFO] ThirdParty:1030 - CMSIS Pack Vendor :STMicroelectronics X-CUBE-TOF1 3.4.0
2023-12-07 10:16:15,860 [INFO] ThirdParty:1030 - CMSIS Pack Vendor :STMicroelectronics PDM2PCM 3.2.0
2023-12-07 10:16:15,860 [INFO] ThirdParty:841 - exiting critical section [change project]
2023-12-07 10:16:16,068 [INFO] PinOutPanel:1499 - setPackage(No Configuration,No Configuration)
2023-12-07 10:16:16,069 [INFO] PinOutPanel:1499 - setPackage(STM32F401RETx,LQFP64)
2023-12-07 10:16:16,228 [INFO] UtilMem:75 - Before build in PCC Used Memory: 749617616 Bytes (943718400)
2023-12-07 10:16:16,405 [INFO] UtilMem:75 - After build in PCC Used Memory: 795172480 Bytes (943718400)
2023-12-07 10:16:16,419 [INFO] IPUIPlugin:80 - create IPUIPlugin
2023-12-07 10:16:16,419 [INFO] IPUIPlugin:80 - create IPUIPlugin
2023-12-07 10:16:16,420 [INFO] IPUIPlugin:80 - create IPUIPlugin
2023-12-07 10:16:16,420 [INFO] IPUIPlugin:80 - create IPUIPlugin
2023-12-07 10:16:16,420 [INFO] IPUIPlugin:80 - create IPUIPlugin
2023-12-07 10:16:16,420 [INFO] IPUIPlugin:80 - create IPUIPlugin
2023-12-07 10:16:16,420 [INFO] IPUIPlugin:80 - create IPUIPlugin
2023-12-07 10:16:16,420 [INFO] IPUIPlugin:80 - create IPUIPlugin
2023-12-07 10:16:16,420 [INFO] IPUIPlugin:80 - create IPUIPlugin
2023-12-07 10:16:16,420 [INFO] IPUIPlugin:80 - create IPUIPlugin
2023-12-07 10:16:16,420 [INFO] IPUIPlugin:80 - create IPUIPlugin
2023-12-07 10:16:16,420 [INFO] IPUIPlugin:80 - create IPUIPlugin
2023-12-07 10:16:16,421 [INFO] IPUIPlugin:80 - create IPUIPlugin
2023-12-07 10:16:16,421 [INFO] IPUIPlugin:80 - create IPUIPlugin
2023-12-07 10:16:16,421 [INFO] IPUIPlugin:80 - create IPUIPlugin
2023-12-07 10:16:16,421 [INFO] IPUIPlugin:80 - create IPUIPlugin
2023-12-07 10:16:16,421 [INFO] IPUIPlugin:80 - create IPUIPlugin
2023-12-07 10:16:16,421 [INFO] IPUIPlugin:80 - create IPUIPlugin
2023-12-07 10:16:16,421 [INFO] IPUIPlugin:80 - create IPUIPlugin
2023-12-07 10:16:16,421 [INFO] IPUIPlugin:80 - create IPUIPlugin
2023-12-07 10:16:16,421 [INFO] IPUIPlugin:80 - create IPUIPlugin
2023-12-07 10:16:16,421 [INFO] IPUIPlugin:80 - create IPUIPlugin
2023-12-07 10:16:16,422 [INFO] IPUIPlugin:80 - create IPUIPlugin
2023-12-07 10:16:16,422 [INFO] IPUIPlugin:80 - create IPUIPlugin
2023-12-07 10:16:16,422 [INFO] IPUIPlugin:80 - create IPUIPlugin
2023-12-07 10:16:16,422 [INFO] IPUIPlugin:80 - create IPUIPlugin
2023-12-07 10:16:16,422 [INFO] IPUIPlugin:80 - create IPUIPlugin
2023-12-07 10:16:16,422 [INFO] IPUIPlugin:80 - create IPUIPlugin
2023-12-07 10:16:16,422 [INFO] IPUIPlugin:80 - create IPUIPlugin
2023-12-07 10:16:16,423 [INFO] IPUIPlugin:80 - create IPUIPlugin
2023-12-07 10:16:16,423 [INFO] IPUIPlugin:80 - create IPUIPlugin
2023-12-07 10:16:16,423 [INFO] IPUIPlugin:80 - create IPUIPlugin
2023-12-07 10:16:16,423 [INFO] IPUIPlugin:80 - create IPUIPlugin
2023-12-07 10:16:16,423 [INFO] IPUIPlugin:80 - create IPUIPlugin
2023-12-07 10:16:16,423 [INFO] IPUIPlugin:80 - create IPUIPlugin
2023-12-07 10:16:16,423 [INFO] IPUIPlugin:80 - create IPUIPlugin
2023-12-07 10:16:16,424 [INFO] IPUIPlugin:80 - create IPUIPlugin
2023-12-07 10:16:16,424 [INFO] IPUIPlugin:80 - create IPUIPlugin
2023-12-07 10:16:16,426 [INFO] ApiDbMcu:507 - Load IP Config File for PDM2PCM
2023-12-07 10:16:16,427 [WARN] IP:2114 - I2C_Coeff_DF not found: check if there is a RefParameter without a condition.
2023-12-07 10:16:16,427 [WARN] IP:2114 - Analog_Filter not found: check if there is a RefParameter without a condition.
2023-12-07 10:16:16,457 [INFO] CADModel:165 - CPN selected for project levelSTM32F401RET6
2023-12-07 10:16:16,457 [INFO] CADModel:114 - Register for checkConnection events
2023-12-07 10:16:16,494 [INFO] OpenFileManager:328 - Restore cursor
2023-12-07 10:16:16,540 [WARN] IP:2114 - I2C_Coeff_DF not found: check if there is a RefParameter without a condition.
2023-12-07 10:16:16,540 [WARN] IP:2114 - Analog_Filter not found: check if there is a RefParameter without a condition.
2023-12-07 10:16:16,541 [WARN] IP:2114 - I2C_Coeff_DF not found: check if there is a RefParameter without a condition.
2023-12-07 10:16:16,541 [WARN] IP:2114 - Analog_Filter not found: check if there is a RefParameter without a condition.
2023-12-07 10:16:19,938 [WARN] IP:2114 - I2C_Coeff_DF not found: check if there is a RefParameter without a condition.
2023-12-07 10:16:19,938 [WARN] IP:2114 - Analog_Filter not found: check if there is a RefParameter without a condition.
2023-12-07 19:54:45,132 [INFO] MainUpdater:2868 - connection check result : 10
2023-12-07 19:54:45,135 [INFO] MainUpdater:2868 - connection check result : 10
2023-12-07 19:54:45,181 [INFO] MicroXplorer:468 - Change Database Path : 
2023-12-07 19:54:45,181 [INFO] MicroXplorer:498 - Change Database Version : DB.6.0.92
2023-12-07 19:54:45,215 [WARN] ThirdParty:871 - waiting for thirdparty lock release [close project]
2023-12-07 19:54:45,215 [INFO] ThirdParty:873 - entering critical section [close project]
2023-12-07 19:54:45,215 [INFO] ThirdParty:883 - exiting critical section [close project]
2023-12-07 19:54:45,216 [INFO] PinOutPanel:1499 - setPackage(No Configuration,No Configuration)
2023-12-07 19:54:45,222 [WARN] IpParametersView:151 - Warning: This peripheral hasn't parameters
2023-12-07 19:54:45,225 [WARN] MainPanel:272 - <html><b><center>Warning: This peripheral has no parameters to be configured<br></b></html>
2023-12-07 19:54:45,227 [INFO] UtilMem:75 - Begin LoadConfig() Used Memory: 804114968 Bytes (943718400)
2023-12-07 19:54:45,228 [INFO] MicroXplorer:468 - Change Database Path : 
2023-12-07 19:54:45,228 [INFO] MicroXplorer:498 - Change Database Version : DB.6.0.92
2023-12-07 19:54:45,228 [INFO] OpenFileManager:308 - Change cursor
2023-12-07 19:54:45,239 [INFO] Mcu:1946 - Initializing MCU STM32F401R(D-E)Tx STM32F401RETx STM32F401RET6
2023-12-07 19:54:45,737 [INFO] Context:659 - Trying to add GPIOservice into a context  which must be forbidden
2023-12-07 19:54:46,082 [INFO] RtosManager:555 - Registered RTOS mode: class=CMSIS, group=RTOS, mode=CMSIS_V1, owner=FREERTOS
2023-12-07 19:54:46,083 [INFO] RtosManager:555 - Registered RTOS mode: class=CMSIS, group=RTOS2, mode=CMSIS_V2, owner=FREERTOS
2023-12-07 19:54:46,083 [INFO] RtosManager:555 - Registered RTOS mode: class=RTOS, group=Core, mode=CMSIS_V1, owner=FREERTOS
2023-12-07 19:54:46,083 [INFO] RtosManager:555 - Registered RTOS mode: class=RTOS, group=Core, mode=CMSIS_V2, owner=FREERTOS
2023-12-07 19:54:46,083 [WARN] ModelIntegratedComponent:184 - Missing modes for component STMicroelectronics:FreeRTOS:0.0.1:STMicroelectronics:RTOS:FreeRTOS:Core:::10.2.0:
2023-12-07 19:54:46,092 [WARN] ModelIntegratedComponent:63 - No mode defined for component null
2023-12-07 19:54:46,093 [WARN] ModelIntegratedComponent:63 - No mode defined for component null
2023-12-07 19:54:46,093 [WARN] ModelIntegratedComponent:63 - No mode defined for component null
2023-12-07 19:54:46,093 [WARN] ModelIntegratedComponent:63 - No mode defined for component null
2023-12-07 19:54:46,093 [WARN] ModelIntegratedComponent:63 - No mode defined for component null
2023-12-07 19:54:46,093 [WARN] ModelIntegratedComponent:63 - No mode defined for component null
2023-12-07 19:54:46,093 [WARN] ModelIntegratedComponent:63 - No mode defined for component null
2023-12-07 19:54:46,093 [WARN] ModelIntegratedComponent:63 - No mode defined for component null
2023-12-07 19:54:46,093 [WARN] ModelIntegratedComponent:63 - No mode defined for component null
2023-12-07 19:54:46,093 [WARN] ModelIntegratedComponent:63 - No mode defined for component null
2023-12-07 19:54:46,093 [WARN] ModelIntegratedComponent:63 - No mode defined for component null
2023-12-07 19:54:46,093 [WARN] ModelIntegratedComponent:63 - No mode defined for component null
2023-12-07 19:54:46,093 [WARN] ModelIntegratedComponent:63 - No mode defined for component null
2023-12-07 19:54:46,093 [WARN] ModelIntegratedComponent:63 - No mode defined for component null
2023-12-07 19:54:46,093 [WARN] ModelIntegratedComponent:63 - No mode defined for component null
2023-12-07 19:54:46,093 [WARN] ModelIntegratedComponent:63 - No mode defined for component null
2023-12-07 19:54:46,093 [WARN] ModelIntegratedComponent:63 - No mode defined for component null
2023-12-07 19:54:46,093 [WARN] ModelIntegratedComponent:63 - No mode defined for component null
2023-12-07 19:54:46,093 [WARN] ModelIntegratedComponent:63 - No mode defined for component null
2023-12-07 19:54:46,093 [WARN] ModelIntegratedComponent:63 - No mode defined for component null
2023-12-07 19:54:46,093 [WARN] ModelIntegratedComponent:63 - No mode defined for component null
2023-12-07 19:54:46,093 [WARN] ModelIntegratedComponent:63 - No mode defined for component null
2023-12-07 19:54:46,093 [WARN] ModelIntegratedComponent:63 - No mode defined for component null
2023-12-07 19:54:46,093 [WARN] ModelIntegratedComponent:63 - No mode defined for component null
2023-12-07 19:54:46,093 [WARN] ModelIntegratedComponent:63 - No mode defined for component null
2023-12-07 19:54:46,093 [WARN] ModelIntegratedComponent:63 - No mode defined for component null
2023-12-07 19:54:46,093 [WARN] ModelIntegratedComponent:63 - No mode defined for component null
2023-12-07 19:54:46,093 [WARN] ModelIntegratedComponent:63 - No mode defined for component null
2023-12-07 19:54:46,093 [WARN] ModelIntegratedComponent:63 - No mode defined for component null
2023-12-07 19:54:46,093 [WARN] ModelIntegratedComponent:63 - No mode defined for component null
2023-12-07 19:54:46,093 [WARN] ModelIntegratedComponent:63 - No mode defined for component null
2023-12-07 19:54:46,093 [WARN] ModelIntegratedComponent:63 - No mode defined for component null
2023-12-07 19:54:46,093 [WARN] ModelIntegratedComponent:63 - No mode defined for component null
2023-12-07 19:54:46,164 [INFO] ThirdPartyModel:298 - Start build external matchings
2023-12-07 19:54:46,471 [INFO] ThirdPartyModel:316 - End build external matchings
2023-12-07 19:54:46,478 [WARN] IP:2114 - I2C_Coeff_DF not found: check if there is a RefParameter without a condition.
2023-12-07 19:54:46,478 [WARN] IP:2114 - Analog_Filter not found: check if there is a RefParameter without a condition.
2023-12-07 19:54:46,479 [INFO] ImportTextPane:194 - (OptionalMessage_ERROR) IP (RCC) : Parameter (RTCHSEDivFreq_Value) has invalid value (4000000)
2023-12-07 19:54:46,586 [INFO] UtilMem:75 - End LoadConfig() Used Memory: 680539744 Bytes (943718400)
2023-12-07 19:54:46,590 [WARN] ThirdParty:833 - waiting for thirdparty lock release [change project]
2023-12-07 19:54:46,590 [INFO] ThirdParty:835 - entering critical section [change project]
2023-12-07 19:54:46,590 [INFO] ThirdParty:1030 - CMSIS Pack Vendor :STMicroelectronics X-CUBE-ISPU 1.1.0
2023-12-07 19:54:46,590 [INFO] ThirdParty:1030 - CMSIS Pack Vendor :STMicroelectronics USBPD 4.1
2023-12-07 19:54:46,590 [INFO] ThirdParty:1030 - CMSIS Pack Vendor :STMicroelectronics X-CUBE-GNSS1 6.0.0
2023-12-07 19:54:46,590 [INFO] ThirdParty:1030 - CMSIS Pack Vendor :STMicroelectronics USB_HOST 2.0.0
2023-12-07 19:54:46,590 [INFO] ThirdParty:1030 - CMSIS Pack Vendor :STMicroelectronics X-CUBE-AZRTOS-F4 1.1.0
2023-12-07 19:54:46,590 [INFO] ThirdParty:1030 - CMSIS Pack Vendor :STMicroelectronics LIBJPEG 8.0.0
2023-12-07 19:54:46,591 [INFO] ThirdParty:1030 - CMSIS Pack Vendor :wolfSSL I-CUBE-wolfSSL 5.6.3
2023-12-07 19:54:46,591 [INFO] ThirdParty:1030 - CMSIS Pack Vendor :STMicroelectronics X-CUBE-SMBUS 2.1.0
2023-12-07 19:54:46,591 [INFO] ThirdParty:1030 - CMSIS Pack Vendor :STMicroelectronics USB_DEVICE 3.0.0
2023-12-07 19:54:46,591 [INFO] ThirdParty:1030 - CMSIS Pack Vendor :STMicroelectronics X-CUBE-AZRTOS-WB 2.0.0
2023-12-07 19:54:46,591 [INFO] ThirdParty:1030 - CMSIS Pack Vendor :STMicroelectronics X-CUBE-AZRTOS-F7 1.1.0
2023-12-07 19:54:46,591 [INFO] ThirdParty:1030 - CMSIS Pack Vendor :STMicroelectronics X-CUBE-AZRTOS-L5 2.0.0
2023-12-07 19:54:46,591 [INFO] ThirdParty:1030 - CMSIS Pack Vendor :STMicroelectronics USB_DEVICE 2.0.0
2023-12-07 19:54:46,591 [INFO] ThirdParty:1030 - CMSIS Pack Vendor :STMicroelectronics X-CUBE-AI 7.3.0
2023-12-07 19:54:46,591 [INFO] ThirdParty:1030 - CMSIS Pack Vendor :STMicroelectronics X-CUBE-EEPRMA1 4.2.0
2023-12-07 19:54:46,591 [INFO] ThirdParty:1030 - CMSIS Pack Vendor :ITTIA_DB I-CUBE-ITTIADB 8.8.0
2023-12-07 19:54:46,591 [INFO] ThirdParty:1030 - CMSIS Pack Vendor :STMicroelectronics FP-SNS-MOTENV1 4.3.2
2023-12-07 19:54:46,591 [INFO] ThirdParty:1030 - CMSIS Pack Vendor :STMicroelectronics X-CUBE-ALGOBUILD 1.3.0
2023-12-07 19:54:46,591 [INFO] ThirdParty:1030 - CMSIS Pack Vendor :STMicroelectronics FreeRTOS 0.0.1
2023-12-07 19:54:46,591 [INFO] ThirdParty:1030 - CMSIS Pack Vendor :STMicroelectronics X-CUBE-AZRTOS-G0 1.1.0
2023-12-07 19:54:46,591 [INFO] ThirdParty:1030 - CMSIS Pack Vendor :STMicroelectronics X-CUBE-BLEMGR 2.0.0
2023-12-07 19:54:46,591 [INFO] ThirdParty:1030 - CMSIS Pack Vendor :STMicroelectronics X-CUBE-NFC4 3.0.0
2023-12-07 19:54:46,591 [INFO] ThirdParty:1030 - CMSIS Pack Vendor :STMicroelectronics X-CUBE-SUBG2 5.0.0
2023-12-07 19:54:46,591 [INFO] ThirdParty:1030 - CMSIS Pack Vendor :STMicroelectronics STM32_WPAN 1.0.0
2023-12-07 19:54:46,591 [INFO] ThirdParty:1030 - CMSIS Pack Vendor :STMicroelectronics lwIP 2.0.3
2023-12-07 19:54:46,591 [INFO] ThirdParty:1030 - CMSIS Pack Vendor :STMicroelectronics FP-SNS-FLIGHT1 5.0.2
2023-12-07 19:54:46,591 [INFO] ThirdParty:1030 - CMSIS Pack Vendor :STMicroelectronics USB_HOST 1.0.0
2023-12-07 19:54:46,591 [INFO] ThirdParty:1030 - CMSIS Pack Vendor :STMicroelectronics X-CUBE-TOF1 3.3.1
2023-12-07 19:54:46,591 [INFO] ThirdParty:1030 - CMSIS Pack Vendor :STMicroelectronics X-CUBE-AZRTOS-G4 2.0.0
2023-12-07 19:54:46,591 [INFO] ThirdParty:1030 - CMSIS Pack Vendor :STMicroelectronics PDM2PCM 3.1.0
2023-12-07 19:54:46,591 [INFO] ThirdParty:1030 - CMSIS Pack Vendor :STMicroelectronics X-CUBE-AZRTOS-H7 3.1.0
2023-12-07 19:54:46,591 [INFO] ThirdParty:1030 - CMSIS Pack Vendor :Infineon AIROC-Wi-Fi-Bluetooth-STM32 1.5.1
2023-12-07 19:54:46,591 [INFO] ThirdParty:1030 - CMSIS Pack Vendor :STMicroelectronics X-CUBE-BLEMGR 3.0.0
2023-12-07 19:54:46,591 [INFO] ThirdParty:1030 - CMSIS Pack Vendor :STMicroelectronics PDM2PCM 3.3.0
2023-12-07 19:54:46,591 [INFO] ThirdParty:1030 - CMSIS Pack Vendor :STMicroelectronics X-CUBE-DISPLAY 3.0.0
2023-12-07 19:54:46,591 [INFO] ThirdParty:1030 - CMSIS Pack Vendor :STMicroelectronics FP-SNS-MOTENVWB1 1.3.0
2023-12-07 19:54:46,591 [INFO] ThirdParty:1030 - CMSIS Pack Vendor :STMicroelectronics FP-SNS-MOTENVWB1 1.3.1
2023-12-07 19:54:46,591 [INFO] ThirdParty:1030 - CMSIS Pack Vendor :STMicroelectronics X-CUBE-BLE1 7.0.0
2023-12-07 19:54:46,591 [INFO] ThirdParty:1030 - CMSIS Pack Vendor :STMicroelectronics FP-ATR-SIGFOX1 3.2.0
2023-12-07 19:54:46,592 [INFO] ThirdParty:1030 - CMSIS Pack Vendor :STMicroelectronics HAL Drivers 0.0.0
2023-12-07 19:54:46,592 [INFO] ThirdParty:1030 - CMSIS Pack Vendor :STMicroelectronics MBEDTLS 2.16.2
2023-12-07 19:54:46,592 [INFO] ThirdParty:1030 - CMSIS Pack Vendor :emotas I-CUBE-CANOPEN 1.3.0
2023-12-07 19:54:46,592 [INFO] ThirdParty:1030 - CMSIS Pack Vendor :STMicroelectronics X-CUBE-MEMS1 10.0.0
2023-12-07 19:54:46,592 [INFO] ThirdParty:1030 - CMSIS Pack Vendor :STMicroelectronics X-CUBE-FREERTOS 1.1.0
2023-12-07 19:54:46,592 [INFO] ThirdParty:1030 - CMSIS Pack Vendor :STMicroelectronics X-CUBE-NFC7 1.0.1
2023-12-07 19:54:46,592 [INFO] ThirdParty:1030 - CMSIS Pack Vendor :STMicroelectronics MBEDTLS 2.14.1
2023-12-07 19:54:46,592 [INFO] ThirdParty:1030 - CMSIS Pack Vendor :STMicroelectronics X-CUBE-TOUCHGFX 4.22.1
2023-12-07 19:54:46,592 [INFO] ThirdParty:1030 - CMSIS Pack Vendor :STMicroelectronics X-CUBE-NFC6 3.0.0
2023-12-07 19:54:46,592 [INFO] ThirdParty:1030 - CMSIS Pack Vendor :portGmbH I-Cube-SoM-uGOAL 1.1.0
2023-12-07 19:54:46,592 [INFO] ThirdParty:1030 - CMSIS Pack Vendor :STMicroelectronics X-CUBE-ALS 1.0.1
2023-12-07 19:54:46,592 [INFO] ThirdParty:1030 - CMSIS Pack Vendor :STMicroelectronics ThreadX 1.0.0
2023-12-07 19:54:46,592 [INFO] ThirdParty:1030 - CMSIS Pack Vendor :STMicroelectronics FP-SNS-SMARTAG2 1.2.0
2023-12-07 19:54:46,592 [INFO] ThirdParty:1030 - CMSIS Pack Vendor :STMicroelectronics X-CUBE-AZRTOS-WL 2.0.0
2023-12-07 19:54:46,592 [INFO] ThirdParty:1030 - CMSIS Pack Vendor :STMicroelectronics USB_DEVICE 1.0.0
2023-12-07 19:54:46,592 [INFO] ThirdParty:1030 - CMSIS Pack Vendor :STMicroelectronics X-CUBE-AI 8.1.0
2023-12-07 19:54:46,592 [INFO] ThirdParty:1030 - CMSIS Pack Vendor :STMicroelectronics X-CUBE-AZRTOS-L4 2.0.0
2023-12-07 19:54:46,592 [INFO] ThirdParty:1030 - CMSIS Pack Vendor :STMicroelectronics ThreadX 0.0.2
2023-12-07 19:54:46,592 [INFO] ThirdParty:1030 - CMSIS Pack Vendor :WES I-CUBE-Cesium 1.3.0
2023-12-07 19:54:46,592 [INFO] ThirdParty:1030 - CMSIS Pack Vendor :STMicroelectronics FP-ATR-ASTRA1 2.0.0
2023-12-07 19:54:46,592 [INFO] ThirdParty:1030 - CMSIS Pack Vendor :STMicroelectronics lwIP 2.1.2
2023-12-07 19:54:46,592 [INFO] ThirdParty:1030 - CMSIS Pack Vendor :STMicroelectronics X-CUBE-SFXS2LP1 4.0.0
2023-12-07 19:54:46,592 [INFO] ThirdParty:1030 - CMSIS Pack Vendor :STMicroelectronics X-CUBE-BLE2 3.3.0
2023-12-07 19:54:46,592 [INFO] ThirdParty:1030 - CMSIS Pack Vendor :STMicroelectronics X-CUBE-TOF1 3.4.0
2023-12-07 19:54:46,592 [INFO] ThirdParty:1030 - CMSIS Pack Vendor :STMicroelectronics PDM2PCM 3.2.0
2023-12-07 19:54:46,592 [INFO] ThirdParty:841 - exiting critical section [change project]
2023-12-07 19:54:46,804 [INFO] PinOutPanel:1499 - setPackage(No Configuration,No Configuration)
2023-12-07 19:54:46,805 [INFO] PinOutPanel:1499 - setPackage(STM32F401RETx,LQFP64)
2023-12-07 19:54:47,004 [INFO] UtilMem:75 - Before build in PCC Used Memory: 807170104 Bytes (943718400)
2023-12-07 19:54:47,153 [INFO] UtilMem:75 - After build in PCC Used Memory: 579910984 Bytes (943718400)
2023-12-07 19:54:47,169 [INFO] IPUIPlugin:80 - create IPUIPlugin
2023-12-07 19:54:47,169 [INFO] IPUIPlugin:80 - create IPUIPlugin
2023-12-07 19:54:47,169 [INFO] IPUIPlugin:80 - create IPUIPlugin
2023-12-07 19:54:47,169 [INFO] IPUIPlugin:80 - create IPUIPlugin
2023-12-07 19:54:47,169 [INFO] IPUIPlugin:80 - create IPUIPlugin
2023-12-07 19:54:47,170 [INFO] IPUIPlugin:80 - create IPUIPlugin
2023-12-07 19:54:47,170 [INFO] IPUIPlugin:80 - create IPUIPlugin
2023-12-07 19:54:47,170 [INFO] IPUIPlugin:80 - create IPUIPlugin
2023-12-07 19:54:47,170 [INFO] IPUIPlugin:80 - create IPUIPlugin
2023-12-07 19:54:47,170 [INFO] IPUIPlugin:80 - create IPUIPlugin
2023-12-07 19:54:47,170 [INFO] IPUIPlugin:80 - create IPUIPlugin
2023-12-07 19:54:47,170 [INFO] IPUIPlugin:80 - create IPUIPlugin
2023-12-07 19:54:47,170 [INFO] IPUIPlugin:80 - create IPUIPlugin
2023-12-07 19:54:47,171 [INFO] IPUIPlugin:80 - create IPUIPlugin
2023-12-07 19:54:47,171 [INFO] IPUIPlugin:80 - create IPUIPlugin
2023-12-07 19:54:47,171 [INFO] IPUIPlugin:80 - create IPUIPlugin
2023-12-07 19:54:47,171 [INFO] IPUIPlugin:80 - create IPUIPlugin
2023-12-07 19:54:47,171 [INFO] IPUIPlugin:80 - create IPUIPlugin
2023-12-07 19:54:47,172 [INFO] IPUIPlugin:80 - create IPUIPlugin
2023-12-07 19:54:47,172 [INFO] IPUIPlugin:80 - create IPUIPlugin
2023-12-07 19:54:47,172 [INFO] IPUIPlugin:80 - create IPUIPlugin
2023-12-07 19:54:47,172 [INFO] IPUIPlugin:80 - create IPUIPlugin
2023-12-07 19:54:47,173 [INFO] IPUIPlugin:80 - create IPUIPlugin
2023-12-07 19:54:47,173 [INFO] IPUIPlugin:80 - create IPUIPlugin
2023-12-07 19:54:47,173 [INFO] IPUIPlugin:80 - create IPUIPlugin
2023-12-07 19:54:47,173 [INFO] IPUIPlugin:80 - create IPUIPlugin
2023-12-07 19:54:47,173 [INFO] IPUIPlugin:80 - create IPUIPlugin
2023-12-07 19:54:47,173 [INFO] IPUIPlugin:80 - create IPUIPlugin
2023-12-07 19:54:47,174 [INFO] IPUIPlugin:80 - create IPUIPlugin
2023-12-07 19:54:47,174 [INFO] IPUIPlugin:80 - create IPUIPlugin
2023-12-07 19:54:47,174 [INFO] IPUIPlugin:80 - create IPUIPlugin
2023-12-07 19:54:47,174 [INFO] IPUIPlugin:80 - create IPUIPlugin
2023-12-07 19:54:47,174 [INFO] IPUIPlugin:80 - create IPUIPlugin
2023-12-07 19:54:47,175 [INFO] IPUIPlugin:80 - create IPUIPlugin
2023-12-07 19:54:47,175 [INFO] IPUIPlugin:80 - create IPUIPlugin
2023-12-07 19:54:47,175 [INFO] IPUIPlugin:80 - create IPUIPlugin
2023-12-07 19:54:47,176 [INFO] IPUIPlugin:80 - create IPUIPlugin
2023-12-07 19:54:47,176 [INFO] IPUIPlugin:80 - create IPUIPlugin
2023-12-07 19:54:47,179 [INFO] ApiDbMcu:507 - Load IP Config File for PDM2PCM
2023-12-07 19:54:47,180 [WARN] IP:2114 - I2C_Coeff_DF not found: check if there is a RefParameter without a condition.
2023-12-07 19:54:47,180 [WARN] IP:2114 - Analog_Filter not found: check if there is a RefParameter without a condition.
2023-12-07 19:54:47,218 [INFO] CADModel:165 - CPN selected for project levelSTM32F401RET6
2023-12-07 19:54:47,219 [INFO] CADModel:114 - Register for checkConnection events
2023-12-07 19:54:47,259 [INFO] OpenFileManager:328 - Restore cursor
2023-12-07 19:54:47,448 [WARN] IP:2114 - I2C_Coeff_DF not found: check if there is a RefParameter without a condition.
2023-12-07 19:54:47,448 [WARN] IP:2114 - Analog_Filter not found: check if there is a RefParameter without a condition.
2023-12-07 19:54:47,449 [WARN] IP:2114 - I2C_Coeff_DF not found: check if there is a RefParameter without a condition.
2023-12-07 19:54:47,449 [WARN] IP:2114 - Analog_Filter not found: check if there is a RefParameter without a condition.
2023-12-07 21:11:32,036 [INFO] Gpio:273 - dependency for GPIO [I2C1, RCC, SYS, USART2]
