2023-12-02 13:03:22,822 [INFO] Activator:176 - 


2023-12-02 13:03:22,825 [INFO] Activator:177 - !SESSION log4j initialized
2023-12-02 13:03:26,052 [INFO] LogOutputStream:77 - [STDOUT_REDIRECT] 
2023-12-02 13:03:26,665 [INFO] ApplicationProperties:184 - Using Application install path: /opt/st/stm32cubeide_1.13.2/plugins/com.st.stm32cube.common.mx_6.9.2.202309101412
2023-12-02 13:03:26,680 [INFO] DbMcusXml:78 - Set database path to: /opt/st/stm32cubeide_1.13.2/plugins/com.st.stm32cube.common.mx_6.9.2.202309101412//db//mcu/
2023-12-02 13:03:26,681 [INFO] ApiDb:274 - Set plugin database path to: /opt/st/stm32cubeide_1.13.2/plugins/com.st.stm32cube.common.mx_6.9.2.202309101412//db//plugins/boardmanager/
2023-12-02 13:03:26,681 [WARN] ApiDb:259 - Overriding images path with different value:  => /opt/st/stm32cubeide_1.13.2/plugins/com.st.stm32cube.common.mx_6.9.2.202309101412//db//plugins/mcufinder/images/
2023-12-02 13:03:26,691 [INFO] ApiDb:250 - Set database path to: /home/adam/.stmcufinder/plugins/mcufinder//mcu/
2023-12-02 13:03:26,692 [INFO] DbMcusAds:125 - Set database path to: /home/adam/.stmcufinder/plugins/mcufinder//mcu/
2023-12-02 13:03:26,694 [INFO] CrossReferenceDbSqlite:203 - Set database path to: /home/adam/.stmcufinder/plugins/mcufinder//mcu/cs/
2023-12-02 13:03:26,780 [INFO] RulesReader:64 - Compatibility file has been processed (293 Rules)
2023-12-02 13:03:26,823 [INFO] DbMcusXml:78 - Set database path to: /opt/st/stm32cubeide_1.13.2/plugins/com.st.stm32cube.common.mx_6.9.2.202309101412//db//mcu/
2023-12-02 13:03:26,823 [INFO] ApiDb:274 - Set plugin database path to: /opt/st/stm32cubeide_1.13.2/plugins/com.st.stm32cube.common.mx_6.9.2.202309101412//db//plugins/boardmanager/
2023-12-02 13:03:26,824 [INFO] ApiDb:261 - Set plugin images path to: /opt/st/stm32cubeide_1.13.2/plugins/com.st.stm32cube.common.mx_6.9.2.202309101412//db//plugins/mcufinder/images/
2023-12-02 13:03:26,824 [WARN] DbFile:41 - Overriding database path with different value: /home/adam/.stmcufinder/plugins/mcufinder/ => /home/adam/.stmcufinder/plugins/mcufinder
2023-12-02 13:03:26,824 [INFO] ApiDb:250 - Set database path to: /home/adam/.stmcufinder/plugins/mcufinder//mcu/
2023-12-02 13:03:26,824 [WARN] DbFile:41 - Overriding database path with different value: /home/adam/.stmcufinder/plugins/mcufinder/ => /home/adam/.stmcufinder/plugins/mcufinder
2023-12-02 13:03:26,824 [INFO] DbMcusAds:125 - Set database path to: /home/adam/.stmcufinder/plugins/mcufinder//mcu/
2023-12-02 13:03:26,824 [WARN] DbFile:41 - Overriding database path with different value: /home/adam/.stmcufinder/plugins/mcufinder/ => /home/adam/.stmcufinder/plugins/mcufinder
2023-12-02 13:03:26,824 [WARN] DbFile:41 - Overriding database path with different value: /home/adam/.stmcufinder/plugins/mcufinder/ => /home/adam/.stmcufinder/plugins/mcufinder
2023-12-02 13:03:26,824 [INFO] CrossReferenceDbSqlite:203 - Set database path to: /home/adam/.stmcufinder/plugins/mcufinder//mcu/cs/
2023-12-02 13:03:26,873 [INFO] MainPanel:262 - HeapMemory: 268435456
2023-12-02 13:03:26,937 [INFO] DbMcusXml:78 - Set database path to: /opt/st/stm32cubeide_1.13.2/plugins/com.st.stm32cube.common.mx_6.9.2.202309101412//db//mcu/
2023-12-02 13:03:26,937 [INFO] ApiDb:274 - Set plugin database path to: /opt/st/stm32cubeide_1.13.2/plugins/com.st.stm32cube.common.mx_6.9.2.202309101412//db//plugins/boardmanager/
2023-12-02 13:03:26,937 [INFO] ApiDb:261 - Set plugin images path to: /opt/st/stm32cubeide_1.13.2/plugins/com.st.stm32cube.common.mx_6.9.2.202309101412//db//plugins/mcufinder/images/
2023-12-02 13:03:26,938 [WARN] DbFile:41 - Overriding database path with different value: /home/adam/.stmcufinder/plugins/mcufinder/ => /home/adam/.stmcufinder/plugins/mcufinder
2023-12-02 13:03:26,938 [INFO] ApiDb:250 - Set database path to: /home/adam/.stmcufinder/plugins/mcufinder//mcu/
2023-12-02 13:03:26,938 [WARN] DbFile:41 - Overriding database path with different value: /home/adam/.stmcufinder/plugins/mcufinder/ => /home/adam/.stmcufinder/plugins/mcufinder
2023-12-02 13:03:26,938 [INFO] DbMcusAds:125 - Set database path to: /home/adam/.stmcufinder/plugins/mcufinder//mcu/
2023-12-02 13:03:26,938 [WARN] DbFile:41 - Overriding database path with different value: /home/adam/.stmcufinder/plugins/mcufinder/ => /home/adam/.stmcufinder/plugins/mcufinder
2023-12-02 13:03:26,938 [WARN] DbFile:41 - Overriding database path with different value: /home/adam/.stmcufinder/plugins/mcufinder/ => /home/adam/.stmcufinder/plugins/mcufinder
2023-12-02 13:03:26,938 [INFO] CrossReferenceDbSqlite:203 - Set database path to: /home/adam/.stmcufinder/plugins/mcufinder//mcu/cs/
2023-12-02 13:03:26,949 [INFO] ApplicationProperties:184 - Using Application install path: /opt/st/stm32cubeide_1.13.2/plugins/com.st.stm32cube.common.mx_6.9.2.202309101412
2023-12-02 13:03:26,950 [INFO] PluginManage:196 - Search for loadable plugins [exclusion list=, ]
2023-12-02 13:03:26,951 [INFO] PluginManage:310 - Check plugin analytics
2023-12-02 13:03:27,056 [INFO] AnalyticsPlugin:253 - Accepted Software Licenses: 
2023-12-02 13:03:27,056 [INFO] AnalyticsPlugin:255 - Accepted CMSIS Pack Licenses: STMicroelectronics.X-CUBE-AI.8.1.0,STMicroelectronics.X-CUBE-AI.7.3.0,STMicroelectronics.X-CUBE-TOF1.3.3.1
2023-12-02 13:03:27,056 [INFO] AnalyticsPlugin:257 - Accepted Firmware Licenses: FW.G0.1.6.0,FW.F4.1.27.0
2023-12-02 13:03:27,058 [INFO] PluginManage:359 - Loaded plugin analytics (category:tool,tabindex:-1)
2023-12-02 13:03:27,058 [INFO] PluginManage:310 - Check plugin cadmodel
2023-12-02 13:03:27,082 [INFO] CADModel:105 - Init CAD model plugin
2023-12-02 13:03:27,082 [INFO] PluginManage:359 - Loaded plugin cadmodel (category:power,tabindex:5)
2023-12-02 13:03:27,082 [INFO] PluginManage:310 - Check plugin clock
2023-12-02 13:03:27,089 [INFO] PluginManage:359 - Loaded plugin clock (category:base,tabindex:2)
2023-12-02 13:03:27,089 [INFO] PluginManage:310 - Check plugin ddr
2023-12-02 13:03:27,091 [INFO] PluginManage:359 - Loaded plugin ddr (category:tool,tabindex:6)
2023-12-02 13:03:27,091 [INFO] PluginManage:310 - Check plugin filemanager
2023-12-02 13:03:27,188 [INFO] PluginManage:359 - Loaded plugin filemanager (category:base,tabindex:10)
2023-12-02 13:03:27,188 [INFO] PluginManage:310 - Check plugin ipmanager
2023-12-02 13:03:27,192 [INFO] PluginManage:359 - Loaded plugin ipmanager (category:base,tabindex:5)
2023-12-02 13:03:27,192 [INFO] PluginManage:310 - Check plugin lpbam
2023-12-02 13:03:27,200 [INFO] PluginManage:359 - Loaded plugin lpbam (category:base,tabindex:0)
2023-12-02 13:03:27,200 [INFO] PluginManage:310 - Check plugin memorymap
2023-12-02 13:03:27,207 [INFO] PluginManage:359 - Loaded plugin memorymap (category:base,tabindex:4)
2023-12-02 13:03:27,208 [INFO] PluginManage:310 - Check plugin pinoutandconfiguration
2023-12-02 13:03:27,212 [INFO] PluginManage:359 - Loaded plugin pinoutandconfiguration (category:base,tabindex:1)
2023-12-02 13:03:27,212 [INFO] PluginManage:310 - Check plugin pinoutconfig
2023-12-02 13:03:27,267 [WARN] SupportedApi:132 - Cannot load RTOS API schema: s4s-elt-must-match.1: The content of 'definitions' must match (annotation?, (simpleType | complexType)?, (unique | key | keyref)*)). A problem was found starting at: attribute.
2023-12-02 13:03:27,352 [INFO] PluginManage:359 - Loaded plugin pinoutconfig (category:base,tabindex:0)
2023-12-02 13:03:27,352 [INFO] PluginManage:310 - Check plugin power
2023-12-02 13:03:27,359 [INFO] PluginManage:359 - Loaded plugin power (category:power,tabindex:4)
2023-12-02 13:03:27,359 [INFO] PluginManage:310 - Check plugin projectmanager
2023-12-02 13:03:27,370 [INFO] PluginManage:359 - Loaded plugin projectmanager (category:projectmanager,tabindex:3)
2023-12-02 13:03:27,371 [INFO] PluginManage:310 - Check plugin thirdparty
2023-12-02 13:03:27,470 [WARN] IntegrityCheckThread:84 - waiting for thirdparty lock release [integrity check]
2023-12-02 13:03:27,470 [INFO] PluginManage:359 - Loaded plugin thirdparty (category:base,tabindex:-1)
2023-12-02 13:03:27,470 [INFO] IntegrityCheckThread:86 - entering critical section [integrity check]
2023-12-02 13:03:27,470 [INFO] PluginManage:310 - Check plugin tools
2023-12-02 13:03:27,470 [INFO] ThirdPartyUpdaterWithRetryManager:70 - Updater plugin not ready yet. [1/15]
2023-12-02 13:03:27,472 [INFO] PluginManage:359 - Loaded plugin tools (category:base,tabindex:7)
2023-12-02 13:03:27,473 [INFO] PluginManage:310 - Check plugin tutovideos
2023-12-02 13:03:27,618 [INFO] PluginManage:359 - Loaded plugin tutovideos (category:base,tabindex:-1)
2023-12-02 13:03:27,618 [INFO] PluginManage:310 - Check plugin updater
2023-12-02 13:03:27,626 [INFO] PluginManage:359 - Loaded plugin updater (category:base,tabindex:12)
2023-12-02 13:03:27,626 [INFO] PluginManage:310 - Check plugin userauth
2023-12-02 13:03:27,630 [INFO] UserAuth:113 - Init User Auth plugin
2023-12-02 13:03:27,630 [INFO] PluginManage:359 - Loaded plugin userauth (category:base,tabindex:14)
2023-12-02 13:03:27,631 [INFO] PluginManage:283 - PluginManage : Loaded plugins [17]
2023-12-02 13:03:27,753 [INFO] PinOutPanel:1499 - setPackage(No Configuration,No Configuration)
2023-12-02 13:03:27,819 [INFO] CADModel:165 - CPN selected for project level
2023-12-02 13:03:27,819 [INFO] CADModel:114 - Register for checkConnection events
2023-12-02 13:03:27,836 [INFO] IPUIPlugin:80 - create IPUIPlugin
2023-12-02 13:03:27,836 [INFO] PluginManager:220 - loadIPPluginJar : add stm32_wpan
2023-12-02 13:03:27,840 [INFO] IPUIPlugin:80 - create IPUIPlugin
2023-12-02 13:03:27,841 [INFO] PluginManager:220 - loadIPPluginJar : add gpio
2023-12-02 13:03:27,843 [INFO] IPUIPlugin:80 - create IPUIPlugin
2023-12-02 13:03:27,843 [INFO] PluginManager:220 - loadIPPluginJar : add tracer_emb
2023-12-02 13:03:27,845 [INFO] IPUIPlugin:80 - create IPUIPlugin
2023-12-02 13:03:27,845 [INFO] PluginManager:220 - loadIPPluginJar : add dma3
2023-12-02 13:03:27,850 [INFO] IPUIPlugin:80 - create IPUIPlugin
2023-12-02 13:03:27,850 [INFO] PluginManager:220 - loadIPPluginJar : add fmc
2023-12-02 13:03:27,851 [INFO] IPUIPlugin:80 - create IPUIPlugin
2023-12-02 13:03:27,851 [INFO] PluginManager:220 - loadIPPluginJar : add ltdc
2023-12-02 13:03:27,853 [INFO] IPUIPlugin:80 - create IPUIPlugin
2023-12-02 13:03:27,854 [INFO] PluginManager:220 - loadIPPluginJar : add i2c
2023-12-02 13:03:27,857 [INFO] IPUIPlugin:80 - create IPUIPlugin
2023-12-02 13:03:27,858 [INFO] PluginManager:220 - loadIPPluginJar : add resmgrutility
2023-12-02 13:03:27,859 [INFO] IPUIPlugin:80 - create IPUIPlugin
2023-12-02 13:03:27,860 [INFO] PluginManager:220 - loadIPPluginJar : add ucpd
2023-12-02 13:03:27,863 [INFO] IPUIPlugin:80 - create IPUIPlugin
2023-12-02 13:03:27,863 [INFO] PluginManager:220 - loadIPPluginJar : add ipddr
2023-12-02 13:03:27,870 [INFO] IPUIPlugin:80 - create IPUIPlugin
2023-12-02 13:03:27,870 [INFO] PluginManager:220 - loadIPPluginJar : add adc
2023-12-02 13:03:27,873 [INFO] IPUIPlugin:80 - create IPUIPlugin
2023-12-02 13:03:27,873 [INFO] PluginManager:220 - loadIPPluginJar : add usbx
2023-12-02 13:03:27,880 [INFO] IPUIPlugin:80 - create IPUIPlugin
2023-12-02 13:03:27,880 [INFO] PluginManager:220 - loadIPPluginJar : add mdma
2023-12-02 13:03:27,883 [INFO] IPUIPlugin:80 - create IPUIPlugin
2023-12-02 13:03:27,883 [INFO] PluginManager:220 - loadIPPluginJar : add usart
2023-12-02 13:03:27,887 [INFO] IPUIPlugin:80 - create IPUIPlugin
2023-12-02 13:03:27,887 [INFO] PluginManager:220 - loadIPPluginJar : add sai
2023-12-02 13:03:27,889 [INFO] IPUIPlugin:80 - create IPUIPlugin
2023-12-02 13:03:27,890 [INFO] PluginManager:220 - loadIPPluginJar : add dfsdm
2023-12-02 13:03:27,891 [INFO] IPUIPlugin:80 - create IPUIPlugin
2023-12-02 13:03:27,892 [INFO] PluginManager:220 - loadIPPluginJar : add spi
2023-12-02 13:03:27,893 [INFO] IPUIPlugin:80 - create IPUIPlugin
2023-12-02 13:03:27,893 [INFO] PluginManager:220 - loadIPPluginJar : add gfxmmu
2023-12-02 13:03:27,895 [INFO] IPUIPlugin:80 - create IPUIPlugin
2023-12-02 13:03:27,895 [INFO] PluginManager:220 - loadIPPluginJar : add pdm2pcm
2023-12-02 13:03:27,896 [INFO] IPUIPlugin:80 - create IPUIPlugin
2023-12-02 13:03:27,896 [INFO] PluginManager:220 - loadIPPluginJar : add genericplugin
2023-12-02 13:03:27,901 [INFO] IPUIPlugin:80 - create IPUIPlugin
2023-12-02 13:03:27,901 [INFO] PluginManager:220 - loadIPPluginJar : add gic
2023-12-02 13:03:27,905 [INFO] IPUIPlugin:80 - create IPUIPlugin
2023-12-02 13:03:27,905 [INFO] PluginManager:220 - loadIPPluginJar : add nvic
2023-12-02 13:03:27,907 [INFO] IPUIPlugin:80 - create IPUIPlugin
2023-12-02 13:03:27,907 [INFO] PluginManager:220 - loadIPPluginJar : add tim
2023-12-02 13:03:27,914 [INFO] IPUIPlugin:80 - create IPUIPlugin
2023-12-02 13:03:27,916 [INFO] PluginManager:220 - loadIPPluginJar : add plateformsettings
2023-12-02 13:03:27,922 [INFO] IPUIPlugin:80 - create IPUIPlugin
2023-12-02 13:03:27,922 [INFO] PluginManager:220 - loadIPPluginJar : add linkedlist
2023-12-02 13:03:27,924 [INFO] IPUIPlugin:80 - create IPUIPlugin
2023-12-02 13:03:27,924 [INFO] PluginManager:220 - loadIPPluginJar : add touchsensing
2023-12-02 13:03:27,926 [INFO] IPUIPlugin:80 - create IPUIPlugin
2023-12-02 13:03:27,927 [INFO] PluginManager:220 - loadIPPluginJar : add gtzc
2023-12-02 13:03:27,928 [INFO] IPUIPlugin:80 - create IPUIPlugin
2023-12-02 13:03:27,928 [INFO] PluginManager:220 - loadIPPluginJar : add ts
2023-12-02 13:03:27,930 [INFO] IPUIPlugin:80 - create IPUIPlugin
2023-12-02 13:03:27,930 [INFO] PluginManager:220 - loadIPPluginJar : add cryp
2023-12-02 13:03:27,931 [INFO] IPUIPlugin:80 - create IPUIPlugin
2023-12-02 13:03:27,931 [INFO] PluginManager:220 - loadIPPluginJar : add quadspi
2023-12-02 13:03:27,932 [INFO] IPUIPlugin:80 - create IPUIPlugin
2023-12-02 13:03:27,932 [INFO] PluginManager:220 - loadIPPluginJar : add i2s
2023-12-02 13:03:27,933 [INFO] IPUIPlugin:80 - create IPUIPlugin
2023-12-02 13:03:27,933 [INFO] PluginManager:220 - loadIPPluginJar : add tsc
2023-12-02 13:03:27,934 [INFO] IPUIPlugin:80 - create IPUIPlugin
2023-12-02 13:03:27,934 [INFO] PluginManager:220 - loadIPPluginJar : add fatfs
2023-12-02 13:03:27,936 [INFO] IPUIPlugin:80 - create IPUIPlugin
2023-12-02 13:03:27,936 [INFO] PluginManager:220 - loadIPPluginJar : add opamp
2023-12-02 13:03:27,941 [INFO] IPUIPlugin:80 - create IPUIPlugin
2023-12-02 13:03:27,941 [INFO] PluginManager:220 - loadIPPluginJar : add dma
2023-12-02 13:03:27,943 [INFO] IPUIPlugin:80 - create IPUIPlugin
2023-12-02 13:03:27,943 [INFO] PluginManager:220 - loadIPPluginJar : add can
2023-12-02 13:03:27,944 [INFO] IPUIPlugin:80 - create IPUIPlugin
2023-12-02 13:03:27,944 [INFO] PluginManager:220 - loadIPPluginJar : add lorawan
2023-12-02 13:03:27,946 [INFO] IPUIPlugin:80 - create IPUIPlugin
2023-12-02 13:03:27,946 [INFO] PluginManager:220 - loadIPPluginJar : add openamp
2023-12-02 13:03:27,948 [INFO] IPUIPlugin:80 - create IPUIPlugin
2023-12-02 13:03:27,948 [INFO] PluginManager:220 - loadIPPluginJar : add i3c
2023-12-02 13:03:27,950 [INFO] IPUIPlugin:80 - create IPUIPlugin
2023-12-02 13:03:27,950 [INFO] PluginManager:220 - loadIPPluginJar : add hash
2023-12-02 13:03:27,951 [INFO] IPUIPlugin:80 - create IPUIPlugin
2023-12-02 13:03:27,951 [INFO] PluginManager:220 - loadIPPluginJar : add comp
2023-12-02 13:03:27,955 [INFO] IPUIPlugin:80 - create IPUIPlugin
2023-12-02 13:03:27,955 [INFO] PluginManager:220 - loadIPPluginJar : add freertos
2023-12-02 13:03:27,957 [INFO] IPUIPlugin:80 - create IPUIPlugin
2023-12-02 13:03:27,957 [INFO] PluginManager:220 - loadIPPluginJar : add aes
2023-12-02 13:03:28,053 [INFO] CADModel:165 - CPN selected for project level
2023-12-02 13:03:28,054 [INFO] CADModel:114 - Register for checkConnection events
2023-12-02 13:03:28,054 [FATAL] Updater:308 - Updater called before beeing initialized
2023-12-02 13:03:28,054 [ERROR] CADModel:125 - Updater not yet initialized, retry later 
2023-12-02 13:03:28,137 [INFO] CADModel:165 - CPN selected for project level
2023-12-02 13:03:28,137 [INFO] CADModel:114 - Register for checkConnection events
2023-12-02 13:03:28,137 [FATAL] Updater:308 - Updater called before beeing initialized
2023-12-02 13:03:28,137 [ERROR] CADModel:125 - Updater not yet initialized, retry later 
2023-12-02 13:03:28,140 [FATAL] Updater:308 - Updater called before beeing initialized
2023-12-02 13:03:28,196 [FATAL] Updater:308 - Updater called before beeing initialized
2023-12-02 13:03:28,200 [INFO] DbMcusAds:53 - JSON generation date=Tue Mar 07 03:50:55 EST 2023 (1678179055114)
2023-12-02 13:03:28,200 [FATAL] Updater:308 - Updater called before beeing initialized
2023-12-02 13:03:28,226 [WARN] DetailPanel:346 - Failed to get advertising image, set to default
2023-12-02 13:03:28,291 [FATAL] Updater:308 - Updater called before beeing initialized
2023-12-02 13:03:28,292 [FATAL] Updater:308 - Updater called before beeing initialized
2023-12-02 13:03:28,292 [FATAL] Updater:308 - Updater called before beeing initialized
2023-12-02 13:03:28,292 [WARN] DetailPanel:346 - Failed to get advertising image, set to default
2023-12-02 13:03:28,293 [FATAL] Updater:308 - Updater called before beeing initialized
2023-12-02 13:03:28,322 [ERROR] Updater:1120 - MainUpdater not yet initialized. External WinMGr cannot be set.
2023-12-02 13:03:28,324 [INFO] Updater:1056 - Updater Version found : 6.9.2
2023-12-02 13:03:28,347 [INFO] ApplicationProperties:184 - Using Application install path: /opt/st/stm32cubeide_1.13.2/plugins/com.st.stm32cube.common.mx_6.9.2.202309101412
2023-12-02 13:03:28,545 [INFO] MainUpdater:2868 - connection check result : 10
2023-12-02 13:03:28,545 [INFO] MainUpdater:3562 - Updater definition file requires update
2023-12-02 13:03:28,553 [INFO] MainUpdater:285 - Updater Check For Update Now.
2023-12-02 13:03:28,554 [INFO] MicroXplorer:498 - Change Database Version : DB.6.0.92
2023-12-02 13:03:28,561 [INFO] McuFinderGlobals:63 - Set McuFinder mode to 2 (CubeIDE integrated)
2023-12-02 13:03:28,605 [INFO] ServerAccessManage:473 - Download File updaters.zip
2023-12-02 13:03:28,731 [INFO] FileExtend:240 - Unzip File : updaters.zip
2023-12-02 13:03:28,731 [INFO] FileExtend:255 - Standard Zip Deflate
2023-12-02 13:03:28,925 [INFO] ServerAccessManage:473 - Download File PacksControlFlags.xml
2023-12-02 13:03:29,006 [INFO] ServerAccessManage:473 - Download File cubemx.pidx
2023-12-02 13:03:29,305 [INFO] ServerAccessManage:473 - Download File STMicroelectronics.FP-SNS-MOTENVWB1.pdsc
2023-12-02 13:03:30,353 [ERROR] ServerAccessManage:1096 - Problem, Http access forbiden
2023-12-02 13:03:30,354 [ERROR] ServerAccessManage:651 - Problem, Http access forbiden : RoweBots.I-CUBE-UNISONRTOS.pdsc.
2023-12-02 13:03:30,471 [WARN] MainUpdater:1189 - Updater busy. Cannot search thirdparties
2023-12-02 13:03:30,472 [INFO] ThirdPartyUpdaterWithRetryManager:96 - Updater plugin is busy. [1/15]
2023-12-02 13:03:30,753 [ERROR] ServerAccessManage:1172 - Problem during Server Connection :  IO error PKIX path building failed: sun.security.provider.certpath.SunCertPathBuilderException: unable to find valid certification path to requested target
2023-12-02 13:03:30,753 [ERROR] ServerAccessManage:651 - Problem during Server Connection :  : SEGGER.I-CUBE-embOS.pdsc.
2023-12-02 13:03:30,839 [WARN] PackLoader:240 - Cannot read IP mode file for STMicroelectronics.FP-SNS-MOTENVWB1.1.3.1
2023-12-02 13:03:30,842 [INFO] PopulateThirdPartyThread:66 - Ending populate Thread
2023-12-02 13:03:30,843 [INFO] ThirdParty:1030 - CMSIS Pack Vendor :STMicroelectronics FP-SNS-MOTENVWB1 1.3.1
2023-12-02 13:03:30,843 [INFO] LoadServerUpdatesThread:373 - End of LoadServerUpdate Thread
2023-12-02 13:03:30,960 [INFO] CheckServerUpdateThread:120 - End of CheckServer Thread
2023-12-02 13:03:33,527 [WARN] PackLoader:240 - Cannot read IP mode file for STMicroelectronics.X-CUBE-SMBUS.2.1.0
2023-12-02 13:03:33,542 [WARN] PackLoader:240 - Cannot read IP mode file for STMicroelectronics.X-CUBE-AZRTOS-F7.1.1.0
2023-12-02 13:03:33,549 [WARN] PackLoader:240 - Cannot read IP mode file for STMicroelectronics.FP-SNS-MOTENV1.4.3.2
2023-12-02 13:03:33,553 [WARN] PackLoader:240 - Cannot read IP mode file for STMicroelectronics.FP-SNS-FLIGHT1.5.0.2
2023-12-02 13:03:33,558 [WARN] PackLoader:240 - Cannot read IP mode file for STMicroelectronics.X-CUBE-DISPLAY.3.0.0
2023-12-02 13:03:33,566 [WARN] PackLoader:240 - Cannot read IP mode file for STMicroelectronics.X-CUBE-BLE1.7.0.0
2023-12-02 13:03:33,569 [WARN] PackLoader:240 - Cannot read IP mode file for emotas.I-CUBE-CANOPEN.1.3.0
2023-12-02 13:03:33,572 [WARN] PackLoader:240 - Cannot read IP mode file for STMicroelectronics.X-CUBE-TOUCHGFX.4.22.1
2023-12-02 13:03:33,574 [WARN] PackLoader:240 - Cannot read IP mode file for STMicroelectronics.FP-SNS-SMARTAG2.1.2.0
2023-12-02 13:03:33,580 [INFO] LogOutputStream:77 - [STDOUT_REDIRECT] 1 : Invalid condition id : UX_CORESTACK_Condition cause : null
2023-12-02 13:03:33,580 [INFO] LogOutputStream:77 - [STDOUT_REDIRECT] 1 : Invalid condition id : UX_CORESTACK_Condition cause : null
2023-12-02 13:03:33,580 [INFO] LogOutputStream:77 - [STDOUT_REDIRECT] 1 : Invalid condition id : UX_CORESTACK_Condition cause : null
2023-12-02 13:03:33,580 [INFO] LogOutputStream:77 - [STDOUT_REDIRECT] 1 : Invalid condition id : UX_CORESTACK_Condition cause : null
2023-12-02 13:03:33,580 [INFO] LogOutputStream:77 - [STDOUT_REDIRECT] 1 : Invalid condition id : UX_CORESTACK_Condition cause : null
2023-12-02 13:03:33,584 [WARN] PackLoader:240 - Cannot read IP mode file for STMicroelectronics.X-CUBE-AZRTOS-WL.2.0.0
2023-12-02 13:03:33,589 [WARN] PackLoader:240 - Cannot read IP mode file for WES.I-CUBE-Cesium.1.3.0
2023-12-02 13:03:33,592 [WARN] PackLoader:240 - Cannot read IP mode file for STMicroelectronics.X-CUBE-BLE2.3.3.0
2023-12-02 13:03:33,595 [WARN] PackLoader:240 - Cannot read IP mode file for STMicroelectronics.X-CUBE-AI.7.3.0
2023-12-02 13:03:33,618 [WARN] PackLoader:240 - Cannot read IP mode file for STMicroelectronics.X-CUBE-ALGOBUILD.1.3.0
2023-12-02 13:03:33,633 [WARN] PackLoader:240 - Cannot read IP mode file for STMicroelectronics.X-CUBE-AZRTOS-G0.1.1.0
2023-12-02 13:03:33,637 [WARN] PackLoader:240 - Cannot read IP mode file for STMicroelectronics.X-CUBE-NFC4.3.0.0
2023-12-02 13:03:33,643 [WARN] PackLoader:240 - Cannot read IP mode file for STMicroelectronics.X-CUBE-BLEMGR.3.0.0
2023-12-02 13:03:33,647 [WARN] PackLoader:240 - Cannot read IP mode file for STMicroelectronics.FP-ATR-SIGFOX1.3.2.0
2023-12-02 13:03:33,650 [WARN] PackLoader:240 - Cannot read IP mode file for STMicroelectronics.X-CUBE-GNSS1.6.0.0
2023-12-02 13:03:33,662 [WARN] PackLoader:240 - Cannot read IP mode file for STMicroelectronics.X-CUBE-AZRTOS-F4.1.1.0
2023-12-02 13:03:33,666 [WARN] PackLoader:240 - Cannot read IP mode file for wolfSSL.I-CUBE-wolfSSL.5.6.3
2023-12-02 13:03:33,678 [WARN] PackLoader:240 - Cannot read IP mode file for STMicroelectronics.X-CUBE-AZRTOS-L5.2.0.0
2023-12-02 13:03:33,683 [WARN] PackLoader:240 - Cannot read IP mode file for STMicroelectronics.X-CUBE-EEPRMA1.4.2.0
2023-12-02 13:03:33,686 [WARN] PackLoader:240 - Cannot read IP mode file for ITTIA_DB.I-CUBE-ITTIADB.8.8.0
2023-12-02 13:03:33,690 [WARN] PackLoader:240 - Cannot read IP mode file for STMicroelectronics.X-CUBE-BLEMGR.2.0.0
2023-12-02 13:03:33,702 [WARN] ConditionMgr:438 - getConditionDescription Invalid condition id : UX DEVICE CLASS RTOS Condition cause : null
2023-12-02 13:03:33,702 [WARN] ConditionMgr:438 - getConditionDescription Invalid condition id : UX DEVICE CLASS RTOS Condition cause : null
2023-12-02 13:03:33,705 [WARN] PackLoader:240 - Cannot read IP mode file for STMicroelectronics.X-CUBE-AZRTOS-H7.3.1.0
2023-12-02 13:03:33,706 [WARN] ConditionMgr:1039 - genDependencies : Invalid condition id : UX DEVICE CLASS RTOS Condition cause : null
2023-12-02 13:03:33,706 [WARN] ConditionMgr:1039 - genDependencies : Invalid condition id : UX DEVICE CLASS RTOS Condition cause : null
2023-12-02 13:03:33,706 [WARN] ConditionMgr:1039 - genDependencies : Invalid condition id : UX DEVICE CLASS RTOS Condition cause : null
2023-12-02 13:03:33,707 [WARN] ConditionMgr:1039 - genDependencies : Invalid condition id : UX DEVICE CLASS RTOS Condition cause : null
2023-12-02 13:03:33,707 [WARN] ConditionMgr:1039 - genDependencies : Invalid condition id : UX DEVICE CLASS RTOS Condition cause : null
2023-12-02 13:03:33,711 [WARN] PackLoader:240 - Cannot read IP mode file for STMicroelectronics.X-CUBE-NFC7.1.0.1
2023-12-02 13:03:33,715 [WARN] PackLoader:240 - Cannot read IP mode file for STMicroelectronics.X-CUBE-NFC6.3.0.0
2023-12-02 13:03:33,720 [WARN] PackLoader:240 - Cannot read IP mode file for STMicroelectronics.X-CUBE-AI.8.1.0
2023-12-02 13:03:33,753 [WARN] ConditionMgr:438 - getConditionDescription Invalid condition id : LAN8742 Phy interface Condition cause : null
2023-12-02 13:03:33,754 [WARN] PackLoader:240 - Cannot read IP mode file for STMicroelectronics.X-CUBE-AZRTOS-L4.2.0.0
2023-12-02 13:03:33,754 [WARN] ConditionMgr:1039 - genDependencies : Invalid condition id : LAN8742 Phy interface Condition cause : null
2023-12-02 13:03:33,755 [WARN] ConditionMgr:1039 - genDependencies : Invalid condition id : LAN8742 Phy interface Condition cause : null
2023-12-02 13:03:33,755 [WARN] ConditionMgr:1039 - genDependencies : Invalid condition id : LAN8742 Phy interface Condition cause : null
2023-12-02 13:03:33,760 [WARN] PackLoader:240 - Cannot read IP mode file for STMicroelectronics.X-CUBE-SFXS2LP1.4.0.0
2023-12-02 13:03:33,763 [WARN] PackLoader:240 - Cannot read IP mode file for STMicroelectronics.X-CUBE-ISPU.1.1.0
2023-12-02 13:03:33,770 [WARN] ConditionMgr:438 - getConditionDescription Invalid condition id : UX DEVICE CLASS RTOS Condition cause : null
2023-12-02 13:03:33,771 [WARN] ConditionMgr:438 - getConditionDescription Invalid condition id : UX DEVICE CLASS RTOS Condition cause : null
2023-12-02 13:03:33,772 [WARN] PackLoader:240 - Cannot read IP mode file for STMicroelectronics.X-CUBE-AZRTOS-WB.2.0.0
2023-12-02 13:03:33,772 [WARN] ConditionMgr:1039 - genDependencies : Invalid condition id : UX DEVICE CLASS RTOS Condition cause : null
2023-12-02 13:03:33,772 [WARN] ConditionMgr:1039 - genDependencies : Invalid condition id : UX DEVICE CLASS RTOS Condition cause : null
2023-12-02 13:03:33,773 [WARN] ConditionMgr:1039 - genDependencies : Invalid condition id : UX DEVICE CLASS RTOS Condition cause : null
2023-12-02 13:03:33,773 [WARN] ConditionMgr:1039 - genDependencies : Invalid condition id : UX DEVICE CLASS RTOS Condition cause : null
2023-12-02 13:03:33,773 [WARN] ConditionMgr:1039 - genDependencies : Invalid condition id : UX DEVICE CLASS RTOS Condition cause : null
2023-12-02 13:03:33,780 [WARN] PackLoader:240 - Cannot read IP mode file for STMicroelectronics.X-CUBE-SUBG2.5.0.0
2023-12-02 13:03:33,789 [WARN] PackLoader:240 - Cannot read IP mode file for STMicroelectronics.X-CUBE-TOF1.3.3.1
2023-12-02 13:03:33,825 [WARN] PackLoader:240 - Cannot read IP mode file for STMicroelectronics.X-CUBE-AZRTOS-G4.2.0.0
2023-12-02 13:03:33,831 [WARN] PackLoader:240 - Cannot read IP mode file for Infineon.AIROC-Wi-Fi-Bluetooth-STM32.1.5.1
2023-12-02 13:03:33,836 [WARN] PackLoader:240 - Cannot read IP mode file for STMicroelectronics.FP-SNS-MOTENVWB1.1.3.0
2023-12-02 13:03:33,838 [WARN] PackLoader:240 - Cannot read IP mode file for STMicroelectronics.FP-SNS-MOTENVWB1.1.3.1
2023-12-02 13:03:33,861 [WARN] PackLoader:240 - Cannot read IP mode file for STMicroelectronics.X-CUBE-MEMS1.10.0.0
2023-12-02 13:03:33,946 [WARN] PackLoader:240 - Cannot read IP mode file for STMicroelectronics.X-CUBE-FREERTOS.1.1.0
2023-12-02 13:03:33,949 [WARN] PackLoader:240 - Cannot read IP mode file for portGmbH.I-Cube-SoM-uGOAL.1.1.0
2023-12-02 13:03:33,951 [WARN] PackLoader:240 - Cannot read IP mode file for STMicroelectronics.X-CUBE-ALS.1.0.1
2023-12-02 13:03:33,953 [WARN] PackLoader:240 - Cannot read IP mode file for STMicroelectronics.FP-ATR-ASTRA1.2.0.0
2023-12-02 13:03:33,958 [WARN] PackLoader:240 - Cannot read IP mode file for STMicroelectronics.X-CUBE-TOF1.3.4.0
2023-12-02 13:03:33,964 [INFO] ThirdParty:978 - Integrity check success = true
2023-12-02 13:03:33,965 [INFO] IntegrityCheckThread:100 - exiting critical section [integrity check]
2023-12-02 13:03:33,965 [INFO] IntegrityCheckThread:103 - End integrity checks thread
2023-12-02 13:03:49,210 [ERROR] LogOutputStream:75 - [STDERR_REDIRECT] SLF4J: Failed to load class "org.slf4j.impl.StaticLoggerBinder".
2023-12-02 13:03:49,211 [ERROR] LogOutputStream:75 - [STDERR_REDIRECT] SLF4J: Defaulting to no-operation (NOP) logger implementation
2023-12-02 13:03:49,211 [ERROR] LogOutputStream:75 - [STDERR_REDIRECT] SLF4J: See http://www.slf4j.org/codes.html#StaticLoggerBinder for further details.
2023-12-02 13:08:05,091 [ERROR] ConfigurationRetriever:142 - IOException on connection: Connect timed out
2023-12-02 16:58:51,298 [INFO] McuFinderGlobals:63 - Set McuFinder mode to 2 (CubeIDE integrated)
2023-12-02 16:58:51,301 [INFO] MainUpdater:2868 - connection check result : 10
2023-12-02 16:58:51,301 [INFO] MainUpdater:2868 - connection check result : 10
2023-12-02 16:58:51,329 [INFO] MicroXplorer:468 - Change Database Path : 
2023-12-02 16:58:51,329 [INFO] MicroXplorer:498 - Change Database Version : DB.6.0.92
2023-12-02 16:58:51,332 [WARN] ThirdParty:871 - waiting for thirdparty lock release [close project]
2023-12-02 16:58:51,332 [INFO] ThirdParty:873 - entering critical section [close project]
2023-12-02 16:58:51,333 [INFO] ThirdParty:883 - exiting critical section [close project]
2023-12-02 16:58:51,334 [INFO] PinOutPanel:1499 - setPackage(No Configuration,No Configuration)
2023-12-02 16:58:51,341 [INFO] UtilMem:75 - Begin LoadConfig() Used Memory: 308092888 Bytes (455081984)
2023-12-02 16:58:51,342 [INFO] MicroXplorer:468 - Change Database Path : 
2023-12-02 16:58:51,342 [INFO] MicroXplorer:498 - Change Database Version : DB.6.0.92
2023-12-02 16:58:51,342 [INFO] OpenFileManager:308 - Change cursor
2023-12-02 16:58:51,370 [INFO] Mcu:1946 - Initializing MCU STM32F401R(D-E)Tx STM32F401RETx STM32F401RET6
2023-12-02 16:58:52,098 [INFO] Context:659 - Trying to add GPIOservice into a context  which must be forbidden
2023-12-02 16:58:52,401 [INFO] RtosManager:555 - Registered RTOS mode: class=CMSIS, group=RTOS, mode=CMSIS_V1, owner=FREERTOS
2023-12-02 16:58:52,401 [INFO] RtosManager:555 - Registered RTOS mode: class=CMSIS, group=RTOS2, mode=CMSIS_V2, owner=FREERTOS
2023-12-02 16:58:52,401 [INFO] RtosManager:555 - Registered RTOS mode: class=RTOS, group=Core, mode=CMSIS_V1, owner=FREERTOS
2023-12-02 16:58:52,401 [INFO] RtosManager:555 - Registered RTOS mode: class=RTOS, group=Core, mode=CMSIS_V2, owner=FREERTOS
2023-12-02 16:58:52,402 [WARN] ModelIntegratedComponent:184 - Missing modes for component STMicroelectronics:FreeRTOS:0.0.1:STMicroelectronics:RTOS:FreeRTOS:Core:::10.2.0:
2023-12-02 16:58:52,423 [WARN] ModelIntegratedComponent:63 - No mode defined for component null
2023-12-02 16:58:52,423 [WARN] ModelIntegratedComponent:63 - No mode defined for component null
2023-12-02 16:58:52,423 [WARN] ModelIntegratedComponent:63 - No mode defined for component null
2023-12-02 16:58:52,423 [WARN] ModelIntegratedComponent:63 - No mode defined for component null
2023-12-02 16:58:52,423 [WARN] ModelIntegratedComponent:63 - No mode defined for component null
2023-12-02 16:58:52,423 [WARN] ModelIntegratedComponent:63 - No mode defined for component null
2023-12-02 16:58:52,423 [WARN] ModelIntegratedComponent:63 - No mode defined for component null
2023-12-02 16:58:52,423 [WARN] ModelIntegratedComponent:63 - No mode defined for component null
2023-12-02 16:58:52,423 [WARN] ModelIntegratedComponent:63 - No mode defined for component null
2023-12-02 16:58:52,423 [WARN] ModelIntegratedComponent:63 - No mode defined for component null
2023-12-02 16:58:52,423 [WARN] ModelIntegratedComponent:63 - No mode defined for component null
2023-12-02 16:58:52,423 [WARN] ModelIntegratedComponent:63 - No mode defined for component null
2023-12-02 16:58:52,423 [WARN] ModelIntegratedComponent:63 - No mode defined for component null
2023-12-02 16:58:52,424 [WARN] ModelIntegratedComponent:63 - No mode defined for component null
2023-12-02 16:58:52,424 [WARN] ModelIntegratedComponent:63 - No mode defined for component null
2023-12-02 16:58:52,424 [WARN] ModelIntegratedComponent:63 - No mode defined for component null
2023-12-02 16:58:52,424 [WARN] ModelIntegratedComponent:63 - No mode defined for component null
2023-12-02 16:58:52,424 [WARN] ModelIntegratedComponent:63 - No mode defined for component null
2023-12-02 16:58:52,424 [WARN] ModelIntegratedComponent:63 - No mode defined for component null
2023-12-02 16:58:52,424 [WARN] ModelIntegratedComponent:63 - No mode defined for component null
2023-12-02 16:58:52,424 [WARN] ModelIntegratedComponent:63 - No mode defined for component null
2023-12-02 16:58:52,424 [WARN] ModelIntegratedComponent:63 - No mode defined for component null
2023-12-02 16:58:52,424 [WARN] ModelIntegratedComponent:63 - No mode defined for component null
2023-12-02 16:58:52,424 [WARN] ModelIntegratedComponent:63 - No mode defined for component null
2023-12-02 16:58:52,424 [WARN] ModelIntegratedComponent:63 - No mode defined for component null
2023-12-02 16:58:52,424 [WARN] ModelIntegratedComponent:63 - No mode defined for component null
2023-12-02 16:58:52,424 [WARN] ModelIntegratedComponent:63 - No mode defined for component null
2023-12-02 16:58:52,424 [WARN] ModelIntegratedComponent:63 - No mode defined for component null
2023-12-02 16:58:52,424 [WARN] ModelIntegratedComponent:63 - No mode defined for component null
2023-12-02 16:58:52,424 [WARN] ModelIntegratedComponent:63 - No mode defined for component null
2023-12-02 16:58:52,424 [WARN] ModelIntegratedComponent:63 - No mode defined for component null
2023-12-02 16:58:52,424 [WARN] ModelIntegratedComponent:63 - No mode defined for component null
2023-12-02 16:58:52,424 [WARN] ModelIntegratedComponent:63 - No mode defined for component null
2023-12-02 16:58:52,513 [INFO] ThirdPartyModel:298 - Start build external matchings
2023-12-02 16:58:52,746 [INFO] ThirdPartyModel:316 - End build external matchings
2023-12-02 16:58:52,759 [WARN] IP:2114 - I2C_Coeff_DF not found: check if there is a RefParameter without a condition.
2023-12-02 16:58:52,759 [WARN] IP:2114 - Analog_Filter not found: check if there is a RefParameter without a condition.
2023-12-02 16:58:52,760 [INFO] ImportTextPane:194 - (OptionalMessage_ERROR) IP (RCC) : Parameter (RTCHSEDivFreq_Value) has invalid value (4000000)
2023-12-02 16:58:52,931 [INFO] UtilMem:75 - End LoadConfig() Used Memory: 241648144 Bytes (466616320)
2023-12-02 16:58:53,036 [INFO] ApiDb:581 - Connected to CubeFinder SQLite database (/home/adam/.stmcufinder/plugins/mcufinder/mcu/cube-finder-db.db)
2023-12-02 16:58:53,068 [INFO] ApiDb:668 - CubeFinder database Data Model version=2.1
2023-12-02 16:58:53,068 [INFO] ApiDb:669 - CubeFinder database Configuration version=3.0.39
2023-12-02 16:58:53,069 [INFO] ApiDb:670 - CubeFinder database generation date=2023-11-06 (1699269565)
2023-12-02 16:58:53,070 [INFO] ApiDb:671 - CubeFinder database FW Pack versions=[FP-ATR-ASTRA1_V2.0.0, FP-SNS-FLIGHT1_V5.0.1, FP-SNS-FLIGHT1_V5.0.2, FP-SNS-MOTENV1_V4.3.1, FP-SNS-MOTENV1_V4.3.2, FP-SNS-MOTENVWB1_V1.3.0, FP-SNS-SMARTAG2_V1.2.0, STM32Cube_FW_C0_V1.1.0, STM32Cube_FW_F4_V1.28.0, STM32Cube_FW_F7_V1.17.0, STM32Cube_FW_G0_V1.6.1, STM32Cube_FW_G4_V1.5.1, STM32Cube_FW_H5_V0.5.1, STM32Cube_FW_H5_V1.1.1, STM32Cube_FW_H5_V1.2.0RC2, STM32Cube_FW_H7_V1.11.0, STM32Cube_FW_L0_V1.12.2, STM32Cube_FW_L5_V1.5.0, STM32Cube_FW_U5_V1.3.0RC4, STM32Cube_FW_U5_V1.4.0, STM32Cube_FW_WBA_V1.0.0RC1, STM32Cube_FW_WBA_V1.1.0RC1, STM32Cube_FW_WBA_V1.2.0, STM32Cube_FW_WBA_V1.2.0RC2, STM32Cube_FW_WB_V1.15.0RC1, STM32Cube_FW_WB_V1.16.0, STM32Cube_FW_WB_V1.16.0RC2, STM32Cube_FW_WB_V1.18.0, STM32Cube_FW_WL_V1.3.0, X-CUBE-ALGOBUILD_V1.3.0, X-CUBE-ALS_V1.0.1, X-CUBE-AZRTOS-F4_V1.1.0, X-CUBE-AZRTOS-F7_V1.1.0, X-CUBE-AZRTOS-G0_V1.1.0, X-CUBE-AZRTOS-G4_V2.0.0, X-CUBE-AZRTOS-H7_V3.1.0, X-CUBE-AZRTOS-L4_V1.0.0, X-CUBE-AZRTOS-L4_V2.0.0, X-CUBE-AZRTOS-L5_V1.1.0, X-CUBE-AZRTOS-WB_V2.0.0, X-CUBE-AZRTOS-WL_V2.0.0, X-CUBE-BLE1_V7.0.0, X-CUBE-BLE2_V3.3.0, X-CUBE-BLEMGR_V2.0.0, X-CUBE-EEPRMA1_V4.1.0, X-CUBE-EEPRMA1_V4.2.0, X-CUBE-FREERTOS_V1.1.0, X-CUBE-GNSS1_V6.0.0, X-CUBE-MEMS1_V10.0.0, X-CUBE-MEMS1_V9.1.0, X-CUBE-MEMS1_V9.4.0, X-CUBE-MEMS1_V9.6.0, X-CUBE-NFC4_V3.0.0, X-CUBE-NFC7_V1.0.1, X-CUBE-SFXS2LP1_V4.0.0, X-CUBE-SUBG2_V5.0.0, X-CUBE-TOF1_V3.3.1]
2023-12-02 16:58:54,691 [INFO] ApiDb:240 - Found 323 in-development CPN: [B-G473E-ZEST1S, B-WB1M-WPAN1, B-WL5M-SUBG1, NUCLEO-C031C6, NUCLEO-H503RB, NUCLEO-H563ZI, NUCLEO-U545RE-Q, NUCLEO-U5A5ZJ-Q, NUCLEO-WBA52CG, STEVAL-PROTEUS1, STEVAL-SMARTAG2, STEVAL-STWINBX1, STM320518-EVAL, STM32C0116-DK, STM32C011D6Y3TR, STM32C011D6Y6TR, STM32C011F4P3, STM32C011F4P6, STM32C011F4U3, STM32C011F4U6TR, STM32C011F6P3, STM32C011F6P6, STM32C011F6U3, STM32C011F6U6TR, STM32C011J4M3, STM32C011J4M6, STM32C011J6M3, STM32C011J6M6, STM32C0316-DK, STM32C031C4T3, STM32C031C4T6, STM32C031C4U3, STM32C031C4U6, STM32C031C6T3, STM32C031C6T6, STM32C031C6U3, STM32C031C6U6, STM32C031F4P3, STM32C031F4P6, STM32C031F6P3, STM32C031F6P6, STM32C031G4U3, STM32C031G4U6, STM32C031G6U3, STM32C031G6U6, STM32C031K4T3, STM32C031K4T6, STM32C031K4U3, STM32C031K4U6, STM32C031K6T3, STM32C031K6T6, STM32C031K6U3, STM32C031K6U6, STM32G071K8TXN, STM32G071K8UXN, STM32G081GBU6N, STM32G081KBT6N, STM32G081KBUXN, STM32G0B1CCT6N, STM32G0B1KCT6, STM32G0B1NEY6TR, STM32G0B1RCT6N, STM32G0C1CCT6, STM32G0C1CCT6N, STM32G0C1CCU6N, STM32G0C1CET6N, STM32G0C1CEU6N, STM32G0C1KCT6, STM32G0C1NEY6TR, STM32G0C1RCI6N, STM32G0C1RCT6N, STM32G0C1REI6N, STM32G0C1RET6N, STM32G0C1VCI6, STM32G0C1VEI6, STM32G471CCT6, STM32G471CCU6, STM32G471CET3, STM32G471CET6, STM32G471CEU3, STM32G471CEU6, STM32G471MCT6, STM32G471MET3, STM32G471MET6, STM32G471MEY6TR, STM32G471QCT6, STM32G471QET3, STM32G471RCT6, STM32G471RET3, STM32G471RET6, STM32G471VCH6, STM32G471VCI6, STM32G471VCT6, STM32G471VEH3, STM32G471VEH6, STM32G471VEI3, STM32G471VEI6, STM32G471VET3, STM32G471VET6, STM32G474CCT6, STM32H503CBT6, STM32H503CBU6, STM32H503EBY6TR, STM32H503KBU6, STM32H503RBT6, STM32H562AGI6, STM32H562AII6, STM32H562IGK6, STM32H562IGT6, STM32H562IIK6, STM32H562IIT6, STM32H562RGT6, STM32H562RGV6, STM32H562RIT6, STM32H562RIV6, STM32H562VGT6, STM32H562VIT6, STM32H562ZGT6, STM32H562ZIT6, STM32H563AGI6, STM32H563AII3Q, STM32H563AII6, STM32H563IGK6, STM32H563IGT6, STM32H563IIK3Q, STM32H563IIK6, STM32H563IIT3Q, STM32H563IIT6, STM32H563MIY3QTR, STM32H563RGT6, STM32H563RGV6, STM32H563RIT6, STM32H563RIV6, STM32H563VGT6, STM32H563VIT3Q, STM32H563VIT6, STM32H563ZGT6, STM32H563ZIT3Q, STM32H563ZIT6, STM32H573AII3Q, STM32H573AII6, STM32H573I-DK, STM32H573IIK3Q, STM32H573IIK6, STM32H573IIT3Q, STM32H573IIT6, STM32H573MIY3QTR, STM32H573RIT6, STM32H573RIV6, STM32H573VIT3Q, STM32H573VIT6, STM32H573ZIT3Q, STM32H573ZIT6, STM32L4R5QGI6STR, STM32MP131AAE3, STM32MP131AAF3, STM32MP131AAG3, STM32MP131CAE3, STM32MP131CAF3, STM32MP131CAG3, STM32MP131DAE7, STM32MP131DAF7, STM32MP131DAG7, STM32MP131FAE7, STM32MP131FAF7, STM32MP131FAG7, STM32MP133AAE3, STM32MP133AAF3, STM32MP133AAG3, STM32MP133CAE3, STM32MP133CAF3, STM32MP133CAG3, STM32MP133DAE7, STM32MP133DAF7, STM32MP133DAG7, STM32MP133FAE7, STM32MP133FAF7, STM32MP133FAG7, STM32MP135AAE3, STM32MP135AAF3, STM32MP135AAG3, STM32MP135CAE3, STM32MP135CAF3, STM32MP135CAG3, STM32MP135DAE7, STM32MP135DAF7, STM32MP135DAG7, STM32MP135F-DK, STM32MP135FAE7, STM32MP135FAF7, STM32MP135FAF7T, STM32MP135FAF7U, STM32MP135FAG7, STM32U535CBT6, STM32U535CBT6Q, STM32U535CBU6, STM32U535CBU6Q, STM32U535CCT6, STM32U535CCT6Q, STM32U535CCU6, STM32U535CCU6Q, STM32U535CET6, STM32U535CET6Q, STM32U535CEU6, STM32U535CEU6Q, STM32U535JEY6QTR, STM32U535NCY6QTR, STM32U535NEY6QTR, STM32U535RBI6, STM32U535RBI6Q, STM32U535RBT6, STM32U535RBT6Q, STM32U535RCI6, STM32U535RCI6Q, STM32U535RCT6, STM32U535RCT6Q, STM32U535REI6, STM32U535REI6Q, STM32U535RET6, STM32U535RET6Q, STM32U535VCI6, STM32U535VCI6Q, STM32U535VCT6, STM32U535VCT6Q, STM32U535VEI6, STM32U535VEI6Q, STM32U535VET6, STM32U535VET6Q, STM32U545CET6, STM32U545CET6Q, STM32U545CEU6, STM32U545CEU6Q, STM32U545JEY6QTR, STM32U545NEY6QTR, STM32U545REI6, STM32U545REI6Q, STM32U545RET6, STM32U545RET6Q, STM32U545VEI6, STM32U545VEI6Q, STM32U545VET6, STM32U545VET6Q, STM32U595AIH6, STM32U595AIH6Q, STM32U595AJH6, STM32U595AJH6Q, STM32U595QII6, STM32U595QII6Q, STM32U595QJI6, STM32U595QJI6Q, STM32U595RIT6, STM32U595RIT6Q, STM32U595RJT6, STM32U595RJT6Q, STM32U595VIT6, STM32U595VIT6Q, STM32U595VJT6, STM32U595VJT6Q, STM32U595ZIT6, STM32U595ZIT6Q, STM32U595ZIY6QTR, STM32U595ZJT6, STM32U595ZJT6Q, STM32U595ZJY6QTR, STM32U599BJY6QTR, STM32U599NIH6Q, STM32U599NJH6Q, STM32U599VIT6Q, STM32U599VJT6, STM32U599VJT6Q, STM32U599ZIT6Q, STM32U599ZIY6QTR, STM32U599ZJT6Q, STM32U599ZJY6QTR, STM32U5A5AJH6, STM32U5A5AJH6Q, STM32U5A5QJI6, STM32U5A5QJI6Q, STM32U5A5RJT6, STM32U5A5RJT6Q, STM32U5A5VJT6, STM32U5A5VJT6Q, STM32U5A5ZJT6, STM32U5A5ZJT6Q, STM32U5A5ZJY6QTR, STM32U5A9BJY6QTR, STM32U5A9J-DK, STM32U5A9NJH6Q, STM32U5A9VJT6Q, STM32U5A9ZJT6Q, STM32U5A9ZJY6QTR, STM32U5F7VIT6, STM32U5F7VIT6Q, STM32U5F7VJT6, STM32U5F7VJT6Q, STM32U5F9BJY6QTR, STM32U5F9NJH6Q, STM32U5F9VIT6Q, STM32U5F9VJT6Q, STM32U5F9ZIJ6QTR, STM32U5F9ZIT6Q, STM32U5F9ZJJ6QTR, STM32U5F9ZJT6Q, STM32U5G7VJT6, STM32U5G7VJT6Q, STM32U5G9BJY6QTR, STM32U5G9J-DK1, STM32U5G9J-DK2, STM32U5G9NJH6Q, STM32U5G9VJT6Q, STM32U5G9ZJJ6QTR, STM32U5G9ZJT6Q, STM32WB1MMCH6, STM32WBA52CEU6, STM32WBA52CEU6T, STM32WBA52CGU6, STM32WBA52CGU6T, STM32WBA52KEU6, STM32WBA52KEU6T, STM32WBA52KGU6, STM32WBA52KGU6T, STM32WL5MOCH6, STM32WL5MOCH6TR]
2023-12-02 16:58:54,694 [INFO] DbMcus:217 - Found 3882 MCUs, 3882 are supported
2023-12-02 16:58:54,695 [INFO] ApiDb:423 - Load user favorites file /home/adam/.stm32cubeide/favorites.mcus.txt: 0 item(s)
2023-12-02 16:58:54,695 [INFO] ApiDb:427 - User favorites MCUs=[]
2023-12-02 16:58:54,695 [INFO] DbMcus:223 - Set 0 / 0 favorites MCUs
2023-12-02 16:58:54,963 [WARN] ThirdParty:833 - waiting for thirdparty lock release [change project]
2023-12-02 16:58:54,963 [INFO] ThirdParty:835 - entering critical section [change project]
2023-12-02 16:58:54,963 [INFO] ThirdParty:1030 - CMSIS Pack Vendor :STMicroelectronics X-CUBE-ISPU 1.1.0
2023-12-02 16:58:54,963 [INFO] ThirdParty:1030 - CMSIS Pack Vendor :STMicroelectronics USBPD 4.1
2023-12-02 16:58:54,963 [INFO] ThirdParty:1030 - CMSIS Pack Vendor :STMicroelectronics X-CUBE-GNSS1 6.0.0
2023-12-02 16:58:54,963 [INFO] ThirdParty:1030 - CMSIS Pack Vendor :STMicroelectronics USB_HOST 2.0.0
2023-12-02 16:58:54,963 [INFO] ThirdParty:1030 - CMSIS Pack Vendor :STMicroelectronics X-CUBE-AZRTOS-F4 1.1.0
2023-12-02 16:58:54,963 [INFO] ThirdParty:1030 - CMSIS Pack Vendor :STMicroelectronics LIBJPEG 8.0.0
2023-12-02 16:58:54,963 [INFO] ThirdParty:1030 - CMSIS Pack Vendor :wolfSSL I-CUBE-wolfSSL 5.6.3
2023-12-02 16:58:54,963 [INFO] ThirdParty:1030 - CMSIS Pack Vendor :STMicroelectronics X-CUBE-SMBUS 2.1.0
2023-12-02 16:58:54,963 [INFO] ThirdParty:1030 - CMSIS Pack Vendor :STMicroelectronics USB_DEVICE 3.0.0
2023-12-02 16:58:54,963 [INFO] ThirdParty:1030 - CMSIS Pack Vendor :STMicroelectronics X-CUBE-AZRTOS-WB 2.0.0
2023-12-02 16:58:54,963 [INFO] ThirdParty:1030 - CMSIS Pack Vendor :STMicroelectronics X-CUBE-AZRTOS-F7 1.1.0
2023-12-02 16:58:54,963 [INFO] ThirdParty:1030 - CMSIS Pack Vendor :STMicroelectronics X-CUBE-AZRTOS-L5 2.0.0
2023-12-02 16:58:54,963 [INFO] ThirdParty:1030 - CMSIS Pack Vendor :STMicroelectronics USB_DEVICE 2.0.0
2023-12-02 16:58:54,963 [INFO] ThirdParty:1030 - CMSIS Pack Vendor :STMicroelectronics X-CUBE-AI 7.3.0
2023-12-02 16:58:54,963 [INFO] ThirdParty:1030 - CMSIS Pack Vendor :STMicroelectronics X-CUBE-EEPRMA1 4.2.0
2023-12-02 16:58:54,964 [INFO] ThirdParty:1030 - CMSIS Pack Vendor :ITTIA_DB I-CUBE-ITTIADB 8.8.0
2023-12-02 16:58:54,964 [INFO] ThirdParty:1030 - CMSIS Pack Vendor :STMicroelectronics FP-SNS-MOTENV1 4.3.2
2023-12-02 16:58:54,964 [INFO] ThirdParty:1030 - CMSIS Pack Vendor :STMicroelectronics X-CUBE-ALGOBUILD 1.3.0
2023-12-02 16:58:54,964 [INFO] ThirdParty:1030 - CMSIS Pack Vendor :STMicroelectronics FreeRTOS 0.0.1
2023-12-02 16:58:54,964 [INFO] ThirdParty:1030 - CMSIS Pack Vendor :STMicroelectronics X-CUBE-AZRTOS-G0 1.1.0
2023-12-02 16:58:54,964 [INFO] ThirdParty:1030 - CMSIS Pack Vendor :STMicroelectronics X-CUBE-BLEMGR 2.0.0
2023-12-02 16:58:54,964 [INFO] ThirdParty:1030 - CMSIS Pack Vendor :STMicroelectronics X-CUBE-NFC4 3.0.0
2023-12-02 16:58:54,964 [INFO] ThirdParty:1030 - CMSIS Pack Vendor :STMicroelectronics X-CUBE-SUBG2 5.0.0
2023-12-02 16:58:54,964 [INFO] ThirdParty:1030 - CMSIS Pack Vendor :STMicroelectronics STM32_WPAN 1.0.0
2023-12-02 16:58:54,964 [INFO] ThirdParty:1030 - CMSIS Pack Vendor :STMicroelectronics lwIP 2.0.3
2023-12-02 16:58:54,964 [INFO] ThirdParty:1030 - CMSIS Pack Vendor :STMicroelectronics FP-SNS-FLIGHT1 5.0.2
2023-12-02 16:58:54,964 [INFO] ThirdParty:1030 - CMSIS Pack Vendor :STMicroelectronics USB_HOST 1.0.0
2023-12-02 16:58:54,964 [INFO] ThirdParty:1030 - CMSIS Pack Vendor :STMicroelectronics X-CUBE-TOF1 3.3.1
2023-12-02 16:58:54,964 [INFO] ThirdParty:1030 - CMSIS Pack Vendor :STMicroelectronics X-CUBE-AZRTOS-G4 2.0.0
2023-12-02 16:58:54,964 [INFO] ThirdParty:1030 - CMSIS Pack Vendor :STMicroelectronics PDM2PCM 3.1.0
2023-12-02 16:58:54,964 [INFO] ThirdParty:1030 - CMSIS Pack Vendor :STMicroelectronics X-CUBE-AZRTOS-H7 3.1.0
2023-12-02 16:58:54,964 [INFO] ThirdParty:1030 - CMSIS Pack Vendor :Infineon AIROC-Wi-Fi-Bluetooth-STM32 1.5.1
2023-12-02 16:58:54,964 [INFO] ThirdParty:1030 - CMSIS Pack Vendor :STMicroelectronics X-CUBE-BLEMGR 3.0.0
2023-12-02 16:58:54,964 [INFO] ThirdParty:1030 - CMSIS Pack Vendor :STMicroelectronics PDM2PCM 3.3.0
2023-12-02 16:58:54,964 [INFO] ThirdParty:1030 - CMSIS Pack Vendor :STMicroelectronics X-CUBE-DISPLAY 3.0.0
2023-12-02 16:58:54,964 [INFO] ThirdParty:1030 - CMSIS Pack Vendor :STMicroelectronics FP-SNS-MOTENVWB1 1.3.0
2023-12-02 16:58:54,964 [INFO] ThirdParty:1030 - CMSIS Pack Vendor :STMicroelectronics FP-SNS-MOTENVWB1 1.3.1
2023-12-02 16:58:54,964 [INFO] ThirdParty:1030 - CMSIS Pack Vendor :STMicroelectronics X-CUBE-BLE1 7.0.0
2023-12-02 16:58:54,964 [INFO] ThirdParty:1030 - CMSIS Pack Vendor :STMicroelectronics FP-ATR-SIGFOX1 3.2.0
2023-12-02 16:58:54,964 [INFO] ThirdParty:1030 - CMSIS Pack Vendor :STMicroelectronics HAL Drivers 0.0.0
2023-12-02 16:58:54,964 [INFO] ThirdParty:1030 - CMSIS Pack Vendor :STMicroelectronics MBEDTLS 2.16.2
2023-12-02 16:58:54,964 [INFO] ThirdParty:1030 - CMSIS Pack Vendor :emotas I-CUBE-CANOPEN 1.3.0
2023-12-02 16:58:54,964 [INFO] ThirdParty:1030 - CMSIS Pack Vendor :STMicroelectronics X-CUBE-MEMS1 10.0.0
2023-12-02 16:58:54,964 [INFO] ThirdParty:1030 - CMSIS Pack Vendor :STMicroelectronics X-CUBE-FREERTOS 1.1.0
2023-12-02 16:58:54,964 [INFO] ThirdParty:1030 - CMSIS Pack Vendor :STMicroelectronics X-CUBE-NFC7 1.0.1
2023-12-02 16:58:54,964 [INFO] ThirdParty:1030 - CMSIS Pack Vendor :STMicroelectronics MBEDTLS 2.14.1
2023-12-02 16:58:54,964 [INFO] ThirdParty:1030 - CMSIS Pack Vendor :STMicroelectronics X-CUBE-TOUCHGFX 4.22.1
2023-12-02 16:58:54,964 [INFO] ThirdParty:1030 - CMSIS Pack Vendor :STMicroelectronics X-CUBE-NFC6 3.0.0
2023-12-02 16:58:54,964 [INFO] ThirdParty:1030 - CMSIS Pack Vendor :portGmbH I-Cube-SoM-uGOAL 1.1.0
2023-12-02 16:58:54,964 [INFO] ThirdParty:1030 - CMSIS Pack Vendor :STMicroelectronics X-CUBE-ALS 1.0.1
2023-12-02 16:58:54,964 [INFO] ThirdParty:1030 - CMSIS Pack Vendor :STMicroelectronics ThreadX 1.0.0
2023-12-02 16:58:54,964 [INFO] ThirdParty:1030 - CMSIS Pack Vendor :STMicroelectronics FP-SNS-SMARTAG2 1.2.0
2023-12-02 16:58:54,964 [INFO] ThirdParty:1030 - CMSIS Pack Vendor :STMicroelectronics X-CUBE-AZRTOS-WL 2.0.0
2023-12-02 16:58:54,964 [INFO] ThirdParty:1030 - CMSIS Pack Vendor :STMicroelectronics USB_DEVICE 1.0.0
2023-12-02 16:58:54,965 [INFO] ThirdParty:1030 - CMSIS Pack Vendor :STMicroelectronics X-CUBE-AI 8.1.0
2023-12-02 16:58:54,965 [INFO] ThirdParty:1030 - CMSIS Pack Vendor :STMicroelectronics X-CUBE-AZRTOS-L4 2.0.0
2023-12-02 16:58:54,965 [INFO] ThirdParty:1030 - CMSIS Pack Vendor :STMicroelectronics ThreadX 0.0.2
2023-12-02 16:58:54,965 [INFO] ThirdParty:1030 - CMSIS Pack Vendor :WES I-CUBE-Cesium 1.3.0
2023-12-02 16:58:54,965 [INFO] ThirdParty:1030 - CMSIS Pack Vendor :STMicroelectronics FP-ATR-ASTRA1 2.0.0
2023-12-02 16:58:54,965 [INFO] ThirdParty:1030 - CMSIS Pack Vendor :STMicroelectronics lwIP 2.1.2
2023-12-02 16:58:54,965 [INFO] ThirdParty:1030 - CMSIS Pack Vendor :STMicroelectronics X-CUBE-SFXS2LP1 4.0.0
2023-12-02 16:58:54,965 [INFO] ThirdParty:1030 - CMSIS Pack Vendor :STMicroelectronics X-CUBE-BLE2 3.3.0
2023-12-02 16:58:54,965 [INFO] ThirdParty:1030 - CMSIS Pack Vendor :STMicroelectronics X-CUBE-TOF1 3.4.0
2023-12-02 16:58:54,965 [INFO] ThirdParty:1030 - CMSIS Pack Vendor :STMicroelectronics PDM2PCM 3.2.0
2023-12-02 16:58:54,965 [INFO] ThirdParty:841 - exiting critical section [change project]
2023-12-02 16:58:55,183 [INFO] PinOutPanel:1499 - setPackage(No Configuration,No Configuration)
2023-12-02 16:58:55,184 [INFO] PinOutPanel:1499 - setPackage(STM32F401RETx,LQFP64)
2023-12-02 16:58:55,506 [INFO] UtilMem:75 - Before build in PCC Used Memory: 302001336 Bytes (466616320)
2023-12-02 16:58:55,979 [INFO] UtilMem:75 - After build in PCC Used Memory: 221713600 Bytes (466616320)
2023-12-02 16:58:56,000 [INFO] IPUIPlugin:80 - create IPUIPlugin
2023-12-02 16:58:56,000 [INFO] IPUIPlugin:80 - create IPUIPlugin
2023-12-02 16:58:56,000 [INFO] IPUIPlugin:80 - create IPUIPlugin
2023-12-02 16:58:56,000 [INFO] IPUIPlugin:80 - create IPUIPlugin
2023-12-02 16:58:56,001 [INFO] IPUIPlugin:80 - create IPUIPlugin
2023-12-02 16:58:56,001 [INFO] IPUIPlugin:80 - create IPUIPlugin
2023-12-02 16:58:56,001 [INFO] IPUIPlugin:80 - create IPUIPlugin
2023-12-02 16:58:56,001 [INFO] IPUIPlugin:80 - create IPUIPlugin
2023-12-02 16:58:56,001 [INFO] IPUIPlugin:80 - create IPUIPlugin
2023-12-02 16:58:56,001 [INFO] IPUIPlugin:80 - create IPUIPlugin
2023-12-02 16:58:56,001 [INFO] IPUIPlugin:80 - create IPUIPlugin
2023-12-02 16:58:56,001 [INFO] IPUIPlugin:80 - create IPUIPlugin
2023-12-02 16:58:56,002 [INFO] IPUIPlugin:80 - create IPUIPlugin
2023-12-02 16:58:56,002 [INFO] IPUIPlugin:80 - create IPUIPlugin
2023-12-02 16:58:56,002 [INFO] IPUIPlugin:80 - create IPUIPlugin
2023-12-02 16:58:56,002 [INFO] IPUIPlugin:80 - create IPUIPlugin
2023-12-02 16:58:56,002 [INFO] IPUIPlugin:80 - create IPUIPlugin
2023-12-02 16:58:56,002 [INFO] IPUIPlugin:80 - create IPUIPlugin
2023-12-02 16:58:56,002 [INFO] IPUIPlugin:80 - create IPUIPlugin
2023-12-02 16:58:56,002 [INFO] IPUIPlugin:80 - create IPUIPlugin
2023-12-02 16:58:56,003 [INFO] IPUIPlugin:80 - create IPUIPlugin
2023-12-02 16:58:56,003 [INFO] IPUIPlugin:80 - create IPUIPlugin
2023-12-02 16:58:56,003 [INFO] IPUIPlugin:80 - create IPUIPlugin
2023-12-02 16:58:56,003 [INFO] IPUIPlugin:80 - create IPUIPlugin
2023-12-02 16:58:56,003 [INFO] IPUIPlugin:80 - create IPUIPlugin
2023-12-02 16:58:56,003 [INFO] IPUIPlugin:80 - create IPUIPlugin
2023-12-02 16:58:56,003 [INFO] IPUIPlugin:80 - create IPUIPlugin
2023-12-02 16:58:56,003 [INFO] IPUIPlugin:80 - create IPUIPlugin
2023-12-02 16:58:56,003 [INFO] IPUIPlugin:80 - create IPUIPlugin
2023-12-02 16:58:56,003 [INFO] IPUIPlugin:80 - create IPUIPlugin
2023-12-02 16:58:56,003 [INFO] IPUIPlugin:80 - create IPUIPlugin
2023-12-02 16:58:56,004 [INFO] IPUIPlugin:80 - create IPUIPlugin
2023-12-02 16:58:56,004 [INFO] IPUIPlugin:80 - create IPUIPlugin
2023-12-02 16:58:56,004 [INFO] IPUIPlugin:80 - create IPUIPlugin
2023-12-02 16:58:56,004 [INFO] IPUIPlugin:80 - create IPUIPlugin
2023-12-02 16:58:56,004 [INFO] IPUIPlugin:80 - create IPUIPlugin
2023-12-02 16:58:56,004 [INFO] IPUIPlugin:80 - create IPUIPlugin
2023-12-02 16:58:56,004 [INFO] IPUIPlugin:80 - create IPUIPlugin
2023-12-02 16:58:56,027 [INFO] ApiDbMcu:507 - Load IP Config File for PDM2PCM
2023-12-02 16:58:56,032 [WARN] IP:2114 - I2C_Coeff_DF not found: check if there is a RefParameter without a condition.
2023-12-02 16:58:56,032 [WARN] IP:2114 - Analog_Filter not found: check if there is a RefParameter without a condition.
2023-12-02 16:58:56,136 [INFO] CADModel:165 - CPN selected for project levelSTM32F401RET6
2023-12-02 16:58:56,136 [INFO] CADModel:114 - Register for checkConnection events
2023-12-02 16:58:56,175 [INFO] OpenFileManager:328 - Restore cursor
2023-12-02 16:58:56,353 [WARN] IP:2114 - I2C_Coeff_DF not found: check if there is a RefParameter without a condition.
2023-12-02 16:58:56,353 [WARN] IP:2114 - Analog_Filter not found: check if there is a RefParameter without a condition.
2023-12-02 16:58:56,353 [WARN] IP:2114 - I2C_Coeff_DF not found: check if there is a RefParameter without a condition.
2023-12-02 16:58:56,353 [WARN] IP:2114 - Analog_Filter not found: check if there is a RefParameter without a condition.
2023-12-02 16:59:13,970 [INFO] NvicIntPanel:101 - NVIC parent = com.st.microxplorer.plugins.ip.nvic.MultiNvicIntPanel[,0,0,0x0,invalid,layout=javax.swing.BoxLayout,alignmentX=0.0,alignmentY=0.0,border=,flags=9,maximumSize=,minimumSize=,preferredSize=]
2023-12-02 16:59:14,022 [WARN] IP:2114 - I2C_Coeff_DF not found: check if there is a RefParameter without a condition.
2023-12-02 16:59:14,022 [WARN] IP:2114 - Analog_Filter not found: check if there is a RefParameter without a condition.
2023-12-02 16:59:14,022 [WARN] IP:2114 - I2C_Coeff_DF not found: check if there is a RefParameter without a condition.
2023-12-02 16:59:14,023 [WARN] IP:2114 - Analog_Filter not found: check if there is a RefParameter without a condition.
2023-12-02 16:59:18,117 [INFO] UtilMem:75 - End SaveConfig() Used Memory: 391723496 Bytes (466616320)
2023-12-02 16:59:19,361 [INFO] UtilMem:75 - End SaveConfig() Used Memory: 314368896 Bytes (466616320)
2023-12-02 16:59:19,794 [INFO] UtilMem:75 - End SaveConfig() Used Memory: 357357632 Bytes (466616320)
2023-12-02 16:59:20,255 [INFO] BlockDiagram:2759 - set Specific Code input for plugin: NVIC
2023-12-02 16:59:20,255 [INFO] BlockDiagram:2759 - set Specific Code input for plugin: USART
2023-12-02 16:59:20,255 [INFO] BlockDiagram:2759 - set Specific Code input for plugin: USART
2023-12-02 16:59:20,255 [INFO] BlockDiagram:2759 - set Specific Code input for plugin: SYS
2023-12-02 16:59:20,256 [INFO] BlockDiagram:2759 - set Specific Code input for plugin: GPIO
2023-12-02 16:59:20,256 [INFO] BlockDiagram:2759 - set Specific Code input for plugin: RCC
2023-12-02 16:59:20,256 [INFO] BlockDiagram:2759 - set Specific Code input for plugin: I2C
2023-12-02 16:59:20,256 [INFO] CodeGenerator:799 - code generatio: config db path: /opt/st/stm32cubeide_1.13.2/plugins/com.st.stm32cube.common.mx_6.9.2.202309101412//db/
2023-12-02 16:59:20,259 [WARN] IP:2114 - I2C_Coeff_DF not found: check if there is a RefParameter without a condition.
2023-12-02 16:59:20,259 [WARN] IP:2114 - Analog_Filter not found: check if there is a RefParameter without a condition.
2023-12-02 16:59:20,429 [INFO] CodeEngine:255 - oldGeneratedFile, /home/adam/Documents/capstone/CaptstoneRepo/capstone/STM_Workspace/LEDMatrixApp/MXTmpFiles/license.tmp_save
2023-12-02 16:59:20,725 [INFO] CodeEngine:279 - Generated code: /home/adam/Documents/capstone/CaptstoneRepo/capstone/STM_Workspace/LEDMatrixApp/MXTmpFiles/license.tmp
2023-12-02 16:59:20,838 [INFO] CodeEngine:255 - oldGeneratedFile, /home/adam/Documents/capstone/CaptstoneRepo/capstone/STM_Workspace/LEDMatrixApp/MXTmpFiles/gpio.tmp_save
2023-12-02 16:59:20,931 [INFO] CodeEngine:279 - Generated code: /home/adam/Documents/capstone/CaptstoneRepo/capstone/STM_Workspace/LEDMatrixApp/MXTmpFiles/gpio.tmp
2023-12-02 16:59:21,082 [INFO] CodeEngine:255 - oldGeneratedFile, /home/adam/Documents/capstone/CaptstoneRepo/capstone/STM_Workspace/LEDMatrixApp/Core/Src/stm32f4xx_it.c_save
2023-12-02 16:59:21,217 [INFO] CodeEngine:279 - Generated code: /home/adam/Documents/capstone/CaptstoneRepo/capstone/STM_Workspace/LEDMatrixApp/Core/Src/stm32f4xx_it.c
2023-12-02 16:59:21,221 [INFO] CodeEngine:255 - oldGeneratedFile, /home/adam/Documents/capstone/CaptstoneRepo/capstone/STM_Workspace/LEDMatrixApp/Core/Inc/stm32f4xx_it.h_save
2023-12-02 16:59:21,292 [INFO] CodeEngine:279 - Generated code: /home/adam/Documents/capstone/CaptstoneRepo/capstone/STM_Workspace/LEDMatrixApp/Core/Inc/stm32f4xx_it.h
2023-12-02 16:59:21,296 [INFO] CodeEngine:255 - oldGeneratedFile, /home/adam/Documents/capstone/CaptstoneRepo/capstone/STM_Workspace/LEDMatrixApp/Core/Src/stm32f4xx_hal_msp.c_save
2023-12-02 16:59:21,422 [INFO] CodeEngine:279 - Generated code: /home/adam/Documents/capstone/CaptstoneRepo/capstone/STM_Workspace/LEDMatrixApp/Core/Src/stm32f4xx_hal_msp.c
2023-12-02 16:59:21,425 [INFO] CodeEngine:255 - oldGeneratedFile, /home/adam/Documents/capstone/CaptstoneRepo/capstone/STM_Workspace/LEDMatrixApp/MXTmpFiles/system.tmp_save
2023-12-02 16:59:21,493 [INFO] CodeEngine:279 - Generated code: /home/adam/Documents/capstone/CaptstoneRepo/capstone/STM_Workspace/LEDMatrixApp/MXTmpFiles/system.tmp
2023-12-02 16:59:21,496 [INFO] CodeEngine:311 - oldGeneratedFile, /home/adam/Documents/capstone/CaptstoneRepo/capstone/STM_Workspace/LEDMatrixApp/Core/Inc/stm32f4xx_hal_conf.h_save
2023-12-02 16:59:21,577 [INFO] CodeEngine:335 - Generated code: /home/adam/Documents/capstone/CaptstoneRepo/capstone/STM_Workspace/LEDMatrixApp/Core/Inc/stm32f4xx_hal_conf.h
2023-12-02 16:59:21,600 [INFO] CodeEngine:255 - oldGeneratedFile, /home/adam/Documents/capstone/CaptstoneRepo/capstone/STM_Workspace/LEDMatrixApp/Core/Inc/main.h_save
2023-12-02 16:59:21,665 [INFO] CodeEngine:279 - Generated code: /home/adam/Documents/capstone/CaptstoneRepo/capstone/STM_Workspace/LEDMatrixApp/Core/Inc/main.h
2023-12-02 16:59:21,666 [INFO] CodeEngine:255 - oldGeneratedFile, /home/adam/Documents/capstone/CaptstoneRepo/capstone/STM_Workspace/LEDMatrixApp/Core/Src/main.c_save
2023-12-02 16:59:21,771 [INFO] CodeEngine:279 - Generated code: /home/adam/Documents/capstone/CaptstoneRepo/capstone/STM_Workspace/LEDMatrixApp/Core/Src/main.c
2023-12-02 16:59:22,164 [INFO] ProjectBuilder:3064 - Time for Copy HAL[1] : 52mS.
2023-12-02 16:59:22,167 [INFO] ProjectBuilder:4404 - Project Generator version: 4.1.0
2023-12-02 16:59:22,387 [INFO] ConfigFileManager:1457 - The Die is : DIE433
2023-12-02 16:59:22,406 [INFO] ApiDbMcu:507 - Load IP Config File for FATFS
2023-12-02 16:59:22,411 [INFO] ApiDbMcu:507 - Load IP Config File for FREERTOS
2023-12-02 16:59:22,413 [INFO] ApiDbMcu:507 - Load IP Config File for LIBJPEG
2023-12-02 16:59:22,418 [INFO] ApiDbMcu:507 - Load IP Config File for MBEDTLS
2023-12-02 16:59:22,427 [INFO] ApiDbMcu:507 - Load IP Config File for USB_DEVICE
2023-12-02 16:59:22,442 [INFO] ApiDbMcu:507 - Load IP Config File for USB_HOST
2023-12-02 16:59:23,049 [INFO] LogOutputStream:77 - [STDOUT_REDIRECT] 
2023-12-02 16:59:23,590 [INFO] ProjectBuilder:4626 - Time for Generating toolchain IDE Files: 1422mS.
2023-12-02 16:59:23,590 [INFO] ProjectBuilder:2935 - Time for Copy CMSIS : 0mS.
2023-12-02 16:59:23,591 [INFO] ProjectBuilder:2935 - Time for Copy CMSIS : 0mS.
2023-12-02 17:03:56,824 [INFO] NvicIntPanel:101 - NVIC parent = com.st.microxplorer.plugins.ip.nvic.MultiNvicIntPanel[,0,0,0x0,invalid,layout=javax.swing.BoxLayout,alignmentX=0.0,alignmentY=0.0,border=,flags=9,maximumSize=,minimumSize=,preferredSize=]
2023-12-02 17:03:56,888 [WARN] IP:2114 - I2C_Coeff_DF not found: check if there is a RefParameter without a condition.
2023-12-02 17:03:56,888 [WARN] IP:2114 - Analog_Filter not found: check if there is a RefParameter without a condition.
2023-12-02 17:03:56,889 [WARN] IP:2114 - I2C_Coeff_DF not found: check if there is a RefParameter without a condition.
2023-12-02 17:03:56,889 [WARN] IP:2114 - Analog_Filter not found: check if there is a RefParameter without a condition.
2023-12-02 17:04:08,663 [INFO] UtilMem:75 - End SaveConfig() Used Memory: 394162560 Bytes (847249408)
2023-12-02 17:04:25,825 [INFO] UtilMem:75 - End SaveConfig() Used Memory: 252222608 Bytes (847249408)
2023-12-02 17:04:26,172 [INFO] UtilMem:75 - End SaveConfig() Used Memory: 341872024 Bytes (847249408)
2023-12-02 17:04:26,301 [INFO] BlockDiagram:2759 - set Specific Code input for plugin: NVIC
2023-12-02 17:04:26,301 [INFO] BlockDiagram:2759 - set Specific Code input for plugin: USART
2023-12-02 17:04:26,301 [INFO] BlockDiagram:2759 - set Specific Code input for plugin: USART
2023-12-02 17:04:26,301 [INFO] BlockDiagram:2759 - set Specific Code input for plugin: SYS
2023-12-02 17:04:26,301 [INFO] BlockDiagram:2759 - set Specific Code input for plugin: GPIO
2023-12-02 17:04:26,301 [INFO] BlockDiagram:2759 - set Specific Code input for plugin: RCC
2023-12-02 17:04:26,301 [INFO] BlockDiagram:2759 - set Specific Code input for plugin: I2C
2023-12-02 17:04:26,302 [INFO] CodeGenerator:799 - code generatio: config db path: /opt/st/stm32cubeide_1.13.2/plugins/com.st.stm32cube.common.mx_6.9.2.202309101412//db/
2023-12-02 17:04:26,302 [WARN] IP:2114 - I2C_Coeff_DF not found: check if there is a RefParameter without a condition.
2023-12-02 17:04:26,302 [WARN] IP:2114 - Analog_Filter not found: check if there is a RefParameter without a condition.
2023-12-02 17:04:26,419 [INFO] CodeEngine:255 - oldGeneratedFile, /home/adam/Documents/capstone/CaptstoneRepo/capstone/STM_Workspace/LEDMatrixApp/MXTmpFiles/license.tmp_save
2023-12-02 17:04:26,483 [INFO] CodeEngine:279 - Generated code: /home/adam/Documents/capstone/CaptstoneRepo/capstone/STM_Workspace/LEDMatrixApp/MXTmpFiles/license.tmp
2023-12-02 17:04:26,506 [INFO] CodeEngine:255 - oldGeneratedFile, /home/adam/Documents/capstone/CaptstoneRepo/capstone/STM_Workspace/LEDMatrixApp/MXTmpFiles/gpio.tmp_save
2023-12-02 17:04:26,561 [INFO] CodeEngine:279 - Generated code: /home/adam/Documents/capstone/CaptstoneRepo/capstone/STM_Workspace/LEDMatrixApp/MXTmpFiles/gpio.tmp
2023-12-02 17:04:26,626 [INFO] CodeEngine:255 - oldGeneratedFile, /home/adam/Documents/capstone/CaptstoneRepo/capstone/STM_Workspace/LEDMatrixApp/Core/Src/stm32f4xx_it.c_save
2023-12-02 17:04:26,678 [INFO] CodeEngine:279 - Generated code: /home/adam/Documents/capstone/CaptstoneRepo/capstone/STM_Workspace/LEDMatrixApp/Core/Src/stm32f4xx_it.c
2023-12-02 17:04:26,679 [INFO] CodeEngine:255 - oldGeneratedFile, /home/adam/Documents/capstone/CaptstoneRepo/capstone/STM_Workspace/LEDMatrixApp/Core/Inc/stm32f4xx_it.h_save
2023-12-02 17:04:26,717 [INFO] CodeEngine:279 - Generated code: /home/adam/Documents/capstone/CaptstoneRepo/capstone/STM_Workspace/LEDMatrixApp/Core/Inc/stm32f4xx_it.h
2023-12-02 17:04:26,719 [INFO] CodeEngine:255 - oldGeneratedFile, /home/adam/Documents/capstone/CaptstoneRepo/capstone/STM_Workspace/LEDMatrixApp/Core/Src/stm32f4xx_hal_msp.c_save
2023-12-02 17:04:26,779 [INFO] CodeEngine:279 - Generated code: /home/adam/Documents/capstone/CaptstoneRepo/capstone/STM_Workspace/LEDMatrixApp/Core/Src/stm32f4xx_hal_msp.c
2023-12-02 17:04:26,780 [INFO] CodeEngine:255 - oldGeneratedFile, /home/adam/Documents/capstone/CaptstoneRepo/capstone/STM_Workspace/LEDMatrixApp/MXTmpFiles/system.tmp_save
2023-12-02 17:04:26,820 [INFO] CodeEngine:279 - Generated code: /home/adam/Documents/capstone/CaptstoneRepo/capstone/STM_Workspace/LEDMatrixApp/MXTmpFiles/system.tmp
2023-12-02 17:04:26,822 [INFO] CodeEngine:311 - oldGeneratedFile, /home/adam/Documents/capstone/CaptstoneRepo/capstone/STM_Workspace/LEDMatrixApp/Core/Inc/stm32f4xx_hal_conf.h_save
2023-12-02 17:04:26,868 [INFO] CodeEngine:335 - Generated code: /home/adam/Documents/capstone/CaptstoneRepo/capstone/STM_Workspace/LEDMatrixApp/Core/Inc/stm32f4xx_hal_conf.h
2023-12-02 17:04:26,880 [INFO] CodeEngine:255 - oldGeneratedFile, /home/adam/Documents/capstone/CaptstoneRepo/capstone/STM_Workspace/LEDMatrixApp/Core/Inc/main.h_save
2023-12-02 17:04:26,920 [INFO] CodeEngine:279 - Generated code: /home/adam/Documents/capstone/CaptstoneRepo/capstone/STM_Workspace/LEDMatrixApp/Core/Inc/main.h
2023-12-02 17:04:26,921 [INFO] CodeEngine:255 - oldGeneratedFile, /home/adam/Documents/capstone/CaptstoneRepo/capstone/STM_Workspace/LEDMatrixApp/Core/Src/main.c_save
2023-12-02 17:04:27,005 [INFO] CodeEngine:279 - Generated code: /home/adam/Documents/capstone/CaptstoneRepo/capstone/STM_Workspace/LEDMatrixApp/Core/Src/main.c
2023-12-02 17:04:27,313 [INFO] ProjectBuilder:3064 - Time for Copy HAL[1] : 14mS.
2023-12-02 17:04:27,314 [INFO] ProjectBuilder:4404 - Project Generator version: 4.1.0
2023-12-02 17:04:27,463 [INFO] ConfigFileManager:1457 - The Die is : DIE433
2023-12-02 17:04:28,234 [INFO] ProjectBuilder:4626 - Time for Generating toolchain IDE Files: 920mS.
2023-12-02 17:04:28,234 [INFO] ProjectBuilder:2935 - Time for Copy CMSIS : 0mS.
2023-12-02 17:04:28,235 [INFO] ProjectBuilder:2935 - Time for Copy CMSIS : 0mS.
2023-12-02 17:05:34,805 [INFO] Activator:176 - 


2023-12-02 17:05:34,806 [INFO] Activator:177 - !SESSION log4j initialized
2023-12-02 17:05:37,833 [INFO] LogOutputStream:77 - [STDOUT_REDIRECT] 
2023-12-02 17:05:38,229 [INFO] ApplicationProperties:184 - Using Application install path: /opt/st/stm32cubeide_1.13.2/plugins/com.st.stm32cube.common.mx_6.9.2.202309101412
2023-12-02 17:05:38,243 [INFO] DbMcusXml:78 - Set database path to: /opt/st/stm32cubeide_1.13.2/plugins/com.st.stm32cube.common.mx_6.9.2.202309101412//db//mcu/
2023-12-02 17:05:38,243 [INFO] ApiDb:274 - Set plugin database path to: /opt/st/stm32cubeide_1.13.2/plugins/com.st.stm32cube.common.mx_6.9.2.202309101412//db//plugins/boardmanager/
2023-12-02 17:05:38,244 [WARN] ApiDb:259 - Overriding images path with different value:  => /opt/st/stm32cubeide_1.13.2/plugins/com.st.stm32cube.common.mx_6.9.2.202309101412//db//plugins/mcufinder/images/
2023-12-02 17:05:38,252 [INFO] ApiDb:250 - Set database path to: /home/adam/.stmcufinder/plugins/mcufinder//mcu/
2023-12-02 17:05:38,254 [INFO] DbMcusAds:125 - Set database path to: /home/adam/.stmcufinder/plugins/mcufinder//mcu/
2023-12-02 17:05:38,256 [INFO] CrossReferenceDbSqlite:203 - Set database path to: /home/adam/.stmcufinder/plugins/mcufinder//mcu/cs/
2023-12-02 17:05:38,354 [INFO] RulesReader:64 - Compatibility file has been processed (293 Rules)
2023-12-02 17:05:38,408 [INFO] DbMcusXml:78 - Set database path to: /opt/st/stm32cubeide_1.13.2/plugins/com.st.stm32cube.common.mx_6.9.2.202309101412//db//mcu/
2023-12-02 17:05:38,408 [INFO] ApiDb:274 - Set plugin database path to: /opt/st/stm32cubeide_1.13.2/plugins/com.st.stm32cube.common.mx_6.9.2.202309101412//db//plugins/boardmanager/
2023-12-02 17:05:38,408 [INFO] ApiDb:261 - Set plugin images path to: /opt/st/stm32cubeide_1.13.2/plugins/com.st.stm32cube.common.mx_6.9.2.202309101412//db//plugins/mcufinder/images/
2023-12-02 17:05:38,408 [WARN] DbFile:41 - Overriding database path with different value: /home/adam/.stmcufinder/plugins/mcufinder/ => /home/adam/.stmcufinder/plugins/mcufinder
2023-12-02 17:05:38,409 [INFO] ApiDb:250 - Set database path to: /home/adam/.stmcufinder/plugins/mcufinder//mcu/
2023-12-02 17:05:38,409 [WARN] DbFile:41 - Overriding database path with different value: /home/adam/.stmcufinder/plugins/mcufinder/ => /home/adam/.stmcufinder/plugins/mcufinder
2023-12-02 17:05:38,409 [INFO] DbMcusAds:125 - Set database path to: /home/adam/.stmcufinder/plugins/mcufinder//mcu/
2023-12-02 17:05:38,409 [WARN] DbFile:41 - Overriding database path with different value: /home/adam/.stmcufinder/plugins/mcufinder/ => /home/adam/.stmcufinder/plugins/mcufinder
2023-12-02 17:05:38,409 [WARN] DbFile:41 - Overriding database path with different value: /home/adam/.stmcufinder/plugins/mcufinder/ => /home/adam/.stmcufinder/plugins/mcufinder
2023-12-02 17:05:38,409 [INFO] CrossReferenceDbSqlite:203 - Set database path to: /home/adam/.stmcufinder/plugins/mcufinder//mcu/cs/
2023-12-02 17:05:38,462 [INFO] MainPanel:262 - HeapMemory: 268435456
2023-12-02 17:05:38,519 [INFO] DbMcusXml:78 - Set database path to: /opt/st/stm32cubeide_1.13.2/plugins/com.st.stm32cube.common.mx_6.9.2.202309101412//db//mcu/
2023-12-02 17:05:38,520 [INFO] ApiDb:274 - Set plugin database path to: /opt/st/stm32cubeide_1.13.2/plugins/com.st.stm32cube.common.mx_6.9.2.202309101412//db//plugins/boardmanager/
2023-12-02 17:05:38,520 [INFO] ApiDb:261 - Set plugin images path to: /opt/st/stm32cubeide_1.13.2/plugins/com.st.stm32cube.common.mx_6.9.2.202309101412//db//plugins/mcufinder/images/
2023-12-02 17:05:38,520 [WARN] DbFile:41 - Overriding database path with different value: /home/adam/.stmcufinder/plugins/mcufinder/ => /home/adam/.stmcufinder/plugins/mcufinder
2023-12-02 17:05:38,520 [INFO] ApiDb:250 - Set database path to: /home/adam/.stmcufinder/plugins/mcufinder//mcu/
2023-12-02 17:05:38,520 [WARN] DbFile:41 - Overriding database path with different value: /home/adam/.stmcufinder/plugins/mcufinder/ => /home/adam/.stmcufinder/plugins/mcufinder
2023-12-02 17:05:38,520 [INFO] DbMcusAds:125 - Set database path to: /home/adam/.stmcufinder/plugins/mcufinder//mcu/
2023-12-02 17:05:38,520 [WARN] DbFile:41 - Overriding database path with different value: /home/adam/.stmcufinder/plugins/mcufinder/ => /home/adam/.stmcufinder/plugins/mcufinder
2023-12-02 17:05:38,520 [WARN] DbFile:41 - Overriding database path with different value: /home/adam/.stmcufinder/plugins/mcufinder/ => /home/adam/.stmcufinder/plugins/mcufinder
2023-12-02 17:05:38,520 [INFO] CrossReferenceDbSqlite:203 - Set database path to: /home/adam/.stmcufinder/plugins/mcufinder//mcu/cs/
2023-12-02 17:05:38,531 [INFO] ApplicationProperties:184 - Using Application install path: /opt/st/stm32cubeide_1.13.2/plugins/com.st.stm32cube.common.mx_6.9.2.202309101412
2023-12-02 17:05:38,532 [INFO] PluginManage:196 - Search for loadable plugins [exclusion list=, ]
2023-12-02 17:05:38,533 [INFO] PluginManage:310 - Check plugin analytics
2023-12-02 17:05:38,666 [INFO] AnalyticsPlugin:253 - Accepted Software Licenses: 
2023-12-02 17:05:38,666 [INFO] AnalyticsPlugin:255 - Accepted CMSIS Pack Licenses: STMicroelectronics.X-CUBE-AI.8.1.0,STMicroelectronics.X-CUBE-AI.7.3.0,STMicroelectronics.X-CUBE-TOF1.3.3.1
2023-12-02 17:05:38,666 [INFO] AnalyticsPlugin:257 - Accepted Firmware Licenses: FW.G0.1.6.0,FW.F4.1.27.0
2023-12-02 17:05:38,669 [INFO] PluginManage:359 - Loaded plugin analytics (category:tool,tabindex:-1)
2023-12-02 17:05:38,669 [INFO] PluginManage:310 - Check plugin cadmodel
2023-12-02 17:05:38,692 [INFO] CADModel:105 - Init CAD model plugin
2023-12-02 17:05:38,692 [INFO] PluginManage:359 - Loaded plugin cadmodel (category:power,tabindex:5)
2023-12-02 17:05:38,693 [INFO] PluginManage:310 - Check plugin clock
2023-12-02 17:05:38,700 [INFO] PluginManage:359 - Loaded plugin clock (category:base,tabindex:2)
2023-12-02 17:05:38,700 [INFO] PluginManage:310 - Check plugin ddr
2023-12-02 17:05:38,702 [INFO] PluginManage:359 - Loaded plugin ddr (category:tool,tabindex:6)
2023-12-02 17:05:38,702 [INFO] PluginManage:310 - Check plugin filemanager
2023-12-02 17:05:38,797 [INFO] PluginManage:359 - Loaded plugin filemanager (category:base,tabindex:10)
2023-12-02 17:05:38,797 [INFO] PluginManage:310 - Check plugin ipmanager
2023-12-02 17:05:38,801 [INFO] PluginManage:359 - Loaded plugin ipmanager (category:base,tabindex:5)
2023-12-02 17:05:38,801 [INFO] PluginManage:310 - Check plugin lpbam
2023-12-02 17:05:38,806 [INFO] PluginManage:359 - Loaded plugin lpbam (category:base,tabindex:0)
2023-12-02 17:05:38,806 [INFO] PluginManage:310 - Check plugin memorymap
2023-12-02 17:05:38,812 [INFO] PluginManage:359 - Loaded plugin memorymap (category:base,tabindex:4)
2023-12-02 17:05:38,812 [INFO] PluginManage:310 - Check plugin pinoutandconfiguration
2023-12-02 17:05:38,818 [INFO] PluginManage:359 - Loaded plugin pinoutandconfiguration (category:base,tabindex:1)
2023-12-02 17:05:38,818 [INFO] PluginManage:310 - Check plugin pinoutconfig
2023-12-02 17:05:38,878 [WARN] SupportedApi:132 - Cannot load RTOS API schema: s4s-elt-must-match.1: The content of 'definitions' must match (annotation?, (simpleType | complexType)?, (unique | key | keyref)*)). A problem was found starting at: attribute.
2023-12-02 17:05:38,972 [INFO] PluginManage:359 - Loaded plugin pinoutconfig (category:base,tabindex:0)
2023-12-02 17:05:38,972 [INFO] PluginManage:310 - Check plugin power
2023-12-02 17:05:38,979 [INFO] PluginManage:359 - Loaded plugin power (category:power,tabindex:4)
2023-12-02 17:05:38,979 [INFO] PluginManage:310 - Check plugin projectmanager
2023-12-02 17:05:38,992 [INFO] PluginManage:359 - Loaded plugin projectmanager (category:projectmanager,tabindex:3)
2023-12-02 17:05:38,992 [INFO] PluginManage:310 - Check plugin thirdparty
2023-12-02 17:05:39,073 [INFO] PluginManage:359 - Loaded plugin thirdparty (category:base,tabindex:-1)
2023-12-02 17:05:39,073 [WARN] IntegrityCheckThread:84 - waiting for thirdparty lock release [integrity check]
2023-12-02 17:05:39,073 [INFO] PluginManage:310 - Check plugin tools
2023-12-02 17:05:39,073 [INFO] IntegrityCheckThread:86 - entering critical section [integrity check]
2023-12-02 17:05:39,074 [INFO] ThirdPartyUpdaterWithRetryManager:70 - Updater plugin not ready yet. [1/15]
2023-12-02 17:05:39,075 [INFO] PluginManage:359 - Loaded plugin tools (category:base,tabindex:7)
2023-12-02 17:05:39,075 [INFO] PluginManage:310 - Check plugin tutovideos
2023-12-02 17:05:39,205 [INFO] PluginManage:359 - Loaded plugin tutovideos (category:base,tabindex:-1)
2023-12-02 17:05:39,205 [INFO] PluginManage:310 - Check plugin updater
2023-12-02 17:05:39,212 [INFO] PluginManage:359 - Loaded plugin updater (category:base,tabindex:12)
2023-12-02 17:05:39,212 [INFO] PluginManage:310 - Check plugin userauth
2023-12-02 17:05:39,217 [INFO] UserAuth:113 - Init User Auth plugin
2023-12-02 17:05:39,217 [INFO] PluginManage:359 - Loaded plugin userauth (category:base,tabindex:14)
2023-12-02 17:05:39,218 [INFO] PluginManage:283 - PluginManage : Loaded plugins [17]
2023-12-02 17:05:39,356 [INFO] PinOutPanel:1499 - setPackage(No Configuration,No Configuration)
2023-12-02 17:05:39,416 [INFO] CADModel:165 - CPN selected for project level
2023-12-02 17:05:39,416 [INFO] CADModel:114 - Register for checkConnection events
2023-12-02 17:05:39,427 [INFO] IPUIPlugin:80 - create IPUIPlugin
2023-12-02 17:05:39,427 [INFO] PluginManager:220 - loadIPPluginJar : add stm32_wpan
2023-12-02 17:05:39,430 [INFO] IPUIPlugin:80 - create IPUIPlugin
2023-12-02 17:05:39,430 [INFO] PluginManager:220 - loadIPPluginJar : add gpio
2023-12-02 17:05:39,432 [INFO] IPUIPlugin:80 - create IPUIPlugin
2023-12-02 17:05:39,432 [INFO] PluginManager:220 - loadIPPluginJar : add tracer_emb
2023-12-02 17:05:39,433 [INFO] IPUIPlugin:80 - create IPUIPlugin
2023-12-02 17:05:39,434 [INFO] PluginManager:220 - loadIPPluginJar : add dma3
2023-12-02 17:05:39,437 [INFO] IPUIPlugin:80 - create IPUIPlugin
2023-12-02 17:05:39,437 [INFO] PluginManager:220 - loadIPPluginJar : add fmc
2023-12-02 17:05:39,437 [INFO] IPUIPlugin:80 - create IPUIPlugin
2023-12-02 17:05:39,438 [INFO] PluginManager:220 - loadIPPluginJar : add ltdc
2023-12-02 17:05:39,439 [INFO] IPUIPlugin:80 - create IPUIPlugin
2023-12-02 17:05:39,439 [INFO] PluginManager:220 - loadIPPluginJar : add i2c
2023-12-02 17:05:39,441 [INFO] IPUIPlugin:80 - create IPUIPlugin
2023-12-02 17:05:39,441 [INFO] PluginManager:220 - loadIPPluginJar : add resmgrutility
2023-12-02 17:05:39,443 [INFO] IPUIPlugin:80 - create IPUIPlugin
2023-12-02 17:05:39,443 [INFO] PluginManager:220 - loadIPPluginJar : add ucpd
2023-12-02 17:05:39,445 [INFO] IPUIPlugin:80 - create IPUIPlugin
2023-12-02 17:05:39,445 [INFO] PluginManager:220 - loadIPPluginJar : add ipddr
2023-12-02 17:05:39,450 [INFO] IPUIPlugin:80 - create IPUIPlugin
2023-12-02 17:05:39,450 [INFO] PluginManager:220 - loadIPPluginJar : add adc
2023-12-02 17:05:39,452 [INFO] IPUIPlugin:80 - create IPUIPlugin
2023-12-02 17:05:39,452 [INFO] PluginManager:220 - loadIPPluginJar : add usbx
2023-12-02 17:05:39,456 [INFO] IPUIPlugin:80 - create IPUIPlugin
2023-12-02 17:05:39,457 [INFO] PluginManager:220 - loadIPPluginJar : add mdma
2023-12-02 17:05:39,458 [INFO] IPUIPlugin:80 - create IPUIPlugin
2023-12-02 17:05:39,458 [INFO] PluginManager:220 - loadIPPluginJar : add usart
2023-12-02 17:05:39,460 [INFO] IPUIPlugin:80 - create IPUIPlugin
2023-12-02 17:05:39,460 [INFO] PluginManager:220 - loadIPPluginJar : add sai
2023-12-02 17:05:39,461 [INFO] IPUIPlugin:80 - create IPUIPlugin
2023-12-02 17:05:39,462 [INFO] PluginManager:220 - loadIPPluginJar : add dfsdm
2023-12-02 17:05:39,463 [INFO] IPUIPlugin:80 - create IPUIPlugin
2023-12-02 17:05:39,463 [INFO] PluginManager:220 - loadIPPluginJar : add spi
2023-12-02 17:05:39,465 [INFO] IPUIPlugin:80 - create IPUIPlugin
2023-12-02 17:05:39,465 [INFO] PluginManager:220 - loadIPPluginJar : add gfxmmu
2023-12-02 17:05:39,467 [INFO] IPUIPlugin:80 - create IPUIPlugin
2023-12-02 17:05:39,467 [INFO] PluginManager:220 - loadIPPluginJar : add pdm2pcm
2023-12-02 17:05:39,468 [INFO] IPUIPlugin:80 - create IPUIPlugin
2023-12-02 17:05:39,468 [INFO] PluginManager:220 - loadIPPluginJar : add genericplugin
2023-12-02 17:05:39,473 [INFO] IPUIPlugin:80 - create IPUIPlugin
2023-12-02 17:05:39,473 [INFO] PluginManager:220 - loadIPPluginJar : add gic
2023-12-02 17:05:39,475 [INFO] IPUIPlugin:80 - create IPUIPlugin
2023-12-02 17:05:39,476 [INFO] PluginManager:220 - loadIPPluginJar : add nvic
2023-12-02 17:05:39,477 [INFO] IPUIPlugin:80 - create IPUIPlugin
2023-12-02 17:05:39,477 [INFO] PluginManager:220 - loadIPPluginJar : add tim
2023-12-02 17:05:39,481 [INFO] IPUIPlugin:80 - create IPUIPlugin
2023-12-02 17:05:39,484 [INFO] PluginManager:220 - loadIPPluginJar : add plateformsettings
2023-12-02 17:05:39,489 [INFO] IPUIPlugin:80 - create IPUIPlugin
2023-12-02 17:05:39,489 [INFO] PluginManager:220 - loadIPPluginJar : add linkedlist
2023-12-02 17:05:39,492 [INFO] IPUIPlugin:80 - create IPUIPlugin
2023-12-02 17:05:39,492 [INFO] PluginManager:220 - loadIPPluginJar : add touchsensing
2023-12-02 17:05:39,494 [INFO] IPUIPlugin:80 - create IPUIPlugin
2023-12-02 17:05:39,494 [INFO] PluginManager:220 - loadIPPluginJar : add gtzc
2023-12-02 17:05:39,495 [INFO] IPUIPlugin:80 - create IPUIPlugin
2023-12-02 17:05:39,495 [INFO] PluginManager:220 - loadIPPluginJar : add ts
2023-12-02 17:05:39,497 [INFO] IPUIPlugin:80 - create IPUIPlugin
2023-12-02 17:05:39,497 [INFO] PluginManager:220 - loadIPPluginJar : add cryp
2023-12-02 17:05:39,498 [INFO] IPUIPlugin:80 - create IPUIPlugin
2023-12-02 17:05:39,498 [INFO] PluginManager:220 - loadIPPluginJar : add quadspi
2023-12-02 17:05:39,500 [INFO] IPUIPlugin:80 - create IPUIPlugin
2023-12-02 17:05:39,500 [INFO] PluginManager:220 - loadIPPluginJar : add i2s
2023-12-02 17:05:39,501 [INFO] IPUIPlugin:80 - create IPUIPlugin
2023-12-02 17:05:39,501 [INFO] PluginManager:220 - loadIPPluginJar : add tsc
2023-12-02 17:05:39,502 [INFO] IPUIPlugin:80 - create IPUIPlugin
2023-12-02 17:05:39,502 [INFO] PluginManager:220 - loadIPPluginJar : add fatfs
2023-12-02 17:05:39,503 [INFO] IPUIPlugin:80 - create IPUIPlugin
2023-12-02 17:05:39,503 [INFO] PluginManager:220 - loadIPPluginJar : add opamp
2023-12-02 17:05:39,508 [INFO] IPUIPlugin:80 - create IPUIPlugin
2023-12-02 17:05:39,508 [INFO] PluginManager:220 - loadIPPluginJar : add dma
2023-12-02 17:05:39,510 [INFO] IPUIPlugin:80 - create IPUIPlugin
2023-12-02 17:05:39,510 [INFO] PluginManager:220 - loadIPPluginJar : add can
2023-12-02 17:05:39,511 [INFO] IPUIPlugin:80 - create IPUIPlugin
2023-12-02 17:05:39,512 [INFO] PluginManager:220 - loadIPPluginJar : add lorawan
2023-12-02 17:05:39,514 [INFO] IPUIPlugin:80 - create IPUIPlugin
2023-12-02 17:05:39,514 [INFO] PluginManager:220 - loadIPPluginJar : add openamp
2023-12-02 17:05:39,516 [INFO] IPUIPlugin:80 - create IPUIPlugin
2023-12-02 17:05:39,517 [INFO] PluginManager:220 - loadIPPluginJar : add i3c
2023-12-02 17:05:39,519 [INFO] IPUIPlugin:80 - create IPUIPlugin
2023-12-02 17:05:39,519 [INFO] PluginManager:220 - loadIPPluginJar : add hash
2023-12-02 17:05:39,520 [INFO] IPUIPlugin:80 - create IPUIPlugin
2023-12-02 17:05:39,520 [INFO] PluginManager:220 - loadIPPluginJar : add comp
2023-12-02 17:05:39,523 [INFO] IPUIPlugin:80 - create IPUIPlugin
2023-12-02 17:05:39,524 [INFO] PluginManager:220 - loadIPPluginJar : add freertos
2023-12-02 17:05:39,525 [INFO] IPUIPlugin:80 - create IPUIPlugin
2023-12-02 17:05:39,525 [INFO] PluginManager:220 - loadIPPluginJar : add aes
2023-12-02 17:05:39,620 [INFO] CADModel:165 - CPN selected for project level
2023-12-02 17:05:39,620 [INFO] CADModel:114 - Register for checkConnection events
2023-12-02 17:05:39,620 [FATAL] Updater:308 - Updater called before beeing initialized
2023-12-02 17:05:39,620 [ERROR] CADModel:125 - Updater not yet initialized, retry later 
2023-12-02 17:05:39,704 [INFO] CADModel:165 - CPN selected for project level
2023-12-02 17:05:39,704 [INFO] CADModel:114 - Register for checkConnection events
2023-12-02 17:05:39,704 [FATAL] Updater:308 - Updater called before beeing initialized
2023-12-02 17:05:39,704 [ERROR] CADModel:125 - Updater not yet initialized, retry later 
2023-12-02 17:05:39,706 [FATAL] Updater:308 - Updater called before beeing initialized
2023-12-02 17:05:39,758 [FATAL] Updater:308 - Updater called before beeing initialized
2023-12-02 17:05:39,762 [INFO] DbMcusAds:53 - JSON generation date=Tue Mar 07 03:50:55 EST 2023 (1678179055114)
2023-12-02 17:05:39,762 [FATAL] Updater:308 - Updater called before beeing initialized
2023-12-02 17:05:39,786 [WARN] DetailPanel:346 - Failed to get advertising image, set to default
2023-12-02 17:05:39,854 [FATAL] Updater:308 - Updater called before beeing initialized
2023-12-02 17:05:39,855 [FATAL] Updater:308 - Updater called before beeing initialized
2023-12-02 17:05:39,855 [FATAL] Updater:308 - Updater called before beeing initialized
2023-12-02 17:05:39,855 [WARN] DetailPanel:346 - Failed to get advertising image, set to default
2023-12-02 17:05:39,856 [FATAL] Updater:308 - Updater called before beeing initialized
2023-12-02 17:05:39,875 [ERROR] Updater:1120 - MainUpdater not yet initialized. External WinMGr cannot be set.
2023-12-02 17:05:39,876 [INFO] Updater:1056 - Updater Version found : 6.9.2
2023-12-02 17:05:39,891 [INFO] ApplicationProperties:184 - Using Application install path: /opt/st/stm32cubeide_1.13.2/plugins/com.st.stm32cube.common.mx_6.9.2.202309101412
2023-12-02 17:05:40,013 [INFO] MainUpdater:2868 - connection check result : 10
2023-12-02 17:05:40,013 [INFO] MainUpdater:285 - Updater Check For Update Now.
2023-12-02 17:05:40,013 [INFO] MicroXplorer:498 - Change Database Version : DB.6.0.92
2023-12-02 17:05:40,018 [INFO] McuFinderGlobals:63 - Set McuFinder mode to 2 (CubeIDE integrated)
2023-12-02 17:05:40,194 [INFO] CheckServerUpdateThread:120 - End of CheckServer Thread
2023-12-02 17:05:42,137 [WARN] PackLoader:240 - Cannot read IP mode file for STMicroelectronics.X-CUBE-SMBUS.2.1.0
2023-12-02 17:05:42,163 [WARN] PackLoader:240 - Cannot read IP mode file for STMicroelectronics.X-CUBE-AZRTOS-F7.1.1.0
2023-12-02 17:05:42,171 [WARN] PackLoader:240 - Cannot read IP mode file for STMicroelectronics.FP-SNS-MOTENV1.4.3.2
2023-12-02 17:05:42,177 [WARN] PackLoader:240 - Cannot read IP mode file for STMicroelectronics.FP-SNS-FLIGHT1.5.0.2
2023-12-02 17:05:42,184 [WARN] PackLoader:240 - Cannot read IP mode file for STMicroelectronics.X-CUBE-DISPLAY.3.0.0
2023-12-02 17:05:42,194 [WARN] PackLoader:240 - Cannot read IP mode file for STMicroelectronics.X-CUBE-BLE1.7.0.0
2023-12-02 17:05:42,199 [WARN] PackLoader:240 - Cannot read IP mode file for emotas.I-CUBE-CANOPEN.1.3.0
2023-12-02 17:05:42,201 [WARN] PackLoader:240 - Cannot read IP mode file for STMicroelectronics.X-CUBE-TOUCHGFX.4.22.1
2023-12-02 17:05:42,205 [WARN] PackLoader:240 - Cannot read IP mode file for STMicroelectronics.FP-SNS-SMARTAG2.1.2.0
2023-12-02 17:05:42,214 [INFO] LogOutputStream:77 - [STDOUT_REDIRECT] 1 : Invalid condition id : UX_CORESTACK_Condition cause : null
2023-12-02 17:05:42,214 [INFO] LogOutputStream:77 - [STDOUT_REDIRECT] 1 : Invalid condition id : UX_CORESTACK_Condition cause : null
2023-12-02 17:05:42,214 [INFO] LogOutputStream:77 - [STDOUT_REDIRECT] 1 : Invalid condition id : UX_CORESTACK_Condition cause : null
2023-12-02 17:05:42,215 [INFO] LogOutputStream:77 - [STDOUT_REDIRECT] 1 : Invalid condition id : UX_CORESTACK_Condition cause : null
2023-12-02 17:05:42,215 [INFO] LogOutputStream:77 - [STDOUT_REDIRECT] 1 : Invalid condition id : UX_CORESTACK_Condition cause : null
2023-12-02 17:05:42,219 [WARN] PackLoader:240 - Cannot read IP mode file for STMicroelectronics.X-CUBE-AZRTOS-WL.2.0.0
2023-12-02 17:05:42,226 [WARN] PackLoader:240 - Cannot read IP mode file for WES.I-CUBE-Cesium.1.3.0
2023-12-02 17:05:42,228 [WARN] PackLoader:240 - Cannot read IP mode file for STMicroelectronics.X-CUBE-BLE2.3.3.0
2023-12-02 17:05:42,231 [WARN] PackLoader:240 - Cannot read IP mode file for STMicroelectronics.X-CUBE-AI.7.3.0
2023-12-02 17:05:42,279 [WARN] PackLoader:240 - Cannot read IP mode file for STMicroelectronics.X-CUBE-ALGOBUILD.1.3.0
2023-12-02 17:05:42,297 [WARN] PackLoader:240 - Cannot read IP mode file for STMicroelectronics.X-CUBE-AZRTOS-G0.1.1.0
2023-12-02 17:05:42,301 [WARN] PackLoader:240 - Cannot read IP mode file for STMicroelectronics.X-CUBE-NFC4.3.0.0
2023-12-02 17:05:42,308 [WARN] PackLoader:240 - Cannot read IP mode file for STMicroelectronics.X-CUBE-BLEMGR.3.0.0
2023-12-02 17:05:42,313 [WARN] PackLoader:240 - Cannot read IP mode file for STMicroelectronics.FP-ATR-SIGFOX1.3.2.0
2023-12-02 17:05:42,316 [WARN] PackLoader:240 - Cannot read IP mode file for STMicroelectronics.X-CUBE-GNSS1.6.0.0
2023-12-02 17:05:42,328 [WARN] PackLoader:240 - Cannot read IP mode file for STMicroelectronics.X-CUBE-AZRTOS-F4.1.1.0
2023-12-02 17:05:42,333 [WARN] PackLoader:240 - Cannot read IP mode file for wolfSSL.I-CUBE-wolfSSL.5.6.3
2023-12-02 17:05:42,344 [WARN] PackLoader:240 - Cannot read IP mode file for STMicroelectronics.X-CUBE-AZRTOS-L5.2.0.0
2023-12-02 17:05:42,350 [WARN] PackLoader:240 - Cannot read IP mode file for STMicroelectronics.X-CUBE-EEPRMA1.4.2.0
2023-12-02 17:05:42,353 [WARN] PackLoader:240 - Cannot read IP mode file for ITTIA_DB.I-CUBE-ITTIADB.8.8.0
2023-12-02 17:05:42,357 [WARN] PackLoader:240 - Cannot read IP mode file for STMicroelectronics.X-CUBE-BLEMGR.2.0.0
2023-12-02 17:05:42,374 [WARN] ConditionMgr:438 - getConditionDescription Invalid condition id : UX DEVICE CLASS RTOS Condition cause : null
2023-12-02 17:05:42,374 [WARN] ConditionMgr:438 - getConditionDescription Invalid condition id : UX DEVICE CLASS RTOS Condition cause : null
2023-12-02 17:05:42,377 [WARN] PackLoader:240 - Cannot read IP mode file for STMicroelectronics.X-CUBE-AZRTOS-H7.3.1.0
2023-12-02 17:05:42,377 [WARN] ConditionMgr:1039 - genDependencies : Invalid condition id : UX DEVICE CLASS RTOS Condition cause : null
2023-12-02 17:05:42,377 [WARN] ConditionMgr:1039 - genDependencies : Invalid condition id : UX DEVICE CLASS RTOS Condition cause : null
2023-12-02 17:05:42,378 [WARN] ConditionMgr:1039 - genDependencies : Invalid condition id : UX DEVICE CLASS RTOS Condition cause : null
2023-12-02 17:05:42,378 [WARN] ConditionMgr:1039 - genDependencies : Invalid condition id : UX DEVICE CLASS RTOS Condition cause : null
2023-12-02 17:05:42,378 [WARN] ConditionMgr:1039 - genDependencies : Invalid condition id : UX DEVICE CLASS RTOS Condition cause : null
2023-12-02 17:05:42,382 [WARN] PackLoader:240 - Cannot read IP mode file for STMicroelectronics.X-CUBE-NFC7.1.0.1
2023-12-02 17:05:42,391 [WARN] PackLoader:240 - Cannot read IP mode file for STMicroelectronics.X-CUBE-NFC6.3.0.0
2023-12-02 17:05:42,394 [WARN] PackLoader:240 - Cannot read IP mode file for STMicroelectronics.X-CUBE-AI.8.1.0
2023-12-02 17:05:42,423 [WARN] ConditionMgr:438 - getConditionDescription Invalid condition id : LAN8742 Phy interface Condition cause : null
2023-12-02 17:05:42,424 [WARN] PackLoader:240 - Cannot read IP mode file for STMicroelectronics.X-CUBE-AZRTOS-L4.2.0.0
2023-12-02 17:05:42,424 [WARN] ConditionMgr:1039 - genDependencies : Invalid condition id : LAN8742 Phy interface Condition cause : null
2023-12-02 17:05:42,424 [WARN] ConditionMgr:1039 - genDependencies : Invalid condition id : LAN8742 Phy interface Condition cause : null
2023-12-02 17:05:42,425 [WARN] ConditionMgr:1039 - genDependencies : Invalid condition id : LAN8742 Phy interface Condition cause : null
2023-12-02 17:05:42,429 [WARN] PackLoader:240 - Cannot read IP mode file for STMicroelectronics.X-CUBE-SFXS2LP1.4.0.0
2023-12-02 17:05:42,432 [WARN] PackLoader:240 - Cannot read IP mode file for STMicroelectronics.X-CUBE-ISPU.1.1.0
2023-12-02 17:05:42,440 [WARN] ConditionMgr:438 - getConditionDescription Invalid condition id : UX DEVICE CLASS RTOS Condition cause : null
2023-12-02 17:05:42,440 [WARN] ConditionMgr:438 - getConditionDescription Invalid condition id : UX DEVICE CLASS RTOS Condition cause : null
2023-12-02 17:05:42,441 [WARN] PackLoader:240 - Cannot read IP mode file for STMicroelectronics.X-CUBE-AZRTOS-WB.2.0.0
2023-12-02 17:05:42,442 [WARN] ConditionMgr:1039 - genDependencies : Invalid condition id : UX DEVICE CLASS RTOS Condition cause : null
2023-12-02 17:05:42,442 [WARN] ConditionMgr:1039 - genDependencies : Invalid condition id : UX DEVICE CLASS RTOS Condition cause : null
2023-12-02 17:05:42,442 [WARN] ConditionMgr:1039 - genDependencies : Invalid condition id : UX DEVICE CLASS RTOS Condition cause : null
2023-12-02 17:05:42,442 [WARN] ConditionMgr:1039 - genDependencies : Invalid condition id : UX DEVICE CLASS RTOS Condition cause : null
2023-12-02 17:05:42,442 [WARN] ConditionMgr:1039 - genDependencies : Invalid condition id : UX DEVICE CLASS RTOS Condition cause : null
2023-12-02 17:05:42,448 [WARN] PackLoader:240 - Cannot read IP mode file for STMicroelectronics.X-CUBE-SUBG2.5.0.0
2023-12-02 17:05:42,457 [WARN] PackLoader:240 - Cannot read IP mode file for STMicroelectronics.X-CUBE-TOF1.3.3.1
2023-12-02 17:05:42,522 [WARN] PackLoader:240 - Cannot read IP mode file for STMicroelectronics.X-CUBE-AZRTOS-G4.2.0.0
2023-12-02 17:05:42,529 [WARN] PackLoader:240 - Cannot read IP mode file for Infineon.AIROC-Wi-Fi-Bluetooth-STM32.1.5.1
2023-12-02 17:05:42,534 [WARN] PackLoader:240 - Cannot read IP mode file for STMicroelectronics.FP-SNS-MOTENVWB1.1.3.0
2023-12-02 17:05:42,537 [WARN] PackLoader:240 - Cannot read IP mode file for STMicroelectronics.FP-SNS-MOTENVWB1.1.3.1
2023-12-02 17:05:42,559 [WARN] PackLoader:240 - Cannot read IP mode file for STMicroelectronics.X-CUBE-MEMS1.10.0.0
2023-12-02 17:05:42,714 [WARN] PackLoader:240 - Cannot read IP mode file for STMicroelectronics.X-CUBE-FREERTOS.1.1.0
2023-12-02 17:05:42,717 [WARN] PackLoader:240 - Cannot read IP mode file for portGmbH.I-Cube-SoM-uGOAL.1.1.0
2023-12-02 17:05:42,719 [WARN] PackLoader:240 - Cannot read IP mode file for STMicroelectronics.X-CUBE-ALS.1.0.1
2023-12-02 17:05:42,721 [WARN] PackLoader:240 - Cannot read IP mode file for STMicroelectronics.FP-ATR-ASTRA1.2.0.0
2023-12-02 17:05:42,727 [WARN] PackLoader:240 - Cannot read IP mode file for STMicroelectronics.X-CUBE-TOF1.3.4.0
2023-12-02 17:05:42,734 [INFO] ThirdParty:978 - Integrity check success = true
2023-12-02 17:05:42,734 [INFO] IntegrityCheckThread:100 - exiting critical section [integrity check]
2023-12-02 17:05:42,734 [INFO] IntegrityCheckThread:103 - End integrity checks thread
2023-12-02 17:06:00,758 [ERROR] LogOutputStream:75 - [STDERR_REDIRECT] SLF4J: Failed to load class "org.slf4j.impl.StaticLoggerBinder".
2023-12-02 17:06:00,759 [ERROR] LogOutputStream:75 - [STDERR_REDIRECT] SLF4J: Defaulting to no-operation (NOP) logger implementation
2023-12-02 17:06:00,759 [ERROR] LogOutputStream:75 - [STDERR_REDIRECT] SLF4J: See http://www.slf4j.org/codes.html#StaticLoggerBinder for further details.
