2023-12-03 14:58:05,902 [INFO] Activator:176 - 


2023-12-03 14:58:05,906 [INFO] Activator:177 - !SESSION log4j initialized
2023-12-03 14:58:10,032 [INFO] LogOutputStream:77 - [STDOUT_REDIRECT] 
2023-12-03 14:58:10,854 [INFO] ApplicationProperties:184 - Using Application install path: /opt/st/stm32cubeide_1.13.2/plugins/com.st.stm32cube.common.mx_6.9.2.202309101412
2023-12-03 14:58:10,877 [INFO] DbMcusXml:78 - Set database path to: /opt/st/stm32cubeide_1.13.2/plugins/com.st.stm32cube.common.mx_6.9.2.202309101412//db//mcu/
2023-12-03 14:58:10,877 [INFO] ApiDb:274 - Set plugin database path to: /opt/st/stm32cubeide_1.13.2/plugins/com.st.stm32cube.common.mx_6.9.2.202309101412//db//plugins/boardmanager/
2023-12-03 14:58:10,878 [WARN] ApiDb:259 - Overriding images path with different value:  => /opt/st/stm32cubeide_1.13.2/plugins/com.st.stm32cube.common.mx_6.9.2.202309101412//db//plugins/mcufinder/images/
2023-12-03 14:58:10,900 [INFO] ApiDb:250 - Set database path to: /home/adam/.stmcufinder/plugins/mcufinder//mcu/
2023-12-03 14:58:10,903 [INFO] DbMcusAds:125 - Set database path to: /home/adam/.stmcufinder/plugins/mcufinder//mcu/
2023-12-03 14:58:10,909 [INFO] CrossReferenceDbSqlite:203 - Set database path to: /home/adam/.stmcufinder/plugins/mcufinder//mcu/cs/
2023-12-03 14:58:11,057 [INFO] RulesReader:64 - Compatibility file has been processed (293 Rules)
2023-12-03 14:58:11,123 [INFO] DbMcusXml:78 - Set database path to: /opt/st/stm32cubeide_1.13.2/plugins/com.st.stm32cube.common.mx_6.9.2.202309101412//db//mcu/
2023-12-03 14:58:11,123 [INFO] ApiDb:274 - Set plugin database path to: /opt/st/stm32cubeide_1.13.2/plugins/com.st.stm32cube.common.mx_6.9.2.202309101412//db//plugins/boardmanager/
2023-12-03 14:58:11,123 [INFO] ApiDb:261 - Set plugin images path to: /opt/st/stm32cubeide_1.13.2/plugins/com.st.stm32cube.common.mx_6.9.2.202309101412//db//plugins/mcufinder/images/
2023-12-03 14:58:11,123 [WARN] DbFile:41 - Overriding database path with different value: /home/adam/.stmcufinder/plugins/mcufinder/ => /home/adam/.stmcufinder/plugins/mcufinder
2023-12-03 14:58:11,124 [INFO] ApiDb:250 - Set database path to: /home/adam/.stmcufinder/plugins/mcufinder//mcu/
2023-12-03 14:58:11,124 [WARN] DbFile:41 - Overriding database path with different value: /home/adam/.stmcufinder/plugins/mcufinder/ => /home/adam/.stmcufinder/plugins/mcufinder
2023-12-03 14:58:11,124 [INFO] DbMcusAds:125 - Set database path to: /home/adam/.stmcufinder/plugins/mcufinder//mcu/
2023-12-03 14:58:11,124 [WARN] DbFile:41 - Overriding database path with different value: /home/adam/.stmcufinder/plugins/mcufinder/ => /home/adam/.stmcufinder/plugins/mcufinder
2023-12-03 14:58:11,124 [WARN] DbFile:41 - Overriding database path with different value: /home/adam/.stmcufinder/plugins/mcufinder/ => /home/adam/.stmcufinder/plugins/mcufinder
2023-12-03 14:58:11,124 [INFO] CrossReferenceDbSqlite:203 - Set database path to: /home/adam/.stmcufinder/plugins/mcufinder//mcu/cs/
2023-12-03 14:58:11,209 [INFO] MainPanel:262 - HeapMemory: 268435456
2023-12-03 14:58:11,325 [INFO] DbMcusXml:78 - Set database path to: /opt/st/stm32cubeide_1.13.2/plugins/com.st.stm32cube.common.mx_6.9.2.202309101412//db//mcu/
2023-12-03 14:58:11,326 [INFO] ApiDb:274 - Set plugin database path to: /opt/st/stm32cubeide_1.13.2/plugins/com.st.stm32cube.common.mx_6.9.2.202309101412//db//plugins/boardmanager/
2023-12-03 14:58:11,326 [INFO] ApiDb:261 - Set plugin images path to: /opt/st/stm32cubeide_1.13.2/plugins/com.st.stm32cube.common.mx_6.9.2.202309101412//db//plugins/mcufinder/images/
2023-12-03 14:58:11,326 [WARN] DbFile:41 - Overriding database path with different value: /home/adam/.stmcufinder/plugins/mcufinder/ => /home/adam/.stmcufinder/plugins/mcufinder
2023-12-03 14:58:11,327 [INFO] ApiDb:250 - Set database path to: /home/adam/.stmcufinder/plugins/mcufinder//mcu/
2023-12-03 14:58:11,327 [WARN] DbFile:41 - Overriding database path with different value: /home/adam/.stmcufinder/plugins/mcufinder/ => /home/adam/.stmcufinder/plugins/mcufinder
2023-12-03 14:58:11,327 [INFO] DbMcusAds:125 - Set database path to: /home/adam/.stmcufinder/plugins/mcufinder//mcu/
2023-12-03 14:58:11,327 [WARN] DbFile:41 - Overriding database path with different value: /home/adam/.stmcufinder/plugins/mcufinder/ => /home/adam/.stmcufinder/plugins/mcufinder
2023-12-03 14:58:11,327 [WARN] DbFile:41 - Overriding database path with different value: /home/adam/.stmcufinder/plugins/mcufinder/ => /home/adam/.stmcufinder/plugins/mcufinder
2023-12-03 14:58:11,327 [INFO] CrossReferenceDbSqlite:203 - Set database path to: /home/adam/.stmcufinder/plugins/mcufinder//mcu/cs/
2023-12-03 14:58:11,347 [INFO] ApplicationProperties:184 - Using Application install path: /opt/st/stm32cubeide_1.13.2/plugins/com.st.stm32cube.common.mx_6.9.2.202309101412
2023-12-03 14:58:11,349 [INFO] PluginManage:196 - Search for loadable plugins [exclusion list=, ]
2023-12-03 14:58:11,351 [INFO] PluginManage:310 - Check plugin analytics
2023-12-03 14:58:11,540 [INFO] AnalyticsPlugin:253 - Accepted Software Licenses: 
2023-12-03 14:58:11,540 [INFO] AnalyticsPlugin:255 - Accepted CMSIS Pack Licenses: STMicroelectronics.X-CUBE-AI.8.1.0,STMicroelectronics.X-CUBE-AI.7.3.0,STMicroelectronics.X-CUBE-TOF1.3.3.1
2023-12-03 14:58:11,540 [INFO] AnalyticsPlugin:257 - Accepted Firmware Licenses: FW.G0.1.6.0,FW.F4.1.27.0
2023-12-03 14:58:11,543 [INFO] PluginManage:359 - Loaded plugin analytics (category:tool,tabindex:-1)
2023-12-03 14:58:11,544 [INFO] PluginManage:310 - Check plugin cadmodel
2023-12-03 14:58:11,581 [INFO] CADModel:105 - Init CAD model plugin
2023-12-03 14:58:11,581 [INFO] PluginManage:359 - Loaded plugin cadmodel (category:power,tabindex:5)
2023-12-03 14:58:11,581 [INFO] PluginManage:310 - Check plugin clock
2023-12-03 14:58:11,593 [INFO] PluginManage:359 - Loaded plugin clock (category:base,tabindex:2)
2023-12-03 14:58:11,593 [INFO] PluginManage:310 - Check plugin ddr
2023-12-03 14:58:11,596 [INFO] PluginManage:359 - Loaded plugin ddr (category:tool,tabindex:6)
2023-12-03 14:58:11,596 [INFO] PluginManage:310 - Check plugin filemanager
2023-12-03 14:58:11,760 [INFO] PluginManage:359 - Loaded plugin filemanager (category:base,tabindex:10)
2023-12-03 14:58:11,761 [INFO] PluginManage:310 - Check plugin ipmanager
2023-12-03 14:58:11,768 [INFO] PluginManage:359 - Loaded plugin ipmanager (category:base,tabindex:5)
2023-12-03 14:58:11,768 [INFO] PluginManage:310 - Check plugin lpbam
2023-12-03 14:58:11,781 [INFO] PluginManage:359 - Loaded plugin lpbam (category:base,tabindex:0)
2023-12-03 14:58:11,781 [INFO] PluginManage:310 - Check plugin memorymap
2023-12-03 14:58:11,794 [INFO] PluginManage:359 - Loaded plugin memorymap (category:base,tabindex:4)
2023-12-03 14:58:11,794 [INFO] PluginManage:310 - Check plugin pinoutandconfiguration
2023-12-03 14:58:11,801 [INFO] PluginManage:359 - Loaded plugin pinoutandconfiguration (category:base,tabindex:1)
2023-12-03 14:58:11,801 [INFO] PluginManage:310 - Check plugin pinoutconfig
2023-12-03 14:58:11,886 [WARN] SupportedApi:132 - Cannot load RTOS API schema: s4s-elt-must-match.1: The content of 'definitions' must match (annotation?, (simpleType | complexType)?, (unique | key | keyref)*)). A problem was found starting at: attribute.
2023-12-03 14:58:12,065 [INFO] PluginManage:359 - Loaded plugin pinoutconfig (category:base,tabindex:0)
2023-12-03 14:58:12,066 [INFO] PluginManage:310 - Check plugin power
2023-12-03 14:58:12,076 [INFO] PluginManage:359 - Loaded plugin power (category:power,tabindex:4)
2023-12-03 14:58:12,076 [INFO] PluginManage:310 - Check plugin projectmanager
2023-12-03 14:58:12,089 [INFO] PluginManage:359 - Loaded plugin projectmanager (category:projectmanager,tabindex:3)
2023-12-03 14:58:12,089 [INFO] PluginManage:310 - Check plugin thirdparty
2023-12-03 14:58:12,235 [INFO] PluginManage:359 - Loaded plugin thirdparty (category:base,tabindex:-1)
2023-12-03 14:58:12,234 [WARN] IntegrityCheckThread:84 - waiting for thirdparty lock release [integrity check]
2023-12-03 14:58:12,235 [INFO] IntegrityCheckThread:86 - entering critical section [integrity check]
2023-12-03 14:58:12,235 [INFO] PluginManage:310 - Check plugin tools
2023-12-03 14:58:12,235 [INFO] ThirdPartyUpdaterWithRetryManager:70 - Updater plugin not ready yet. [1/15]
2023-12-03 14:58:12,238 [INFO] PluginManage:359 - Loaded plugin tools (category:base,tabindex:7)
2023-12-03 14:58:12,238 [INFO] PluginManage:310 - Check plugin tutovideos
2023-12-03 14:58:12,478 [INFO] PluginManage:359 - Loaded plugin tutovideos (category:base,tabindex:-1)
2023-12-03 14:58:12,479 [INFO] PluginManage:310 - Check plugin updater
2023-12-03 14:58:12,505 [INFO] PluginManage:359 - Loaded plugin updater (category:base,tabindex:12)
2023-12-03 14:58:12,506 [INFO] PluginManage:310 - Check plugin userauth
2023-12-03 14:58:12,513 [INFO] UserAuth:113 - Init User Auth plugin
2023-12-03 14:58:12,513 [INFO] PluginManage:359 - Loaded plugin userauth (category:base,tabindex:14)
2023-12-03 14:58:12,514 [INFO] PluginManage:283 - PluginManage : Loaded plugins [17]
2023-12-03 14:58:12,724 [INFO] PinOutPanel:1499 - setPackage(No Configuration,No Configuration)
2023-12-03 14:58:12,845 [INFO] CADModel:165 - CPN selected for project level
2023-12-03 14:58:12,845 [INFO] CADModel:114 - Register for checkConnection events
2023-12-03 14:58:12,868 [INFO] IPUIPlugin:80 - create IPUIPlugin
2023-12-03 14:58:12,868 [INFO] PluginManager:220 - loadIPPluginJar : add stm32_wpan
2023-12-03 14:58:12,874 [INFO] IPUIPlugin:80 - create IPUIPlugin
2023-12-03 14:58:12,875 [INFO] PluginManager:220 - loadIPPluginJar : add gpio
2023-12-03 14:58:12,889 [INFO] IPUIPlugin:80 - create IPUIPlugin
2023-12-03 14:58:12,889 [INFO] PluginManager:220 - loadIPPluginJar : add tracer_emb
2023-12-03 14:58:12,893 [INFO] IPUIPlugin:80 - create IPUIPlugin
2023-12-03 14:58:12,894 [INFO] PluginManager:220 - loadIPPluginJar : add dma3
2023-12-03 14:58:12,904 [INFO] IPUIPlugin:80 - create IPUIPlugin
2023-12-03 14:58:12,905 [INFO] PluginManager:220 - loadIPPluginJar : add fmc
2023-12-03 14:58:12,907 [INFO] IPUIPlugin:80 - create IPUIPlugin
2023-12-03 14:58:12,907 [INFO] PluginManager:220 - loadIPPluginJar : add ltdc
2023-12-03 14:58:12,912 [INFO] IPUIPlugin:80 - create IPUIPlugin
2023-12-03 14:58:12,912 [INFO] PluginManager:220 - loadIPPluginJar : add i2c
2023-12-03 14:58:12,917 [INFO] IPUIPlugin:80 - create IPUIPlugin
2023-12-03 14:58:12,917 [INFO] PluginManager:220 - loadIPPluginJar : add resmgrutility
2023-12-03 14:58:12,919 [INFO] IPUIPlugin:80 - create IPUIPlugin
2023-12-03 14:58:12,920 [INFO] PluginManager:220 - loadIPPluginJar : add ucpd
2023-12-03 14:58:12,924 [INFO] IPUIPlugin:80 - create IPUIPlugin
2023-12-03 14:58:12,925 [INFO] PluginManager:220 - loadIPPluginJar : add ipddr
2023-12-03 14:58:12,932 [INFO] IPUIPlugin:80 - create IPUIPlugin
2023-12-03 14:58:12,932 [INFO] PluginManager:220 - loadIPPluginJar : add adc
2023-12-03 14:58:12,935 [INFO] IPUIPlugin:80 - create IPUIPlugin
2023-12-03 14:58:12,935 [INFO] PluginManager:220 - loadIPPluginJar : add usbx
2023-12-03 14:58:12,941 [INFO] IPUIPlugin:80 - create IPUIPlugin
2023-12-03 14:58:12,941 [INFO] PluginManager:220 - loadIPPluginJar : add mdma
2023-12-03 14:58:12,945 [INFO] IPUIPlugin:80 - create IPUIPlugin
2023-12-03 14:58:12,945 [INFO] PluginManager:220 - loadIPPluginJar : add usart
2023-12-03 14:58:12,947 [INFO] IPUIPlugin:80 - create IPUIPlugin
2023-12-03 14:58:12,948 [INFO] PluginManager:220 - loadIPPluginJar : add sai
2023-12-03 14:58:12,950 [INFO] IPUIPlugin:80 - create IPUIPlugin
2023-12-03 14:58:12,950 [INFO] PluginManager:220 - loadIPPluginJar : add dfsdm
2023-12-03 14:58:12,952 [INFO] IPUIPlugin:80 - create IPUIPlugin
2023-12-03 14:58:12,952 [INFO] PluginManager:220 - loadIPPluginJar : add spi
2023-12-03 14:58:12,954 [INFO] IPUIPlugin:80 - create IPUIPlugin
2023-12-03 14:58:12,954 [INFO] PluginManager:220 - loadIPPluginJar : add gfxmmu
2023-12-03 14:58:12,956 [INFO] IPUIPlugin:80 - create IPUIPlugin
2023-12-03 14:58:12,956 [INFO] PluginManager:220 - loadIPPluginJar : add pdm2pcm
2023-12-03 14:58:12,957 [INFO] IPUIPlugin:80 - create IPUIPlugin
2023-12-03 14:58:12,958 [INFO] PluginManager:220 - loadIPPluginJar : add genericplugin
2023-12-03 14:58:12,963 [INFO] IPUIPlugin:80 - create IPUIPlugin
2023-12-03 14:58:12,963 [INFO] PluginManager:220 - loadIPPluginJar : add gic
2023-12-03 14:58:12,966 [INFO] IPUIPlugin:80 - create IPUIPlugin
2023-12-03 14:58:12,967 [INFO] PluginManager:220 - loadIPPluginJar : add nvic
2023-12-03 14:58:12,968 [INFO] IPUIPlugin:80 - create IPUIPlugin
2023-12-03 14:58:12,968 [INFO] PluginManager:220 - loadIPPluginJar : add tim
2023-12-03 14:58:12,975 [INFO] IPUIPlugin:80 - create IPUIPlugin
2023-12-03 14:58:12,978 [INFO] PluginManager:220 - loadIPPluginJar : add plateformsettings
2023-12-03 14:58:12,986 [INFO] IPUIPlugin:80 - create IPUIPlugin
2023-12-03 14:58:12,986 [INFO] PluginManager:220 - loadIPPluginJar : add linkedlist
2023-12-03 14:58:12,990 [INFO] IPUIPlugin:80 - create IPUIPlugin
2023-12-03 14:58:12,990 [INFO] PluginManager:220 - loadIPPluginJar : add touchsensing
2023-12-03 14:58:12,993 [INFO] IPUIPlugin:80 - create IPUIPlugin
2023-12-03 14:58:12,993 [INFO] PluginManager:220 - loadIPPluginJar : add gtzc
2023-12-03 14:58:12,995 [INFO] IPUIPlugin:80 - create IPUIPlugin
2023-12-03 14:58:12,996 [INFO] PluginManager:220 - loadIPPluginJar : add ts
2023-12-03 14:58:12,998 [INFO] IPUIPlugin:80 - create IPUIPlugin
2023-12-03 14:58:12,998 [INFO] PluginManager:220 - loadIPPluginJar : add cryp
2023-12-03 14:58:12,999 [INFO] IPUIPlugin:80 - create IPUIPlugin
2023-12-03 14:58:12,999 [INFO] PluginManager:220 - loadIPPluginJar : add quadspi
2023-12-03 14:58:13,001 [INFO] IPUIPlugin:80 - create IPUIPlugin
2023-12-03 14:58:13,001 [INFO] PluginManager:220 - loadIPPluginJar : add i2s
2023-12-03 14:58:13,003 [INFO] IPUIPlugin:80 - create IPUIPlugin
2023-12-03 14:58:13,003 [INFO] PluginManager:220 - loadIPPluginJar : add tsc
2023-12-03 14:58:13,005 [INFO] IPUIPlugin:80 - create IPUIPlugin
2023-12-03 14:58:13,005 [INFO] PluginManager:220 - loadIPPluginJar : add fatfs
2023-12-03 14:58:13,010 [INFO] IPUIPlugin:80 - create IPUIPlugin
2023-12-03 14:58:13,010 [INFO] PluginManager:220 - loadIPPluginJar : add opamp
2023-12-03 14:58:13,019 [INFO] IPUIPlugin:80 - create IPUIPlugin
2023-12-03 14:58:13,019 [INFO] PluginManager:220 - loadIPPluginJar : add dma
2023-12-03 14:58:13,022 [INFO] IPUIPlugin:80 - create IPUIPlugin
2023-12-03 14:58:13,022 [INFO] PluginManager:220 - loadIPPluginJar : add can
2023-12-03 14:58:13,025 [INFO] IPUIPlugin:80 - create IPUIPlugin
2023-12-03 14:58:13,025 [INFO] PluginManager:220 - loadIPPluginJar : add lorawan
2023-12-03 14:58:13,029 [INFO] IPUIPlugin:80 - create IPUIPlugin
2023-12-03 14:58:13,029 [INFO] PluginManager:220 - loadIPPluginJar : add openamp
2023-12-03 14:58:13,032 [INFO] IPUIPlugin:80 - create IPUIPlugin
2023-12-03 14:58:13,032 [INFO] PluginManager:220 - loadIPPluginJar : add i3c
2023-12-03 14:58:13,035 [INFO] IPUIPlugin:80 - create IPUIPlugin
2023-12-03 14:58:13,035 [INFO] PluginManager:220 - loadIPPluginJar : add hash
2023-12-03 14:58:13,037 [INFO] IPUIPlugin:80 - create IPUIPlugin
2023-12-03 14:58:13,037 [INFO] PluginManager:220 - loadIPPluginJar : add comp
2023-12-03 14:58:13,043 [INFO] IPUIPlugin:80 - create IPUIPlugin
2023-12-03 14:58:13,044 [INFO] PluginManager:220 - loadIPPluginJar : add freertos
2023-12-03 14:58:13,047 [INFO] IPUIPlugin:80 - create IPUIPlugin
2023-12-03 14:58:13,047 [INFO] PluginManager:220 - loadIPPluginJar : add aes
2023-12-03 14:58:13,153 [INFO] CADModel:165 - CPN selected for project level
2023-12-03 14:58:13,154 [INFO] CADModel:114 - Register for checkConnection events
2023-12-03 14:58:13,154 [FATAL] Updater:308 - Updater called before beeing initialized
2023-12-03 14:58:13,154 [ERROR] CADModel:125 - Updater not yet initialized, retry later 
2023-12-03 14:58:13,290 [INFO] CADModel:165 - CPN selected for project level
2023-12-03 14:58:13,290 [INFO] CADModel:114 - Register for checkConnection events
2023-12-03 14:58:13,290 [FATAL] Updater:308 - Updater called before beeing initialized
2023-12-03 14:58:13,290 [ERROR] CADModel:125 - Updater not yet initialized, retry later 
2023-12-03 14:58:13,295 [FATAL] Updater:308 - Updater called before beeing initialized
2023-12-03 14:58:13,370 [FATAL] Updater:308 - Updater called before beeing initialized
2023-12-03 14:58:13,376 [INFO] DbMcusAds:53 - JSON generation date=Tue Mar 07 03:50:55 EST 2023 (1678179055114)
2023-12-03 14:58:13,376 [FATAL] Updater:308 - Updater called before beeing initialized
2023-12-03 14:58:13,410 [WARN] DetailPanel:346 - Failed to get advertising image, set to default
2023-12-03 14:58:13,497 [FATAL] Updater:308 - Updater called before beeing initialized
2023-12-03 14:58:13,499 [FATAL] Updater:308 - Updater called before beeing initialized
2023-12-03 14:58:13,500 [FATAL] Updater:308 - Updater called before beeing initialized
2023-12-03 14:58:13,500 [WARN] DetailPanel:346 - Failed to get advertising image, set to default
2023-12-03 14:58:13,501 [FATAL] Updater:308 - Updater called before beeing initialized
2023-12-03 14:58:13,535 [ERROR] Updater:1120 - MainUpdater not yet initialized. External WinMGr cannot be set.
2023-12-03 14:58:13,537 [INFO] Updater:1056 - Updater Version found : 6.9.2
2023-12-03 14:58:13,557 [INFO] ApplicationProperties:184 - Using Application install path: /opt/st/stm32cubeide_1.13.2/plugins/com.st.stm32cube.common.mx_6.9.2.202309101412
2023-12-03 14:58:13,751 [INFO] MainUpdater:2868 - connection check result : 10
2023-12-03 14:58:13,751 [INFO] MainUpdater:285 - Updater Check For Update Now.
2023-12-03 14:58:13,752 [INFO] MicroXplorer:498 - Change Database Version : DB.6.0.92
2023-12-03 14:58:13,758 [INFO] McuFinderGlobals:63 - Set McuFinder mode to 2 (CubeIDE integrated)
2023-12-03 14:58:13,913 [INFO] CheckServerUpdateThread:120 - End of CheckServer Thread
2023-12-03 14:58:15,327 [WARN] PackLoader:240 - Cannot read IP mode file for STMicroelectronics.X-CUBE-SMBUS.2.1.0
2023-12-03 14:58:15,358 [WARN] PackLoader:240 - Cannot read IP mode file for STMicroelectronics.X-CUBE-AZRTOS-F7.1.1.0
2023-12-03 14:58:15,368 [WARN] PackLoader:240 - Cannot read IP mode file for STMicroelectronics.FP-SNS-MOTENV1.4.3.2
2023-12-03 14:58:15,375 [WARN] PackLoader:240 - Cannot read IP mode file for STMicroelectronics.FP-SNS-FLIGHT1.5.0.2
2023-12-03 14:58:15,382 [WARN] PackLoader:240 - Cannot read IP mode file for STMicroelectronics.X-CUBE-DISPLAY.3.0.0
2023-12-03 14:58:15,414 [WARN] PackLoader:240 - Cannot read IP mode file for STMicroelectronics.X-CUBE-BLE1.7.0.0
2023-12-03 14:58:15,421 [WARN] PackLoader:240 - Cannot read IP mode file for emotas.I-CUBE-CANOPEN.1.3.0
2023-12-03 14:58:15,428 [WARN] PackLoader:240 - Cannot read IP mode file for STMicroelectronics.X-CUBE-TOUCHGFX.4.22.1
2023-12-03 14:58:15,434 [WARN] PackLoader:240 - Cannot read IP mode file for STMicroelectronics.FP-SNS-SMARTAG2.1.2.0
2023-12-03 14:58:15,454 [INFO] LogOutputStream:77 - [STDOUT_REDIRECT] 1 : Invalid condition id : UX_CORESTACK_Condition cause : null
2023-12-03 14:58:15,454 [INFO] LogOutputStream:77 - [STDOUT_REDIRECT] 1 : Invalid condition id : UX_CORESTACK_Condition cause : null
2023-12-03 14:58:15,455 [INFO] LogOutputStream:77 - [STDOUT_REDIRECT] 1 : Invalid condition id : UX_CORESTACK_Condition cause : null
2023-12-03 14:58:15,455 [INFO] LogOutputStream:77 - [STDOUT_REDIRECT] 1 : Invalid condition id : UX_CORESTACK_Condition cause : null
2023-12-03 14:58:15,455 [INFO] LogOutputStream:77 - [STDOUT_REDIRECT] 1 : Invalid condition id : UX_CORESTACK_Condition cause : null
2023-12-03 14:58:15,462 [WARN] PackLoader:240 - Cannot read IP mode file for STMicroelectronics.X-CUBE-AZRTOS-WL.2.0.0
2023-12-03 14:58:15,490 [WARN] PackLoader:240 - Cannot read IP mode file for WES.I-CUBE-Cesium.1.3.0
2023-12-03 14:58:15,500 [WARN] PackLoader:240 - Cannot read IP mode file for STMicroelectronics.X-CUBE-BLE2.3.3.0
2023-12-03 14:58:15,507 [WARN] PackLoader:240 - Cannot read IP mode file for STMicroelectronics.X-CUBE-AI.7.3.0
2023-12-03 14:58:15,586 [WARN] PackLoader:240 - Cannot read IP mode file for STMicroelectronics.X-CUBE-ALGOBUILD.1.3.0
2023-12-03 14:58:15,604 [WARN] PackLoader:240 - Cannot read IP mode file for STMicroelectronics.X-CUBE-AZRTOS-G0.1.1.0
2023-12-03 14:58:15,611 [WARN] PackLoader:240 - Cannot read IP mode file for STMicroelectronics.X-CUBE-NFC4.3.0.0
2023-12-03 14:58:15,626 [WARN] PackLoader:240 - Cannot read IP mode file for STMicroelectronics.X-CUBE-BLEMGR.3.0.0
2023-12-03 14:58:15,631 [WARN] PackLoader:240 - Cannot read IP mode file for STMicroelectronics.FP-ATR-SIGFOX1.3.2.0
2023-12-03 14:58:15,635 [WARN] PackLoader:240 - Cannot read IP mode file for STMicroelectronics.X-CUBE-GNSS1.6.0.0
2023-12-03 14:58:15,649 [WARN] PackLoader:240 - Cannot read IP mode file for STMicroelectronics.X-CUBE-AZRTOS-F4.1.1.0
2023-12-03 14:58:15,654 [WARN] PackLoader:240 - Cannot read IP mode file for wolfSSL.I-CUBE-wolfSSL.5.6.3
2023-12-03 14:58:15,669 [WARN] PackLoader:240 - Cannot read IP mode file for STMicroelectronics.X-CUBE-AZRTOS-L5.2.0.0
2023-12-03 14:58:15,675 [WARN] PackLoader:240 - Cannot read IP mode file for STMicroelectronics.X-CUBE-EEPRMA1.4.2.0
2023-12-03 14:58:15,679 [WARN] PackLoader:240 - Cannot read IP mode file for ITTIA_DB.I-CUBE-ITTIADB.8.8.0
2023-12-03 14:58:15,684 [WARN] PackLoader:240 - Cannot read IP mode file for STMicroelectronics.X-CUBE-BLEMGR.2.0.0
2023-12-03 14:58:15,698 [WARN] ConditionMgr:438 - getConditionDescription Invalid condition id : UX DEVICE CLASS RTOS Condition cause : null
2023-12-03 14:58:15,698 [WARN] ConditionMgr:438 - getConditionDescription Invalid condition id : UX DEVICE CLASS RTOS Condition cause : null
2023-12-03 14:58:15,700 [WARN] PackLoader:240 - Cannot read IP mode file for STMicroelectronics.X-CUBE-AZRTOS-H7.3.1.0
2023-12-03 14:58:15,701 [WARN] ConditionMgr:1039 - genDependencies : Invalid condition id : UX DEVICE CLASS RTOS Condition cause : null
2023-12-03 14:58:15,702 [WARN] ConditionMgr:1039 - genDependencies : Invalid condition id : UX DEVICE CLASS RTOS Condition cause : null
2023-12-03 14:58:15,702 [WARN] ConditionMgr:1039 - genDependencies : Invalid condition id : UX DEVICE CLASS RTOS Condition cause : null
2023-12-03 14:58:15,702 [WARN] ConditionMgr:1039 - genDependencies : Invalid condition id : UX DEVICE CLASS RTOS Condition cause : null
2023-12-03 14:58:15,702 [WARN] ConditionMgr:1039 - genDependencies : Invalid condition id : UX DEVICE CLASS RTOS Condition cause : null
2023-12-03 14:58:15,708 [WARN] PackLoader:240 - Cannot read IP mode file for STMicroelectronics.X-CUBE-NFC7.1.0.1
2023-12-03 14:58:15,716 [WARN] PackLoader:240 - Cannot read IP mode file for STMicroelectronics.X-CUBE-NFC6.3.0.0
2023-12-03 14:58:15,721 [WARN] PackLoader:240 - Cannot read IP mode file for STMicroelectronics.X-CUBE-AI.8.1.0
2023-12-03 14:58:15,763 [WARN] ConditionMgr:438 - getConditionDescription Invalid condition id : LAN8742 Phy interface Condition cause : null
2023-12-03 14:58:15,764 [WARN] PackLoader:240 - Cannot read IP mode file for STMicroelectronics.X-CUBE-AZRTOS-L4.2.0.0
2023-12-03 14:58:15,766 [WARN] ConditionMgr:1039 - genDependencies : Invalid condition id : LAN8742 Phy interface Condition cause : null
2023-12-03 14:58:15,766 [WARN] ConditionMgr:1039 - genDependencies : Invalid condition id : LAN8742 Phy interface Condition cause : null
2023-12-03 14:58:15,767 [WARN] ConditionMgr:1039 - genDependencies : Invalid condition id : LAN8742 Phy interface Condition cause : null
2023-12-03 14:58:15,774 [WARN] PackLoader:240 - Cannot read IP mode file for STMicroelectronics.X-CUBE-SFXS2LP1.4.0.0
2023-12-03 14:58:15,780 [WARN] PackLoader:240 - Cannot read IP mode file for STMicroelectronics.X-CUBE-ISPU.1.1.0
2023-12-03 14:58:15,804 [WARN] ConditionMgr:438 - getConditionDescription Invalid condition id : UX DEVICE CLASS RTOS Condition cause : null
2023-12-03 14:58:15,804 [WARN] ConditionMgr:438 - getConditionDescription Invalid condition id : UX DEVICE CLASS RTOS Condition cause : null
2023-12-03 14:58:15,807 [WARN] PackLoader:240 - Cannot read IP mode file for STMicroelectronics.X-CUBE-AZRTOS-WB.2.0.0
2023-12-03 14:58:15,808 [WARN] ConditionMgr:1039 - genDependencies : Invalid condition id : UX DEVICE CLASS RTOS Condition cause : null
2023-12-03 14:58:15,808 [WARN] ConditionMgr:1039 - genDependencies : Invalid condition id : UX DEVICE CLASS RTOS Condition cause : null
2023-12-03 14:58:15,809 [WARN] ConditionMgr:1039 - genDependencies : Invalid condition id : UX DEVICE CLASS RTOS Condition cause : null
2023-12-03 14:58:15,809 [WARN] ConditionMgr:1039 - genDependencies : Invalid condition id : UX DEVICE CLASS RTOS Condition cause : null
2023-12-03 14:58:15,810 [WARN] ConditionMgr:1039 - genDependencies : Invalid condition id : UX DEVICE CLASS RTOS Condition cause : null
2023-12-03 14:58:15,820 [WARN] PackLoader:240 - Cannot read IP mode file for STMicroelectronics.X-CUBE-SUBG2.5.0.0
2023-12-03 14:58:15,841 [WARN] PackLoader:240 - Cannot read IP mode file for STMicroelectronics.X-CUBE-TOF1.3.3.1
2023-12-03 14:58:15,964 [WARN] PackLoader:240 - Cannot read IP mode file for STMicroelectronics.X-CUBE-AZRTOS-G4.2.0.0
2023-12-03 14:58:15,980 [WARN] PackLoader:240 - Cannot read IP mode file for Infineon.AIROC-Wi-Fi-Bluetooth-STM32.1.5.1
2023-12-03 14:58:15,989 [WARN] PackLoader:240 - Cannot read IP mode file for STMicroelectronics.FP-SNS-MOTENVWB1.1.3.0
2023-12-03 14:58:15,994 [WARN] PackLoader:240 - Cannot read IP mode file for STMicroelectronics.FP-SNS-MOTENVWB1.1.3.1
2023-12-03 14:58:16,024 [WARN] PackLoader:240 - Cannot read IP mode file for STMicroelectronics.X-CUBE-MEMS1.10.0.0
2023-12-03 14:58:16,163 [WARN] PackLoader:240 - Cannot read IP mode file for STMicroelectronics.X-CUBE-FREERTOS.1.1.0
2023-12-03 14:58:16,167 [WARN] PackLoader:240 - Cannot read IP mode file for portGmbH.I-Cube-SoM-uGOAL.1.1.0
2023-12-03 14:58:16,170 [WARN] PackLoader:240 - Cannot read IP mode file for STMicroelectronics.X-CUBE-ALS.1.0.1
2023-12-03 14:58:16,173 [WARN] PackLoader:240 - Cannot read IP mode file for STMicroelectronics.FP-ATR-ASTRA1.2.0.0
2023-12-03 14:58:16,185 [WARN] PackLoader:240 - Cannot read IP mode file for STMicroelectronics.X-CUBE-TOF1.3.4.0
2023-12-03 14:58:16,197 [INFO] ThirdParty:978 - Integrity check success = true
2023-12-03 14:58:16,197 [INFO] IntegrityCheckThread:100 - exiting critical section [integrity check]
2023-12-03 14:58:16,197 [INFO] IntegrityCheckThread:103 - End integrity checks thread
2023-12-03 14:58:19,527 [INFO] McuFinderGlobals:63 - Set McuFinder mode to 2 (CubeIDE integrated)
2023-12-03 14:58:19,538 [INFO] MainUpdater:2868 - connection check result : 10
2023-12-03 14:58:19,539 [INFO] MainUpdater:2868 - connection check result : 10
2023-12-03 14:58:19,624 [INFO] MicroXplorer:468 - Change Database Path : 
2023-12-03 14:58:19,624 [INFO] MicroXplorer:498 - Change Database Version : DB.6.0.92
2023-12-03 14:58:19,634 [WARN] ThirdParty:871 - waiting for thirdparty lock release [close project]
2023-12-03 14:58:19,634 [INFO] ThirdParty:873 - entering critical section [close project]
2023-12-03 14:58:19,635 [INFO] ThirdParty:883 - exiting critical section [close project]
2023-12-03 14:58:19,640 [INFO] PinOutPanel:1499 - setPackage(No Configuration,No Configuration)
2023-12-03 14:58:19,705 [INFO] UtilMem:75 - Begin LoadConfig() Used Memory: 138006096 Bytes (268435456)
2023-12-03 14:58:19,716 [INFO] MicroXplorer:468 - Change Database Path : 
2023-12-03 14:58:19,716 [INFO] MicroXplorer:498 - Change Database Version : DB.6.0.92
2023-12-03 14:58:19,717 [INFO] OpenFileManager:308 - Change cursor
2023-12-03 14:58:19,880 [INFO] Mcu:1946 - Initializing MCU STM32F401R(D-E)Tx STM32F401RETx STM32F401RET6
2023-12-03 14:58:21,075 [INFO] Context:659 - Trying to add GPIOservice into a context  which must be forbidden
2023-12-03 14:58:21,620 [INFO] RtosManager:555 - Registered RTOS mode: class=CMSIS, group=RTOS, mode=CMSIS_V1, owner=FREERTOS
2023-12-03 14:58:21,621 [INFO] RtosManager:555 - Registered RTOS mode: class=CMSIS, group=RTOS2, mode=CMSIS_V2, owner=FREERTOS
2023-12-03 14:58:21,621 [INFO] RtosManager:555 - Registered RTOS mode: class=RTOS, group=Core, mode=CMSIS_V1, owner=FREERTOS
2023-12-03 14:58:21,621 [INFO] RtosManager:555 - Registered RTOS mode: class=RTOS, group=Core, mode=CMSIS_V2, owner=FREERTOS
2023-12-03 14:58:21,621 [WARN] ModelIntegratedComponent:184 - Missing modes for component STMicroelectronics:FreeRTOS:0.0.1:STMicroelectronics:RTOS:FreeRTOS:Core:::10.2.0:
2023-12-03 14:58:21,644 [WARN] ModelIntegratedComponent:63 - No mode defined for component null
2023-12-03 14:58:21,644 [WARN] ModelIntegratedComponent:63 - No mode defined for component null
2023-12-03 14:58:21,644 [WARN] ModelIntegratedComponent:63 - No mode defined for component null
2023-12-03 14:58:21,644 [WARN] ModelIntegratedComponent:63 - No mode defined for component null
2023-12-03 14:58:21,644 [WARN] ModelIntegratedComponent:63 - No mode defined for component null
2023-12-03 14:58:21,644 [WARN] ModelIntegratedComponent:63 - No mode defined for component null
2023-12-03 14:58:21,644 [WARN] ModelIntegratedComponent:63 - No mode defined for component null
2023-12-03 14:58:21,644 [WARN] ModelIntegratedComponent:63 - No mode defined for component null
2023-12-03 14:58:21,644 [WARN] ModelIntegratedComponent:63 - No mode defined for component null
2023-12-03 14:58:21,644 [WARN] ModelIntegratedComponent:63 - No mode defined for component null
2023-12-03 14:58:21,644 [WARN] ModelIntegratedComponent:63 - No mode defined for component null
2023-12-03 14:58:21,644 [WARN] ModelIntegratedComponent:63 - No mode defined for component null
2023-12-03 14:58:21,645 [WARN] ModelIntegratedComponent:63 - No mode defined for component null
2023-12-03 14:58:21,645 [WARN] ModelIntegratedComponent:63 - No mode defined for component null
2023-12-03 14:58:21,645 [WARN] ModelIntegratedComponent:63 - No mode defined for component null
2023-12-03 14:58:21,645 [WARN] ModelIntegratedComponent:63 - No mode defined for component null
2023-12-03 14:58:21,645 [WARN] ModelIntegratedComponent:63 - No mode defined for component null
2023-12-03 14:58:21,645 [WARN] ModelIntegratedComponent:63 - No mode defined for component null
2023-12-03 14:58:21,645 [WARN] ModelIntegratedComponent:63 - No mode defined for component null
2023-12-03 14:58:21,645 [WARN] ModelIntegratedComponent:63 - No mode defined for component null
2023-12-03 14:58:21,645 [WARN] ModelIntegratedComponent:63 - No mode defined for component null
2023-12-03 14:58:21,645 [WARN] ModelIntegratedComponent:63 - No mode defined for component null
2023-12-03 14:58:21,645 [WARN] ModelIntegratedComponent:63 - No mode defined for component null
2023-12-03 14:58:21,645 [WARN] ModelIntegratedComponent:63 - No mode defined for component null
2023-12-03 14:58:21,645 [WARN] ModelIntegratedComponent:63 - No mode defined for component null
2023-12-03 14:58:21,645 [WARN] ModelIntegratedComponent:63 - No mode defined for component null
2023-12-03 14:58:21,645 [WARN] ModelIntegratedComponent:63 - No mode defined for component null
2023-12-03 14:58:21,645 [WARN] ModelIntegratedComponent:63 - No mode defined for component null
2023-12-03 14:58:21,645 [WARN] ModelIntegratedComponent:63 - No mode defined for component null
2023-12-03 14:58:21,645 [WARN] ModelIntegratedComponent:63 - No mode defined for component null
2023-12-03 14:58:21,645 [WARN] ModelIntegratedComponent:63 - No mode defined for component null
2023-12-03 14:58:21,645 [WARN] ModelIntegratedComponent:63 - No mode defined for component null
2023-12-03 14:58:21,645 [WARN] ModelIntegratedComponent:63 - No mode defined for component null
2023-12-03 14:58:21,736 [INFO] ThirdPartyModel:298 - Start build external matchings
2023-12-03 14:58:22,059 [INFO] ThirdPartyModel:316 - End build external matchings
2023-12-03 14:58:22,077 [WARN] IP:2114 - I2C_Coeff_DF not found: check if there is a RefParameter without a condition.
2023-12-03 14:58:22,078 [WARN] IP:2114 - Analog_Filter not found: check if there is a RefParameter without a condition.
2023-12-03 14:58:22,080 [INFO] ImportTextPane:194 - (OptionalMessage_ERROR) IP (RCC) : Parameter (RTCHSEDivFreq_Value) has invalid value (4000000)
2023-12-03 14:58:22,238 [INFO] UtilMem:75 - End LoadConfig() Used Memory: 259012936 Bytes (392167424)
2023-12-03 14:58:22,349 [INFO] ApiDb:581 - Connected to CubeFinder SQLite database (/home/adam/.stmcufinder/plugins/mcufinder/mcu/cube-finder-db.db)
2023-12-03 14:58:22,393 [INFO] ApiDb:668 - CubeFinder database Data Model version=2.1
2023-12-03 14:58:22,393 [INFO] ApiDb:669 - CubeFinder database Configuration version=3.0.39
2023-12-03 14:58:22,393 [INFO] ApiDb:670 - CubeFinder database generation date=2023-11-06 (1699269565)
2023-12-03 14:58:22,393 [INFO] ApiDb:671 - CubeFinder database FW Pack versions=[FP-ATR-ASTRA1_V2.0.0, FP-SNS-FLIGHT1_V5.0.1, FP-SNS-FLIGHT1_V5.0.2, FP-SNS-MOTENV1_V4.3.1, FP-SNS-MOTENV1_V4.3.2, FP-SNS-MOTENVWB1_V1.3.0, FP-SNS-SMARTAG2_V1.2.0, STM32Cube_FW_C0_V1.1.0, STM32Cube_FW_F4_V1.28.0, STM32Cube_FW_F7_V1.17.0, STM32Cube_FW_G0_V1.6.1, STM32Cube_FW_G4_V1.5.1, STM32Cube_FW_H5_V0.5.1, STM32Cube_FW_H5_V1.1.1, STM32Cube_FW_H5_V1.2.0RC2, STM32Cube_FW_H7_V1.11.0, STM32Cube_FW_L0_V1.12.2, STM32Cube_FW_L5_V1.5.0, STM32Cube_FW_U5_V1.3.0RC4, STM32Cube_FW_U5_V1.4.0, STM32Cube_FW_WBA_V1.0.0RC1, STM32Cube_FW_WBA_V1.1.0RC1, STM32Cube_FW_WBA_V1.2.0, STM32Cube_FW_WBA_V1.2.0RC2, STM32Cube_FW_WB_V1.15.0RC1, STM32Cube_FW_WB_V1.16.0, STM32Cube_FW_WB_V1.16.0RC2, STM32Cube_FW_WB_V1.18.0, STM32Cube_FW_WL_V1.3.0, X-CUBE-ALGOBUILD_V1.3.0, X-CUBE-ALS_V1.0.1, X-CUBE-AZRTOS-F4_V1.1.0, X-CUBE-AZRTOS-F7_V1.1.0, X-CUBE-AZRTOS-G0_V1.1.0, X-CUBE-AZRTOS-G4_V2.0.0, X-CUBE-AZRTOS-H7_V3.1.0, X-CUBE-AZRTOS-L4_V1.0.0, X-CUBE-AZRTOS-L4_V2.0.0, X-CUBE-AZRTOS-L5_V1.1.0, X-CUBE-AZRTOS-WB_V2.0.0, X-CUBE-AZRTOS-WL_V2.0.0, X-CUBE-BLE1_V7.0.0, X-CUBE-BLE2_V3.3.0, X-CUBE-BLEMGR_V2.0.0, X-CUBE-EEPRMA1_V4.1.0, X-CUBE-EEPRMA1_V4.2.0, X-CUBE-FREERTOS_V1.1.0, X-CUBE-GNSS1_V6.0.0, X-CUBE-MEMS1_V10.0.0, X-CUBE-MEMS1_V9.1.0, X-CUBE-MEMS1_V9.4.0, X-CUBE-MEMS1_V9.6.0, X-CUBE-NFC4_V3.0.0, X-CUBE-NFC7_V1.0.1, X-CUBE-SFXS2LP1_V4.0.0, X-CUBE-SUBG2_V5.0.0, X-CUBE-TOF1_V3.3.1]
2023-12-03 14:58:24,336 [INFO] ApiDb:240 - Found 323 in-development CPN: [B-G473E-ZEST1S, B-WB1M-WPAN1, B-WL5M-SUBG1, NUCLEO-C031C6, NUCLEO-H503RB, NUCLEO-H563ZI, NUCLEO-U545RE-Q, NUCLEO-U5A5ZJ-Q, NUCLEO-WBA52CG, STEVAL-PROTEUS1, STEVAL-SMARTAG2, STEVAL-STWINBX1, STM320518-EVAL, STM32C0116-DK, STM32C011D6Y3TR, STM32C011D6Y6TR, STM32C011F4P3, STM32C011F4P6, STM32C011F4U3, STM32C011F4U6TR, STM32C011F6P3, STM32C011F6P6, STM32C011F6U3, STM32C011F6U6TR, STM32C011J4M3, STM32C011J4M6, STM32C011J6M3, STM32C011J6M6, STM32C0316-DK, STM32C031C4T3, STM32C031C4T6, STM32C031C4U3, STM32C031C4U6, STM32C031C6T3, STM32C031C6T6, STM32C031C6U3, STM32C031C6U6, STM32C031F4P3, STM32C031F4P6, STM32C031F6P3, STM32C031F6P6, STM32C031G4U3, STM32C031G4U6, STM32C031G6U3, STM32C031G6U6, STM32C031K4T3, STM32C031K4T6, STM32C031K4U3, STM32C031K4U6, STM32C031K6T3, STM32C031K6T6, STM32C031K6U3, STM32C031K6U6, STM32G071K8TXN, STM32G071K8UXN, STM32G081GBU6N, STM32G081KBT6N, STM32G081KBUXN, STM32G0B1CCT6N, STM32G0B1KCT6, STM32G0B1NEY6TR, STM32G0B1RCT6N, STM32G0C1CCT6, STM32G0C1CCT6N, STM32G0C1CCU6N, STM32G0C1CET6N, STM32G0C1CEU6N, STM32G0C1KCT6, STM32G0C1NEY6TR, STM32G0C1RCI6N, STM32G0C1RCT6N, STM32G0C1REI6N, STM32G0C1RET6N, STM32G0C1VCI6, STM32G0C1VEI6, STM32G471CCT6, STM32G471CCU6, STM32G471CET3, STM32G471CET6, STM32G471CEU3, STM32G471CEU6, STM32G471MCT6, STM32G471MET3, STM32G471MET6, STM32G471MEY6TR, STM32G471QCT6, STM32G471QET3, STM32G471RCT6, STM32G471RET3, STM32G471RET6, STM32G471VCH6, STM32G471VCI6, STM32G471VCT6, STM32G471VEH3, STM32G471VEH6, STM32G471VEI3, STM32G471VEI6, STM32G471VET3, STM32G471VET6, STM32G474CCT6, STM32H503CBT6, STM32H503CBU6, STM32H503EBY6TR, STM32H503KBU6, STM32H503RBT6, STM32H562AGI6, STM32H562AII6, STM32H562IGK6, STM32H562IGT6, STM32H562IIK6, STM32H562IIT6, STM32H562RGT6, STM32H562RGV6, STM32H562RIT6, STM32H562RIV6, STM32H562VGT6, STM32H562VIT6, STM32H562ZGT6, STM32H562ZIT6, STM32H563AGI6, STM32H563AII3Q, STM32H563AII6, STM32H563IGK6, STM32H563IGT6, STM32H563IIK3Q, STM32H563IIK6, STM32H563IIT3Q, STM32H563IIT6, STM32H563MIY3QTR, STM32H563RGT6, STM32H563RGV6, STM32H563RIT6, STM32H563RIV6, STM32H563VGT6, STM32H563VIT3Q, STM32H563VIT6, STM32H563ZGT6, STM32H563ZIT3Q, STM32H563ZIT6, STM32H573AII3Q, STM32H573AII6, STM32H573I-DK, STM32H573IIK3Q, STM32H573IIK6, STM32H573IIT3Q, STM32H573IIT6, STM32H573MIY3QTR, STM32H573RIT6, STM32H573RIV6, STM32H573VIT3Q, STM32H573VIT6, STM32H573ZIT3Q, STM32H573ZIT6, STM32L4R5QGI6STR, STM32MP131AAE3, STM32MP131AAF3, STM32MP131AAG3, STM32MP131CAE3, STM32MP131CAF3, STM32MP131CAG3, STM32MP131DAE7, STM32MP131DAF7, STM32MP131DAG7, STM32MP131FAE7, STM32MP131FAF7, STM32MP131FAG7, STM32MP133AAE3, STM32MP133AAF3, STM32MP133AAG3, STM32MP133CAE3, STM32MP133CAF3, STM32MP133CAG3, STM32MP133DAE7, STM32MP133DAF7, STM32MP133DAG7, STM32MP133FAE7, STM32MP133FAF7, STM32MP133FAG7, STM32MP135AAE3, STM32MP135AAF3, STM32MP135AAG3, STM32MP135CAE3, STM32MP135CAF3, STM32MP135CAG3, STM32MP135DAE7, STM32MP135DAF7, STM32MP135DAG7, STM32MP135F-DK, STM32MP135FAE7, STM32MP135FAF7, STM32MP135FAF7T, STM32MP135FAF7U, STM32MP135FAG7, STM32U535CBT6, STM32U535CBT6Q, STM32U535CBU6, STM32U535CBU6Q, STM32U535CCT6, STM32U535CCT6Q, STM32U535CCU6, STM32U535CCU6Q, STM32U535CET6, STM32U535CET6Q, STM32U535CEU6, STM32U535CEU6Q, STM32U535JEY6QTR, STM32U535NCY6QTR, STM32U535NEY6QTR, STM32U535RBI6, STM32U535RBI6Q, STM32U535RBT6, STM32U535RBT6Q, STM32U535RCI6, STM32U535RCI6Q, STM32U535RCT6, STM32U535RCT6Q, STM32U535REI6, STM32U535REI6Q, STM32U535RET6, STM32U535RET6Q, STM32U535VCI6, STM32U535VCI6Q, STM32U535VCT6, STM32U535VCT6Q, STM32U535VEI6, STM32U535VEI6Q, STM32U535VET6, STM32U535VET6Q, STM32U545CET6, STM32U545CET6Q, STM32U545CEU6, STM32U545CEU6Q, STM32U545JEY6QTR, STM32U545NEY6QTR, STM32U545REI6, STM32U545REI6Q, STM32U545RET6, STM32U545RET6Q, STM32U545VEI6, STM32U545VEI6Q, STM32U545VET6, STM32U545VET6Q, STM32U595AIH6, STM32U595AIH6Q, STM32U595AJH6, STM32U595AJH6Q, STM32U595QII6, STM32U595QII6Q, STM32U595QJI6, STM32U595QJI6Q, STM32U595RIT6, STM32U595RIT6Q, STM32U595RJT6, STM32U595RJT6Q, STM32U595VIT6, STM32U595VIT6Q, STM32U595VJT6, STM32U595VJT6Q, STM32U595ZIT6, STM32U595ZIT6Q, STM32U595ZIY6QTR, STM32U595ZJT6, STM32U595ZJT6Q, STM32U595ZJY6QTR, STM32U599BJY6QTR, STM32U599NIH6Q, STM32U599NJH6Q, STM32U599VIT6Q, STM32U599VJT6, STM32U599VJT6Q, STM32U599ZIT6Q, STM32U599ZIY6QTR, STM32U599ZJT6Q, STM32U599ZJY6QTR, STM32U5A5AJH6, STM32U5A5AJH6Q, STM32U5A5QJI6, STM32U5A5QJI6Q, STM32U5A5RJT6, STM32U5A5RJT6Q, STM32U5A5VJT6, STM32U5A5VJT6Q, STM32U5A5ZJT6, STM32U5A5ZJT6Q, STM32U5A5ZJY6QTR, STM32U5A9BJY6QTR, STM32U5A9J-DK, STM32U5A9NJH6Q, STM32U5A9VJT6Q, STM32U5A9ZJT6Q, STM32U5A9ZJY6QTR, STM32U5F7VIT6, STM32U5F7VIT6Q, STM32U5F7VJT6, STM32U5F7VJT6Q, STM32U5F9BJY6QTR, STM32U5F9NJH6Q, STM32U5F9VIT6Q, STM32U5F9VJT6Q, STM32U5F9ZIJ6QTR, STM32U5F9ZIT6Q, STM32U5F9ZJJ6QTR, STM32U5F9ZJT6Q, STM32U5G7VJT6, STM32U5G7VJT6Q, STM32U5G9BJY6QTR, STM32U5G9J-DK1, STM32U5G9J-DK2, STM32U5G9NJH6Q, STM32U5G9VJT6Q, STM32U5G9ZJJ6QTR, STM32U5G9ZJT6Q, STM32WB1MMCH6, STM32WBA52CEU6, STM32WBA52CEU6T, STM32WBA52CGU6, STM32WBA52CGU6T, STM32WBA52KEU6, STM32WBA52KEU6T, STM32WBA52KGU6, STM32WBA52KGU6T, STM32WL5MOCH6, STM32WL5MOCH6TR]
2023-12-03 14:58:24,342 [INFO] DbMcus:217 - Found 3882 MCUs, 3882 are supported
2023-12-03 14:58:24,343 [INFO] ApiDb:423 - Load user favorites file /home/adam/.stm32cubeide/favorites.mcus.txt: 0 item(s)
2023-12-03 14:58:24,344 [INFO] ApiDb:427 - User favorites MCUs=[]
2023-12-03 14:58:24,344 [INFO] DbMcus:223 - Set 0 / 0 favorites MCUs
2023-12-03 14:58:24,698 [WARN] ThirdParty:833 - waiting for thirdparty lock release [change project]
2023-12-03 14:58:24,698 [INFO] ThirdParty:835 - entering critical section [change project]
2023-12-03 14:58:24,698 [INFO] ThirdParty:1030 - CMSIS Pack Vendor :STMicroelectronics X-CUBE-ISPU 1.1.0
2023-12-03 14:58:24,698 [INFO] ThirdParty:1030 - CMSIS Pack Vendor :STMicroelectronics USBPD 4.1
2023-12-03 14:58:24,698 [INFO] ThirdParty:1030 - CMSIS Pack Vendor :STMicroelectronics X-CUBE-GNSS1 6.0.0
2023-12-03 14:58:24,698 [INFO] ThirdParty:1030 - CMSIS Pack Vendor :STMicroelectronics USB_HOST 2.0.0
2023-12-03 14:58:24,698 [INFO] ThirdParty:1030 - CMSIS Pack Vendor :STMicroelectronics X-CUBE-AZRTOS-F4 1.1.0
2023-12-03 14:58:24,698 [INFO] ThirdParty:1030 - CMSIS Pack Vendor :STMicroelectronics LIBJPEG 8.0.0
2023-12-03 14:58:24,698 [INFO] ThirdParty:1030 - CMSIS Pack Vendor :wolfSSL I-CUBE-wolfSSL 5.6.3
2023-12-03 14:58:24,699 [INFO] ThirdParty:1030 - CMSIS Pack Vendor :STMicroelectronics X-CUBE-SMBUS 2.1.0
2023-12-03 14:58:24,699 [INFO] ThirdParty:1030 - CMSIS Pack Vendor :STMicroelectronics USB_DEVICE 3.0.0
2023-12-03 14:58:24,699 [INFO] ThirdParty:1030 - CMSIS Pack Vendor :STMicroelectronics X-CUBE-AZRTOS-WB 2.0.0
2023-12-03 14:58:24,699 [INFO] ThirdParty:1030 - CMSIS Pack Vendor :STMicroelectronics X-CUBE-AZRTOS-F7 1.1.0
2023-12-03 14:58:24,699 [INFO] ThirdParty:1030 - CMSIS Pack Vendor :STMicroelectronics X-CUBE-AZRTOS-L5 2.0.0
2023-12-03 14:58:24,699 [INFO] ThirdParty:1030 - CMSIS Pack Vendor :STMicroelectronics USB_DEVICE 2.0.0
2023-12-03 14:58:24,699 [INFO] ThirdParty:1030 - CMSIS Pack Vendor :STMicroelectronics X-CUBE-AI 7.3.0
2023-12-03 14:58:24,699 [INFO] ThirdParty:1030 - CMSIS Pack Vendor :STMicroelectronics X-CUBE-EEPRMA1 4.2.0
2023-12-03 14:58:24,699 [INFO] ThirdParty:1030 - CMSIS Pack Vendor :ITTIA_DB I-CUBE-ITTIADB 8.8.0
2023-12-03 14:58:24,699 [INFO] ThirdParty:1030 - CMSIS Pack Vendor :STMicroelectronics FP-SNS-MOTENV1 4.3.2
2023-12-03 14:58:24,699 [INFO] ThirdParty:1030 - CMSIS Pack Vendor :STMicroelectronics X-CUBE-ALGOBUILD 1.3.0
2023-12-03 14:58:24,699 [INFO] ThirdParty:1030 - CMSIS Pack Vendor :STMicroelectronics FreeRTOS 0.0.1
2023-12-03 14:58:24,699 [INFO] ThirdParty:1030 - CMSIS Pack Vendor :STMicroelectronics X-CUBE-AZRTOS-G0 1.1.0
2023-12-03 14:58:24,699 [INFO] ThirdParty:1030 - CMSIS Pack Vendor :STMicroelectronics X-CUBE-BLEMGR 2.0.0
2023-12-03 14:58:24,699 [INFO] ThirdParty:1030 - CMSIS Pack Vendor :STMicroelectronics X-CUBE-NFC4 3.0.0
2023-12-03 14:58:24,699 [INFO] ThirdParty:1030 - CMSIS Pack Vendor :STMicroelectronics X-CUBE-SUBG2 5.0.0
2023-12-03 14:58:24,699 [INFO] ThirdParty:1030 - CMSIS Pack Vendor :STMicroelectronics STM32_WPAN 1.0.0
2023-12-03 14:58:24,699 [INFO] ThirdParty:1030 - CMSIS Pack Vendor :STMicroelectronics lwIP 2.0.3
2023-12-03 14:58:24,699 [INFO] ThirdParty:1030 - CMSIS Pack Vendor :STMicroelectronics FP-SNS-FLIGHT1 5.0.2
2023-12-03 14:58:24,699 [INFO] ThirdParty:1030 - CMSIS Pack Vendor :STMicroelectronics USB_HOST 1.0.0
2023-12-03 14:58:24,699 [INFO] ThirdParty:1030 - CMSIS Pack Vendor :STMicroelectronics X-CUBE-TOF1 3.3.1
2023-12-03 14:58:24,699 [INFO] ThirdParty:1030 - CMSIS Pack Vendor :STMicroelectronics X-CUBE-AZRTOS-G4 2.0.0
2023-12-03 14:58:24,699 [INFO] ThirdParty:1030 - CMSIS Pack Vendor :STMicroelectronics PDM2PCM 3.1.0
2023-12-03 14:58:24,699 [INFO] ThirdParty:1030 - CMSIS Pack Vendor :STMicroelectronics X-CUBE-AZRTOS-H7 3.1.0
2023-12-03 14:58:24,700 [INFO] ThirdParty:1030 - CMSIS Pack Vendor :Infineon AIROC-Wi-Fi-Bluetooth-STM32 1.5.1
2023-12-03 14:58:24,700 [INFO] ThirdParty:1030 - CMSIS Pack Vendor :STMicroelectronics X-CUBE-BLEMGR 3.0.0
2023-12-03 14:58:24,700 [INFO] ThirdParty:1030 - CMSIS Pack Vendor :STMicroelectronics PDM2PCM 3.3.0
2023-12-03 14:58:24,700 [INFO] ThirdParty:1030 - CMSIS Pack Vendor :STMicroelectronics X-CUBE-DISPLAY 3.0.0
2023-12-03 14:58:24,700 [INFO] ThirdParty:1030 - CMSIS Pack Vendor :STMicroelectronics FP-SNS-MOTENVWB1 1.3.0
2023-12-03 14:58:24,700 [INFO] ThirdParty:1030 - CMSIS Pack Vendor :STMicroelectronics FP-SNS-MOTENVWB1 1.3.1
2023-12-03 14:58:24,700 [INFO] ThirdParty:1030 - CMSIS Pack Vendor :STMicroelectronics X-CUBE-BLE1 7.0.0
2023-12-03 14:58:24,700 [INFO] ThirdParty:1030 - CMSIS Pack Vendor :STMicroelectronics FP-ATR-SIGFOX1 3.2.0
2023-12-03 14:58:24,700 [INFO] ThirdParty:1030 - CMSIS Pack Vendor :STMicroelectronics HAL Drivers 0.0.0
2023-12-03 14:58:24,700 [INFO] ThirdParty:1030 - CMSIS Pack Vendor :STMicroelectronics MBEDTLS 2.16.2
2023-12-03 14:58:24,700 [INFO] ThirdParty:1030 - CMSIS Pack Vendor :emotas I-CUBE-CANOPEN 1.3.0
2023-12-03 14:58:24,700 [INFO] ThirdParty:1030 - CMSIS Pack Vendor :STMicroelectronics X-CUBE-MEMS1 10.0.0
2023-12-03 14:58:24,700 [INFO] ThirdParty:1030 - CMSIS Pack Vendor :STMicroelectronics X-CUBE-FREERTOS 1.1.0
2023-12-03 14:58:24,700 [INFO] ThirdParty:1030 - CMSIS Pack Vendor :STMicroelectronics X-CUBE-NFC7 1.0.1
2023-12-03 14:58:24,700 [INFO] ThirdParty:1030 - CMSIS Pack Vendor :STMicroelectronics MBEDTLS 2.14.1
2023-12-03 14:58:24,700 [INFO] ThirdParty:1030 - CMSIS Pack Vendor :STMicroelectronics X-CUBE-TOUCHGFX 4.22.1
2023-12-03 14:58:24,700 [INFO] ThirdParty:1030 - CMSIS Pack Vendor :STMicroelectronics X-CUBE-NFC6 3.0.0
2023-12-03 14:58:24,700 [INFO] ThirdParty:1030 - CMSIS Pack Vendor :portGmbH I-Cube-SoM-uGOAL 1.1.0
2023-12-03 14:58:24,700 [INFO] ThirdParty:1030 - CMSIS Pack Vendor :STMicroelectronics X-CUBE-ALS 1.0.1
2023-12-03 14:58:24,700 [INFO] ThirdParty:1030 - CMSIS Pack Vendor :STMicroelectronics ThreadX 1.0.0
2023-12-03 14:58:24,700 [INFO] ThirdParty:1030 - CMSIS Pack Vendor :STMicroelectronics FP-SNS-SMARTAG2 1.2.0
2023-12-03 14:58:24,700 [INFO] ThirdParty:1030 - CMSIS Pack Vendor :STMicroelectronics X-CUBE-AZRTOS-WL 2.0.0
2023-12-03 14:58:24,700 [INFO] ThirdParty:1030 - CMSIS Pack Vendor :STMicroelectronics USB_DEVICE 1.0.0
2023-12-03 14:58:24,700 [INFO] ThirdParty:1030 - CMSIS Pack Vendor :STMicroelectronics X-CUBE-AI 8.1.0
2023-12-03 14:58:24,700 [INFO] ThirdParty:1030 - CMSIS Pack Vendor :STMicroelectronics X-CUBE-AZRTOS-L4 2.0.0
2023-12-03 14:58:24,701 [INFO] ThirdParty:1030 - CMSIS Pack Vendor :STMicroelectronics ThreadX 0.0.2
2023-12-03 14:58:24,701 [INFO] ThirdParty:1030 - CMSIS Pack Vendor :WES I-CUBE-Cesium 1.3.0
2023-12-03 14:58:24,701 [INFO] ThirdParty:1030 - CMSIS Pack Vendor :STMicroelectronics FP-ATR-ASTRA1 2.0.0
2023-12-03 14:58:24,701 [INFO] ThirdParty:1030 - CMSIS Pack Vendor :STMicroelectronics lwIP 2.1.2
2023-12-03 14:58:24,701 [INFO] ThirdParty:1030 - CMSIS Pack Vendor :STMicroelectronics X-CUBE-SFXS2LP1 4.0.0
2023-12-03 14:58:24,701 [INFO] ThirdParty:1030 - CMSIS Pack Vendor :STMicroelectronics X-CUBE-BLE2 3.3.0
2023-12-03 14:58:24,701 [INFO] ThirdParty:1030 - CMSIS Pack Vendor :STMicroelectronics X-CUBE-TOF1 3.4.0
2023-12-03 14:58:24,701 [INFO] ThirdParty:1030 - CMSIS Pack Vendor :STMicroelectronics PDM2PCM 3.2.0
2023-12-03 14:58:24,701 [INFO] ThirdParty:841 - exiting critical section [change project]
2023-12-03 14:58:24,976 [INFO] PinOutPanel:1499 - setPackage(No Configuration,No Configuration)
2023-12-03 14:58:24,977 [INFO] PinOutPanel:1499 - setPackage(STM32F401RETx,LQFP64)
2023-12-03 14:58:25,432 [INFO] UtilMem:75 - Before build in PCC Used Memory: 196130400 Bytes (392167424)
2023-12-03 14:58:26,085 [INFO] UtilMem:75 - After build in PCC Used Memory: 166328984 Bytes (392167424)
2023-12-03 14:58:26,124 [INFO] IPUIPlugin:80 - create IPUIPlugin
2023-12-03 14:58:26,124 [INFO] IPUIPlugin:80 - create IPUIPlugin
2023-12-03 14:58:26,124 [INFO] IPUIPlugin:80 - create IPUIPlugin
2023-12-03 14:58:26,125 [INFO] IPUIPlugin:80 - create IPUIPlugin
2023-12-03 14:58:26,125 [INFO] IPUIPlugin:80 - create IPUIPlugin
2023-12-03 14:58:26,125 [INFO] IPUIPlugin:80 - create IPUIPlugin
2023-12-03 14:58:26,125 [INFO] IPUIPlugin:80 - create IPUIPlugin
2023-12-03 14:58:26,125 [INFO] IPUIPlugin:80 - create IPUIPlugin
2023-12-03 14:58:26,125 [INFO] IPUIPlugin:80 - create IPUIPlugin
2023-12-03 14:58:26,125 [INFO] IPUIPlugin:80 - create IPUIPlugin
2023-12-03 14:58:26,126 [INFO] IPUIPlugin:80 - create IPUIPlugin
2023-12-03 14:58:26,126 [INFO] IPUIPlugin:80 - create IPUIPlugin
2023-12-03 14:58:26,126 [INFO] IPUIPlugin:80 - create IPUIPlugin
2023-12-03 14:58:26,127 [INFO] IPUIPlugin:80 - create IPUIPlugin
2023-12-03 14:58:26,127 [INFO] IPUIPlugin:80 - create IPUIPlugin
2023-12-03 14:58:26,127 [INFO] IPUIPlugin:80 - create IPUIPlugin
2023-12-03 14:58:26,127 [INFO] IPUIPlugin:80 - create IPUIPlugin
2023-12-03 14:58:26,127 [INFO] IPUIPlugin:80 - create IPUIPlugin
2023-12-03 14:58:26,128 [INFO] IPUIPlugin:80 - create IPUIPlugin
2023-12-03 14:58:26,128 [INFO] IPUIPlugin:80 - create IPUIPlugin
2023-12-03 14:58:26,128 [INFO] IPUIPlugin:80 - create IPUIPlugin
2023-12-03 14:58:26,128 [INFO] IPUIPlugin:80 - create IPUIPlugin
2023-12-03 14:58:26,128 [INFO] IPUIPlugin:80 - create IPUIPlugin
2023-12-03 14:58:26,129 [INFO] IPUIPlugin:80 - create IPUIPlugin
2023-12-03 14:58:26,129 [INFO] IPUIPlugin:80 - create IPUIPlugin
2023-12-03 14:58:26,129 [INFO] IPUIPlugin:80 - create IPUIPlugin
2023-12-03 14:58:26,129 [INFO] IPUIPlugin:80 - create IPUIPlugin
2023-12-03 14:58:26,129 [INFO] IPUIPlugin:80 - create IPUIPlugin
2023-12-03 14:58:26,129 [INFO] IPUIPlugin:80 - create IPUIPlugin
2023-12-03 14:58:26,130 [INFO] IPUIPlugin:80 - create IPUIPlugin
2023-12-03 14:58:26,130 [INFO] IPUIPlugin:80 - create IPUIPlugin
2023-12-03 14:58:26,130 [INFO] IPUIPlugin:80 - create IPUIPlugin
2023-12-03 14:58:26,130 [INFO] IPUIPlugin:80 - create IPUIPlugin
2023-12-03 14:58:26,130 [INFO] IPUIPlugin:80 - create IPUIPlugin
2023-12-03 14:58:26,131 [INFO] IPUIPlugin:80 - create IPUIPlugin
2023-12-03 14:58:26,131 [INFO] IPUIPlugin:80 - create IPUIPlugin
2023-12-03 14:58:26,131 [INFO] IPUIPlugin:80 - create IPUIPlugin
2023-12-03 14:58:26,132 [INFO] IPUIPlugin:80 - create IPUIPlugin
2023-12-03 14:58:26,180 [INFO] ApiDbMcu:507 - Load IP Config File for PDM2PCM
2023-12-03 14:58:26,186 [WARN] IP:2114 - I2C_Coeff_DF not found: check if there is a RefParameter without a condition.
2023-12-03 14:58:26,187 [WARN] IP:2114 - Analog_Filter not found: check if there is a RefParameter without a condition.
2023-12-03 14:58:26,365 [INFO] CADModel:165 - CPN selected for project levelSTM32F401RET6
2023-12-03 14:58:26,365 [INFO] CADModel:114 - Register for checkConnection events
2023-12-03 14:58:26,406 [INFO] OpenFileManager:328 - Restore cursor
2023-12-03 14:58:26,665 [WARN] IP:2114 - I2C_Coeff_DF not found: check if there is a RefParameter without a condition.
2023-12-03 14:58:26,665 [WARN] IP:2114 - Analog_Filter not found: check if there is a RefParameter without a condition.
2023-12-03 14:58:26,666 [WARN] IP:2114 - I2C_Coeff_DF not found: check if there is a RefParameter without a condition.
2023-12-03 14:58:26,666 [WARN] IP:2114 - Analog_Filter not found: check if there is a RefParameter without a condition.
2023-12-03 14:58:34,701 [ERROR] LogOutputStream:75 - [STDERR_REDIRECT] SLF4J: Failed to load class "org.slf4j.impl.StaticLoggerBinder".
2023-12-03 14:58:34,701 [ERROR] LogOutputStream:75 - [STDERR_REDIRECT] SLF4J: Defaulting to no-operation (NOP) logger implementation
2023-12-03 14:58:34,702 [ERROR] LogOutputStream:75 - [STDERR_REDIRECT] SLF4J: See http://www.slf4j.org/codes.html#StaticLoggerBinder for further details.
2023-12-03 16:06:10,324 [INFO] NvicIntPanel:101 - NVIC parent = com.st.microxplorer.plugins.ip.nvic.MultiNvicIntPanel[,0,0,450x265,layout=javax.swing.BoxLayout,alignmentX=0.0,alignmentY=0.0,border=,flags=9,maximumSize=,minimumSize=,preferredSize=]
